+=+=+=+=+Generial options+=+=+=+=+
Number of iterations: 150000000
Training set size (ratio): 0.88
+=+=+=+=+Hidden Size parameters+=+=+=+=+
Starting value: 0.17
Ending value: 0.2
 Number of values: 4
regularization matrix: 0.17


Validation error at iteration 0 is 4.014261500622373
Validation error at iteration 1000000 is 1.0177678085383106
Validation error at iteration 2000000 is 1.0170554050652725
Validation error at iteration 3000000 is 1.0170560608963923
Validation error at iteration 4000000 is 1.0151217266137538
Validation error at iteration 5000000 is 1.0140907764729992
Validation error at iteration 6000000 is 1.0134890435797341
Validation error at iteration 7000000 is 1.013062940593588
Validation error at iteration 8000000 is 1.0129547088578295
Validation error at iteration 9000000 is 1.0120593856596203
Validation error at iteration 10000000 is 1.010968081768262
Validation error at iteration 11000000 is 1.0115528344859548
Validation error at iteration 12000000 is 1.0113609952538671
Validation error at iteration 13000000 is 1.0098896335928185
Validation error at iteration 14000000 is 1.0095898521873274
Validation error at iteration 15000000 is 1.0086080803329303
Validation error at iteration 16000000 is 1.0092193835260321
Validation error at iteration 17000000 is 1.0092162524480566
Validation error at iteration 18000000 is 1.0080434250998314
Validation error at iteration 19000000 is 1.007599133108311
Validation error at iteration 20000000 is 1.0073255152556801
Validation error at iteration 21000000 is 1.0062896039587874
Validation error at iteration 22000000 is 1.0063507462454575
Validation error at iteration 23000000 is 1.0058663442626354
Validation error at iteration 24000000 is 1.0061884581378127
Validation error at iteration 25000000 is 1.0053352154708088
Validation error at iteration 26000000 is 1.005132540140844
Validation error at iteration 27000000 is 1.0052366825876542
Validation error at iteration 28000000 is 1.0049142348919664
Validation error at iteration 29000000 is 1.0045474220335622
Validation error at iteration 30000000 is 1.0043397779326295
Validation error at iteration 31000000 is 1.004083232001997
Validation error at iteration 32000000 is 1.0036658648165555
Validation error at iteration 33000000 is 1.0037344832561759
Validation error at iteration 34000000 is 1.0035980636103274
Validation error at iteration 35000000 is 1.0035932352951855
Validation error at iteration 36000000 is 1.0031738962348755
Validation error at iteration 37000000 is 1.002792102402152
Validation error at iteration 38000000 is 1.0028247313988907
Validation error at iteration 39000000 is 1.0024909181244452
Validation error at iteration 40000000 is 1.0024283076573648
Validation error at iteration 41000000 is 1.002496979489731
Validation error at iteration 42000000 is 1.002641915912216
Validation error at iteration 43000000 is 1.0019260083358117
Validation error at iteration 44000000 is 1.0022045933775188
Validation error at iteration 45000000 is 1.0023909304570857
Validation error at iteration 46000000 is 1.001875200950776
Validation error at iteration 47000000 is 1.0014884365556627
Validation error at iteration 48000000 is 1.0016229204378875
Validation error at iteration 49000000 is 1.0015106023725704
Validation error at iteration 50000000 is 1.0015970743477582
Validation error at iteration 51000000 is 1.0014598982753153
Validation error at iteration 52000000 is 1.0013296215022685
Validation error at iteration 53000000 is 1.0012790128345395
Validation error at iteration 54000000 is 1.001259339762056
Validation error at iteration 55000000 is 1.0012825832923231
Validation error at iteration 56000000 is 1.001183737799544
Validation error at iteration 57000000 is 1.0009569165991263
Validation error at iteration 58000000 is 1.000836100084579
Validation error at iteration 59000000 is 1.0010114468717788
Validation error at iteration 60000000 is 1.000865502065446
Validation error at iteration 61000000 is 1.0008274575637688
Validation error at iteration 62000000 is 1.0007431691459312
Validation error at iteration 63000000 is 1.000709856608836
Validation error at iteration 64000000 is 1.0004382940562766
Validation error at iteration 65000000 is 1.0006155726209032
Validation error at iteration 66000000 is 1.0006744979697353
Validation error at iteration 67000000 is 1.000751761875955
Validation error at iteration 68000000 is 1.000751850895097
Validation error at iteration 69000000 is 1.000593573598939
Validation error at iteration 70000000 is 1.0003914833763967
Validation error at iteration 71000000 is 1.0004393317359142
Validation error at iteration 72000000 is 1.0004007417927787
Validation error at iteration 73000000 is 1.0003279964568936
Validation error at iteration 74000000 is 1.0003149075396307
Validation error at iteration 75000000 is 1.0003662439209238
Validation error at iteration 76000000 is 1.0002512316836432
Validation error at iteration 77000000 is 1.0003113257932315
Validation error at iteration 78000000 is 1.00029112618506
Validation error at iteration 79000000 is 1.0002221193580607
Validation error at iteration 80000000 is 1.000168849143739
Validation error at iteration 81000000 is 1.0002151839666278
Validation error at iteration 82000000 is 1.0002245433845052
Validation error at iteration 83000000 is 1.0002569557818615
Validation error at iteration 84000000 is 1.0001918170159352
Validation error at iteration 85000000 is 1.0002339219896412
Validation error at iteration 86000000 is 1.0002605602937968
Validation error at iteration 87000000 is 1.0002998340440739
Validation error at iteration 88000000 is 1.0002919612773857
Validation error at iteration 89000000 is 1.000278277082281
Validation error at iteration 90000000 is 1.000240593388368
Validation error at iteration 91000000 is 1.000209867433622
Validation error at iteration 92000000 is 1.000203206720575
Validation error at iteration 93000000 is 1.0002476465447325
Validation error at iteration 94000000 is 1.0001814722656406
Validation error at iteration 95000000 is 1.0001472884864322
Validation error at iteration 96000000 is 1.0001480933898976
Validation error at iteration 97000000 is 1.000161002640617
Validation error at iteration 98000000 is 1.0001532922588334
Validation error at iteration 99000000 is 1.000145959184356
Validation error at iteration 100000000 is 1.0001153672695546
Validation error at iteration 101000000 is 1.0000917549968222
Validation error at iteration 102000000 is 1.0000894951754409
Validation error at iteration 103000000 is 1.000086073158027
Validation error at iteration 104000000 is 1.0001053375143047
Validation error at iteration 105000000 is 1.0001220359571015
Validation error at iteration 106000000 is 1.0001179567110512
Validation error at iteration 107000000 is 1.0001424998706328
Validation error at iteration 108000000 is 1.0001096022948
Validation error at iteration 109000000 is 1.0000923226893028
Validation error at iteration 110000000 is 1.0000863821512678
Validation error at iteration 111000000 is 1.0000696985755426
Validation error at iteration 112000000 is 1.0000676489914804
Validation error at iteration 113000000 is 1.0000680290096924
Validation error at iteration 114000000 is 1.0000659009294852
Validation error at iteration 115000000 is 1.0000744441361684
Validation error at iteration 116000000 is 1.0000829737991352
Validation error at iteration 117000000 is 1.0000775680706266
Validation error at iteration 118000000 is 1.0000792631110609
Validation error at iteration 119000000 is 1.0000641003973563
Validation error at iteration 120000000 is 1.0000826887733183
Validation error at iteration 121000000 is 1.0000815280787412
Validation error at iteration 122000000 is 1.0000685125747029
Validation error at iteration 123000000 is 1.0000664947009519
Validation error at iteration 124000000 is 1.0000725126026317
Validation error at iteration 125000000 is 1.0000659704793426
Validation error at iteration 126000000 is 1.0000720595132393
Validation error at iteration 127000000 is 1.0000703775122552
Validation error at iteration 128000000 is 1.0000661805705648
Validation error at iteration 129000000 is 1.000066122380441
Validation error at iteration 130000000 is 1.000069055075465
Validation error at iteration 131000000 is 1.0000741471378323
Validation error at iteration 132000000 is 1.0000731235131217
Validation error at iteration 133000000 is 1.0000783307242493
Validation error at iteration 134000000 is 1.0000761384076609
Validation error at iteration 135000000 is 1.0000709744867853
Validation error at iteration 136000000 is 1.0000655128715412
Validation error at iteration 137000000 is 1.0000683169857838
Validation error at iteration 138000000 is 1.0000660132450763
Validation error at iteration 139000000 is 1.0000629153031937
Validation error at iteration 140000000 is 1.000055606225274
Validation error at iteration 141000000 is 1.0000499739254598
Validation error at iteration 142000000 is 1.0000492621780908
Validation error at iteration 143000000 is 1.0000500693753551
Validation error at iteration 144000000 is 1.0000507246491905
Validation error at iteration 145000000 is 1.0000559750469042
Validation error at iteration 146000000 is 1.0000576931060043
Validation error at iteration 147000000 is 1.0000594557900608
Validation error at iteration 148000000 is 1.0000561028762913
Validation error at iteration 149000000 is 1.0000576998520434
Error:  1.0000596524841225
regularization matrix: 0.18000000000000002


Validation error at iteration 0 is 4.014246238912956
Validation error at iteration 1000000 is 1.0181725670497663
Validation error at iteration 2000000 is 1.0164871492882588
Validation error at iteration 3000000 is 1.0170586980155578
Validation error at iteration 4000000 is 1.01598484959974
Validation error at iteration 5000000 is 1.015014018784284
Validation error at iteration 6000000 is 1.0143134547960042
Validation error at iteration 7000000 is 1.0145405910300265
Validation error at iteration 8000000 is 1.0130835202317683
Validation error at iteration 9000000 is 1.0115558621790837
Validation error at iteration 10000000 is 1.012185532219956
Validation error at iteration 11000000 is 1.0120534066940055
Validation error at iteration 12000000 is 1.0105682994443748
Validation error at iteration 13000000 is 1.010108207504816
Validation error at iteration 14000000 is 1.0094058268253265
Validation error at iteration 15000000 is 1.0084170067254568
Validation error at iteration 16000000 is 1.007841254986655
Validation error at iteration 17000000 is 1.0077931043890227
Validation error at iteration 18000000 is 1.0070300920435549
Validation error at iteration 19000000 is 1.0072000297531967
Validation error at iteration 20000000 is 1.00698855917854
Validation error at iteration 21000000 is 1.0061287230745986
Validation error at iteration 22000000 is 1.0069191498359993
Validation error at iteration 23000000 is 1.0060417944126934
Validation error at iteration 24000000 is 1.0050569319617817
Validation error at iteration 25000000 is 1.0046989052786082
Validation error at iteration 26000000 is 1.0049841769275936
Validation error at iteration 27000000 is 1.0046557154439912
Validation error at iteration 28000000 is 1.0043366275644972
Validation error at iteration 29000000 is 1.004261354320079
Validation error at iteration 30000000 is 1.0040420222526378
Validation error at iteration 31000000 is 1.0038632657539468
Validation error at iteration 32000000 is 1.0037907966718818
Validation error at iteration 33000000 is 1.0034995936005682
Validation error at iteration 34000000 is 1.0032008038358007
Validation error at iteration 35000000 is 1.0027626504587293
Validation error at iteration 36000000 is 1.0027104699634972
Validation error at iteration 37000000 is 1.0029369812915108
Validation error at iteration 38000000 is 1.00211208727573
Validation error at iteration 39000000 is 1.0028434957905716
Validation error at iteration 40000000 is 1.0025003041628346
Validation error at iteration 41000000 is 1.0028075644951582
Validation error at iteration 42000000 is 1.0026063030684085
Validation error at iteration 43000000 is 1.0021247410962386
Validation error at iteration 44000000 is 1.0022967670209675
Validation error at iteration 45000000 is 1.0019480805486405
Validation error at iteration 46000000 is 1.0019056235646864
Validation error at iteration 47000000 is 1.0014704730909851
Validation error at iteration 48000000 is 1.0018306921385978
Validation error at iteration 49000000 is 1.0019598583547606
Validation error at iteration 50000000 is 1.0018325404626776
Validation error at iteration 51000000 is 1.0015323318604543
Validation error at iteration 52000000 is 1.0014298720935582
Validation error at iteration 53000000 is 1.0012976270183003
Validation error at iteration 54000000 is 1.0011583125466514
Validation error at iteration 55000000 is 1.0012066281868244
Validation error at iteration 56000000 is 1.0011687373478824
Validation error at iteration 57000000 is 1.0011245787334673
Validation error at iteration 58000000 is 1.0011603449644912
Validation error at iteration 59000000 is 1.001111647948643
Validation error at iteration 60000000 is 1.001118424802444
Validation error at iteration 61000000 is 1.0008796896848065
Validation error at iteration 62000000 is 1.0010411268162192
Validation error at iteration 63000000 is 1.0010403569639605
Validation error at iteration 64000000 is 1.0009215424341298
Validation error at iteration 65000000 is 1.0006640746165467
Validation error at iteration 66000000 is 1.0008272046003375
Validation error at iteration 67000000 is 1.000625414698285
Validation error at iteration 68000000 is 1.0008237118091283
Validation error at iteration 69000000 is 1.0008177549399633
Validation error at iteration 70000000 is 1.0006023197376186
Validation error at iteration 71000000 is 1.000606974232773
Validation error at iteration 72000000 is 1.0005695134526593
Validation error at iteration 73000000 is 1.000623801312174
Validation error at iteration 74000000 is 1.0006638810412625
Validation error at iteration 75000000 is 1.0005268003808576
Validation error at iteration 76000000 is 1.0006305402523592
Validation error at iteration 77000000 is 1.0006079601246352
Validation error at iteration 78000000 is 1.0004735232741808
Validation error at iteration 79000000 is 1.000444699471796
Validation error at iteration 80000000 is 1.000390140208035
Validation error at iteration 81000000 is 1.0003670260942978
Validation error at iteration 82000000 is 1.000440093051332
Validation error at iteration 83000000 is 1.0004814747421973
Validation error at iteration 84000000 is 1.0004959097236776
Validation error at iteration 85000000 is 1.0004625642061467
Validation error at iteration 86000000 is 1.0004591564710472
Validation error at iteration 87000000 is 1.0004907519978579
Validation error at iteration 88000000 is 1.0003765533240283
Validation error at iteration 89000000 is 1.0003312315746569
Validation error at iteration 90000000 is 1.0004092016078563
Validation error at iteration 91000000 is 1.0003714843673854
Validation error at iteration 92000000 is 1.0004098278945226
Validation error at iteration 93000000 is 1.000374819253494
Validation error at iteration 94000000 is 1.0003950035430222
Validation error at iteration 95000000 is 1.0003577802006414
Validation error at iteration 96000000 is 1.0003496043574274
Validation error at iteration 97000000 is 1.0003408429443403
Validation error at iteration 98000000 is 1.0003464781097569
Validation error at iteration 99000000 is 1.0003445548466379
Validation error at iteration 100000000 is 1.0003399197661456
Validation error at iteration 101000000 is 1.0003216109326285
Validation error at iteration 102000000 is 1.0003164677653649
Validation error at iteration 103000000 is 1.000301949390693
Validation error at iteration 104000000 is 1.000275581305543
Validation error at iteration 105000000 is 1.0002557634784854
Validation error at iteration 106000000 is 1.0002348768310771
Validation error at iteration 107000000 is 1.000239082319379
Validation error at iteration 108000000 is 1.0002410803463746
Validation error at iteration 109000000 is 1.0002417814555042
Validation error at iteration 110000000 is 1.00021948175874
Validation error at iteration 111000000 is 1.0002195850379054
Validation error at iteration 112000000 is 1.0001884693447973
Validation error at iteration 113000000 is 1.0001905332346523
Validation error at iteration 114000000 is 1.0001928559466353
Validation error at iteration 115000000 is 1.0001890400638462
Validation error at iteration 116000000 is 1.0002000624990555
Validation error at iteration 117000000 is 1.0002033534636698
Validation error at iteration 118000000 is 1.0002039473966415
Validation error at iteration 119000000 is 1.0001904117023068
Validation error at iteration 120000000 is 1.0001923374331987
Validation error at iteration 121000000 is 1.0001947206335542
Validation error at iteration 122000000 is 1.0001963744793938
Validation error at iteration 123000000 is 1.0002034126826356
Validation error at iteration 124000000 is 1.0001852519794632
Validation error at iteration 125000000 is 1.0001796689764804
Validation error at iteration 126000000 is 1.0001723122016466
Validation error at iteration 127000000 is 1.000178299444041
Validation error at iteration 128000000 is 1.000174379503969
Validation error at iteration 129000000 is 1.0001721904807204
Validation error at iteration 130000000 is 1.0001777532314486
Validation error at iteration 131000000 is 1.0001715839799532
Validation error at iteration 132000000 is 1.0001666234756315
Validation error at iteration 133000000 is 1.0001685684546011
Validation error at iteration 134000000 is 1.0001658932671298
Validation error at iteration 135000000 is 1.000173793691332
Validation error at iteration 136000000 is 1.0001743234844993
Validation error at iteration 137000000 is 1.0001769716037696
Validation error at iteration 138000000 is 1.0001685912468736
Validation error at iteration 139000000 is 1.0001667540698966
Validation error at iteration 140000000 is 1.00015801533748
Validation error at iteration 141000000 is 1.0001588638942265
Validation error at iteration 142000000 is 1.0001563128270539
Validation error at iteration 143000000 is 1.0001519953509517
Validation error at iteration 144000000 is 1.0001496637834195
Validation error at iteration 145000000 is 1.0001460136919447
Validation error at iteration 146000000 is 1.000147316215271
Validation error at iteration 147000000 is 1.0001464927642103
Validation error at iteration 148000000 is 1.0001487827592557
Validation error at iteration 149000000 is 1.0001496632855587
Error:  1.0001486994369027
regularization matrix: 0.19


Validation error at iteration 0 is 4.014596204052768
Validation error at iteration 1000000 is 1.018051766270862
Validation error at iteration 2000000 is 1.0180178632161596
Validation error at iteration 3000000 is 1.0168176463119574
Validation error at iteration 4000000 is 1.0150852002330706
Validation error at iteration 5000000 is 1.0152733530261506
Validation error at iteration 6000000 is 1.0141204492946556
Validation error at iteration 7000000 is 1.0134288203276993
Validation error at iteration 8000000 is 1.0123418863180973
Validation error at iteration 9000000 is 1.0127054966778852
Validation error at iteration 10000000 is 1.0128561840440213
Validation error at iteration 11000000 is 1.0110075683607713
Validation error at iteration 12000000 is 1.0098438808860017
Validation error at iteration 13000000 is 1.0098291917213857
Validation error at iteration 14000000 is 1.0093073286150582
Validation error at iteration 15000000 is 1.0092730611694019
Validation error at iteration 16000000 is 1.0083604452859087
Validation error at iteration 17000000 is 1.0075476671707404
Validation error at iteration 18000000 is 1.0080107057723677
Validation error at iteration 19000000 is 1.007470856636049
Validation error at iteration 20000000 is 1.007060255489168
Validation error at iteration 21000000 is 1.0071784483462773
Validation error at iteration 22000000 is 1.0059032843575135
Validation error at iteration 23000000 is 1.0060926914202486
Validation error at iteration 24000000 is 1.0054047884262178
Validation error at iteration 25000000 is 1.0052554433457088
Validation error at iteration 26000000 is 1.0048538766418527
Validation error at iteration 27000000 is 1.0051695731544774
Validation error at iteration 28000000 is 1.0041436592063686
Validation error at iteration 29000000 is 1.0044356131916266
Validation error at iteration 30000000 is 1.0040237836815278
Validation error at iteration 31000000 is 1.0043033778408212
Validation error at iteration 32000000 is 1.0041381869627959
Validation error at iteration 33000000 is 1.0037461110997754
Validation error at iteration 34000000 is 1.0034539022652738
Validation error at iteration 35000000 is 1.0028185064538622
Validation error at iteration 36000000 is 1.003177029152974
Validation error at iteration 37000000 is 1.003062856067481
Validation error at iteration 38000000 is 1.0026268412779589
Validation error at iteration 39000000 is 1.0025254444135878
Validation error at iteration 40000000 is 1.0026401504390177
Validation error at iteration 41000000 is 1.0020553017482772
Validation error at iteration 42000000 is 1.0023386620648282
Validation error at iteration 43000000 is 1.0025058291084439
Validation error at iteration 44000000 is 1.0022481952855677
Validation error at iteration 45000000 is 1.0018947156106426
Validation error at iteration 46000000 is 1.002140596776562
Validation error at iteration 47000000 is 1.0018485446746481
Validation error at iteration 48000000 is 1.0014572216829438
Validation error at iteration 49000000 is 1.0016761042523237
Validation error at iteration 50000000 is 1.001476364336299
Validation error at iteration 51000000 is 1.0013213299301005
Validation error at iteration 52000000 is 1.0011730312142932
Validation error at iteration 53000000 is 1.001139837697341
Validation error at iteration 54000000 is 1.001143261597756
Validation error at iteration 55000000 is 1.0008598376910534
Validation error at iteration 56000000 is 1.0009445281912663
Validation error at iteration 57000000 is 1.0009409818778956
Validation error at iteration 58000000 is 1.0009346232108318
Validation error at iteration 59000000 is 1.0010981690328054
Validation error at iteration 60000000 is 1.0008136684733036
Validation error at iteration 61000000 is 1.0009046881163002
Validation error at iteration 62000000 is 1.0007988774551648
Validation error at iteration 63000000 is 1.0006435961648312
Validation error at iteration 64000000 is 1.0006573967260812
Validation error at iteration 65000000 is 1.0007407035222402
Validation error at iteration 66000000 is 1.000881339679881
Validation error at iteration 67000000 is 1.0007719140590323
Validation error at iteration 68000000 is 1.0007874167934339
Validation error at iteration 69000000 is 1.0006182193896997
Validation error at iteration 70000000 is 1.0006053834427155
Validation error at iteration 71000000 is 1.0004993283742523
Validation error at iteration 72000000 is 1.0004506314692012
Validation error at iteration 73000000 is 1.0005752798630108
Validation error at iteration 74000000 is 1.0005250448153715
Validation error at iteration 75000000 is 1.0005653598096316
Validation error at iteration 76000000 is 1.000616826605259
Validation error at iteration 77000000 is 1.0005052846890834
Validation error at iteration 78000000 is 1.0004916149180836
Validation error at iteration 79000000 is 1.0004420426513514
Validation error at iteration 80000000 is 1.0004346549159306
Validation error at iteration 81000000 is 1.0003794914854192
Validation error at iteration 82000000 is 1.000389877128014
Validation error at iteration 83000000 is 1.0004348497101057
Validation error at iteration 84000000 is 1.000386858975744
Validation error at iteration 85000000 is 1.0004358718430448
Validation error at iteration 86000000 is 1.000425242300464
Validation error at iteration 87000000 is 1.0003182667164154
Validation error at iteration 88000000 is 1.0003741297147886
Validation error at iteration 89000000 is 1.000308855452144
Validation error at iteration 90000000 is 1.0003780802930802
Validation error at iteration 91000000 is 1.0003039134880156
Validation error at iteration 92000000 is 1.0002864882497637
Validation error at iteration 93000000 is 1.0003077642864513
Validation error at iteration 94000000 is 1.0003330678998936
Validation error at iteration 95000000 is 1.000317217645712
Validation error at iteration 96000000 is 1.0003284224830908
Validation error at iteration 97000000 is 1.0002846588120962
Validation error at iteration 98000000 is 1.0002774941190038
Validation error at iteration 99000000 is 1.0002320689284654
Validation error at iteration 100000000 is 1.0002557437309019
Validation error at iteration 101000000 is 1.0002287411315531
Validation error at iteration 102000000 is 1.000222539764948
Validation error at iteration 103000000 is 1.0002078845954903
Validation error at iteration 104000000 is 1.0002148908237403
Validation error at iteration 105000000 is 1.0002092823504343
Validation error at iteration 106000000 is 1.0001897130995085
Validation error at iteration 107000000 is 1.000166750873832
Validation error at iteration 108000000 is 1.0001568720450982
Validation error at iteration 109000000 is 1.0001720660056044
Validation error at iteration 110000000 is 1.000162832139677
Validation error at iteration 111000000 is 1.000160842952965
Validation error at iteration 112000000 is 1.0001616349641684
Validation error at iteration 113000000 is 1.0001719879125324
Validation error at iteration 114000000 is 1.0001565321748724
Validation error at iteration 115000000 is 1.0001477592979615
Validation error at iteration 116000000 is 1.0001471973652407
Validation error at iteration 117000000 is 1.0001563305091654
Validation error at iteration 118000000 is 1.0001612594753277
Validation error at iteration 119000000 is 1.0001319356385858
Validation error at iteration 120000000 is 1.0001346942227924
Validation error at iteration 121000000 is 1.0001305746589169
Validation error at iteration 122000000 is 1.0001389067046091
Validation error at iteration 123000000 is 1.0001321103618848
Validation error at iteration 124000000 is 1.0001186915475024
Validation error at iteration 125000000 is 1.0001050155668263
Validation error at iteration 126000000 is 1.0001077521763346
Validation error at iteration 127000000 is 1.0001064065113936
Validation error at iteration 128000000 is 1.0001034184887194
Validation error at iteration 129000000 is 1.0001043044060238
Validation error at iteration 130000000 is 1.0001069872711412
Validation error at iteration 131000000 is 1.0001121526734096
Validation error at iteration 132000000 is 1.0001161867189097
Validation error at iteration 133000000 is 1.0001162101013545
Validation error at iteration 134000000 is 1.0001202000258833
Validation error at iteration 135000000 is 1.000130504387578
Validation error at iteration 136000000 is 1.0001218896013266
Validation error at iteration 137000000 is 1.0001150572424933
Validation error at iteration 138000000 is 1.0001095634571515
Validation error at iteration 139000000 is 1.0001102610152681
Validation error at iteration 140000000 is 1.0001167746199957
Validation error at iteration 141000000 is 1.0001178857726478
Validation error at iteration 142000000 is 1.0001169886379426
Validation error at iteration 143000000 is 1.0001119194822174
Validation error at iteration 144000000 is 1.000107858708552
Validation error at iteration 145000000 is 1.0001099860996114
Validation error at iteration 146000000 is 1.000110832486655
Validation error at iteration 147000000 is 1.0001093054405306
Validation error at iteration 148000000 is 1.0001108865757764
Validation error at iteration 149000000 is 1.000110147067575
Error:  1.000107524834564
regularization matrix: 0.2


Validation error at iteration 0 is 4.014564194664455
Validation error at iteration 1000000 is 1.0185008596005192
Validation error at iteration 2000000 is 1.0182390330497924
Validation error at iteration 3000000 is 1.016697156641037
Validation error at iteration 4000000 is 1.0155236833439216
Validation error at iteration 5000000 is 1.0139375949214842
Validation error at iteration 6000000 is 1.0145564443874349
Validation error at iteration 7000000 is 1.01382163776632
Validation error at iteration 8000000 is 1.0151151013447066
Validation error at iteration 9000000 is 1.0117978457385197
Validation error at iteration 10000000 is 1.0116845173840103
Validation error at iteration 11000000 is 1.010986096354573
Validation error at iteration 12000000 is 1.0106345987754537
Validation error at iteration 13000000 is 1.0095009181063606
Validation error at iteration 14000000 is 1.0090133020180196
Validation error at iteration 15000000 is 1.00978798524206
Validation error at iteration 16000000 is 1.0078078802853279
Validation error at iteration 17000000 is 1.0086887314981006
Validation error at iteration 18000000 is 1.0078824916192868
Validation error at iteration 19000000 is 1.00790433208756
Validation error at iteration 20000000 is 1.0066162394871896
Validation error at iteration 21000000 is 1.0068034042856149
Validation error at iteration 22000000 is 1.0065693269081126
Validation error at iteration 23000000 is 1.0059344449845382
Validation error at iteration 24000000 is 1.0060614894945858
Validation error at iteration 25000000 is 1.0055373273793573
Validation error at iteration 26000000 is 1.0052968875198287
Validation error at iteration 27000000 is 1.0048019795385403
Validation error at iteration 28000000 is 1.0049797745748115
Validation error at iteration 29000000 is 1.0048028298960694
Validation error at iteration 30000000 is 1.0046027044975967
Validation error at iteration 31000000 is 1.0041574748669986
Validation error at iteration 32000000 is 1.0037037276617535
Validation error at iteration 33000000 is 1.004023784611475
Validation error at iteration 34000000 is 1.0030952919635516
Validation error at iteration 35000000 is 1.0029536709255513
Validation error at iteration 36000000 is 1.002570693298228
Validation error at iteration 37000000 is 1.0027288655906044
Validation error at iteration 38000000 is 1.0027232560522183
Validation error at iteration 39000000 is 1.0023928489594662
Validation error at iteration 40000000 is 1.0028125160375103
Validation error at iteration 41000000 is 1.0025405710020043
Validation error at iteration 42000000 is 1.0021739605975095
Validation error at iteration 43000000 is 1.0022179159892992
Validation error at iteration 44000000 is 1.0018462477280918
Validation error at iteration 45000000 is 1.0021269193278004
Validation error at iteration 46000000 is 1.001671279119189
Validation error at iteration 47000000 is 1.0018301422613407
Validation error at iteration 48000000 is 1.0017878972259764
Validation error at iteration 49000000 is 1.0018033213024475
Validation error at iteration 50000000 is 1.0015627982597803
Validation error at iteration 51000000 is 1.0014235786432653
Validation error at iteration 52000000 is 1.001572173725661
Validation error at iteration 53000000 is 1.001277236548443
Validation error at iteration 54000000 is 1.0014838599457303
Validation error at iteration 55000000 is 1.0014199240209094
Validation error at iteration 56000000 is 1.0010450428194058
Validation error at iteration 57000000 is 1.0009023247615285
Validation error at iteration 58000000 is 1.001095598177269
Validation error at iteration 59000000 is 1.0010555224752808
Validation error at iteration 60000000 is 1.0009066477328699
Validation error at iteration 61000000 is 1.0007112389939776
Validation error at iteration 62000000 is 1.0008380170108986
Validation error at iteration 63000000 is 1.0008078333692352
Validation error at iteration 64000000 is 1.0006090180032663
Validation error at iteration 65000000 is 1.0005992912747865
Validation error at iteration 66000000 is 1.0007722157862
Validation error at iteration 67000000 is 1.00059560447511
Validation error at iteration 68000000 is 1.00064052964855
Validation error at iteration 69000000 is 1.0007151218753394
Validation error at iteration 70000000 is 1.0006570895465385
Validation error at iteration 71000000 is 1.0006847333713054
Validation error at iteration 72000000 is 1.0004478865774917
Validation error at iteration 73000000 is 1.0004290356002543
Validation error at iteration 74000000 is 1.0004790733311704
Validation error at iteration 75000000 is 1.0005813145876588
Validation error at iteration 76000000 is 1.0004751997388723
Validation error at iteration 77000000 is 1.0004661549042995
Validation error at iteration 78000000 is 1.0004130022077726
Validation error at iteration 79000000 is 1.0004222282659243
Validation error at iteration 80000000 is 1.0005044422225142
Validation error at iteration 81000000 is 1.0005477718868387
Validation error at iteration 82000000 is 1.0004347609074384
Validation error at iteration 83000000 is 1.0003778163198904
Validation error at iteration 84000000 is 1.0003125858959396
Validation error at iteration 85000000 is 1.000224543582419
Validation error at iteration 86000000 is 1.0002435176629867
Validation error at iteration 87000000 is 1.0002265355349895
Validation error at iteration 88000000 is 1.0002523440192599
Validation error at iteration 89000000 is 1.0001912061114189
Validation error at iteration 90000000 is 1.0001688359064045
Validation error at iteration 91000000 is 1.0000862703276003
Validation error at iteration 92000000 is 1.0001316955471622
Validation error at iteration 93000000 is 1.0001438820981001
Validation error at iteration 94000000 is 1.0001691181131742
Validation error at iteration 95000000 is 1.0001483321531175
Validation error at iteration 96000000 is 1.0002125512449298
Validation error at iteration 97000000 is 1.0001628585194562
Validation error at iteration 98000000 is 1.0001068560619275
Validation error at iteration 99000000 is 1.000146640706618
Validation error at iteration 100000000 is 1.0001881890508615
Validation error at iteration 101000000 is 1.0001600373584345
Validation error at iteration 102000000 is 1.000117012241529
Validation error at iteration 103000000 is 1.0001713350087413
Validation error at iteration 104000000 is 1.0001549383480604
Validation error at iteration 105000000 is 1.0001472161104494
Validation error at iteration 106000000 is 1.000115187500727
Validation error at iteration 107000000 is 1.0001315128273858
Validation error at iteration 108000000 is 1.0001145426928977
Validation error at iteration 109000000 is 1.0001088285496826
Validation error at iteration 110000000 is 1.0001327363296804
Validation error at iteration 111000000 is 1.0001467201062322
Validation error at iteration 112000000 is 1.0001470060862148
Validation error at iteration 113000000 is 1.0001329211033028
Validation error at iteration 114000000 is 1.0001105958757877
Validation error at iteration 115000000 is 1.0000927134719682
Validation error at iteration 116000000 is 1.0001007944578117
Validation error at iteration 117000000 is 1.0000912725971183
Validation error at iteration 118000000 is 1.000066592534366
Validation error at iteration 119000000 is 1.000065687839431
Validation error at iteration 120000000 is 1.000059862529552
Validation error at iteration 121000000 is 1.0000613501222944
Validation error at iteration 122000000 is 1.0000816096806115
Validation error at iteration 123000000 is 1.0000764016848285
Validation error at iteration 124000000 is 1.0000714499817311
Validation error at iteration 125000000 is 1.0000640670168912
Validation error at iteration 126000000 is 1.0000566990846382
Validation error at iteration 127000000 is 1.0000611835511686
Validation error at iteration 128000000 is 1.0000795348625626
Validation error at iteration 129000000 is 1.0000734396320476
Validation error at iteration 130000000 is 1.0000679384564006
Validation error at iteration 131000000 is 1.0000624243314729
Validation error at iteration 132000000 is 1.0000555767594381
Validation error at iteration 133000000 is 1.0000530224167528
Validation error at iteration 134000000 is 1.0000497335056446
Validation error at iteration 135000000 is 1.0000472080568958
Validation error at iteration 136000000 is 1.0000457904807842
Validation error at iteration 137000000 is 1.0000455449118113
Validation error at iteration 138000000 is 1.0000437275726592
Validation error at iteration 139000000 is 1.0000428121573635
Validation error at iteration 140000000 is 1.0000407193732261
Validation error at iteration 141000000 is 1.0000439331165596
Validation error at iteration 142000000 is 1.0000446766478734
Validation error at iteration 143000000 is 1.0000416581726563
Validation error at iteration 144000000 is 1.0000417636882781
Validation error at iteration 145000000 is 1.0000412579530384
Validation error at iteration 146000000 is 1.000039911865237
Validation error at iteration 147000000 is 1.0000454459312016
Validation error at iteration 148000000 is 1.0000435934018228
Validation error at iteration 149000000 is 1.0000432891676634
Error:  1.0000403725921425
{0.17: 1.0000596524841225,
 0.18000000000000002: 1.0001486994369027,
 0.19: 1.000107524834564,
 0.2: 1.0000403725921425}
