+=+=+=+=+Generial options+=+=+=+=+
Number of iterations: 150000000
Training set size (ratio): 0.88
+=+=+=+=+Hidden Size parameters+=+=+=+=+
Starting value: 0.09
Ending value: 0.12
 Number of values: 4
regularization matrix: 0.09


Validation error at iteration 0 is 4.014587325576215
Validation error at iteration 1000000 is 1.0183851992072948
Validation error at iteration 2000000 is 1.0178977812479089
Validation error at iteration 3000000 is 1.0159478514658864
Validation error at iteration 4000000 is 1.0169494152707388
Validation error at iteration 5000000 is 1.0146323226168492
Validation error at iteration 6000000 is 1.0148856045600236
Validation error at iteration 7000000 is 1.01278217809834
Validation error at iteration 8000000 is 1.010251417174579
Validation error at iteration 9000000 is 1.0087837210700592
Validation error at iteration 10000000 is 1.0044481367198854
Validation error at iteration 11000000 is 1.0020658173015946
Validation error at iteration 12000000 is 1.0011274862814867
Validation error at iteration 13000000 is 0.9997916251213875
Validation error at iteration 14000000 is 0.9982298934533415
Validation error at iteration 15000000 is 0.9973918873859321
Validation error at iteration 16000000 is 0.9968982335572191
Validation error at iteration 17000000 is 0.9954049525110465
Validation error at iteration 18000000 is 0.9939292517602925
Validation error at iteration 19000000 is 0.9936769654602885
Validation error at iteration 20000000 is 0.9926734359013972
Validation error at iteration 21000000 is 0.9922466157938884
Validation error at iteration 22000000 is 0.9917458028698642
Validation error at iteration 23000000 is 0.9906832105020199
Validation error at iteration 24000000 is 0.9899693623359068
Validation error at iteration 25000000 is 0.9899570047020653
Validation error at iteration 26000000 is 0.989483367289212
Validation error at iteration 27000000 is 0.9888118720081535
Validation error at iteration 28000000 is 0.9893559124908025
Validation error at iteration 29000000 is 0.9887290478103333
Validation error at iteration 30000000 is 0.9883168826585279
Validation error at iteration 31000000 is 0.9871480416256658
Validation error at iteration 32000000 is 0.9876034684570516
Validation error at iteration 33000000 is 0.987106044082766
Validation error at iteration 34000000 is 0.9871385609665702
Validation error at iteration 35000000 is 0.986514430676864
Validation error at iteration 36000000 is 0.9869627616023001
Validation error at iteration 37000000 is 0.9864082736925381
Validation error at iteration 38000000 is 0.9862323414848991
Validation error at iteration 39000000 is 0.9863556026088133
Validation error at iteration 40000000 is 0.9862570334086643
Validation error at iteration 41000000 is 0.9854543723667909
Validation error at iteration 42000000 is 0.9858029130979868
Validation error at iteration 43000000 is 0.9853715924104296
Validation error at iteration 44000000 is 0.9851853490173407
Validation error at iteration 45000000 is 0.9854199326948833
Validation error at iteration 46000000 is 0.9852439584724964
Validation error at iteration 47000000 is 0.9852312653292115
Validation error at iteration 48000000 is 0.9848434084677369
Validation error at iteration 49000000 is 0.9847431844741135
Validation error at iteration 50000000 is 0.9848088626255674
Validation error at iteration 51000000 is 0.9848223106059361
Validation error at iteration 52000000 is 0.9847372932937681
Validation error at iteration 53000000 is 0.9847208138442392
Validation error at iteration 54000000 is 0.9844692064740918
Validation error at iteration 55000000 is 0.9845096302072187
Validation error at iteration 56000000 is 0.9845897971498361
Validation error at iteration 57000000 is 0.9845502049057907
Validation error at iteration 58000000 is 0.9841924938162351
Validation error at iteration 59000000 is 0.9841396820657293
Validation error at iteration 60000000 is 0.9843062162837669
Validation error at iteration 61000000 is 0.9841846573556418
Validation error at iteration 62000000 is 0.9840354200982638
Validation error at iteration 63000000 is 0.9840229041251272
Validation error at iteration 64000000 is 0.9840794469652611
Validation error at iteration 65000000 is 0.9838997200291176
Validation error at iteration 66000000 is 0.984035813592923
Validation error at iteration 67000000 is 0.9838289558689014
Validation error at iteration 68000000 is 0.9838424558871537
Validation error at iteration 69000000 is 0.9836396682456714
Validation error at iteration 70000000 is 0.9837099260132076
Validation error at iteration 71000000 is 0.9837122108326042
Validation error at iteration 72000000 is 0.9837869051727496
Validation error at iteration 73000000 is 0.9838144522722582
Validation error at iteration 74000000 is 0.9836948789277908
Validation error at iteration 75000000 is 0.9836191473064172
Validation error at iteration 76000000 is 0.9835966304342096
Validation error at iteration 77000000 is 0.9835812226056542
Validation error at iteration 78000000 is 0.983611546262536
Validation error at iteration 79000000 is 0.9835377424663114
Validation error at iteration 80000000 is 0.9834620690527712
Validation error at iteration 81000000 is 0.983382962181335
Validation error at iteration 82000000 is 0.9834260153270538
Validation error at iteration 83000000 is 0.9834726728999851
Validation error at iteration 84000000 is 0.9834796529794185
Validation error at iteration 85000000 is 0.9834421614021103
Validation error at iteration 86000000 is 0.9833858677598237
Validation error at iteration 87000000 is 0.9833945189289406
Validation error at iteration 88000000 is 0.983360161167197
Validation error at iteration 89000000 is 0.9833845984064785
Validation error at iteration 90000000 is 0.9834245358738116
Validation error at iteration 91000000 is 0.983304114152574
Validation error at iteration 92000000 is 0.9833575557240714
Validation error at iteration 93000000 is 0.9833207696490041
Validation error at iteration 94000000 is 0.9832886586395144
Validation error at iteration 95000000 is 0.9833061462955511
Validation error at iteration 96000000 is 0.9832958079055576
Validation error at iteration 97000000 is 0.9832938818923316
Validation error at iteration 98000000 is 0.9833126355302403
Validation error at iteration 99000000 is 0.9832963415741307
Validation error at iteration 100000000 is 0.9833152616803569
Validation error at iteration 101000000 is 0.9833021545413532
Validation error at iteration 102000000 is 0.983298813364383
Validation error at iteration 103000000 is 0.983264161438901
Validation error at iteration 104000000 is 0.9832632361033278
Validation error at iteration 105000000 is 0.9832820504610733
Validation error at iteration 106000000 is 0.9832715991211805
Validation error at iteration 107000000 is 0.9832307494845007
Validation error at iteration 108000000 is 0.9832283056052623
Validation error at iteration 109000000 is 0.9832408187260515
Validation error at iteration 110000000 is 0.9832696208240561
Validation error at iteration 111000000 is 0.9832612821293433
Validation error at iteration 112000000 is 0.9832351005343614
Validation error at iteration 113000000 is 0.9832172021328228
Validation error at iteration 114000000 is 0.9832163146705385
Validation error at iteration 115000000 is 0.983208303798963
Validation error at iteration 116000000 is 0.9832194751289219
Validation error at iteration 117000000 is 0.9832157474956812
Validation error at iteration 118000000 is 0.983207655553719
Validation error at iteration 119000000 is 0.9832202788483092
Validation error at iteration 120000000 is 0.9832290450629899
Validation error at iteration 121000000 is 0.9832273976181908
Validation error at iteration 122000000 is 0.9832269886166967
Validation error at iteration 123000000 is 0.9832277556039505
Validation error at iteration 124000000 is 0.9832233521711781
Validation error at iteration 125000000 is 0.9832321347599798
Validation error at iteration 126000000 is 0.9832198717372922
Validation error at iteration 127000000 is 0.9832176479607316
Validation error at iteration 128000000 is 0.9832036684727339
Validation error at iteration 129000000 is 0.9831953755492856
Validation error at iteration 130000000 is 0.9831992764591169
Validation error at iteration 131000000 is 0.9832083872535571
Validation error at iteration 132000000 is 0.9832037711443563
Validation error at iteration 133000000 is 0.9832036429861039
Validation error at iteration 134000000 is 0.9832005262350635
Validation error at iteration 135000000 is 0.9832000441364044
Validation error at iteration 136000000 is 0.9832021614738893
Validation error at iteration 137000000 is 0.9831973951612024
Validation error at iteration 138000000 is 0.983194817278851
Validation error at iteration 139000000 is 0.9831900091929298
Validation error at iteration 140000000 is 0.983187214549412
Validation error at iteration 141000000 is 0.9831868311140478
Validation error at iteration 142000000 is 0.9831897191646887
Validation error at iteration 143000000 is 0.9831933833622525
Validation error at iteration 144000000 is 0.9831898890613139
Validation error at iteration 145000000 is 0.9831871670263477
Validation error at iteration 146000000 is 0.9831902172433661
Validation error at iteration 147000000 is 0.9831907733852434
Validation error at iteration 148000000 is 0.9831865920750384
Validation error at iteration 149000000 is 0.983185462481699
Error:  0.9831850572100104
regularization matrix: 0.09999999999999999


Validation error at iteration 0 is 4.0143372208117185
Validation error at iteration 1000000 is 1.0191737075082214
Validation error at iteration 2000000 is 1.0172679193603325
Validation error at iteration 3000000 is 1.017800182097945
Validation error at iteration 4000000 is 1.01598620479652
Validation error at iteration 5000000 is 1.0150276910431335
Validation error at iteration 6000000 is 1.014210125846411
Validation error at iteration 7000000 is 1.0123286915876009
Validation error at iteration 8000000 is 1.011883944448559
Validation error at iteration 9000000 is 1.010071738361795
Validation error at iteration 10000000 is 1.0083533068255237
Validation error at iteration 11000000 is 1.0058622080376054
Validation error at iteration 12000000 is 1.0052726203202769
Validation error at iteration 13000000 is 1.0032775893059225
Validation error at iteration 14000000 is 1.002387719298282
Validation error at iteration 15000000 is 0.9996432889756873
Validation error at iteration 16000000 is 0.9994526515537315
Validation error at iteration 17000000 is 0.9994707640408453
Validation error at iteration 18000000 is 0.9979332689465193
Validation error at iteration 19000000 is 0.9970750027023315
Validation error at iteration 20000000 is 0.9966323016543908
Validation error at iteration 21000000 is 0.9962387835425913
Validation error at iteration 22000000 is 0.9948364876001418
Validation error at iteration 23000000 is 0.9946702980554304
Validation error at iteration 24000000 is 0.9937807385426186
Validation error at iteration 25000000 is 0.9933593470590241
Validation error at iteration 26000000 is 0.9931255491555102
Validation error at iteration 27000000 is 0.9921393778203157
Validation error at iteration 28000000 is 0.991547116584796
Validation error at iteration 29000000 is 0.9919033487798333
Validation error at iteration 30000000 is 0.9913263757447867
Validation error at iteration 31000000 is 0.9910399770695697
Validation error at iteration 32000000 is 0.9903380803448905
Validation error at iteration 33000000 is 0.9897632523094325
Validation error at iteration 34000000 is 0.9892939615318171
Validation error at iteration 35000000 is 0.9892542700905168
Validation error at iteration 36000000 is 0.9892352543882996
Validation error at iteration 37000000 is 0.9891081021965059
Validation error at iteration 38000000 is 0.9886741582520664
Validation error at iteration 39000000 is 0.9886648522730984
Validation error at iteration 40000000 is 0.9885612768568767
Validation error at iteration 41000000 is 0.9879464048125816
Validation error at iteration 42000000 is 0.9878263232396561
Validation error at iteration 43000000 is 0.9875187607009817
Validation error at iteration 44000000 is 0.987104643987992
Validation error at iteration 45000000 is 0.98745738164263
Validation error at iteration 46000000 is 0.9875381757826424
Validation error at iteration 47000000 is 0.9871620880829778
Validation error at iteration 48000000 is 0.9868201063737574
Validation error at iteration 49000000 is 0.9871005589907794
Validation error at iteration 50000000 is 0.9865983254419552
Validation error at iteration 51000000 is 0.9865273184931356
Validation error at iteration 52000000 is 0.9864548980216873
Validation error at iteration 53000000 is 0.9863297713365873
Validation error at iteration 54000000 is 0.9862380394714583
Validation error at iteration 55000000 is 0.9861423374751839
Validation error at iteration 56000000 is 0.986069751344658
Validation error at iteration 57000000 is 0.9862038065540915
Validation error at iteration 58000000 is 0.9860314811695815
Validation error at iteration 59000000 is 0.9861177941165906
Validation error at iteration 60000000 is 0.9860122539824874
Validation error at iteration 61000000 is 0.9858628054470299
Validation error at iteration 62000000 is 0.9856735361984473
Validation error at iteration 63000000 is 0.9857288597819412
Validation error at iteration 64000000 is 0.9854251484136278
Validation error at iteration 65000000 is 0.9852567652682224
Validation error at iteration 66000000 is 0.9853472633292903
Validation error at iteration 67000000 is 0.9853029739654924
Validation error at iteration 68000000 is 0.9853427865688305
Validation error at iteration 69000000 is 0.9851685715991366
Validation error at iteration 70000000 is 0.9849896143390043
Validation error at iteration 71000000 is 0.9849650392626399
Validation error at iteration 72000000 is 0.9850061735935419
Validation error at iteration 73000000 is 0.9849704470305631
Validation error at iteration 74000000 is 0.9851263092065332
Validation error at iteration 75000000 is 0.9849296553352523
Validation error at iteration 76000000 is 0.9849749232758063
Validation error at iteration 77000000 is 0.9849734849245994
Validation error at iteration 78000000 is 0.9848772492316203
Validation error at iteration 79000000 is 0.9849222655927976
Validation error at iteration 80000000 is 0.984874841737266
Validation error at iteration 81000000 is 0.9848569440960974
Validation error at iteration 82000000 is 0.9847988589882413
Validation error at iteration 83000000 is 0.9847879616306147
Validation error at iteration 84000000 is 0.9848009409749372
Validation error at iteration 85000000 is 0.9847677931755857
Validation error at iteration 86000000 is 0.9848651954609497
Validation error at iteration 87000000 is 0.9847787848572401
Validation error at iteration 88000000 is 0.9847042165111767
Validation error at iteration 89000000 is 0.9846615340949207
Validation error at iteration 90000000 is 0.984635693215913
Validation error at iteration 91000000 is 0.9846471922188174
Validation error at iteration 92000000 is 0.9846426039546518
Validation error at iteration 93000000 is 0.9846521591362726
Validation error at iteration 94000000 is 0.9847566699289593
Validation error at iteration 95000000 is 0.9847570372564262
Validation error at iteration 96000000 is 0.984709817496336
Validation error at iteration 97000000 is 0.9846711350584624
Validation error at iteration 98000000 is 0.9846629141487692
Validation error at iteration 99000000 is 0.9846188193348937
Validation error at iteration 100000000 is 0.984585382675223
Validation error at iteration 101000000 is 0.9846008379831996
Validation error at iteration 102000000 is 0.9845872665659364
Validation error at iteration 103000000 is 0.9846208433081794
Validation error at iteration 104000000 is 0.9846226827235478
Validation error at iteration 105000000 is 0.9846029610928765
Validation error at iteration 106000000 is 0.9845935184767912
Validation error at iteration 107000000 is 0.9845889557102157
Validation error at iteration 108000000 is 0.9845934627929102
Validation error at iteration 109000000 is 0.9845828637410561
Validation error at iteration 110000000 is 0.9846047823136596
Validation error at iteration 111000000 is 0.9846043829050705
Validation error at iteration 112000000 is 0.9846106440677187
Validation error at iteration 113000000 is 0.984617524931669
Validation error at iteration 114000000 is 0.9846091458053481
Validation error at iteration 115000000 is 0.984601229819131
Validation error at iteration 116000000 is 0.9845990751757969
Validation error at iteration 117000000 is 0.9846125912719094
Validation error at iteration 118000000 is 0.9846026618701887
Validation error at iteration 119000000 is 0.9845918742165499
Validation error at iteration 120000000 is 0.9845782931319456
Validation error at iteration 121000000 is 0.9845752351848428
Validation error at iteration 122000000 is 0.9845856976843609
Validation error at iteration 123000000 is 0.9845667626725448
Validation error at iteration 124000000 is 0.9845680531082718
Validation error at iteration 125000000 is 0.9845626241186901
Validation error at iteration 126000000 is 0.9845609667178963
Validation error at iteration 127000000 is 0.9845572691671864
Validation error at iteration 128000000 is 0.984552543771661
Validation error at iteration 129000000 is 0.9845435479300926
Validation error at iteration 130000000 is 0.9845513070994307
Validation error at iteration 131000000 is 0.9845523142010286
Validation error at iteration 132000000 is 0.9845451215311072
Validation error at iteration 133000000 is 0.9845460722352107
Validation error at iteration 134000000 is 0.9845456089121369
Validation error at iteration 135000000 is 0.9845433426014087
Validation error at iteration 136000000 is 0.984544834980675
Validation error at iteration 137000000 is 0.9845479598334241
Validation error at iteration 138000000 is 0.9845440987359386
Validation error at iteration 139000000 is 0.9845404923259474
Validation error at iteration 140000000 is 0.9845347233243877
Validation error at iteration 141000000 is 0.9845323008512956
Validation error at iteration 142000000 is 0.9845343938750096
Validation error at iteration 143000000 is 0.9845288340029679
Validation error at iteration 144000000 is 0.9845287793509796
Validation error at iteration 145000000 is 0.9845256019037024
Validation error at iteration 146000000 is 0.984523011702496
Validation error at iteration 147000000 is 0.9845180796316444
Validation error at iteration 148000000 is 0.9845172130324918
Validation error at iteration 149000000 is 0.9845184077754319
Error:  0.9845198711104464
regularization matrix: 0.11


Validation error at iteration 0 is 4.01424697487842
Validation error at iteration 1000000 is 1.018396440775099
Validation error at iteration 2000000 is 1.0169892947155021
Validation error at iteration 3000000 is 1.0167604881479326
Validation error at iteration 4000000 is 1.015787608747452
Validation error at iteration 5000000 is 1.014976128835164
Validation error at iteration 6000000 is 1.0140179995569978
Validation error at iteration 7000000 is 1.0133223375426303
Validation error at iteration 8000000 is 1.012706540390398
Validation error at iteration 9000000 is 1.0111460214624433
Validation error at iteration 10000000 is 1.010643316362093
Validation error at iteration 11000000 is 1.0101645882143844
Validation error at iteration 12000000 is 1.0094197965825646
Validation error at iteration 13000000 is 1.0072602483753752
Validation error at iteration 14000000 is 1.0062864490757693
Validation error at iteration 15000000 is 1.0038793485443152
Validation error at iteration 16000000 is 1.0047130471048469
Validation error at iteration 17000000 is 1.0028991115987924
Validation error at iteration 18000000 is 1.0014811736183138
Validation error at iteration 19000000 is 1.0007733461167716
Validation error at iteration 20000000 is 1.0002979063528286
Validation error at iteration 21000000 is 0.9989833404619194
Validation error at iteration 22000000 is 0.9982845494567866
Validation error at iteration 23000000 is 0.9978148464925176
Validation error at iteration 24000000 is 0.9974996395111491
Validation error at iteration 25000000 is 0.9971656723823273
Validation error at iteration 26000000 is 0.9963910873277194
Validation error at iteration 27000000 is 0.9960511529521934
Validation error at iteration 28000000 is 0.9953755917504968
Validation error at iteration 29000000 is 0.9944615823394817
Validation error at iteration 30000000 is 0.9946911170300495
Validation error at iteration 31000000 is 0.9949621137289649
Validation error at iteration 32000000 is 0.9940108868993939
Validation error at iteration 33000000 is 0.9936302633781822
Validation error at iteration 34000000 is 0.9935615663591066
Validation error at iteration 35000000 is 0.9933040600904712
Validation error at iteration 36000000 is 0.9930855994896218
Validation error at iteration 37000000 is 0.9924968299097762
Validation error at iteration 38000000 is 0.9925469855636163
Validation error at iteration 39000000 is 0.992736467875979
Validation error at iteration 40000000 is 0.9922365501332182
Validation error at iteration 41000000 is 0.9920857590404178
Validation error at iteration 42000000 is 0.9917881895475202
Validation error at iteration 43000000 is 0.991591798762881
Validation error at iteration 44000000 is 0.9915973929980958
Validation error at iteration 45000000 is 0.9914725728418528
Validation error at iteration 46000000 is 0.9914668680490889
Validation error at iteration 47000000 is 0.9908834983353025
Validation error at iteration 48000000 is 0.9908763202937568
Validation error at iteration 49000000 is 0.9905355750108894
Validation error at iteration 50000000 is 0.9905206296367642
Validation error at iteration 51000000 is 0.9904780913373358
Validation error at iteration 52000000 is 0.9902912752978246
Validation error at iteration 53000000 is 0.9902544475353835
Validation error at iteration 54000000 is 0.9906017227267507
Validation error at iteration 55000000 is 0.9902890039614188
Validation error at iteration 56000000 is 0.9900940129750544
Validation error at iteration 57000000 is 0.990025989051502
Validation error at iteration 58000000 is 0.9899152975318911
Validation error at iteration 59000000 is 0.9896820158898934
Validation error at iteration 60000000 is 0.9897757461432762
Validation error at iteration 61000000 is 0.9898541530493006
Validation error at iteration 62000000 is 0.9897792028923103
Validation error at iteration 63000000 is 0.9895025243420725
Validation error at iteration 64000000 is 0.9895554270432421
Validation error at iteration 65000000 is 0.9894626461135906
Validation error at iteration 66000000 is 0.9896103153306511
Validation error at iteration 67000000 is 0.9894539735177261
Validation error at iteration 68000000 is 0.989740168850369
Validation error at iteration 69000000 is 0.9896018353003461
Validation error at iteration 70000000 is 0.9895042099839939
Validation error at iteration 71000000 is 0.9895191755136931
Validation error at iteration 72000000 is 0.9894187500238468
Validation error at iteration 73000000 is 0.9892820061417251
Validation error at iteration 74000000 is 0.9893305898826972
Validation error at iteration 75000000 is 0.9892624850327519
Validation error at iteration 76000000 is 0.989349502326194
Validation error at iteration 77000000 is 0.9892969678465566
Validation error at iteration 78000000 is 0.9892732980967085
Validation error at iteration 79000000 is 0.9891202782741444
Validation error at iteration 80000000 is 0.9890807396361726
Validation error at iteration 81000000 is 0.989039680030613
Validation error at iteration 82000000 is 0.9890668464669575
Validation error at iteration 83000000 is 0.9889920830682243
Validation error at iteration 84000000 is 0.9889811826798317
Validation error at iteration 85000000 is 0.9891137696924214
Validation error at iteration 86000000 is 0.9890079065242139
Validation error at iteration 87000000 is 0.988967722446356
Validation error at iteration 88000000 is 0.9889615769884785
Validation error at iteration 89000000 is 0.9888461868400905
Validation error at iteration 90000000 is 0.9888756895813702
Validation error at iteration 91000000 is 0.9888118326554337
Validation error at iteration 92000000 is 0.9888616742770331
Validation error at iteration 93000000 is 0.9888641305289674
Validation error at iteration 94000000 is 0.988811198502061
Validation error at iteration 95000000 is 0.988785802645689
Validation error at iteration 96000000 is 0.9887603016885073
Validation error at iteration 97000000 is 0.9887671387953629
Validation error at iteration 98000000 is 0.98883185502562
Validation error at iteration 99000000 is 0.9888295367614305
Validation error at iteration 100000000 is 0.9888483553828921
Validation error at iteration 101000000 is 0.9888288713710974
Validation error at iteration 102000000 is 0.9888010828029271
Validation error at iteration 103000000 is 0.9888003072615319
Validation error at iteration 104000000 is 0.9888045822669178
Validation error at iteration 105000000 is 0.9887772607736157
Validation error at iteration 106000000 is 0.9887759722294396
Validation error at iteration 107000000 is 0.9887868940832066
Validation error at iteration 108000000 is 0.988808615302516
Validation error at iteration 109000000 is 0.9887976638814706
Validation error at iteration 110000000 is 0.988784590797618
Validation error at iteration 111000000 is 0.9887657641570119
Validation error at iteration 112000000 is 0.9887325750714947
Validation error at iteration 113000000 is 0.9887367899558375
Validation error at iteration 114000000 is 0.9887273347555564
Validation error at iteration 115000000 is 0.9887309180792634
Validation error at iteration 116000000 is 0.9887293701985028
Validation error at iteration 117000000 is 0.9887043059981772
Validation error at iteration 118000000 is 0.9887041233688344
Validation error at iteration 119000000 is 0.9886983803007581
Validation error at iteration 120000000 is 0.9886954500785013
Validation error at iteration 121000000 is 0.9886887791586888
Validation error at iteration 122000000 is 0.9886883263825995
Validation error at iteration 123000000 is 0.9886823351665109
Validation error at iteration 124000000 is 0.9886974711210269
Validation error at iteration 125000000 is 0.9887077175581548
Validation error at iteration 126000000 is 0.9887065927233271
Validation error at iteration 127000000 is 0.9887113250079834
Validation error at iteration 128000000 is 0.9887057900093397
Validation error at iteration 129000000 is 0.9886926410500904
Validation error at iteration 130000000 is 0.9886965045687738
Validation error at iteration 131000000 is 0.9886953582264529
Validation error at iteration 132000000 is 0.9886894383200483
Validation error at iteration 133000000 is 0.98869818707193
Validation error at iteration 134000000 is 0.9886974688338598
Validation error at iteration 135000000 is 0.9886926751120984
Validation error at iteration 136000000 is 0.9886918614438257
Validation error at iteration 137000000 is 0.9886922566251063
Validation error at iteration 138000000 is 0.988690421653949
Validation error at iteration 139000000 is 0.988684341208401
Validation error at iteration 140000000 is 0.9886819990845941
Validation error at iteration 141000000 is 0.9886813840454031
Validation error at iteration 142000000 is 0.9886807169539314
Validation error at iteration 143000000 is 0.9886797603442548
Validation error at iteration 144000000 is 0.9886833956897877
Validation error at iteration 145000000 is 0.9886857796257184
Validation error at iteration 146000000 is 0.9886809974602435
Validation error at iteration 147000000 is 0.9886809342392551
Validation error at iteration 148000000 is 0.9886781897931753
Validation error at iteration 149000000 is 0.9886789166673404
Error:  0.9886781840143879
regularization matrix: 0.12


Validation error at iteration 0 is 4.014004230722332
Validation error at iteration 1000000 is 1.0186511230029744
Validation error at iteration 2000000 is 1.018355767651519
Validation error at iteration 3000000 is 1.0169771450249558
Validation error at iteration 4000000 is 1.0166582276685332
Validation error at iteration 5000000 is 1.0148326746962077
Validation error at iteration 6000000 is 1.0137617873415898
Validation error at iteration 7000000 is 1.012831105786501
Validation error at iteration 8000000 is 1.012361746002005
Validation error at iteration 9000000 is 1.0117380883955216
Validation error at iteration 10000000 is 1.0117060057316922
Validation error at iteration 11000000 is 1.010169017962257
Validation error at iteration 12000000 is 1.0096798485182492
Validation error at iteration 13000000 is 1.0091329253248613
Validation error at iteration 14000000 is 1.0079968778765063
Validation error at iteration 15000000 is 1.0074720346430754
Validation error at iteration 16000000 is 1.0063323522426704
Validation error at iteration 17000000 is 1.005494901392051
Validation error at iteration 18000000 is 1.004621439097487
Validation error at iteration 19000000 is 1.0041057770452098
Validation error at iteration 20000000 is 1.0037377087234398
Validation error at iteration 21000000 is 1.002316459147226
Validation error at iteration 22000000 is 1.0019131047569205
Validation error at iteration 23000000 is 1.0006099681181768
Validation error at iteration 24000000 is 0.9998953507501263
Validation error at iteration 25000000 is 1.0001690731160626
Validation error at iteration 26000000 is 0.9993887228909151
Validation error at iteration 27000000 is 0.9993186045329737
Validation error at iteration 28000000 is 0.9979028840873972
Validation error at iteration 29000000 is 0.9981123630522077
Validation error at iteration 30000000 is 0.9969361359628568
Validation error at iteration 31000000 is 0.9968556248128295
Validation error at iteration 32000000 is 0.9968338729287246
Validation error at iteration 33000000 is 0.9967998987340985
Validation error at iteration 34000000 is 0.9968016512682747
Validation error at iteration 35000000 is 0.9960937784554016
Validation error at iteration 36000000 is 0.9956635644015517
Validation error at iteration 37000000 is 0.9955652508065489
Validation error at iteration 38000000 is 0.9953085250554771
Validation error at iteration 39000000 is 0.9950494368824203
Validation error at iteration 40000000 is 0.9946839463668907
Validation error at iteration 41000000 is 0.9947310971054004
Validation error at iteration 42000000 is 0.9943965740935027
Validation error at iteration 43000000 is 0.9943172694979651
Validation error at iteration 44000000 is 0.9941258599828164
Validation error at iteration 45000000 is 0.9937410972966291
Validation error at iteration 46000000 is 0.9938341357548487
Validation error at iteration 47000000 is 0.9933782173790614
Validation error at iteration 48000000 is 0.9933206178841295
Validation error at iteration 49000000 is 0.9934154910065285
Validation error at iteration 50000000 is 0.9932470160906902
Validation error at iteration 51000000 is 0.9929473960046389
Validation error at iteration 52000000 is 0.9931104796005312
Validation error at iteration 53000000 is 0.992855655688454
Validation error at iteration 54000000 is 0.9926891895423011
Validation error at iteration 55000000 is 0.9924163108183112
Validation error at iteration 56000000 is 0.9925324207533783
Validation error at iteration 57000000 is 0.9925201787491098
Validation error at iteration 58000000 is 0.9924802748653522
Validation error at iteration 59000000 is 0.9922981510034721
Validation error at iteration 60000000 is 0.9922292778935289
Validation error at iteration 61000000 is 0.9922951733966361
Validation error at iteration 62000000 is 0.9923269987975556
Validation error at iteration 63000000 is 0.9922397302069508
Validation error at iteration 64000000 is 0.9919462742872022
Validation error at iteration 65000000 is 0.9919452180076573
Validation error at iteration 66000000 is 0.9919183622862178
Validation error at iteration 67000000 is 0.9916327213661212
Validation error at iteration 68000000 is 0.9918872001718415
Validation error at iteration 69000000 is 0.9918591781101495
Validation error at iteration 70000000 is 0.9917265327753707
Validation error at iteration 71000000 is 0.991701835841861
Validation error at iteration 72000000 is 0.9917855783774434
Validation error at iteration 73000000 is 0.9916918099922999
Validation error at iteration 74000000 is 0.9917016321455446
Validation error at iteration 75000000 is 0.9917346143440313
Validation error at iteration 76000000 is 0.9916152546370419
Validation error at iteration 77000000 is 0.991523480693472
Validation error at iteration 78000000 is 0.9915443277080319
Validation error at iteration 79000000 is 0.9914861966661535
Validation error at iteration 80000000 is 0.9915659640403787
Validation error at iteration 81000000 is 0.991575563193269
Validation error at iteration 82000000 is 0.9915400710640366
Validation error at iteration 83000000 is 0.9915064429854794
Validation error at iteration 84000000 is 0.9914692930771883
Validation error at iteration 85000000 is 0.9914766214140748
Validation error at iteration 86000000 is 0.9915337174642269
Validation error at iteration 87000000 is 0.9914895641340193
Validation error at iteration 88000000 is 0.9915175304433331
Validation error at iteration 89000000 is 0.9914156516730265
Validation error at iteration 90000000 is 0.9914668082753987
Validation error at iteration 91000000 is 0.9915092152733077
Validation error at iteration 92000000 is 0.9914305737762084
Validation error at iteration 93000000 is 0.9914417067835878
Validation error at iteration 94000000 is 0.9915067964014466
Validation error at iteration 95000000 is 0.9914157849732798
Validation error at iteration 96000000 is 0.9914374387718617
Validation error at iteration 97000000 is 0.991437069917588
Validation error at iteration 98000000 is 0.9913993925018274
Validation error at iteration 99000000 is 0.9914029135142723
Validation error at iteration 100000000 is 0.9913907779097544
Validation error at iteration 101000000 is 0.9913846932540246
Validation error at iteration 102000000 is 0.9913304920447651
Validation error at iteration 103000000 is 0.9913552754030999
Validation error at iteration 104000000 is 0.9913559456687402
Validation error at iteration 105000000 is 0.9913542571210778
Validation error at iteration 106000000 is 0.9913376574950092
Validation error at iteration 107000000 is 0.9913160661497321
Validation error at iteration 108000000 is 0.9912863392431782
Validation error at iteration 109000000 is 0.9912959713612903
Validation error at iteration 110000000 is 0.9913097683013801
Validation error at iteration 111000000 is 0.9912871961232789
Validation error at iteration 112000000 is 0.9912899108604084
Validation error at iteration 113000000 is 0.9912973848675182
Validation error at iteration 114000000 is 0.9912852456435794
Validation error at iteration 115000000 is 0.9912549565734114
Validation error at iteration 116000000 is 0.9912638788731599
Validation error at iteration 117000000 is 0.991249129195859
Validation error at iteration 118000000 is 0.991254714129671
Validation error at iteration 119000000 is 0.9912488650341715
Validation error at iteration 120000000 is 0.9912485430010282
Validation error at iteration 121000000 is 0.9912352219990641
Validation error at iteration 122000000 is 0.9912349140748306
Validation error at iteration 123000000 is 0.9912296092361669
Validation error at iteration 124000000 is 0.9912377456147645
Validation error at iteration 125000000 is 0.9912490658369946
Validation error at iteration 126000000 is 0.9912466527095678
Validation error at iteration 127000000 is 0.9912429399862237
Validation error at iteration 128000000 is 0.991252365084068
Validation error at iteration 129000000 is 0.991256473542352
Validation error at iteration 130000000 is 0.9912635639180067
Validation error at iteration 131000000 is 0.9912524565279545
Validation error at iteration 132000000 is 0.9912540591939936
Validation error at iteration 133000000 is 0.9912501406315393
Validation error at iteration 134000000 is 0.9912591444878661
Validation error at iteration 135000000 is 0.9912578272332357
Validation error at iteration 136000000 is 0.9912559235637912
Validation error at iteration 137000000 is 0.991254570415446
Validation error at iteration 138000000 is 0.9912513114660442
Validation error at iteration 139000000 is 0.9912495805885779
Validation error at iteration 140000000 is 0.9912542627109433
Validation error at iteration 141000000 is 0.9912494641344802
Validation error at iteration 142000000 is 0.99124819823062
Validation error at iteration 143000000 is 0.9912413185901316
Validation error at iteration 144000000 is 0.9912466013077026
Validation error at iteration 145000000 is 0.9912423065528326
Validation error at iteration 146000000 is 0.9912421695777387
Validation error at iteration 147000000 is 0.9912408443864132
Validation error at iteration 148000000 is 0.9912413607553707
Validation error at iteration 149000000 is 0.9912438117094162
Error:  0.991242542022093
{0.09: 0.9831850572100104,
 0.09999999999999999: 0.9845198711104464,
 0.11: 0.9886781840143879,
 0.12: 0.991242542022093}
