Sender: LSF System <lsfadmin@lo-s4-031>
Subject: Job 2290869: <python exp_autoencoder_depth.py> in cluster <leonhard> Done

Job <python exp_autoencoder_depth.py> was submitted from host <lo-login-02> by user <saioanni> in cluster <leonhard> at Wed Jun 26 15:42:09 2019
Job was executed on host(s) <lo-s4-031>, in queue <gpu.24h>, as user <saioanni> in cluster <leonhard> at Wed Jun 26 15:42:33 2019
</cluster/home/saioanni> was used as the home directory.
</cluster/home/saioanni/CIL/recommender/src> was used as the working directory.
Started at Wed Jun 26 15:42:33 2019
Terminated at Wed Jun 26 20:46:39 2019
Results reported at Wed Jun 26 20:46:39 2019

Your job looked like:

------------------------------------------------------------
# LSBATCH: User input
python exp_autoencoder_depth.py
------------------------------------------------------------

Successfully completed.

Resource usage summary:

    CPU time :                                   32915.10 sec.
    Max Memory :                                 1096 MB
    Average Memory :                             941.51 MB
    Total Requested Memory :                     64192.00 MB
    Delta Memory :                               63096.00 MB
    Max Swap :                                   -
    Max Processes :                              3
    Max Threads :                                69
    Run time :                                   18261 sec.
    Turnaround time :                            18270 sec.

The output (if any) follows:

2019-06-26 15:42:42.049228: I tensorflow/core/platform/cpu_feature_guard.cc:141] Your CPU supports instructions that this TensorFlow binary was not compiled to use: AVX2 FMA
Using TensorFlow backend.
Found GPU at: 
layers: [2] score: 0.9948664510668641
layers: [3] score: 0.9923458014844423
layers: [4] score: 0.9900769922211689
layers: [5] score: 0.9889898718057961
layers: [6] score: 0.9887681235218381
layers: [7] score: 0.9903581481229257
layers: [8] score: 0.9900658648162585
layers: [9] score: 0.9901267172644486
layers: [10] score: 0.9925675447762218
layers: [11] score: 0.992933956084054
layers: [12] score: 0.9974496469199254
layers: [13] score: 0.9949858002657924
layers: [14] score: 1.0003309699087044
layers: [15] score: 1.004190739597527
layers: [16] score: 1.0006759508286114
layers: [17] score: 0.9996301670387215
layers: [18] score: 1.0017048092472858
layers: [19] score: 1.0156616412711033
layers: [20] score: 1.0090796456479791
layers: [2, 2] score: 1.002603285263331
layers: [3, 3] score: 0.9974453410149343
layers: [4, 4] score: 0.988630115841833
layers: [5, 5] score: 0.9899476816134977
layers: [6, 6] score: 0.9891130799800835
layers: [7, 7] score: 0.9883867101474039
layers: [8, 8] score: 0.9875298540310493
layers: [9, 9] score: 0.9873255644931875
layers: [10, 10] score: 0.9866071451405076
layers: [11, 11] score: 0.9877841819755891
layers: [12, 12] score: 0.9885501212933313
layers: [13, 13] score: 0.9877911340796279
layers: [14, 14] score: 0.9893228826896111
layers: [15, 15] score: 0.9890996939001332
layers: [16, 16] score: 0.9894455447886045
layers: [17, 17] score: 0.9886408029870019
layers: [18, 18] score: 0.9904960698214919
layers: [19, 19] score: 0.9930664918294924
layers: [20, 20] score: 0.9905743400885457
layers: [2, 2, 2] score: 0.998060884570482
layers: [3, 3, 3] score: 1.0026449332476188
layers: [4, 4, 4] score: 0.9992643809807872
layers: [5, 5, 5] score: 0.9915284791130217
layers: [6, 6, 6] score: 0.9991885758735067
layers: [7, 7, 7] score: 0.9908643005055713
layers: [8, 8, 8] score: 0.9907585648964993
layers: [9, 9, 9] score: 0.9872936601047961
layers: [10, 10, 10] score: 0.9871000225722292
layers: [11, 11, 11] score: 0.9878715564744235
layers: [12, 12, 12] score: 0.9880272609686394
layers: [13, 13, 13] score: 0.986968448518044
layers: [14, 14, 14] score: 0.9874352410918532
layers: [15, 15, 15] score: 0.986496844128371
layers: [16, 16, 16] score: 0.9878624322120141
layers: [17, 17, 17] score: 0.9866772381259187
layers: [18, 18, 18] score: 0.9877987358638322
layers: [19, 19, 19] score: 0.9875378205540267
layers: [20, 20, 20] score: 0.9903763403408903
