Sender: LSF System <lsfadmin@lo-s4-019>
Subject: Job 2281425: <python exp_autoencoder.py> in cluster <leonhard> Done

Job <python exp_autoencoder.py> was submitted from host <lo-login-01> by user <saioanni> in cluster <leonhard> at Mon Jun 24 10:46:14 2019
Job was executed on host(s) <lo-s4-019>, in queue <gpu.24h>, as user <saioanni> in cluster <leonhard> at Mon Jun 24 10:46:22 2019
</cluster/home/saioanni> was used as the home directory.
</cluster/home/saioanni/CIL/recommender/src> was used as the working directory.
Started at Mon Jun 24 10:46:22 2019
Terminated at Mon Jun 24 10:53:14 2019
Results reported at Mon Jun 24 10:53:14 2019

Your job looked like:

------------------------------------------------------------
# LSBATCH: User input
python exp_autoencoder.py
------------------------------------------------------------

Successfully completed.

Resource usage summary:

    CPU time :                                   704.51 sec.
    Max Memory :                                 999 MB
    Average Memory :                             852.38 MB
    Total Requested Memory :                     64192.00 MB
    Delta Memory :                               63193.00 MB
    Max Swap :                                   -
    Max Processes :                              3
    Max Threads :                                12
    Run time :                                   438 sec.
    Turnaround time :                            420 sec.

The output (if any) follows:

2019-06-24 10:46:30.577027: I tensorflow/core/platform/cpu_feature_guard.cc:141] Your CPU supports instructions that this TensorFlow binary was not compiled to use: AVX2 FMA
Using TensorFlow backend.
Found GPU at: 
0.9872495741280208
