+=+=+=+=+Generial options+=+=+=+=+
Number of iterations: 150000000
Training set size (ratio): 0.88
+=+=+=+=+Hidden Size parameters+=+=+=+=+
Starting value: 11
Ending value: 11
Running hidden size experiment...
hidden size: 11


Validation error at iteration 0 is 4.013335031851586
Validation error at iteration 1000000 is 1.0378364072499617
Validation error at iteration 2000000 is 1.0322153479960128
Validation error at iteration 3000000 is 1.0301590789605835
Validation error at iteration 4000000 is 1.0270219852242928
Validation error at iteration 5000000 is 1.0183796295198146
Validation error at iteration 6000000 is 1.018529466937268
Validation error at iteration 7000000 is 1.0145042494916958
Validation error at iteration 8000000 is 1.0139726958664903
Validation error at iteration 9000000 is 1.011574170638119
Validation error at iteration 10000000 is 1.0097313365946299
Validation error at iteration 11000000 is 1.0105562497007015
Validation error at iteration 12000000 is 1.0065358316372053
Validation error at iteration 13000000 is 1.005793454491411
Validation error at iteration 14000000 is 1.0043812698412875
Validation error at iteration 15000000 is 1.0025929837626926
Validation error at iteration 16000000 is 1.0052118114462247
Validation error at iteration 17000000 is 1.001983465102895
Validation error at iteration 18000000 is 1.0021755940681405
Validation error at iteration 19000000 is 1.0009922726270513
Validation error at iteration 20000000 is 1.0006816235789977
Validation error at iteration 21000000 is 0.9988472553886263
Validation error at iteration 22000000 is 0.9979095952155195
Validation error at iteration 23000000 is 0.996692160263303
Validation error at iteration 24000000 is 0.99592925087952
Validation error at iteration 25000000 is 0.9953644310377804
Validation error at iteration 26000000 is 0.9947011383315163
Validation error at iteration 27000000 is 0.9947205597777768
Validation error at iteration 28000000 is 0.9939711765744689
Validation error at iteration 29000000 is 0.9931429284522404
Validation error at iteration 30000000 is 0.9920802688003718
Validation error at iteration 31000000 is 0.991799004684851
Validation error at iteration 32000000 is 0.9920140847507403
Validation error at iteration 33000000 is 0.9917127047790464
Validation error at iteration 34000000 is 0.9913487616131065
Validation error at iteration 35000000 is 0.9902219820157485
Validation error at iteration 36000000 is 0.9899986893425308
Validation error at iteration 37000000 is 0.9895415114523636
Validation error at iteration 38000000 is 0.9898529971492799
Validation error at iteration 39000000 is 0.9890044394541541
Validation error at iteration 40000000 is 0.9888843574066082
Validation error at iteration 41000000 is 0.9882927419262175
Validation error at iteration 42000000 is 0.9883074748718502
Validation error at iteration 43000000 is 0.9884639572501263
Validation error at iteration 44000000 is 0.9876777909936331
Validation error at iteration 45000000 is 0.9873553520652246
Validation error at iteration 46000000 is 0.9869635136525917
Validation error at iteration 47000000 is 0.9868827245664767
Validation error at iteration 48000000 is 0.9867479955355748
Validation error at iteration 49000000 is 0.9862617674866496
Validation error at iteration 50000000 is 0.9860886259147028
Validation error at iteration 51000000 is 0.9859570034761758
Validation error at iteration 52000000 is 0.9859174028284882
Validation error at iteration 53000000 is 0.9862389357558153
Validation error at iteration 54000000 is 0.985497380914529
Validation error at iteration 55000000 is 0.9859167204422998
Validation error at iteration 56000000 is 0.9855838605945523
Validation error at iteration 57000000 is 0.9856947560970938
Validation error at iteration 58000000 is 0.9855464713808505
Validation error at iteration 59000000 is 0.9853232359635189
Validation error at iteration 60000000 is 0.9853285652495699
Validation error at iteration 61000000 is 0.985004050564244
Validation error at iteration 62000000 is 0.9850961785692267
Validation error at iteration 63000000 is 0.9845715847349082
Validation error at iteration 64000000 is 0.984960449119993
Validation error at iteration 65000000 is 0.9846703088832961
Validation error at iteration 66000000 is 0.9848355015332313
Validation error at iteration 67000000 is 0.9845825523016726
Validation error at iteration 68000000 is 0.9842374825331683
Validation error at iteration 69000000 is 0.9843703145679826
Validation error at iteration 70000000 is 0.9842939676425194
Validation error at iteration 71000000 is 0.9842042848753746
Validation error at iteration 72000000 is 0.9842373961991954
Validation error at iteration 73000000 is 0.9842349318043033
Validation error at iteration 74000000 is 0.983851597278238
Validation error at iteration 75000000 is 0.9840762908374652
Validation error at iteration 76000000 is 0.9839975101100247
Validation error at iteration 77000000 is 0.9840182503249738
Validation error at iteration 78000000 is 0.9840096969750317
Validation error at iteration 79000000 is 0.9839126176546528
Validation error at iteration 80000000 is 0.9840311305392122
Validation error at iteration 81000000 is 0.9839173531514779
Validation error at iteration 82000000 is 0.983906389082731
Validation error at iteration 83000000 is 0.983841018213589
Validation error at iteration 84000000 is 0.9836385385767326
Validation error at iteration 85000000 is 0.98351235589259
Validation error at iteration 86000000 is 0.9835089621091923
Validation error at iteration 87000000 is 0.9835382689749994
Validation error at iteration 88000000 is 0.9835298118985876
Validation error at iteration 89000000 is 0.9834968004777065
Validation error at iteration 90000000 is 0.9835354580712887
Validation error at iteration 91000000 is 0.9835586811342475
Validation error at iteration 92000000 is 0.9835044026279404
Validation error at iteration 93000000 is 0.9834371579780256
Validation error at iteration 94000000 is 0.9834767321051784
Validation error at iteration 95000000 is 0.9833502106105887
Validation error at iteration 96000000 is 0.9833878459108626
Validation error at iteration 97000000 is 0.9835091145940501
Validation error at iteration 98000000 is 0.9834667400622809
Validation error at iteration 99000000 is 0.9833944443936499
Validation error at iteration 100000000 is 0.9834460679771357
Validation error at iteration 101000000 is 0.9834797880291205
Validation error at iteration 102000000 is 0.983442586832684
Validation error at iteration 103000000 is 0.983436071438883
Validation error at iteration 104000000 is 0.983399992921596
Validation error at iteration 105000000 is 0.9833847107350596
Validation error at iteration 106000000 is 0.9833276681859641
Validation error at iteration 107000000 is 0.9833424538194361
Validation error at iteration 108000000 is 0.9833712476442444
Validation error at iteration 109000000 is 0.983379472721164
Validation error at iteration 110000000 is 0.9833909918243501
Validation error at iteration 111000000 is 0.9833658684670261
Validation error at iteration 112000000 is 0.9833846115270856
Validation error at iteration 113000000 is 0.9834592274076025
Validation error at iteration 114000000 is 0.9833722201210462
Validation error at iteration 115000000 is 0.9833294690601919
Validation error at iteration 116000000 is 0.9833245568581318
Validation error at iteration 117000000 is 0.9833229112165759
Validation error at iteration 118000000 is 0.9833316693108647
Validation error at iteration 119000000 is 0.9833334298445378
Validation error at iteration 120000000 is 0.9833223175303692
Validation error at iteration 121000000 is 0.9833237277742947
Validation error at iteration 122000000 is 0.9833212690079192
Validation error at iteration 123000000 is 0.9833227236998583
Validation error at iteration 124000000 is 0.9833239981379306
Validation error at iteration 125000000 is 0.983323635424545
Validation error at iteration 126000000 is 0.9833110674641659
Validation error at iteration 127000000 is 0.9833108704470285
Validation error at iteration 128000000 is 0.983301644428687
Validation error at iteration 129000000 is 0.9832980915602447
Validation error at iteration 130000000 is 0.9832717103562892
Validation error at iteration 131000000 is 0.9832590555880897
Validation error at iteration 132000000 is 0.9832600244457319
Validation error at iteration 133000000 is 0.9832758171106714
Validation error at iteration 134000000 is 0.9832675349324992
Validation error at iteration 135000000 is 0.9832662278663391
Validation error at iteration 136000000 is 0.9832653114552156
Validation error at iteration 137000000 is 0.983251842540698
Validation error at iteration 138000000 is 0.9832531252340813
Validation error at iteration 139000000 is 0.983243827784406
Validation error at iteration 140000000 is 0.9832441880628989
Validation error at iteration 141000000 is 0.983250342066632
Validation error at iteration 142000000 is 0.9832530435791964
Validation error at iteration 143000000 is 0.9832562089970216
Validation error at iteration 144000000 is 0.9832528144149677
Validation error at iteration 145000000 is 0.983245242007042
Validation error at iteration 146000000 is 0.9832569311960426
Validation error at iteration 147000000 is 0.9832525440622811
Validation error at iteration 148000000 is 0.9832556886706849
Validation error at iteration 149000000 is 0.9832470272941991
Error:  0.9832397321198777
