+=+=+=+=+Generial options+=+=+=+=+
Number of iterations: 150000000
Training set size (ratio): 0.88
+=+=+=+=+Hidden Size parameters+=+=+=+=+
Starting value: 10
Ending value: 10
Running hidden size experiment...
hidden size: 10


Validation error at iteration 0 is 4.014585501560509
Validation error at iteration 1000000 is 1.037879447245965
Validation error at iteration 2000000 is 1.0349024622534786
Validation error at iteration 3000000 is 1.0330488631452521
Validation error at iteration 4000000 is 1.0257174152779422
Validation error at iteration 5000000 is 1.0206630041723523
Validation error at iteration 6000000 is 1.0194510825375998
Validation error at iteration 7000000 is 1.0167533133465503
Validation error at iteration 8000000 is 1.0138007397830133
Validation error at iteration 9000000 is 1.0102711952604935
Validation error at iteration 10000000 is 1.009239022833224
Validation error at iteration 11000000 is 1.0093031674806185
Validation error at iteration 12000000 is 1.009927249232048
Validation error at iteration 13000000 is 1.0052753178545946
Validation error at iteration 14000000 is 1.005265224892544
Validation error at iteration 15000000 is 1.0038017562494348
Validation error at iteration 16000000 is 1.002650860143203
Validation error at iteration 17000000 is 1.0018278728471102
Validation error at iteration 18000000 is 1.0000149196003287
Validation error at iteration 19000000 is 0.9997388174422858
Validation error at iteration 20000000 is 0.9986401500223956
Validation error at iteration 21000000 is 0.9972358556657034
Validation error at iteration 22000000 is 0.9975421099715857
Validation error at iteration 23000000 is 0.9969210115233069
Validation error at iteration 24000000 is 0.9960651221876057
Validation error at iteration 25000000 is 0.9958274408730995
Validation error at iteration 26000000 is 0.9941240331460922
Validation error at iteration 27000000 is 0.9940039612440493
Validation error at iteration 28000000 is 0.9930729186644683
Validation error at iteration 29000000 is 0.9937345820082
Validation error at iteration 30000000 is 0.9924139499711393
Validation error at iteration 31000000 is 0.9925528219662252
Validation error at iteration 32000000 is 0.9911366279864738
Validation error at iteration 33000000 is 0.9909870511544973
Validation error at iteration 34000000 is 0.990806434200955
Validation error at iteration 35000000 is 0.9900245466432288
Validation error at iteration 36000000 is 0.9906481677900674
Validation error at iteration 37000000 is 0.989542265115803
Validation error at iteration 38000000 is 0.9884225327940247
Validation error at iteration 39000000 is 0.989012233255742
Validation error at iteration 40000000 is 0.9885112673750832
Validation error at iteration 41000000 is 0.9886455248626139
Validation error at iteration 42000000 is 0.9882236987443854
Validation error at iteration 43000000 is 0.9885223398585314
Validation error at iteration 44000000 is 0.9878486600189775
Validation error at iteration 45000000 is 0.9880376610919738
Validation error at iteration 46000000 is 0.9876138133379262
Validation error at iteration 47000000 is 0.9872795534700355
Validation error at iteration 48000000 is 0.9869151237645132
Validation error at iteration 49000000 is 0.9870231776360862
Validation error at iteration 50000000 is 0.9866745109514262
Validation error at iteration 51000000 is 0.9862106586942473
Validation error at iteration 52000000 is 0.9863420723525544
Validation error at iteration 53000000 is 0.9862455315219754
Validation error at iteration 54000000 is 0.9856730123541937
Validation error at iteration 55000000 is 0.9857202592458232
Validation error at iteration 56000000 is 0.9856461455788382
Validation error at iteration 57000000 is 0.9854887499388342
Validation error at iteration 58000000 is 0.9850163467853787
Validation error at iteration 59000000 is 0.985074289921162
Validation error at iteration 60000000 is 0.9852014657734531
Validation error at iteration 61000000 is 0.9849342878019545
Validation error at iteration 62000000 is 0.9850111691909021
Validation error at iteration 63000000 is 0.9851217291657732
Validation error at iteration 64000000 is 0.9849908670403849
Validation error at iteration 65000000 is 0.9851053562418252
Validation error at iteration 66000000 is 0.9850197295732804
Validation error at iteration 67000000 is 0.9846864190336629
Validation error at iteration 68000000 is 0.9847822846623683
Validation error at iteration 69000000 is 0.9845302361718636
Validation error at iteration 70000000 is 0.9844886187596439
Validation error at iteration 71000000 is 0.984417413272554
Validation error at iteration 72000000 is 0.984229144025271
Validation error at iteration 73000000 is 0.9842811144071562
Validation error at iteration 74000000 is 0.9839947410589621
Validation error at iteration 75000000 is 0.9840381224219473
Validation error at iteration 76000000 is 0.9842115260637542
Validation error at iteration 77000000 is 0.983922718343803
Validation error at iteration 78000000 is 0.9837388617623549
Validation error at iteration 79000000 is 0.9836633008740081
Validation error at iteration 80000000 is 0.9836978325471785
Validation error at iteration 81000000 is 0.983634860665438
Validation error at iteration 82000000 is 0.9836579114279942
Validation error at iteration 83000000 is 0.983715584683633
Validation error at iteration 84000000 is 0.9836326624154308
Validation error at iteration 85000000 is 0.9836362527323339
Validation error at iteration 86000000 is 0.9836320825910143
Validation error at iteration 87000000 is 0.9836959455473371
Validation error at iteration 88000000 is 0.9836304476703983
Validation error at iteration 89000000 is 0.9837590765214542
Validation error at iteration 90000000 is 0.9835889923352946
Validation error at iteration 91000000 is 0.9835107028826658
Validation error at iteration 92000000 is 0.9836039306896034
Validation error at iteration 93000000 is 0.9835476182441842
Validation error at iteration 94000000 is 0.983598102088393
Validation error at iteration 95000000 is 0.9835465949025035
Validation error at iteration 96000000 is 0.9834597734186269
Validation error at iteration 97000000 is 0.9834092098964252
Validation error at iteration 98000000 is 0.983431498271704
Validation error at iteration 99000000 is 0.9834112187992471
Validation error at iteration 100000000 is 0.9834305575794249
Validation error at iteration 101000000 is 0.9834352871543932
Validation error at iteration 102000000 is 0.983425853336655
Validation error at iteration 103000000 is 0.983417974528475
Validation error at iteration 104000000 is 0.983370292842393
Validation error at iteration 105000000 is 0.9832937759698872
Validation error at iteration 106000000 is 0.9833605784548876
Validation error at iteration 107000000 is 0.983365697720733
Validation error at iteration 108000000 is 0.9833448610082487
Validation error at iteration 109000000 is 0.9833361575499384
Validation error at iteration 110000000 is 0.9832944917099664
Validation error at iteration 111000000 is 0.9832523034717446
Validation error at iteration 112000000 is 0.9832605636898514
Validation error at iteration 113000000 is 0.9832769152376306
Validation error at iteration 114000000 is 0.9833071760111635
Validation error at iteration 115000000 is 0.9832812244505297
Validation error at iteration 116000000 is 0.9832816089717272
Validation error at iteration 117000000 is 0.9832762869152363
Validation error at iteration 118000000 is 0.9832763787129348
Validation error at iteration 119000000 is 0.983238765812869
Validation error at iteration 120000000 is 0.9832184765551198
Validation error at iteration 121000000 is 0.98325119211742
Validation error at iteration 122000000 is 0.9832680545962104
Validation error at iteration 123000000 is 0.9832646893213309
Validation error at iteration 124000000 is 0.9832504979739545
Validation error at iteration 125000000 is 0.9831943743642848
Validation error at iteration 126000000 is 0.9831781630889528
Validation error at iteration 127000000 is 0.9831773905766592
Validation error at iteration 128000000 is 0.98320034605588
Validation error at iteration 129000000 is 0.9832080021301763
Validation error at iteration 130000000 is 0.983222714106617
Validation error at iteration 131000000 is 0.9832338957028176
Validation error at iteration 132000000 is 0.9832308025283777
Validation error at iteration 133000000 is 0.9832232510635167
Validation error at iteration 134000000 is 0.9832144261891492
Validation error at iteration 135000000 is 0.9832235460847821
Validation error at iteration 136000000 is 0.9832242392859397
Validation error at iteration 137000000 is 0.9832088955539123
Validation error at iteration 138000000 is 0.9832137741142929
Validation error at iteration 139000000 is 0.9831881725585362
Validation error at iteration 140000000 is 0.9831903781803588
Validation error at iteration 141000000 is 0.9831905963154245
Validation error at iteration 142000000 is 0.9831895133836839
Validation error at iteration 143000000 is 0.9831889259952236
Validation error at iteration 144000000 is 0.9831877753551961
Validation error at iteration 145000000 is 0.983185572712553
Validation error at iteration 146000000 is 0.983173297908075
Validation error at iteration 147000000 is 0.9831692522474514
Validation error at iteration 148000000 is 0.9831654675686633
Validation error at iteration 149000000 is 0.9831667433505528
Error:  0.9831650485259659
