+=+=+=+=+Generial options+=+=+=+=+
Number of iterations: 150000000
Training set size (ratio): 0.88
+=+=+=+=+Hidden Size parameters+=+=+=+=+
Starting value: 9
Ending value: 9
Running hidden size experiment...
hidden size: 9


Validation error at iteration 0 is 4.014184017508389
Validation error at iteration 1000000 is 1.0377283508522213
Validation error at iteration 2000000 is 1.0345601910097246
Validation error at iteration 3000000 is 1.0321035313876155
Validation error at iteration 4000000 is 1.0261583128991176
Validation error at iteration 5000000 is 1.019817424978483
Validation error at iteration 6000000 is 1.01792737815574
Validation error at iteration 7000000 is 1.017730211251777
Validation error at iteration 8000000 is 1.012641883967074
Validation error at iteration 9000000 is 1.0104075028437272
Validation error at iteration 10000000 is 1.0109578101461554
Validation error at iteration 11000000 is 1.007390827439654
Validation error at iteration 12000000 is 1.0086667508683123
Validation error at iteration 13000000 is 1.0054074940766995
Validation error at iteration 14000000 is 1.0050033262842666
Validation error at iteration 15000000 is 1.0039918369072856
Validation error at iteration 16000000 is 1.0006773254413097
Validation error at iteration 17000000 is 1.0010445775492276
Validation error at iteration 18000000 is 1.0016661037023595
Validation error at iteration 19000000 is 0.9997640615892078
Validation error at iteration 20000000 is 0.9978212558242543
Validation error at iteration 21000000 is 0.997748645866582
Validation error at iteration 22000000 is 0.9964579629055837
Validation error at iteration 23000000 is 0.9948688202052106
Validation error at iteration 24000000 is 0.9956901956177515
Validation error at iteration 25000000 is 0.9948199848120969
Validation error at iteration 26000000 is 0.994608261067233
Validation error at iteration 27000000 is 0.9929463154268526
Validation error at iteration 28000000 is 0.9925500226440583
Validation error at iteration 29000000 is 0.9919588130774157
Validation error at iteration 30000000 is 0.9918609286431601
Validation error at iteration 31000000 is 0.9912099974113326
Validation error at iteration 32000000 is 0.9903845834451275
Validation error at iteration 33000000 is 0.989941664996779
Validation error at iteration 34000000 is 0.9899100327008764
Validation error at iteration 35000000 is 0.989702083604353
Validation error at iteration 36000000 is 0.9885931413399897
Validation error at iteration 37000000 is 0.9885306490829046
Validation error at iteration 38000000 is 0.9887459400891275
Validation error at iteration 39000000 is 0.9887093337143357
Validation error at iteration 40000000 is 0.9874909306170813
Validation error at iteration 41000000 is 0.9879231937007751
Validation error at iteration 42000000 is 0.9875320351227639
Validation error at iteration 43000000 is 0.987323494483704
Validation error at iteration 44000000 is 0.986386854085535
Validation error at iteration 45000000 is 0.9866904785051127
Validation error at iteration 46000000 is 0.986842428010362
Validation error at iteration 47000000 is 0.9865826328990821
Validation error at iteration 48000000 is 0.9864707337499664
Validation error at iteration 49000000 is 0.9863148281305966
Validation error at iteration 50000000 is 0.9852986485493803
Validation error at iteration 51000000 is 0.9860509633353745
Validation error at iteration 52000000 is 0.9855829717900515
Validation error at iteration 53000000 is 0.9851241201659692
Validation error at iteration 54000000 is 0.9850997525840894
Validation error at iteration 55000000 is 0.9846968656374836
Validation error at iteration 56000000 is 0.9847679905679726
Validation error at iteration 57000000 is 0.9846931686913025
Validation error at iteration 58000000 is 0.9845230621660381
Validation error at iteration 59000000 is 0.984414369850973
Validation error at iteration 60000000 is 0.9843009881386492
Validation error at iteration 61000000 is 0.9841108631573792
Validation error at iteration 62000000 is 0.9841451874496258
Validation error at iteration 63000000 is 0.9839868927090046
Validation error at iteration 64000000 is 0.9840129706539668
Validation error at iteration 65000000 is 0.9839863556046557
Validation error at iteration 66000000 is 0.9839401593850668
Validation error at iteration 67000000 is 0.9838693721003627
Validation error at iteration 68000000 is 0.9838277913644838
Validation error at iteration 69000000 is 0.9839929770932843
Validation error at iteration 70000000 is 0.9835428996230905
Validation error at iteration 71000000 is 0.9836879902289636
Validation error at iteration 72000000 is 0.9836655585862021
Validation error at iteration 73000000 is 0.9834358247783712
Validation error at iteration 74000000 is 0.9834327521045251
Validation error at iteration 75000000 is 0.9832496063471062
Validation error at iteration 76000000 is 0.9832078007859247
Validation error at iteration 77000000 is 0.9831292657113461
Validation error at iteration 78000000 is 0.983017999556144
Validation error at iteration 79000000 is 0.9828144204988803
Validation error at iteration 80000000 is 0.982795372465658
Validation error at iteration 81000000 is 0.9828381640652969
Validation error at iteration 82000000 is 0.9828720683292793
Validation error at iteration 83000000 is 0.9828725880973663
Validation error at iteration 84000000 is 0.9829273807561723
Validation error at iteration 85000000 is 0.9830504123761159
Validation error at iteration 86000000 is 0.982940635089099
Validation error at iteration 87000000 is 0.9828301210365122
Validation error at iteration 88000000 is 0.9828579857057627
Validation error at iteration 89000000 is 0.9827650315467322
Validation error at iteration 90000000 is 0.9827682517669584
Validation error at iteration 91000000 is 0.9827409155142738
Validation error at iteration 92000000 is 0.9827249510946573
Validation error at iteration 93000000 is 0.9826786017450714
Validation error at iteration 94000000 is 0.9826853218823716
Validation error at iteration 95000000 is 0.9826337925097461
Validation error at iteration 96000000 is 0.9826375889189188
Validation error at iteration 97000000 is 0.982636579054345
Validation error at iteration 98000000 is 0.9826691584461437
Validation error at iteration 99000000 is 0.9825627825348777
Validation error at iteration 100000000 is 0.9825308960878874
Validation error at iteration 101000000 is 0.9825794982376229
Validation error at iteration 102000000 is 0.982559199587323
Validation error at iteration 103000000 is 0.9825615636433608
Validation error at iteration 104000000 is 0.9825964651381256
Validation error at iteration 105000000 is 0.9825687790105501
Validation error at iteration 106000000 is 0.9825855398243195
Validation error at iteration 107000000 is 0.9824966517581405
Validation error at iteration 108000000 is 0.9825029914986714
Validation error at iteration 109000000 is 0.982520877336205
Validation error at iteration 110000000 is 0.9825961324585482
Validation error at iteration 111000000 is 0.9825465948031188
Validation error at iteration 112000000 is 0.9825137758903161
Validation error at iteration 113000000 is 0.9825273811472679
Validation error at iteration 114000000 is 0.9825332806344068
Validation error at iteration 115000000 is 0.9825522036603563
Validation error at iteration 116000000 is 0.9825033130882552
Validation error at iteration 117000000 is 0.9824849637942179
Validation error at iteration 118000000 is 0.9825145275757623
Validation error at iteration 119000000 is 0.9825069185794569
Validation error at iteration 120000000 is 0.982507001115174
Validation error at iteration 121000000 is 0.9825238705740307
Validation error at iteration 122000000 is 0.9825138734977243
Validation error at iteration 123000000 is 0.9824861563206911
Validation error at iteration 124000000 is 0.9824841811849473
Validation error at iteration 125000000 is 0.9824890397825357
Validation error at iteration 126000000 is 0.9824645365625401
Validation error at iteration 127000000 is 0.9824329910845597
Validation error at iteration 128000000 is 0.9824190340255343
Validation error at iteration 129000000 is 0.9824412155673737
Validation error at iteration 130000000 is 0.9824447856737951
Validation error at iteration 131000000 is 0.9824523603386012
Validation error at iteration 132000000 is 0.9824623334597714
Validation error at iteration 133000000 is 0.9824573282812106
Validation error at iteration 134000000 is 0.9824653662707014
Validation error at iteration 135000000 is 0.9824603831475387
Validation error at iteration 136000000 is 0.9824597082662778
Validation error at iteration 137000000 is 0.9824643735324722
Validation error at iteration 138000000 is 0.9824659530090805
Validation error at iteration 139000000 is 0.9824665591011638
Validation error at iteration 140000000 is 0.9824626210028752
Validation error at iteration 141000000 is 0.9824522368531413
Validation error at iteration 142000000 is 0.9824582158452633
Validation error at iteration 143000000 is 0.9824512877406563
Validation error at iteration 144000000 is 0.9824545845343636
Validation error at iteration 145000000 is 0.9824559090622735
Validation error at iteration 146000000 is 0.9824607439269785
Validation error at iteration 147000000 is 0.9824571276807424
Validation error at iteration 148000000 is 0.9824572587045948
Validation error at iteration 149000000 is 0.9824471644458571
Error:  0.9824391566087856
