+=+=+=+=+Generial options+=+=+=+=+
Number of iterations: 150000000
Training set size (ratio): 0.88
+=+=+=+=+Hidden Size parameters+=+=+=+=+
Starting value: 6
Ending value: 6
Running hidden size experiment...
hidden size: 6


Validation error at iteration 0 is 4.013683549202853
Validation error at iteration 1000000 is 1.0398073224086357
Validation error at iteration 2000000 is 1.0396500007044844
Validation error at iteration 3000000 is 1.032453355472819
Validation error at iteration 4000000 is 1.0275124452557678
Validation error at iteration 5000000 is 1.024099005897123
Validation error at iteration 6000000 is 1.020596606474247
Validation error at iteration 7000000 is 1.015125718116682
Validation error at iteration 8000000 is 1.0143492326730141
Validation error at iteration 9000000 is 1.010777866855193
Validation error at iteration 10000000 is 1.010568143921769
Validation error at iteration 11000000 is 1.0088129143479276
Validation error at iteration 12000000 is 1.0082888479160081
Validation error at iteration 13000000 is 1.007026010917262
Validation error at iteration 14000000 is 1.0043060875423795
Validation error at iteration 15000000 is 1.0045240168797935
Validation error at iteration 16000000 is 1.0023524993740835
Validation error at iteration 17000000 is 1.0015368078641866
Validation error at iteration 18000000 is 1.0012761478489007
Validation error at iteration 19000000 is 1.0009447164187564
Validation error at iteration 20000000 is 0.9986972160080086
Validation error at iteration 21000000 is 0.9979224771423127
Validation error at iteration 22000000 is 0.9979737676450433
Validation error at iteration 23000000 is 0.9974375249860751
Validation error at iteration 24000000 is 0.9955484282336752
Validation error at iteration 25000000 is 0.9951361767337498
Validation error at iteration 26000000 is 0.9949546248869198
Validation error at iteration 27000000 is 0.9946021817402324
Validation error at iteration 28000000 is 0.992634603073668
Validation error at iteration 29000000 is 0.9923412474054373
Validation error at iteration 30000000 is 0.9921095019460295
Validation error at iteration 31000000 is 0.9924953184521407
Validation error at iteration 32000000 is 0.9918907380196961
Validation error at iteration 33000000 is 0.9912385155659424
Validation error at iteration 34000000 is 0.9911455613956933
Validation error at iteration 35000000 is 0.9897192103948799
Validation error at iteration 36000000 is 0.9897311380786894
Validation error at iteration 37000000 is 0.9901282142606174
Validation error at iteration 38000000 is 0.9886753361676518
Validation error at iteration 39000000 is 0.9888562102335058
Validation error at iteration 40000000 is 0.98877050623269
Validation error at iteration 41000000 is 0.9885350940960244
Validation error at iteration 42000000 is 0.9880973918789379
Validation error at iteration 43000000 is 0.9878596669962528
Validation error at iteration 44000000 is 0.9870558308093117
Validation error at iteration 45000000 is 0.9871070861633766
Validation error at iteration 46000000 is 0.9868471171519889
Validation error at iteration 47000000 is 0.9863297214008004
Validation error at iteration 48000000 is 0.9865941315360989
Validation error at iteration 49000000 is 0.9866085694148924
Validation error at iteration 50000000 is 0.9864376056269817
Validation error at iteration 51000000 is 0.9857123335602265
Validation error at iteration 52000000 is 0.9859493752195968
Validation error at iteration 53000000 is 0.9858378217628515
Validation error at iteration 54000000 is 0.9853703338460735
Validation error at iteration 55000000 is 0.9852206449692833
Validation error at iteration 56000000 is 0.9851344313118561
Validation error at iteration 57000000 is 0.9851227933325163
Validation error at iteration 58000000 is 0.9850262236119597
Validation error at iteration 59000000 is 0.9849706104366432
Validation error at iteration 60000000 is 0.9848568927460454
Validation error at iteration 61000000 is 0.984795134491266
Validation error at iteration 62000000 is 0.9846715633807778
Validation error at iteration 63000000 is 0.9845655997458246
Validation error at iteration 64000000 is 0.9843758507366762
Validation error at iteration 65000000 is 0.9842324010184499
Validation error at iteration 66000000 is 0.9842547110929926
Validation error at iteration 67000000 is 0.9841393006092002
Validation error at iteration 68000000 is 0.9843501646442852
Validation error at iteration 69000000 is 0.9840864304730067
Validation error at iteration 70000000 is 0.9837625688673152
Validation error at iteration 71000000 is 0.9838828460700568
Validation error at iteration 72000000 is 0.9840127081622722
Validation error at iteration 73000000 is 0.9837703044619068
Validation error at iteration 74000000 is 0.9837773631578253
Validation error at iteration 75000000 is 0.9839116812193445
Validation error at iteration 76000000 is 0.9838991133774702
Validation error at iteration 77000000 is 0.983613031415187
Validation error at iteration 78000000 is 0.9837503114540431
Validation error at iteration 79000000 is 0.9837248581651808
Validation error at iteration 80000000 is 0.9835936077290962
Validation error at iteration 81000000 is 0.9835924556087188
Validation error at iteration 82000000 is 0.9836011478454803
Validation error at iteration 83000000 is 0.9835934460422808
Validation error at iteration 84000000 is 0.9835382363997865
Validation error at iteration 85000000 is 0.9832608710600915
Validation error at iteration 86000000 is 0.9832639712333299
Validation error at iteration 87000000 is 0.9832389669582328
Validation error at iteration 88000000 is 0.983235891721321
Validation error at iteration 89000000 is 0.9832194075216081
Validation error at iteration 90000000 is 0.9831713966010017
Validation error at iteration 91000000 is 0.9831926147296528
Validation error at iteration 92000000 is 0.9831103201242107
Validation error at iteration 93000000 is 0.983163682267784
Validation error at iteration 94000000 is 0.9830480707869871
Validation error at iteration 95000000 is 0.9830888308450549
Validation error at iteration 96000000 is 0.9830052878241966
Validation error at iteration 97000000 is 0.9829252536286839
Validation error at iteration 98000000 is 0.9830127865660028
Validation error at iteration 99000000 is 0.9830262774157138
Validation error at iteration 100000000 is 0.9829718320414395
Validation error at iteration 101000000 is 0.9829041326570089
Validation error at iteration 102000000 is 0.9828082879902609
Validation error at iteration 103000000 is 0.9828061307505914
Validation error at iteration 104000000 is 0.9828478021211647
Validation error at iteration 105000000 is 0.9828510563320689
Validation error at iteration 106000000 is 0.9828846614855327
Validation error at iteration 107000000 is 0.9828898988317223
Validation error at iteration 108000000 is 0.9828849696616012
Validation error at iteration 109000000 is 0.9828736146974977
Validation error at iteration 110000000 is 0.982893796026682
Validation error at iteration 111000000 is 0.9829113450564435
Validation error at iteration 112000000 is 0.9828906244038272
Validation error at iteration 113000000 is 0.9828398525289429
Validation error at iteration 114000000 is 0.9828675945431569
Validation error at iteration 115000000 is 0.9828477349356454
Validation error at iteration 116000000 is 0.9828188785361944
Validation error at iteration 117000000 is 0.9828279749817362
Validation error at iteration 118000000 is 0.9828191905624417
Validation error at iteration 119000000 is 0.9828195446347411
Validation error at iteration 120000000 is 0.9828016947257124
Validation error at iteration 121000000 is 0.9827697430387392
Validation error at iteration 122000000 is 0.9827619609754269
Validation error at iteration 123000000 is 0.9827612833525426
Validation error at iteration 124000000 is 0.9827716196013637
Validation error at iteration 125000000 is 0.9827892235762041
Validation error at iteration 126000000 is 0.9827669808279591
Validation error at iteration 127000000 is 0.9827755990505082
Validation error at iteration 128000000 is 0.9827836872857204
Validation error at iteration 129000000 is 0.9827819566466784
Validation error at iteration 130000000 is 0.9827764407395232
Validation error at iteration 131000000 is 0.9827774227337136
Validation error at iteration 132000000 is 0.9827749144931074
Validation error at iteration 133000000 is 0.9827752832739733
Validation error at iteration 134000000 is 0.9827827910462412
Validation error at iteration 135000000 is 0.9827771215646876
Validation error at iteration 136000000 is 0.982760400274141
Validation error at iteration 137000000 is 0.982749777738048
Validation error at iteration 138000000 is 0.9827558181640161
Validation error at iteration 139000000 is 0.9827585648812448
Validation error at iteration 140000000 is 0.9827570310823948
Validation error at iteration 141000000 is 0.9827507151481875
Validation error at iteration 142000000 is 0.982748285192611
Validation error at iteration 143000000 is 0.9827578227820875
Validation error at iteration 144000000 is 0.9827633596841739
Validation error at iteration 145000000 is 0.9827645488463206
Validation error at iteration 146000000 is 0.9827608595016987
Validation error at iteration 147000000 is 0.9827636729342568
Validation error at iteration 148000000 is 0.9827640453636629
Validation error at iteration 149000000 is 0.9827578573542304
Error:  0.9827619388304508
