+=+=+=+=+Generial options+=+=+=+=+
Number of iterations: 150000000
Training set size (ratio): 0.88
+=+=+=+=+Hidden Size parameters+=+=+=+=+
Starting value: 8
Ending value: 8
Running hidden size experiment...
hidden size: 8


Validation error at iteration 0 is 4.0145885815102575
Validation error at iteration 1000000 is 1.0378823040708587
Validation error at iteration 2000000 is 1.0366813420688001
Validation error at iteration 3000000 is 1.0323113358572091
Validation error at iteration 4000000 is 1.0263692748214222
Validation error at iteration 5000000 is 1.0209133380323752
Validation error at iteration 6000000 is 1.0189254496280205
Validation error at iteration 7000000 is 1.0161240802301217
Validation error at iteration 8000000 is 1.0146071594192003
Validation error at iteration 9000000 is 1.0128520185258083
Validation error at iteration 10000000 is 1.0111208706293648
Validation error at iteration 11000000 is 1.0084596185232275
Validation error at iteration 12000000 is 1.0077040127839154
Validation error at iteration 13000000 is 1.0057848070665396
Validation error at iteration 14000000 is 1.0050745947405868
Validation error at iteration 15000000 is 1.0037042118686366
Validation error at iteration 16000000 is 1.002659658879368
Validation error at iteration 17000000 is 1.002052570316838
Validation error at iteration 18000000 is 1.0005409247905908
Validation error at iteration 19000000 is 1.0002842743875613
Validation error at iteration 20000000 is 0.9987905527731354
Validation error at iteration 21000000 is 0.9980011875002228
Validation error at iteration 22000000 is 0.9970328085578102
Validation error at iteration 23000000 is 0.9968233513951554
Validation error at iteration 24000000 is 0.9954081834914119
Validation error at iteration 25000000 is 0.9962670791260356
Validation error at iteration 26000000 is 0.9944674197004084
Validation error at iteration 27000000 is 0.9949686901254151
Validation error at iteration 28000000 is 0.9937940224184328
Validation error at iteration 29000000 is 0.9927106424873086
Validation error at iteration 30000000 is 0.9916212450969762
Validation error at iteration 31000000 is 0.9926446476661206
Validation error at iteration 32000000 is 0.9915859375425322
Validation error at iteration 33000000 is 0.9906838479444416
Validation error at iteration 34000000 is 0.9907223368719967
Validation error at iteration 35000000 is 0.990595483754297
Validation error at iteration 36000000 is 0.9906338003311858
Validation error at iteration 37000000 is 0.9896542790585222
Validation error at iteration 38000000 is 0.9899107896134728
Validation error at iteration 39000000 is 0.9893364751288948
Validation error at iteration 40000000 is 0.9885116254694506
Validation error at iteration 41000000 is 0.9887978604449255
Validation error at iteration 42000000 is 0.9881341786580169
Validation error at iteration 43000000 is 0.9881763353077793
Validation error at iteration 44000000 is 0.9879909744796025
Validation error at iteration 45000000 is 0.9872803152907952
Validation error at iteration 46000000 is 0.9870298537718922
Validation error at iteration 47000000 is 0.9867687462226621
Validation error at iteration 48000000 is 0.9864985930832341
Validation error at iteration 49000000 is 0.9865861462370835
Validation error at iteration 50000000 is 0.9867518004026341
Validation error at iteration 51000000 is 0.9860690104340872
Validation error at iteration 52000000 is 0.9861301598834286
Validation error at iteration 53000000 is 0.9862516781291353
Validation error at iteration 54000000 is 0.9863288166477846
Validation error at iteration 55000000 is 0.9859140221186093
Validation error at iteration 56000000 is 0.9854293076492893
Validation error at iteration 57000000 is 0.9857608328593753
Validation error at iteration 58000000 is 0.9857684035049427
Validation error at iteration 59000000 is 0.9854756643072542
Validation error at iteration 60000000 is 0.9852514434882518
Validation error at iteration 61000000 is 0.9853319098077814
Validation error at iteration 62000000 is 0.98515842118358
Validation error at iteration 63000000 is 0.9852239810287765
Validation error at iteration 64000000 is 0.9850343100845159
Validation error at iteration 65000000 is 0.9849774293689834
Validation error at iteration 66000000 is 0.9848353521156216
Validation error at iteration 67000000 is 0.984487639841293
Validation error at iteration 68000000 is 0.9845813100195885
Validation error at iteration 69000000 is 0.9844523792266414
Validation error at iteration 70000000 is 0.9844386384743927
Validation error at iteration 71000000 is 0.9841545841283638
Validation error at iteration 72000000 is 0.9842979276392232
Validation error at iteration 73000000 is 0.9843114886192075
Validation error at iteration 74000000 is 0.9842349531346041
Validation error at iteration 75000000 is 0.9841365462164761
Validation error at iteration 76000000 is 0.9841036543407821
Validation error at iteration 77000000 is 0.9841046376659138
Validation error at iteration 78000000 is 0.9840399938187345
Validation error at iteration 79000000 is 0.9838931520943969
Validation error at iteration 80000000 is 0.9838766542461853
Validation error at iteration 81000000 is 0.9839210502470399
Validation error at iteration 82000000 is 0.9839798088082855
Validation error at iteration 83000000 is 0.9838172136899954
Validation error at iteration 84000000 is 0.9837795033963488
Validation error at iteration 85000000 is 0.9837159345174186
Validation error at iteration 86000000 is 0.9837017301404241
Validation error at iteration 87000000 is 0.9836971244029605
Validation error at iteration 88000000 is 0.9836293293379449
Validation error at iteration 89000000 is 0.9837951012212558
Validation error at iteration 90000000 is 0.9836745493036692
Validation error at iteration 91000000 is 0.983698045628098
Validation error at iteration 92000000 is 0.9835954724475383
Validation error at iteration 93000000 is 0.9835809232399398
Validation error at iteration 94000000 is 0.9835968603814013
Validation error at iteration 95000000 is 0.98370597059618
Validation error at iteration 96000000 is 0.9835593288076755
Validation error at iteration 97000000 is 0.9835828172096671
Validation error at iteration 98000000 is 0.9835833165098458
Validation error at iteration 99000000 is 0.9836314041719388
Validation error at iteration 100000000 is 0.9835208995484191
Validation error at iteration 101000000 is 0.98350922360134
Validation error at iteration 102000000 is 0.9834851343426914
Validation error at iteration 103000000 is 0.9834433708276491
Validation error at iteration 104000000 is 0.983411555958676
Validation error at iteration 105000000 is 0.983400726048467
Validation error at iteration 106000000 is 0.9834227564264426
Validation error at iteration 107000000 is 0.9834117711321867
Validation error at iteration 108000000 is 0.9834184582516277
Validation error at iteration 109000000 is 0.9833993510613845
Validation error at iteration 110000000 is 0.983350627289126
Validation error at iteration 111000000 is 0.9833568806882297
Validation error at iteration 112000000 is 0.983333649669362
Validation error at iteration 113000000 is 0.9832814028659898
Validation error at iteration 114000000 is 0.9832884786587263
Validation error at iteration 115000000 is 0.9832642556268756
Validation error at iteration 116000000 is 0.9832739598268008
Validation error at iteration 117000000 is 0.9832685782934824
Validation error at iteration 118000000 is 0.98325681323338
Validation error at iteration 119000000 is 0.9832640585889418
Validation error at iteration 120000000 is 0.9832778738681262
Validation error at iteration 121000000 is 0.9833054353681209
Validation error at iteration 122000000 is 0.9832616752311168
Validation error at iteration 123000000 is 0.983274421497808
Validation error at iteration 124000000 is 0.9832637583675261
Validation error at iteration 125000000 is 0.9832443937969516
Validation error at iteration 126000000 is 0.9832203534656119
Validation error at iteration 127000000 is 0.9832335863472188
Validation error at iteration 128000000 is 0.9832611485284248
Validation error at iteration 129000000 is 0.9832522634430219
Validation error at iteration 130000000 is 0.9832538785505334
Validation error at iteration 131000000 is 0.983239661071043
Validation error at iteration 132000000 is 0.9832337484355093
Validation error at iteration 133000000 is 0.983229277967895
Validation error at iteration 134000000 is 0.9832192198003277
Validation error at iteration 135000000 is 0.9832256121838211
Validation error at iteration 136000000 is 0.9832008717432942
Validation error at iteration 137000000 is 0.9831826525816865
Validation error at iteration 138000000 is 0.9831840131426105
Validation error at iteration 139000000 is 0.983189665198438
Validation error at iteration 140000000 is 0.9831946905613863
Validation error at iteration 141000000 is 0.9831954854378759
Validation error at iteration 142000000 is 0.9831868646718995
Validation error at iteration 143000000 is 0.9831827305368358
Validation error at iteration 144000000 is 0.9831847177447629
Validation error at iteration 145000000 is 0.9831830143550173
Validation error at iteration 146000000 is 0.9831912634913208
Validation error at iteration 147000000 is 0.9831901374847803
Validation error at iteration 148000000 is 0.9831760710274303
Validation error at iteration 149000000 is 0.9831780064522488
Error:  0.983174568820737
