+=+=+=+=+Generial options+=+=+=+=+
Number of iterations: 150000000
Training set size (ratio): 0.88
+=+=+=+=+Hidden Size parameters+=+=+=+=+
Starting value: 17
Ending value: 17
Running hidden size experiment...
hidden size: 17


Validation error at iteration 0 is 4.014410877766613
Validation error at iteration 1000000 is 1.039189742351261
Validation error at iteration 2000000 is 1.03638489219754
Validation error at iteration 3000000 is 1.0318299941072666
Validation error at iteration 4000000 is 1.0233493753141552
Validation error at iteration 5000000 is 1.0201520726184234
Validation error at iteration 6000000 is 1.016190807315578
Validation error at iteration 7000000 is 1.0162885118393024
Validation error at iteration 8000000 is 1.0133703425205052
Validation error at iteration 9000000 is 1.0109774759961987
Validation error at iteration 10000000 is 1.0107854074905214
Validation error at iteration 11000000 is 1.0065364693268353
Validation error at iteration 12000000 is 1.0076897134446767
Validation error at iteration 13000000 is 1.0064598378259542
Validation error at iteration 14000000 is 1.004971909276821
Validation error at iteration 15000000 is 1.0047056427124825
Validation error at iteration 16000000 is 1.003045503754662
Validation error at iteration 17000000 is 1.002093990533925
Validation error at iteration 18000000 is 1.0008027017969818
Validation error at iteration 19000000 is 1.0011942191791139
Validation error at iteration 20000000 is 1.0001901843592407
Validation error at iteration 21000000 is 1.0005319288183303
Validation error at iteration 22000000 is 0.9987152998387778
Validation error at iteration 23000000 is 0.9977424140868102
Validation error at iteration 24000000 is 0.9966636385282391
Validation error at iteration 25000000 is 0.9952818316408433
Validation error at iteration 26000000 is 0.9954624396368452
Validation error at iteration 27000000 is 0.9948458893697129
Validation error at iteration 28000000 is 0.9942737602399644
Validation error at iteration 29000000 is 0.9939767642985046
Validation error at iteration 30000000 is 0.9942180749390704
Validation error at iteration 31000000 is 0.9926961440106944
Validation error at iteration 32000000 is 0.9929792094401697
Validation error at iteration 33000000 is 0.9924416886202051
Validation error at iteration 34000000 is 0.992159800287654
Validation error at iteration 35000000 is 0.991344766346419
Validation error at iteration 36000000 is 0.9908831574274344
Validation error at iteration 37000000 is 0.9909369639625798
Validation error at iteration 38000000 is 0.9904350643930157
Validation error at iteration 39000000 is 0.989964472864795
Validation error at iteration 40000000 is 0.989084848032768
Validation error at iteration 41000000 is 0.9890845356260268
Validation error at iteration 42000000 is 0.9894896195448628
Validation error at iteration 43000000 is 0.989255428091043
Validation error at iteration 44000000 is 0.988603318622508
Validation error at iteration 45000000 is 0.9887545667465928
Validation error at iteration 46000000 is 0.9887259218801172
Validation error at iteration 47000000 is 0.9883227665571309
Validation error at iteration 48000000 is 0.9882031490958367
Validation error at iteration 49000000 is 0.9881243697903985
Validation error at iteration 50000000 is 0.9878731725028207
Validation error at iteration 51000000 is 0.9877412256830401
Validation error at iteration 52000000 is 0.9877535015407813
Validation error at iteration 53000000 is 0.9873533676980949
Validation error at iteration 54000000 is 0.9871194910038579
Validation error at iteration 55000000 is 0.987323036197953
Validation error at iteration 56000000 is 0.9869312376524169
Validation error at iteration 57000000 is 0.9869832428101888
Validation error at iteration 58000000 is 0.9865811021109009
Validation error at iteration 59000000 is 0.9868570814781306
Validation error at iteration 60000000 is 0.9865263365722579
Validation error at iteration 61000000 is 0.9863435275625343
Validation error at iteration 62000000 is 0.9862114445685264
Validation error at iteration 63000000 is 0.986103589447279
Validation error at iteration 64000000 is 0.9859830795894144
Validation error at iteration 65000000 is 0.9858969051078391
Validation error at iteration 66000000 is 0.9858615894241607
Validation error at iteration 67000000 is 0.9859085952265051
Validation error at iteration 68000000 is 0.9858398726219343
Validation error at iteration 69000000 is 0.9856380025126383
Validation error at iteration 70000000 is 0.9855183237218512
Validation error at iteration 71000000 is 0.98593582489199
Validation error at iteration 72000000 is 0.9856494373852747
Validation error at iteration 73000000 is 0.9856490682341589
Validation error at iteration 74000000 is 0.9855831439691219
Validation error at iteration 75000000 is 0.9854334711803044
Validation error at iteration 76000000 is 0.985262981169081
Validation error at iteration 77000000 is 0.9853386757464524
Validation error at iteration 78000000 is 0.9852577775518224
Validation error at iteration 79000000 is 0.9852795448389565
Validation error at iteration 80000000 is 0.985367058686408
Validation error at iteration 81000000 is 0.9852944761484088
Validation error at iteration 82000000 is 0.9851394655847937
Validation error at iteration 83000000 is 0.9850678763868468
Validation error at iteration 84000000 is 0.9850506151930774
Validation error at iteration 85000000 is 0.9850199047565456
Validation error at iteration 86000000 is 0.9850975891727575
Validation error at iteration 87000000 is 0.9850691980033063
Validation error at iteration 88000000 is 0.9850116446998001
Validation error at iteration 89000000 is 0.9849955636013031
Validation error at iteration 90000000 is 0.984889339499542
Validation error at iteration 91000000 is 0.9849003782556448
Validation error at iteration 92000000 is 0.984902712129535
Validation error at iteration 93000000 is 0.984899955047514
Validation error at iteration 94000000 is 0.9847583397842328
Validation error at iteration 95000000 is 0.98473349278248
Validation error at iteration 96000000 is 0.9846611245087721
Validation error at iteration 97000000 is 0.9846429250251812
Validation error at iteration 98000000 is 0.9846488559476472
Validation error at iteration 99000000 is 0.9846426800760703
Validation error at iteration 100000000 is 0.9846351937571236
Validation error at iteration 101000000 is 0.9846894298264529
Validation error at iteration 102000000 is 0.984676816852669
Validation error at iteration 103000000 is 0.9846325885554019
Validation error at iteration 104000000 is 0.9846514960580478
Validation error at iteration 105000000 is 0.9846576172384018
Validation error at iteration 106000000 is 0.984627716283453
Validation error at iteration 107000000 is 0.98460622330122
Validation error at iteration 108000000 is 0.9846245094100254
Validation error at iteration 109000000 is 0.9846455526416392
Validation error at iteration 110000000 is 0.9846205753819464
Validation error at iteration 111000000 is 0.9846411325285299
Validation error at iteration 112000000 is 0.9846342043684558
Validation error at iteration 113000000 is 0.9846271137339968
Validation error at iteration 114000000 is 0.984635113782051
Validation error at iteration 115000000 is 0.9846162966298015
Validation error at iteration 116000000 is 0.9845816124336909
Validation error at iteration 117000000 is 0.9845946377709629
Validation error at iteration 118000000 is 0.9845851765991868
Validation error at iteration 119000000 is 0.984570264534744
Validation error at iteration 120000000 is 0.9845715823264594
Validation error at iteration 121000000 is 0.9845490470121838
Validation error at iteration 122000000 is 0.9845547585521036
Validation error at iteration 123000000 is 0.9845471692222548
Validation error at iteration 124000000 is 0.9845587418267462
Validation error at iteration 125000000 is 0.9845337646072188
Validation error at iteration 126000000 is 0.9845213994328016
Validation error at iteration 127000000 is 0.984545968183513
Validation error at iteration 128000000 is 0.9845142431249431
Validation error at iteration 129000000 is 0.9845380910524233
Validation error at iteration 130000000 is 0.9845208998579319
Validation error at iteration 131000000 is 0.9845262670606335
Validation error at iteration 132000000 is 0.9845140448629265
Validation error at iteration 133000000 is 0.9845188456403802
Validation error at iteration 134000000 is 0.9845341857056995
Validation error at iteration 135000000 is 0.9845368198589606
Validation error at iteration 136000000 is 0.9845439893110832
Validation error at iteration 137000000 is 0.9845278795425294
Validation error at iteration 138000000 is 0.984542023030283
Validation error at iteration 139000000 is 0.9845424477673527
Validation error at iteration 140000000 is 0.9845324611925298
Validation error at iteration 141000000 is 0.9845404470629787
Validation error at iteration 142000000 is 0.9845293034860314
Validation error at iteration 143000000 is 0.9845412707513559
Validation error at iteration 144000000 is 0.9845400233929319
Validation error at iteration 145000000 is 0.9845368907457188
Validation error at iteration 146000000 is 0.9845345795487003
Validation error at iteration 147000000 is 0.9845321458517261
Validation error at iteration 148000000 is 0.9845331891049094
Validation error at iteration 149000000 is 0.9845323022536367
Error:  0.9845291887117448
