+=+=+=+=+Generial options+=+=+=+=+
Number of iterations: 150000000
Training set size (ratio): 0.88
+=+=+=+=+Hidden Size parameters+=+=+=+=+
Starting value: 1
Ending value: 1
Running hidden size experiment...
hidden size: 1


Validation error at iteration 0 is 4.014299365276274
Validation error at iteration 1000000 is 1.037391314326978
Validation error at iteration 2000000 is 1.0381179804981715
Validation error at iteration 3000000 is 1.0334998439215146
Validation error at iteration 4000000 is 1.0305866435416455
Validation error at iteration 5000000 is 1.0260270656027812
Validation error at iteration 6000000 is 1.025879634117867
Validation error at iteration 7000000 is 1.0235964915681466
Validation error at iteration 8000000 is 1.0225007856251074
Validation error at iteration 9000000 is 1.0209735950562688
Validation error at iteration 10000000 is 1.0188124048813223
Validation error at iteration 11000000 is 1.0166134569519787
Validation error at iteration 12000000 is 1.0149738455420294
Validation error at iteration 13000000 is 1.0133833444403457
Validation error at iteration 14000000 is 1.0135187242603556
Validation error at iteration 15000000 is 1.0126820896359912
Validation error at iteration 16000000 is 1.0092266411034716
Validation error at iteration 17000000 is 1.0095723214644967
Validation error at iteration 18000000 is 1.009702172455208
Validation error at iteration 19000000 is 1.0082396445732786
Validation error at iteration 20000000 is 1.0073526271340947
Validation error at iteration 21000000 is 1.0062642354558176
Validation error at iteration 22000000 is 1.0055809458418905
Validation error at iteration 23000000 is 1.006105477461702
Validation error at iteration 24000000 is 1.0051893810040833
Validation error at iteration 25000000 is 1.003974164898679
Validation error at iteration 26000000 is 1.0026126043623351
Validation error at iteration 27000000 is 1.0024552409582208
Validation error at iteration 28000000 is 1.0037522874762814
Validation error at iteration 29000000 is 1.0032927019170474
Validation error at iteration 30000000 is 1.0009388710054188
Validation error at iteration 31000000 is 1.0019306041377816
Validation error at iteration 32000000 is 1.001085549008893
Validation error at iteration 33000000 is 1.000600867941392
Validation error at iteration 34000000 is 0.9997736481615359
Validation error at iteration 35000000 is 1.0001337914828288
Validation error at iteration 36000000 is 0.999171456303876
Validation error at iteration 37000000 is 0.9996179573857943
Validation error at iteration 38000000 is 0.9990289515562174
Validation error at iteration 39000000 is 0.9987252845813942
Validation error at iteration 40000000 is 0.9980325568151971
Validation error at iteration 41000000 is 0.9990329475820647
Validation error at iteration 42000000 is 0.9971903851336886
Validation error at iteration 43000000 is 0.9978603517402858
Validation error at iteration 44000000 is 0.9965673663442752
Validation error at iteration 45000000 is 0.9967908546307417
Validation error at iteration 46000000 is 0.9963819418823625
Validation error at iteration 47000000 is 0.9964690643062124
Validation error at iteration 48000000 is 0.9968628862867467
Validation error at iteration 49000000 is 0.9965271775709801
Validation error at iteration 50000000 is 0.9958772088730722
Validation error at iteration 51000000 is 0.9959061761306268
Validation error at iteration 52000000 is 0.9959411200276217
Validation error at iteration 53000000 is 0.9955736841896405
Validation error at iteration 54000000 is 0.9956217427566203
Validation error at iteration 55000000 is 0.9954478973336629
Validation error at iteration 56000000 is 0.9952888487651106
Validation error at iteration 57000000 is 0.9952373070412412
Validation error at iteration 58000000 is 0.9951368089918146
Validation error at iteration 59000000 is 0.9950275610995518
Validation error at iteration 60000000 is 0.9950410208507412
Validation error at iteration 61000000 is 0.994878714808894
Validation error at iteration 62000000 is 0.9947547545739416
Validation error at iteration 63000000 is 0.9947101057426712
Validation error at iteration 64000000 is 0.9945383936334092
Validation error at iteration 65000000 is 0.9944228178818815
Validation error at iteration 66000000 is 0.9944631699235988
Validation error at iteration 67000000 is 0.9944548477964877
Validation error at iteration 68000000 is 0.9943447374362324
Validation error at iteration 69000000 is 0.993981497448376
Validation error at iteration 70000000 is 0.9940566641892941
Validation error at iteration 71000000 is 0.99396613364586
Validation error at iteration 72000000 is 0.993903204253728
Validation error at iteration 73000000 is 0.9940255227895357
Validation error at iteration 74000000 is 0.9939460303378693
Validation error at iteration 75000000 is 0.9938975023652467
Validation error at iteration 76000000 is 0.9940255971125754
Validation error at iteration 77000000 is 0.9937995104320344
Validation error at iteration 78000000 is 0.9938863812268878
Validation error at iteration 79000000 is 0.9936940864423536
Validation error at iteration 80000000 is 0.9936688196139835
Validation error at iteration 81000000 is 0.9936475530247453
Validation error at iteration 82000000 is 0.9935827757805379
Validation error at iteration 83000000 is 0.9935870332718528
Validation error at iteration 84000000 is 0.9934338108740179
Validation error at iteration 85000000 is 0.9934809322795509
Validation error at iteration 86000000 is 0.9933632910631801
Validation error at iteration 87000000 is 0.9933273872779773
Validation error at iteration 88000000 is 0.9933601713946232
Validation error at iteration 89000000 is 0.9933104316639658
Validation error at iteration 90000000 is 0.9933562685216214
Validation error at iteration 91000000 is 0.9932791039124652
Validation error at iteration 92000000 is 0.9933554126347837
Validation error at iteration 93000000 is 0.9933570436336204
Validation error at iteration 94000000 is 0.9933916843993847
Validation error at iteration 95000000 is 0.9932946718825785
Validation error at iteration 96000000 is 0.9932695512081753
Validation error at iteration 97000000 is 0.9932408602755932
Validation error at iteration 98000000 is 0.9931078331171086
Validation error at iteration 99000000 is 0.9931461666481672
Validation error at iteration 100000000 is 0.9931657910985648
Validation error at iteration 101000000 is 0.9931847758956952
Validation error at iteration 102000000 is 0.9932380690844353
Validation error at iteration 103000000 is 0.9932411820672459
Validation error at iteration 104000000 is 0.993252724665706
Validation error at iteration 105000000 is 0.9931783422232562
Validation error at iteration 106000000 is 0.993192047964348
Validation error at iteration 107000000 is 0.993197879417896
Validation error at iteration 108000000 is 0.9931528681362403
Validation error at iteration 109000000 is 0.9931358866554008
Validation error at iteration 110000000 is 0.9931084537810475
Validation error at iteration 111000000 is 0.9931345032227267
Validation error at iteration 112000000 is 0.9931363956300687
Validation error at iteration 113000000 is 0.9931545838758248
Validation error at iteration 114000000 is 0.9931729491622331
Validation error at iteration 115000000 is 0.9931830609060391
Validation error at iteration 116000000 is 0.9931765946682178
Validation error at iteration 117000000 is 0.9931289715112216
Validation error at iteration 118000000 is 0.9931212357115459
Validation error at iteration 119000000 is 0.9931066686942314
Validation error at iteration 120000000 is 0.9930962793736055
Validation error at iteration 121000000 is 0.9931033915766151
Validation error at iteration 122000000 is 0.9931196085358843
Validation error at iteration 123000000 is 0.9931102789586757
Validation error at iteration 124000000 is 0.9930815409914016
Validation error at iteration 125000000 is 0.9930876836287421
Validation error at iteration 126000000 is 0.9930925466848751
Validation error at iteration 127000000 is 0.9930726834747072
Validation error at iteration 128000000 is 0.99308981776526
Validation error at iteration 129000000 is 0.9930922543717529
Validation error at iteration 130000000 is 0.9930935618845069
Validation error at iteration 131000000 is 0.9930862676268516
Validation error at iteration 132000000 is 0.9930767075938561
Validation error at iteration 133000000 is 0.993081150260245
Validation error at iteration 134000000 is 0.9930737332228494
Validation error at iteration 135000000 is 0.9930725068305242
Validation error at iteration 136000000 is 0.993076884472359
Validation error at iteration 137000000 is 0.9930854777135179
Validation error at iteration 138000000 is 0.9930754315853166
Validation error at iteration 139000000 is 0.99307551833214
Validation error at iteration 140000000 is 0.9930719803601632
Validation error at iteration 141000000 is 0.9930581445441322
Validation error at iteration 142000000 is 0.9930640461960293
Validation error at iteration 143000000 is 0.9930585613140357
Validation error at iteration 144000000 is 0.9930610188662228
Validation error at iteration 145000000 is 0.9930562623536651
Validation error at iteration 146000000 is 0.9930478824516146
Validation error at iteration 147000000 is 0.9930452760221576
Validation error at iteration 148000000 is 0.9930460953608817
Validation error at iteration 149000000 is 0.9930465853781146
Error:  0.9930441445244595
