+=+=+=+=+Generial options+=+=+=+=+
Number of iterations: 150000000
Training set size (ratio): 0.88
+=+=+=+=+Hidden Size parameters+=+=+=+=+
Starting value: 18
Ending value: 18
Running hidden size experiment...
hidden size: 18


Validation error at iteration 0 is 4.014260416870984
Validation error at iteration 1000000 is 1.0370114917673945
Validation error at iteration 2000000 is 1.0363132257114607
Validation error at iteration 3000000 is 1.030276118451841
Validation error at iteration 4000000 is 1.0242481733878397
Validation error at iteration 5000000 is 1.0191892541016423
Validation error at iteration 6000000 is 1.0176484406900816
Validation error at iteration 7000000 is 1.0139437984043569
Validation error at iteration 8000000 is 1.0137238614433852
Validation error at iteration 9000000 is 1.0133743532878803
Validation error at iteration 10000000 is 1.0101343369836342
Validation error at iteration 11000000 is 1.0086686141453993
Validation error at iteration 12000000 is 1.0082671841393802
Validation error at iteration 13000000 is 1.0072706460087428
Validation error at iteration 14000000 is 1.0065474285411777
Validation error at iteration 15000000 is 1.0033475406584669
Validation error at iteration 16000000 is 1.003172014762472
Validation error at iteration 17000000 is 1.0022592468497031
Validation error at iteration 18000000 is 1.0021780369843998
Validation error at iteration 19000000 is 1.0011699653608126
Validation error at iteration 20000000 is 0.999948533968941
Validation error at iteration 21000000 is 1.000175301960343
Validation error at iteration 22000000 is 0.9989859645353973
Validation error at iteration 23000000 is 0.997694452127812
Validation error at iteration 24000000 is 0.998451687494646
Validation error at iteration 25000000 is 0.9960287677615558
Validation error at iteration 26000000 is 0.9959804231556779
Validation error at iteration 27000000 is 0.9950668473281248
Validation error at iteration 28000000 is 0.9942637219168867
Validation error at iteration 29000000 is 0.9941980974494923
Validation error at iteration 30000000 is 0.9939411059762133
Validation error at iteration 31000000 is 0.9928051292266712
Validation error at iteration 32000000 is 0.9928462410893472
Validation error at iteration 33000000 is 0.9920235222721286
Validation error at iteration 34000000 is 0.9916523898782342
Validation error at iteration 35000000 is 0.9918642365314336
Validation error at iteration 36000000 is 0.9914543790149355
Validation error at iteration 37000000 is 0.9914851097326979
Validation error at iteration 38000000 is 0.9909686062448851
Validation error at iteration 39000000 is 0.9903714915381227
Validation error at iteration 40000000 is 0.9904587141753476
Validation error at iteration 41000000 is 0.9902646407436785
Validation error at iteration 42000000 is 0.9898266906145328
Validation error at iteration 43000000 is 0.9896311420770285
Validation error at iteration 44000000 is 0.9893240893627527
Validation error at iteration 45000000 is 0.9893969602867866
Validation error at iteration 46000000 is 0.9896593455417002
Validation error at iteration 47000000 is 0.9888148314901205
Validation error at iteration 48000000 is 0.9888156661870243
Validation error at iteration 49000000 is 0.9885330918123564
Validation error at iteration 50000000 is 0.9884037555310607
Validation error at iteration 51000000 is 0.988284680315406
Validation error at iteration 52000000 is 0.9879616603091086
Validation error at iteration 53000000 is 0.987639855766162
Validation error at iteration 54000000 is 0.9875271535560611
Validation error at iteration 55000000 is 0.987695754474232
Validation error at iteration 56000000 is 0.9873437320348318
Validation error at iteration 57000000 is 0.9872684499886536
Validation error at iteration 58000000 is 0.9868311150418685
Validation error at iteration 59000000 is 0.9865906533405623
Validation error at iteration 60000000 is 0.9865220437397055
Validation error at iteration 61000000 is 0.9866498074940169
Validation error at iteration 62000000 is 0.98628705506057
Validation error at iteration 63000000 is 0.9864194532457434
Validation error at iteration 64000000 is 0.9863157437562348
Validation error at iteration 65000000 is 0.9862834300411533
Validation error at iteration 66000000 is 0.9866219131717002
Validation error at iteration 67000000 is 0.9862864895002066
Validation error at iteration 68000000 is 0.9862433619870868
Validation error at iteration 69000000 is 0.9858682834550422
Validation error at iteration 70000000 is 0.9860724681234816
Validation error at iteration 71000000 is 0.9860881801640967
Validation error at iteration 72000000 is 0.9858540813436792
Validation error at iteration 73000000 is 0.9858207280028641
Validation error at iteration 74000000 is 0.985698841538703
Validation error at iteration 75000000 is 0.9856493279067919
Validation error at iteration 76000000 is 0.9856285281271462
Validation error at iteration 77000000 is 0.985574906481744
Validation error at iteration 78000000 is 0.9855592843444171
Validation error at iteration 79000000 is 0.9855447728276402
Validation error at iteration 80000000 is 0.9854463058671877
Validation error at iteration 81000000 is 0.9853869827472065
Validation error at iteration 82000000 is 0.9853236855937784
Validation error at iteration 83000000 is 0.9855267318132456
Validation error at iteration 84000000 is 0.9853931409120917
Validation error at iteration 85000000 is 0.985245543844354
Validation error at iteration 86000000 is 0.9853371171194804
Validation error at iteration 87000000 is 0.9853332301481261
Validation error at iteration 88000000 is 0.9853264254688154
Validation error at iteration 89000000 is 0.9852651164552043
Validation error at iteration 90000000 is 0.9852766119813771
Validation error at iteration 91000000 is 0.9852996819069733
Validation error at iteration 92000000 is 0.985189481327857
Validation error at iteration 93000000 is 0.9851766282070517
Validation error at iteration 94000000 is 0.9851428510262672
Validation error at iteration 95000000 is 0.985199436738285
Validation error at iteration 96000000 is 0.9851393655047842
Validation error at iteration 97000000 is 0.985144425191061
Validation error at iteration 98000000 is 0.9851206927468364
Validation error at iteration 99000000 is 0.9851040991087097
Validation error at iteration 100000000 is 0.9850968304366785
Validation error at iteration 101000000 is 0.9851322461643132
Validation error at iteration 102000000 is 0.9851165911344726
Validation error at iteration 103000000 is 0.9850848335705986
Validation error at iteration 104000000 is 0.9850783253327206
Validation error at iteration 105000000 is 0.9850371223047983
Validation error at iteration 106000000 is 0.9850185795034343
Validation error at iteration 107000000 is 0.9850178794016615
Validation error at iteration 108000000 is 0.9850331048718676
Validation error at iteration 109000000 is 0.9850335142809185
Validation error at iteration 110000000 is 0.9850316206511804
Validation error at iteration 111000000 is 0.9850785512015888
Validation error at iteration 112000000 is 0.9850362182736787
Validation error at iteration 113000000 is 0.9850422253187905
Validation error at iteration 114000000 is 0.9850084144155251
Validation error at iteration 115000000 is 0.985006659804291
Validation error at iteration 116000000 is 0.9849953289045347
Validation error at iteration 117000000 is 0.9850206055712791
Validation error at iteration 118000000 is 0.9850456797365975
Validation error at iteration 119000000 is 0.9850202821445239
Validation error at iteration 120000000 is 0.9850247102160187
Validation error at iteration 121000000 is 0.9850040275230114
Validation error at iteration 122000000 is 0.9850121045716024
Validation error at iteration 123000000 is 0.9849923834766425
Validation error at iteration 124000000 is 0.9849837880483523
Validation error at iteration 125000000 is 0.9849709786268565
Validation error at iteration 126000000 is 0.9849654223005665
Validation error at iteration 127000000 is 0.9849418600868971
Validation error at iteration 128000000 is 0.9849563919783121
Validation error at iteration 129000000 is 0.984934134919799
Validation error at iteration 130000000 is 0.9849395875328202
Validation error at iteration 131000000 is 0.9849475738554754
Validation error at iteration 132000000 is 0.9849627450351603
Validation error at iteration 133000000 is 0.9849426294648859
Validation error at iteration 134000000 is 0.9849350211029295
Validation error at iteration 135000000 is 0.9849424716583243
Validation error at iteration 136000000 is 0.9849310417442266
Validation error at iteration 137000000 is 0.9849155769008946
Validation error at iteration 138000000 is 0.9849247651196381
Validation error at iteration 139000000 is 0.9849209411710108
Validation error at iteration 140000000 is 0.9849132613443519
Validation error at iteration 141000000 is 0.9849137582164038
Validation error at iteration 142000000 is 0.9849211794318513
Validation error at iteration 143000000 is 0.9849210937312891
Validation error at iteration 144000000 is 0.984918121554602
Validation error at iteration 145000000 is 0.9849103068061882
Validation error at iteration 146000000 is 0.9849071427980725
Validation error at iteration 147000000 is 0.9848980270635335
Validation error at iteration 148000000 is 0.9848928388597349
Validation error at iteration 149000000 is 0.984895340911096
Error:  0.9848941973574465
