+=+=+=+=+Generial options+=+=+=+=+
Number of iterations: 150000000
Training set size (ratio): 0.88
+=+=+=+=+Hidden Size parameters+=+=+=+=+
Starting value: 19
Ending value: 19
Running hidden size experiment...
hidden size: 19


Validation error at iteration 0 is 4.013745431483014
Validation error at iteration 1000000 is 1.0397521109360381
Validation error at iteration 2000000 is 1.0381238097198753
Validation error at iteration 3000000 is 1.0292729370907636
Validation error at iteration 4000000 is 1.0235956707880811
Validation error at iteration 5000000 is 1.0198880949146316
Validation error at iteration 6000000 is 1.0168867439747686
Validation error at iteration 7000000 is 1.0148144057128372
Validation error at iteration 8000000 is 1.0130975101841324
Validation error at iteration 9000000 is 1.010494230458562
Validation error at iteration 10000000 is 1.008711823731388
Validation error at iteration 11000000 is 1.0084961121208842
Validation error at iteration 12000000 is 1.0076735662897105
Validation error at iteration 13000000 is 1.0066395681437112
Validation error at iteration 14000000 is 1.0057786221906484
Validation error at iteration 15000000 is 1.0059155669195048
Validation error at iteration 16000000 is 1.0049474009032364
Validation error at iteration 17000000 is 1.0021391858946955
Validation error at iteration 18000000 is 1.0001101713980147
Validation error at iteration 19000000 is 0.9996799618634236
Validation error at iteration 20000000 is 0.999136441579247
Validation error at iteration 21000000 is 0.998775182889958
Validation error at iteration 22000000 is 0.9982460713128626
Validation error at iteration 23000000 is 0.9974666252686603
Validation error at iteration 24000000 is 0.9968892818857327
Validation error at iteration 25000000 is 0.9962660091893237
Validation error at iteration 26000000 is 0.9954521111065198
Validation error at iteration 27000000 is 0.9948207454268045
Validation error at iteration 28000000 is 0.994266868397255
Validation error at iteration 29000000 is 0.9944163841703088
Validation error at iteration 30000000 is 0.99425096121274
Validation error at iteration 31000000 is 0.9942965396602388
Validation error at iteration 32000000 is 0.9930151928421439
Validation error at iteration 33000000 is 0.9924570367963216
Validation error at iteration 34000000 is 0.9919646931499384
Validation error at iteration 35000000 is 0.9913884482271984
Validation error at iteration 36000000 is 0.9912114076357164
Validation error at iteration 37000000 is 0.991187282005418
Validation error at iteration 38000000 is 0.9906178376843634
Validation error at iteration 39000000 is 0.9903762432610849
Validation error at iteration 40000000 is 0.9905728874730596
Validation error at iteration 41000000 is 0.9904074194466381
Validation error at iteration 42000000 is 0.9893685143377969
Validation error at iteration 43000000 is 0.9896677114591693
Validation error at iteration 44000000 is 0.9894350745991989
Validation error at iteration 45000000 is 0.9888615595855009
Validation error at iteration 46000000 is 0.9889092989602537
Validation error at iteration 47000000 is 0.9889883066849712
Validation error at iteration 48000000 is 0.9884631953867407
Validation error at iteration 49000000 is 0.9885459670686767
Validation error at iteration 50000000 is 0.9883195503549441
Validation error at iteration 51000000 is 0.9880647196580711
Validation error at iteration 52000000 is 0.9878827763068705
Validation error at iteration 53000000 is 0.9878797028135919
Validation error at iteration 54000000 is 0.9875951092131134
Validation error at iteration 55000000 is 0.9876181681129177
Validation error at iteration 56000000 is 0.9875995861955316
Validation error at iteration 57000000 is 0.9875029567887329
Validation error at iteration 58000000 is 0.9872769558335566
Validation error at iteration 59000000 is 0.9871064860630895
Validation error at iteration 60000000 is 0.9872004199289306
Validation error at iteration 61000000 is 0.9872379477524341
Validation error at iteration 62000000 is 0.9869990075062607
Validation error at iteration 63000000 is 0.9868435920261208
Validation error at iteration 64000000 is 0.9867160511559647
Validation error at iteration 65000000 is 0.9868219096065791
Validation error at iteration 66000000 is 0.9863638791296478
Validation error at iteration 67000000 is 0.9865902382063965
Validation error at iteration 68000000 is 0.9862866853009393
Validation error at iteration 69000000 is 0.9861577251418502
Validation error at iteration 70000000 is 0.9858945263019416
Validation error at iteration 71000000 is 0.9860574816950881
Validation error at iteration 72000000 is 0.9860147710751703
Validation error at iteration 73000000 is 0.9860052189563827
Validation error at iteration 74000000 is 0.9859973677256898
Validation error at iteration 75000000 is 0.9859951756919018
Validation error at iteration 76000000 is 0.9858740370532519
Validation error at iteration 77000000 is 0.985665100232442
Validation error at iteration 78000000 is 0.9858661572350975
Validation error at iteration 79000000 is 0.9857260285003229
Validation error at iteration 80000000 is 0.9859075316205084
Validation error at iteration 81000000 is 0.9856770824257097
Validation error at iteration 82000000 is 0.9858123131957114
Validation error at iteration 83000000 is 0.9856729295258861
Validation error at iteration 84000000 is 0.9856871841043926
Validation error at iteration 85000000 is 0.9855728193086762
Validation error at iteration 86000000 is 0.9855842605136299
Validation error at iteration 87000000 is 0.9854507971088489
Validation error at iteration 88000000 is 0.9854561989221537
Validation error at iteration 89000000 is 0.9854241761129807
Validation error at iteration 90000000 is 0.9853440363270315
Validation error at iteration 91000000 is 0.98544093736255
Validation error at iteration 92000000 is 0.9853859532486552
Validation error at iteration 93000000 is 0.9854547740691028
Validation error at iteration 94000000 is 0.9853827522937765
Validation error at iteration 95000000 is 0.9853195948941583
Validation error at iteration 96000000 is 0.9854049257329072
Validation error at iteration 97000000 is 0.9853752091582362
Validation error at iteration 98000000 is 0.9853458098784423
Validation error at iteration 99000000 is 0.9852798649763016
Validation error at iteration 100000000 is 0.9852537951526692
Validation error at iteration 101000000 is 0.9853640058484368
Validation error at iteration 102000000 is 0.9854297008291779
Validation error at iteration 103000000 is 0.9853832767811948
Validation error at iteration 104000000 is 0.9852893446107345
Validation error at iteration 105000000 is 0.9853321715638159
Validation error at iteration 106000000 is 0.9852870329016622
Validation error at iteration 107000000 is 0.985341577153755
Validation error at iteration 108000000 is 0.9853683688181801
Validation error at iteration 109000000 is 0.9853582506182251
Validation error at iteration 110000000 is 0.9853391281689436
Validation error at iteration 111000000 is 0.9853599054418722
Validation error at iteration 112000000 is 0.9853857087792226
Validation error at iteration 113000000 is 0.9853326302948843
Validation error at iteration 114000000 is 0.9853319593653811
Validation error at iteration 115000000 is 0.9853680087966968
Validation error at iteration 116000000 is 0.9853615547917508
Validation error at iteration 117000000 is 0.9854039181500408
Validation error at iteration 118000000 is 0.9853631398621534
Validation error at iteration 119000000 is 0.9853591816607123
Validation error at iteration 120000000 is 0.9853571945467382
Validation error at iteration 121000000 is 0.9853335205802941
Validation error at iteration 122000000 is 0.9853171003654045
Validation error at iteration 123000000 is 0.9853012111587659
Validation error at iteration 124000000 is 0.9853255773519276
Validation error at iteration 125000000 is 0.9853313270154568
Validation error at iteration 126000000 is 0.9853386994612349
Validation error at iteration 127000000 is 0.9853189787122658
Validation error at iteration 128000000 is 0.9853062875517512
Validation error at iteration 129000000 is 0.9853253251242985
Validation error at iteration 130000000 is 0.9853071031855956
Validation error at iteration 131000000 is 0.9852914650111751
Validation error at iteration 132000000 is 0.985294868764919
Validation error at iteration 133000000 is 0.9852938173269927
Validation error at iteration 134000000 is 0.9852957452850555
Validation error at iteration 135000000 is 0.9852898633968277
Validation error at iteration 136000000 is 0.9852908287026706
Validation error at iteration 137000000 is 0.98528040684598
Validation error at iteration 138000000 is 0.9852723485269886
Validation error at iteration 139000000 is 0.9852512809550378
Validation error at iteration 140000000 is 0.9852587529192006
Validation error at iteration 141000000 is 0.9852531289181538
Validation error at iteration 142000000 is 0.9852560042889251
Validation error at iteration 143000000 is 0.9852600344876074
Validation error at iteration 144000000 is 0.9852660313371234
Validation error at iteration 145000000 is 0.9852715438735741
Validation error at iteration 146000000 is 0.9852725167579304
Validation error at iteration 147000000 is 0.9852725666234207
Validation error at iteration 148000000 is 0.9852680078270752
Validation error at iteration 149000000 is 0.9852623492152296
Error:  0.9852526508588628
