+=+=+=+=+Generial options+=+=+=+=+
Number of iterations: 150000000
Training set size (ratio): 0.88
+=+=+=+=+Hidden Size parameters+=+=+=+=+
Starting value: 4
Ending value: 4
Running hidden size experiment...
hidden size: 4


Validation error at iteration 0 is 4.013206335263512
Validation error at iteration 1000000 is 1.0372166416011823
Validation error at iteration 2000000 is 1.0376114954071967
Validation error at iteration 3000000 is 1.0326961393874696
Validation error at iteration 4000000 is 1.0265753442711816
Validation error at iteration 5000000 is 1.019788744067153
Validation error at iteration 6000000 is 1.0200526212271415
Validation error at iteration 7000000 is 1.0172789391294446
Validation error at iteration 8000000 is 1.0142620854973639
Validation error at iteration 9000000 is 1.012852447843998
Validation error at iteration 10000000 is 1.011801968380725
Validation error at iteration 11000000 is 1.0116561497910836
Validation error at iteration 12000000 is 1.0093331211026735
Validation error at iteration 13000000 is 1.0092967261752162
Validation error at iteration 14000000 is 1.005893289137729
Validation error at iteration 15000000 is 1.0048897238848822
Validation error at iteration 16000000 is 1.0043470609878724
Validation error at iteration 17000000 is 1.0026294912138847
Validation error at iteration 18000000 is 1.0018740893328246
Validation error at iteration 19000000 is 1.0009620603181264
Validation error at iteration 20000000 is 1.0006223712344937
Validation error at iteration 21000000 is 0.9990485015342362
Validation error at iteration 22000000 is 0.9999743838717745
Validation error at iteration 23000000 is 0.9974709798212271
Validation error at iteration 24000000 is 0.9975117313841765
Validation error at iteration 25000000 is 0.9970674334638556
Validation error at iteration 26000000 is 0.99561189202794
Validation error at iteration 27000000 is 0.9961061379822868
Validation error at iteration 28000000 is 0.9958985803332361
Validation error at iteration 29000000 is 0.9946206239273034
Validation error at iteration 30000000 is 0.994316215697456
Validation error at iteration 31000000 is 0.9931878573081504
Validation error at iteration 32000000 is 0.9920853246780287
Validation error at iteration 33000000 is 0.9934898924421743
Validation error at iteration 34000000 is 0.9915040175774595
Validation error at iteration 35000000 is 0.9915048677426956
Validation error at iteration 36000000 is 0.9909827365447443
Validation error at iteration 37000000 is 0.9910718699959705
Validation error at iteration 38000000 is 0.9907786190693582
Validation error at iteration 39000000 is 0.9909009601638663
Validation error at iteration 40000000 is 0.990249902366982
Validation error at iteration 41000000 is 0.9898183222051172
Validation error at iteration 42000000 is 0.9893430254136801
Validation error at iteration 43000000 is 0.98879207825842
Validation error at iteration 44000000 is 0.9890505542990794
Validation error at iteration 45000000 is 0.9885094283945471
Validation error at iteration 46000000 is 0.9885373020035858
Validation error at iteration 47000000 is 0.9890614472948709
Validation error at iteration 48000000 is 0.988258927045572
Validation error at iteration 49000000 is 0.9880867041001825
Validation error at iteration 50000000 is 0.9879909717661334
Validation error at iteration 51000000 is 0.9878480629284949
Validation error at iteration 52000000 is 0.9875760494192737
Validation error at iteration 53000000 is 0.9877426215928878
Validation error at iteration 54000000 is 0.9872290438300935
Validation error at iteration 55000000 is 0.9867690762556166
Validation error at iteration 56000000 is 0.9866213656426503
Validation error at iteration 57000000 is 0.9863381776872037
Validation error at iteration 58000000 is 0.9866381203751948
Validation error at iteration 59000000 is 0.9865104040014708
Validation error at iteration 60000000 is 0.986341600604353
Validation error at iteration 61000000 is 0.9862497261672608
Validation error at iteration 62000000 is 0.9860248730654645
Validation error at iteration 63000000 is 0.9861137669668488
Validation error at iteration 64000000 is 0.9863844333920144
Validation error at iteration 65000000 is 0.9862798495987009
Validation error at iteration 66000000 is 0.9861438980148917
Validation error at iteration 67000000 is 0.985967809924621
Validation error at iteration 68000000 is 0.9862242004312596
Validation error at iteration 69000000 is 0.9857301895886662
Validation error at iteration 70000000 is 0.9857597397847697
Validation error at iteration 71000000 is 0.9855382614316364
Validation error at iteration 72000000 is 0.9854106352225455
Validation error at iteration 73000000 is 0.9852207345222997
Validation error at iteration 74000000 is 0.9852563430344441
Validation error at iteration 75000000 is 0.9852235749843502
Validation error at iteration 76000000 is 0.985290404872757
Validation error at iteration 77000000 is 0.9852163436292861
Validation error at iteration 78000000 is 0.98519252855305
Validation error at iteration 79000000 is 0.9850995188961451
Validation error at iteration 80000000 is 0.9851128069299041
Validation error at iteration 81000000 is 0.9851072745794595
Validation error at iteration 82000000 is 0.9850115096243323
Validation error at iteration 83000000 is 0.9850117829634916
Validation error at iteration 84000000 is 0.9850708920524247
Validation error at iteration 85000000 is 0.9847433402308006
Validation error at iteration 86000000 is 0.9849780848101354
Validation error at iteration 87000000 is 0.9848015208729777
Validation error at iteration 88000000 is 0.9848261266136206
Validation error at iteration 89000000 is 0.9847956132385368
Validation error at iteration 90000000 is 0.9848091755438084
Validation error at iteration 91000000 is 0.9847392077315515
Validation error at iteration 92000000 is 0.9848023257061621
Validation error at iteration 93000000 is 0.984806802302246
Validation error at iteration 94000000 is 0.9847113602397595
Validation error at iteration 95000000 is 0.9846923046681348
Validation error at iteration 96000000 is 0.9846624910819342
Validation error at iteration 97000000 is 0.9847270571378883
Validation error at iteration 98000000 is 0.9847266457447457
Validation error at iteration 99000000 is 0.9846516485338299
Validation error at iteration 100000000 is 0.9846085312701134
Validation error at iteration 101000000 is 0.9845402923965584
Validation error at iteration 102000000 is 0.9845739314267388
Validation error at iteration 103000000 is 0.9845730532060457
Validation error at iteration 104000000 is 0.9846295500363892
Validation error at iteration 105000000 is 0.9845960360609584
Validation error at iteration 106000000 is 0.9845583239042521
Validation error at iteration 107000000 is 0.984566698782797
Validation error at iteration 108000000 is 0.9845480156691568
Validation error at iteration 109000000 is 0.9845389129796505
Validation error at iteration 110000000 is 0.9845313100058869
Validation error at iteration 111000000 is 0.9845523860730858
Validation error at iteration 112000000 is 0.9845535331729021
Validation error at iteration 113000000 is 0.9845829685421703
Validation error at iteration 114000000 is 0.9845382028869023
Validation error at iteration 115000000 is 0.9845466139813875
Validation error at iteration 116000000 is 0.984536917007779
Validation error at iteration 117000000 is 0.9845427969834575
Validation error at iteration 118000000 is 0.9845850861309893
Validation error at iteration 119000000 is 0.984577556117244
Validation error at iteration 120000000 is 0.9845510746807165
Validation error at iteration 121000000 is 0.9845528861428082
Validation error at iteration 122000000 is 0.984551782069449
Validation error at iteration 123000000 is 0.9845590075493823
Validation error at iteration 124000000 is 0.9845654603551715
Validation error at iteration 125000000 is 0.984564455926353
Validation error at iteration 126000000 is 0.9845459475100399
Validation error at iteration 127000000 is 0.9845452471055656
Validation error at iteration 128000000 is 0.9845528927828487
Validation error at iteration 129000000 is 0.9845339566821657
Validation error at iteration 130000000 is 0.9845219306756984
Validation error at iteration 131000000 is 0.9845217619645749
Validation error at iteration 132000000 is 0.9845268674653334
Validation error at iteration 133000000 is 0.9845073362413386
Validation error at iteration 134000000 is 0.984505612504017
Validation error at iteration 135000000 is 0.9845010257586706
Validation error at iteration 136000000 is 0.984505813989391
Validation error at iteration 137000000 is 0.9845015656532826
Validation error at iteration 138000000 is 0.9844857765849779
Validation error at iteration 139000000 is 0.9844872337436004
Validation error at iteration 140000000 is 0.9844893538443726
Validation error at iteration 141000000 is 0.9844919751278364
Validation error at iteration 142000000 is 0.9844886896089029
Validation error at iteration 143000000 is 0.9844930550897315
Validation error at iteration 144000000 is 0.9844775029122994
Validation error at iteration 145000000 is 0.9844717537822701
Validation error at iteration 146000000 is 0.9844684911438342
Validation error at iteration 147000000 is 0.9844753796080729
Validation error at iteration 148000000 is 0.9844677830057501
Validation error at iteration 149000000 is 0.984464577550265
Error:  0.9844632890484181
