+=+=+=+=+Generial options+=+=+=+=+
Number of iterations: 150000000
Training set size (ratio): 0.88
+=+=+=+=+Hidden Size parameters+=+=+=+=+
Starting value: 16
Ending value: 16
Running hidden size experiment...
hidden size: 16


Validation error at iteration 0 is 4.013758603388058
Validation error at iteration 1000000 is 1.0362008607146
Validation error at iteration 2000000 is 1.034691688241195
Validation error at iteration 3000000 is 1.0296126627214535
Validation error at iteration 4000000 is 1.025137944089189
Validation error at iteration 5000000 is 1.0201677073768591
Validation error at iteration 6000000 is 1.0185609509548337
Validation error at iteration 7000000 is 1.0155869102388486
Validation error at iteration 8000000 is 1.01186067566218
Validation error at iteration 9000000 is 1.0128568295958582
Validation error at iteration 10000000 is 1.010730666744264
Validation error at iteration 11000000 is 1.008842851744974
Validation error at iteration 12000000 is 1.0071613613878558
Validation error at iteration 13000000 is 1.0075116323641922
Validation error at iteration 14000000 is 1.0057106315483588
Validation error at iteration 15000000 is 1.0040615918277374
Validation error at iteration 16000000 is 1.0037056924747727
Validation error at iteration 17000000 is 1.0036082192874902
Validation error at iteration 18000000 is 1.0015184687255934
Validation error at iteration 19000000 is 1.0007561769095519
Validation error at iteration 20000000 is 1.0000238614793102
Validation error at iteration 21000000 is 1.0005548181994217
Validation error at iteration 22000000 is 0.9985096815048919
Validation error at iteration 23000000 is 0.9973736306700459
Validation error at iteration 24000000 is 0.9967720419265286
Validation error at iteration 25000000 is 0.9959515805955296
Validation error at iteration 26000000 is 0.9958176285290911
Validation error at iteration 27000000 is 0.995114903041581
Validation error at iteration 28000000 is 0.9947943852323976
Validation error at iteration 29000000 is 0.9941558198414769
Validation error at iteration 30000000 is 0.9932162854353888
Validation error at iteration 31000000 is 0.9926548274739992
Validation error at iteration 32000000 is 0.99284443718997
Validation error at iteration 33000000 is 0.9923491358281118
Validation error at iteration 34000000 is 0.9913294878923028
Validation error at iteration 35000000 is 0.9914330806710522
Validation error at iteration 36000000 is 0.9910958776274784
Validation error at iteration 37000000 is 0.9908270401394323
Validation error at iteration 38000000 is 0.9900581160744302
Validation error at iteration 39000000 is 0.9904645915411069
Validation error at iteration 40000000 is 0.9897682824780241
Validation error at iteration 41000000 is 0.9900530559498745
Validation error at iteration 42000000 is 0.989704925052457
Validation error at iteration 43000000 is 0.9889202952819892
Validation error at iteration 44000000 is 0.9886768038448766
Validation error at iteration 45000000 is 0.9886413369147269
Validation error at iteration 46000000 is 0.9889544948035333
Validation error at iteration 47000000 is 0.9882597968958197
Validation error at iteration 48000000 is 0.9881011921196861
Validation error at iteration 49000000 is 0.9875259772514108
Validation error at iteration 50000000 is 0.9874983906643288
Validation error at iteration 51000000 is 0.9876102042099318
Validation error at iteration 52000000 is 0.9875466519396262
Validation error at iteration 53000000 is 0.9874476708279911
Validation error at iteration 54000000 is 0.9874370955662956
Validation error at iteration 55000000 is 0.9870864285667407
Validation error at iteration 56000000 is 0.9869873049120043
Validation error at iteration 57000000 is 0.9867723475350464
Validation error at iteration 58000000 is 0.9866223648494022
Validation error at iteration 59000000 is 0.9863226013394103
Validation error at iteration 60000000 is 0.9862217778475401
Validation error at iteration 61000000 is 0.9862082057101225
Validation error at iteration 62000000 is 0.9862102405271432
Validation error at iteration 63000000 is 0.9864342109003782
Validation error at iteration 64000000 is 0.9862407140407162
Validation error at iteration 65000000 is 0.9861202767469714
Validation error at iteration 66000000 is 0.9858443096802737
Validation error at iteration 67000000 is 0.9858580260983487
Validation error at iteration 68000000 is 0.9856911423087874
Validation error at iteration 69000000 is 0.9855488523993231
Validation error at iteration 70000000 is 0.9855111857131709
Validation error at iteration 71000000 is 0.9856355257476737
Validation error at iteration 72000000 is 0.9855123061341059
Validation error at iteration 73000000 is 0.9854962722758723
Validation error at iteration 74000000 is 0.985477335824393
Validation error at iteration 75000000 is 0.985531346340206
Validation error at iteration 76000000 is 0.9854737695912071
Validation error at iteration 77000000 is 0.9853285293931516
Validation error at iteration 78000000 is 0.9852090427785588
Validation error at iteration 79000000 is 0.985202810117017
Validation error at iteration 80000000 is 0.9852140453691037
Validation error at iteration 81000000 is 0.9853121971127545
Validation error at iteration 82000000 is 0.9851707593030452
Validation error at iteration 83000000 is 0.9851458538610572
Validation error at iteration 84000000 is 0.9851589949402597
Validation error at iteration 85000000 is 0.9852452461128716
Validation error at iteration 86000000 is 0.9851473866116545
Validation error at iteration 87000000 is 0.9849525487390175
Validation error at iteration 88000000 is 0.984949462545792
Validation error at iteration 89000000 is 0.9850607666000203
Validation error at iteration 90000000 is 0.9849481881923629
Validation error at iteration 91000000 is 0.9849921800183493
Validation error at iteration 92000000 is 0.9850317599423895
Validation error at iteration 93000000 is 0.985029556601387
Validation error at iteration 94000000 is 0.9848692174816854
Validation error at iteration 95000000 is 0.984990941041533
Validation error at iteration 96000000 is 0.9849166358595083
Validation error at iteration 97000000 is 0.9847702974336524
Validation error at iteration 98000000 is 0.9847509100452857
Validation error at iteration 99000000 is 0.9847910298224903
Validation error at iteration 100000000 is 0.9848098764809982
Validation error at iteration 101000000 is 0.9847507301694933
Validation error at iteration 102000000 is 0.984847987909139
Validation error at iteration 103000000 is 0.9848282806032423
Validation error at iteration 104000000 is 0.9847637782958342
Validation error at iteration 105000000 is 0.9847116331053728
Validation error at iteration 106000000 is 0.9847950951408198
Validation error at iteration 107000000 is 0.9847670561359158
Validation error at iteration 108000000 is 0.9846801022423148
Validation error at iteration 109000000 is 0.9847199626392583
Validation error at iteration 110000000 is 0.9847404452772223
Validation error at iteration 111000000 is 0.9847087673872272
Validation error at iteration 112000000 is 0.9846724696228437
Validation error at iteration 113000000 is 0.9846426608233788
Validation error at iteration 114000000 is 0.9846240750372903
Validation error at iteration 115000000 is 0.9846046059064284
Validation error at iteration 116000000 is 0.9846318816994376
Validation error at iteration 117000000 is 0.9845976619320287
Validation error at iteration 118000000 is 0.9846338752364144
Validation error at iteration 119000000 is 0.9846051415330107
Validation error at iteration 120000000 is 0.9846446642462523
Validation error at iteration 121000000 is 0.9846118224618216
Validation error at iteration 122000000 is 0.9846326426161557
Validation error at iteration 123000000 is 0.9846425397779687
Validation error at iteration 124000000 is 0.9846212289541288
Validation error at iteration 125000000 is 0.9846342149978569
Validation error at iteration 126000000 is 0.9846239151372298
Validation error at iteration 127000000 is 0.9846215095292051
Validation error at iteration 128000000 is 0.9846191109841641
Validation error at iteration 129000000 is 0.9846404463926188
Validation error at iteration 130000000 is 0.9846058994372009
Validation error at iteration 131000000 is 0.984598503392037
Validation error at iteration 132000000 is 0.9845953727623638
Validation error at iteration 133000000 is 0.9845778782806694
Validation error at iteration 134000000 is 0.9845741498026441
Validation error at iteration 135000000 is 0.9845718787857711
Validation error at iteration 136000000 is 0.984563460672722
Validation error at iteration 137000000 is 0.9845511845706553
Validation error at iteration 138000000 is 0.9845572012731799
Validation error at iteration 139000000 is 0.9845584804478024
Validation error at iteration 140000000 is 0.9845605357070828
Validation error at iteration 141000000 is 0.9845639215257393
Validation error at iteration 142000000 is 0.9845523242263641
Validation error at iteration 143000000 is 0.9845501733645357
Validation error at iteration 144000000 is 0.9845558247280682
Validation error at iteration 145000000 is 0.9845525856548578
Validation error at iteration 146000000 is 0.98454877529297
Validation error at iteration 147000000 is 0.9845483736112648
Validation error at iteration 148000000 is 0.9845458270812513
Validation error at iteration 149000000 is 0.984546645089975
Error:  0.9845442400471278
