+=+=+=+=+Generial options+=+=+=+=+
Number of iterations: 150000000
Training set size (ratio): 0.88
+=+=+=+=+Regularisation Vector parameters+=+=+=+=+
Starting value: 0.09
Ending value: 0.12
Number of values: 4
regularization vector: 0.09


Validation error at iteration 0 is 4.014436020704879
Validation error at iteration 1000000 is 1.0184187069884132
Validation error at iteration 2000000 is 1.0184966043105859
Validation error at iteration 3000000 is 1.017139029970963
Validation error at iteration 4000000 is 1.014215466126522
Validation error at iteration 5000000 is 1.013611733825543
Validation error at iteration 6000000 is 1.0109393683615495
Validation error at iteration 7000000 is 1.00767272722537
Validation error at iteration 8000000 is 1.0034139505938542
Validation error at iteration 9000000 is 1.0017651653357835
Validation error at iteration 10000000 is 0.9997623126514422
Validation error at iteration 11000000 is 0.9986306759711711
Validation error at iteration 12000000 is 0.9972379737573205
Validation error at iteration 13000000 is 0.9961780402442286
Validation error at iteration 14000000 is 0.9953270132820347
Validation error at iteration 15000000 is 0.9944209838074101
Validation error at iteration 16000000 is 0.9929441671164516
Validation error at iteration 17000000 is 0.9926406301714149
Validation error at iteration 18000000 is 0.9913803903720391
Validation error at iteration 19000000 is 0.9911242689655309
Validation error at iteration 20000000 is 0.9903496487002305
Validation error at iteration 21000000 is 0.9900532427441106
Validation error at iteration 22000000 is 0.9893554151100103
Validation error at iteration 23000000 is 0.9886989016628263
Validation error at iteration 24000000 is 0.9891796034126583
Validation error at iteration 25000000 is 0.9881397030004473
Validation error at iteration 26000000 is 0.9889110580327055
Validation error at iteration 27000000 is 0.9882990768173124
Validation error at iteration 28000000 is 0.9880435142367263
Validation error at iteration 29000000 is 0.987428959434014
Validation error at iteration 30000000 is 0.9877151020762195
Validation error at iteration 31000000 is 0.9868811954088569
Validation error at iteration 32000000 is 0.9866902397790867
Validation error at iteration 33000000 is 0.9871474720817865
Validation error at iteration 34000000 is 0.9869165630077926
Validation error at iteration 35000000 is 0.9863886512248071
Validation error at iteration 36000000 is 0.9866651497307535
Validation error at iteration 37000000 is 0.9865841054875909
Validation error at iteration 38000000 is 0.9862852062962001
Validation error at iteration 39000000 is 0.9860153022915803
Validation error at iteration 40000000 is 0.9860430277838367
Validation error at iteration 41000000 is 0.986184551297484
Validation error at iteration 42000000 is 0.9857311759847418
Validation error at iteration 43000000 is 0.9856655024431192
Validation error at iteration 44000000 is 0.9854933666238331
Validation error at iteration 45000000 is 0.985352953934523
Validation error at iteration 46000000 is 0.9853682323894583
Validation error at iteration 47000000 is 0.9853579423026825
Validation error at iteration 48000000 is 0.985167297270305
Validation error at iteration 49000000 is 0.985436943039477
Validation error at iteration 50000000 is 0.9851356811426945
Validation error at iteration 51000000 is 0.9848965273000015
Validation error at iteration 52000000 is 0.9848410878229357
Validation error at iteration 53000000 is 0.9849576291058156
Validation error at iteration 54000000 is 0.9849949688890677
Validation error at iteration 55000000 is 0.9848219776703577
Validation error at iteration 56000000 is 0.9846516463337992
Validation error at iteration 57000000 is 0.9844307343651876
Validation error at iteration 58000000 is 0.9845857316655622
Validation error at iteration 59000000 is 0.9844480852544008
Validation error at iteration 60000000 is 0.9844615039074834
Validation error at iteration 61000000 is 0.9843413032265693
Validation error at iteration 62000000 is 0.9842830644433511
Validation error at iteration 63000000 is 0.9841062314193769
Validation error at iteration 64000000 is 0.9840332181153977
Validation error at iteration 65000000 is 0.9842478171018951
Validation error at iteration 66000000 is 0.9841316127888523
Validation error at iteration 67000000 is 0.9840951791750253
Validation error at iteration 68000000 is 0.9842157643118435
Validation error at iteration 69000000 is 0.9843025135560529
Validation error at iteration 70000000 is 0.984199481765592
Validation error at iteration 71000000 is 0.9842358075393566
Validation error at iteration 72000000 is 0.9842167827182428
Validation error at iteration 73000000 is 0.9842099291604132
Validation error at iteration 74000000 is 0.9844003541407307
Validation error at iteration 75000000 is 0.9842678714347748
Validation error at iteration 76000000 is 0.9842972549972625
Validation error at iteration 77000000 is 0.9840970976542528
Validation error at iteration 78000000 is 0.984087689582451
Validation error at iteration 79000000 is 0.9840680945626108
Validation error at iteration 80000000 is 0.9840067182625659
Validation error at iteration 81000000 is 0.983975965638074
Validation error at iteration 82000000 is 0.9839137288048861
Validation error at iteration 83000000 is 0.9839029309358176
Validation error at iteration 84000000 is 0.9839822995075465
Validation error at iteration 85000000 is 0.9839172660514214
Validation error at iteration 86000000 is 0.9839077469290071
Validation error at iteration 87000000 is 0.983901951027846
Validation error at iteration 88000000 is 0.9838623217063948
Validation error at iteration 89000000 is 0.9837906110761248
Validation error at iteration 90000000 is 0.9838232641990634
Validation error at iteration 91000000 is 0.9838053710864131
Validation error at iteration 92000000 is 0.983773953803098
Validation error at iteration 93000000 is 0.9837960108668485
Validation error at iteration 94000000 is 0.9837887188736687
Validation error at iteration 95000000 is 0.9837370451303202
Validation error at iteration 96000000 is 0.9837471297174897
Validation error at iteration 97000000 is 0.9837242078185228
Validation error at iteration 98000000 is 0.9837444080447414
Validation error at iteration 99000000 is 0.9837762375412236
Validation error at iteration 100000000 is 0.9837416043986319
Validation error at iteration 101000000 is 0.9837157252018842
Validation error at iteration 102000000 is 0.9836476684380611
Validation error at iteration 103000000 is 0.9836432201466581
Validation error at iteration 104000000 is 0.9836712283950553
Validation error at iteration 105000000 is 0.9836804743548191
Validation error at iteration 106000000 is 0.9836859595330578
Validation error at iteration 107000000 is 0.9836773239140757
Validation error at iteration 108000000 is 0.98366530561023
Validation error at iteration 109000000 is 0.9836766426885046
Validation error at iteration 110000000 is 0.9836412100934878
Validation error at iteration 111000000 is 0.9836503299147622
Validation error at iteration 112000000 is 0.9836601713865195
Validation error at iteration 113000000 is 0.9836457555170861
Validation error at iteration 114000000 is 0.9836376993598617
Validation error at iteration 115000000 is 0.9836858663573671
Validation error at iteration 116000000 is 0.9836822074509832
Validation error at iteration 117000000 is 0.9836857607089489
Validation error at iteration 118000000 is 0.9836990916740092
Validation error at iteration 119000000 is 0.9836991409403948
Validation error at iteration 120000000 is 0.983702361701384
Validation error at iteration 121000000 is 0.9836932642543602
Validation error at iteration 122000000 is 0.9836850205970775
Validation error at iteration 123000000 is 0.9836791761661141
Validation error at iteration 124000000 is 0.9836958457094552
Validation error at iteration 125000000 is 0.9836958851695708
Validation error at iteration 126000000 is 0.983695302764873
Validation error at iteration 127000000 is 0.9836878571905616
Validation error at iteration 128000000 is 0.9836820456967482
Validation error at iteration 129000000 is 0.9836821849145151
Validation error at iteration 130000000 is 0.9836921670719018
Validation error at iteration 131000000 is 0.9836881647069327
Validation error at iteration 132000000 is 0.9836810147642542
Validation error at iteration 133000000 is 0.9836872807395628
Validation error at iteration 134000000 is 0.9836812146505869
Validation error at iteration 135000000 is 0.9836798356207387
Validation error at iteration 136000000 is 0.9836769345527083
Validation error at iteration 137000000 is 0.983675540405101
Validation error at iteration 138000000 is 0.9836708687392269
Validation error at iteration 139000000 is 0.9836711814230205
Validation error at iteration 140000000 is 0.9836707339547953
Validation error at iteration 141000000 is 0.9836716650397775
Validation error at iteration 142000000 is 0.9836664309577893
Validation error at iteration 143000000 is 0.9836647522273967
Validation error at iteration 144000000 is 0.9836664181600266
Validation error at iteration 145000000 is 0.9836616717715708
Validation error at iteration 146000000 is 0.9836676101905003
Validation error at iteration 147000000 is 0.9836717367387535
Validation error at iteration 148000000 is 0.9836743183726283
Validation error at iteration 149000000 is 0.9836710076412772
Error:  0.9836694292107896
regularization vector: 0.09999999999999999


Validation error at iteration 0 is 4.014578719268003
Validation error at iteration 1000000 is 1.0174065614018568
Validation error at iteration 2000000 is 1.0167456152464998
Validation error at iteration 3000000 is 1.0150144908511725
Validation error at iteration 4000000 is 1.0137060618852052
Validation error at iteration 5000000 is 1.014800635377433
Validation error at iteration 6000000 is 1.0109501997312187
Validation error at iteration 7000000 is 1.009296622942551
Validation error at iteration 8000000 is 1.0053956145546525
Validation error at iteration 9000000 is 1.001404241805303
Validation error at iteration 10000000 is 0.9998340419604729
Validation error at iteration 11000000 is 0.9980026388023132
Validation error at iteration 12000000 is 0.9973600593036693
Validation error at iteration 13000000 is 0.9951379515745581
Validation error at iteration 14000000 is 0.9940128733835321
Validation error at iteration 15000000 is 0.9943711516804389
Validation error at iteration 16000000 is 0.9922804158319631
Validation error at iteration 17000000 is 0.9925858064492172
Validation error at iteration 18000000 is 0.9916824209903643
Validation error at iteration 19000000 is 0.9912247966229982
Validation error at iteration 20000000 is 0.9911415665176024
Validation error at iteration 21000000 is 0.9901336063281387
Validation error at iteration 22000000 is 0.9894134199132786
Validation error at iteration 23000000 is 0.990055802395907
Validation error at iteration 24000000 is 0.9894914169657673
Validation error at iteration 25000000 is 0.9888456254051642
Validation error at iteration 26000000 is 0.9887126486512146
Validation error at iteration 27000000 is 0.9880460778447131
Validation error at iteration 28000000 is 0.9883369588648004
Validation error at iteration 29000000 is 0.98818596046045
Validation error at iteration 30000000 is 0.988219721880763
Validation error at iteration 31000000 is 0.9873851583697884
Validation error at iteration 32000000 is 0.987337985489865
Validation error at iteration 33000000 is 0.9873072490038581
Validation error at iteration 34000000 is 0.9874332973132363
Validation error at iteration 35000000 is 0.9871683992260953
Validation error at iteration 36000000 is 0.9868998552123878
Validation error at iteration 37000000 is 0.9868378459176221
Validation error at iteration 38000000 is 0.9866618674234635
Validation error at iteration 39000000 is 0.9864916170830195
Validation error at iteration 40000000 is 0.9865223521316528
Validation error at iteration 41000000 is 0.9864715840185461
Validation error at iteration 42000000 is 0.9863157989542044
Validation error at iteration 43000000 is 0.9861546365514037
Validation error at iteration 44000000 is 0.9861730490484694
Validation error at iteration 45000000 is 0.9857319315049283
Validation error at iteration 46000000 is 0.9858891272641317
Validation error at iteration 47000000 is 0.9858195329892754
Validation error at iteration 48000000 is 0.9855870795048491
Validation error at iteration 49000000 is 0.9855520166730839
Validation error at iteration 50000000 is 0.9853554016784731
Validation error at iteration 51000000 is 0.9855805966538589
Validation error at iteration 52000000 is 0.9854181763627176
Validation error at iteration 53000000 is 0.9852735969752245
Validation error at iteration 54000000 is 0.9853223380619681
Validation error at iteration 55000000 is 0.9850925597039921
Validation error at iteration 56000000 is 0.984939925872965
Validation error at iteration 57000000 is 0.985121725058447
Validation error at iteration 58000000 is 0.9849470349661524
Validation error at iteration 59000000 is 0.9849415577331926
Validation error at iteration 60000000 is 0.9849553974787447
Validation error at iteration 61000000 is 0.9847629387598115
Validation error at iteration 62000000 is 0.9846818522519117
Validation error at iteration 63000000 is 0.9845080924480932
Validation error at iteration 64000000 is 0.9846181801533638
Validation error at iteration 65000000 is 0.9847725354812998
Validation error at iteration 66000000 is 0.9849125766938485
Validation error at iteration 67000000 is 0.9848238254008331
Validation error at iteration 68000000 is 0.9847683908195035
Validation error at iteration 69000000 is 0.9846190927008767
Validation error at iteration 70000000 is 0.9845794148155044
Validation error at iteration 71000000 is 0.9844170332449125
Validation error at iteration 72000000 is 0.984418836066445
Validation error at iteration 73000000 is 0.9845646518532799
Validation error at iteration 74000000 is 0.9844066196600212
Validation error at iteration 75000000 is 0.9843872068639808
Validation error at iteration 76000000 is 0.9844153625573123
Validation error at iteration 77000000 is 0.9844397884494863
Validation error at iteration 78000000 is 0.98441611043921
Validation error at iteration 79000000 is 0.9842902123752469
Validation error at iteration 80000000 is 0.984371715475519
Validation error at iteration 81000000 is 0.9843965956433133
Validation error at iteration 82000000 is 0.9843555334306278
Validation error at iteration 83000000 is 0.9842354616500307
Validation error at iteration 84000000 is 0.9842887225049239
Validation error at iteration 85000000 is 0.984285002460948
Validation error at iteration 86000000 is 0.9842542840868506
Validation error at iteration 87000000 is 0.9841698557039222
Validation error at iteration 88000000 is 0.9841759091606934
Validation error at iteration 89000000 is 0.984205678595924
Validation error at iteration 90000000 is 0.9841450550294892
Validation error at iteration 91000000 is 0.9841553166429106
Validation error at iteration 92000000 is 0.9841942531154436
Validation error at iteration 93000000 is 0.9842506511095267
Validation error at iteration 94000000 is 0.9842313119242628
Validation error at iteration 95000000 is 0.9842103904864304
Validation error at iteration 96000000 is 0.9841911762430772
Validation error at iteration 97000000 is 0.9841955793669348
Validation error at iteration 98000000 is 0.9842382274315837
Validation error at iteration 99000000 is 0.9842178195118942
Validation error at iteration 100000000 is 0.9842014535580159
Validation error at iteration 101000000 is 0.9841567847322646
Validation error at iteration 102000000 is 0.9841845632089061
Validation error at iteration 103000000 is 0.9841727900050694
Validation error at iteration 104000000 is 0.9841595768580924
Validation error at iteration 105000000 is 0.9841421666736461
Validation error at iteration 106000000 is 0.9841131154698569
Validation error at iteration 107000000 is 0.9840828874203748
Validation error at iteration 108000000 is 0.9841075898116969
Validation error at iteration 109000000 is 0.9841309560480355
Validation error at iteration 110000000 is 0.9841340110574385
Validation error at iteration 111000000 is 0.9841144284741361
Validation error at iteration 112000000 is 0.9841039712117576
Validation error at iteration 113000000 is 0.9841058394700698
Validation error at iteration 114000000 is 0.9840953562471085
Validation error at iteration 115000000 is 0.9840869373386899
Validation error at iteration 116000000 is 0.9840829300330795
Validation error at iteration 117000000 is 0.9840674030776595
Validation error at iteration 118000000 is 0.9840651089361337
Validation error at iteration 119000000 is 0.984080700238319
Validation error at iteration 120000000 is 0.9840864472845762
Validation error at iteration 121000000 is 0.9840693386021989
Validation error at iteration 122000000 is 0.9840616022062052
Validation error at iteration 123000000 is 0.984060911464229
Validation error at iteration 124000000 is 0.9840686653078566
Validation error at iteration 125000000 is 0.984071782930775
Validation error at iteration 126000000 is 0.9840701862816529
Validation error at iteration 127000000 is 0.984061642533619
Validation error at iteration 128000000 is 0.9840601261538595
Validation error at iteration 129000000 is 0.9840597714372722
Validation error at iteration 130000000 is 0.9840760011091167
Validation error at iteration 131000000 is 0.9840779394917365
Validation error at iteration 132000000 is 0.9840712842402881
Validation error at iteration 133000000 is 0.9840731478841367
Validation error at iteration 134000000 is 0.984071725050836
Validation error at iteration 135000000 is 0.9840636710100802
Validation error at iteration 136000000 is 0.9840611960647696
Validation error at iteration 137000000 is 0.9840616110292745
Validation error at iteration 138000000 is 0.9840628751803476
Validation error at iteration 139000000 is 0.984056991115313
Validation error at iteration 140000000 is 0.9840637605938064
Validation error at iteration 141000000 is 0.9840628080775501
Validation error at iteration 142000000 is 0.9840595405232259
Validation error at iteration 143000000 is 0.9840589636086344
Validation error at iteration 144000000 is 0.9840642882445665
Validation error at iteration 145000000 is 0.9840656168223222
Validation error at iteration 146000000 is 0.9840663662476997
Validation error at iteration 147000000 is 0.9840637278149583
Validation error at iteration 148000000 is 0.984061525675983
Validation error at iteration 149000000 is 0.9840617500747785
Error:  0.9840632575703694
regularization vector: 0.11


Validation error at iteration 0 is 4.014521507887193
Validation error at iteration 1000000 is 1.017008874258163
Validation error at iteration 2000000 is 1.0160578264429196
Validation error at iteration 3000000 is 1.016110204965759
Validation error at iteration 4000000 is 1.0159633380794966
Validation error at iteration 5000000 is 1.0152494709124205
Validation error at iteration 6000000 is 1.0122775058882219
Validation error at iteration 7000000 is 1.0094118313140799
Validation error at iteration 8000000 is 1.0059797536810355
Validation error at iteration 9000000 is 1.0022262882956097
Validation error at iteration 10000000 is 1.0004415906234156
Validation error at iteration 11000000 is 0.9993386279906972
Validation error at iteration 12000000 is 0.9969484086177618
Validation error at iteration 13000000 is 0.9954006483641857
Validation error at iteration 14000000 is 0.9950949732055513
Validation error at iteration 15000000 is 0.9943382065886901
Validation error at iteration 16000000 is 0.992914382410986
Validation error at iteration 17000000 is 0.991713534070278
Validation error at iteration 18000000 is 0.9915950387241792
Validation error at iteration 19000000 is 0.9914683320869535
Validation error at iteration 20000000 is 0.9903908114136489
Validation error at iteration 21000000 is 0.9905180114433433
Validation error at iteration 22000000 is 0.989818543727588
Validation error at iteration 23000000 is 0.990246948950401
Validation error at iteration 24000000 is 0.9898995695141707
Validation error at iteration 25000000 is 0.9895829408357286
Validation error at iteration 26000000 is 0.9893526138943335
Validation error at iteration 27000000 is 0.9881925541298776
Validation error at iteration 28000000 is 0.9884012045087505
Validation error at iteration 29000000 is 0.9879656312676758
Validation error at iteration 30000000 is 0.9882599443592573
Validation error at iteration 31000000 is 0.9873137483287078
Validation error at iteration 32000000 is 0.9874910110342446
Validation error at iteration 33000000 is 0.9877275799317353
Validation error at iteration 34000000 is 0.9874054710556075
Validation error at iteration 35000000 is 0.9869140604854189
Validation error at iteration 36000000 is 0.9870335698949485
Validation error at iteration 37000000 is 0.9868785818906458
Validation error at iteration 38000000 is 0.9864500440876324
Validation error at iteration 39000000 is 0.9862316245060003
Validation error at iteration 40000000 is 0.9864304568520281
Validation error at iteration 41000000 is 0.9864331043167601
Validation error at iteration 42000000 is 0.9861266980460134
Validation error at iteration 43000000 is 0.9861068184353435
Validation error at iteration 44000000 is 0.9857772564257528
Validation error at iteration 45000000 is 0.9857888262093597
Validation error at iteration 46000000 is 0.985681595166104
Validation error at iteration 47000000 is 0.9858675245267007
Validation error at iteration 48000000 is 0.9857318946794286
Validation error at iteration 49000000 is 0.9857159279884673
Validation error at iteration 50000000 is 0.9858338974375369
Validation error at iteration 51000000 is 0.985731280446954
Validation error at iteration 52000000 is 0.9856151737937956
Validation error at iteration 53000000 is 0.9853300434856853
Validation error at iteration 54000000 is 0.9853370903692047
Validation error at iteration 55000000 is 0.9850958394451101
Validation error at iteration 56000000 is 0.985328782709365
Validation error at iteration 57000000 is 0.9851938720513463
Validation error at iteration 58000000 is 0.9850840502860758
Validation error at iteration 59000000 is 0.9850660074318222
Validation error at iteration 60000000 is 0.9851312586701491
Validation error at iteration 61000000 is 0.985006344011175
Validation error at iteration 62000000 is 0.9851364556126125
Validation error at iteration 63000000 is 0.9849246153999119
Validation error at iteration 64000000 is 0.9847760961037186
Validation error at iteration 65000000 is 0.9848809001188907
Validation error at iteration 66000000 is 0.9847461830644888
Validation error at iteration 67000000 is 0.9847656146685471
Validation error at iteration 68000000 is 0.9847073135698107
Validation error at iteration 69000000 is 0.984664958847146
Validation error at iteration 70000000 is 0.9846743190869973
Validation error at iteration 71000000 is 0.984565014639012
Validation error at iteration 72000000 is 0.9846194256265004
Validation error at iteration 73000000 is 0.9844939335227725
Validation error at iteration 74000000 is 0.9845255586110877
Validation error at iteration 75000000 is 0.9845486562803982
Validation error at iteration 76000000 is 0.9845258306384025
Validation error at iteration 77000000 is 0.9844747516896769
Validation error at iteration 78000000 is 0.984556727564743
Validation error at iteration 79000000 is 0.9845285427085911
Validation error at iteration 80000000 is 0.984454291792981
Validation error at iteration 81000000 is 0.9845222102448782
Validation error at iteration 82000000 is 0.9845220146057764
Validation error at iteration 83000000 is 0.9844919531074826
Validation error at iteration 84000000 is 0.9843552989142798
Validation error at iteration 85000000 is 0.9843665574458585
Validation error at iteration 86000000 is 0.9843775066159646
Validation error at iteration 87000000 is 0.9843161688943044
Validation error at iteration 88000000 is 0.9843200855803295
Validation error at iteration 89000000 is 0.9843234088264748
Validation error at iteration 90000000 is 0.9842433547268722
Validation error at iteration 91000000 is 0.9842148746785793
Validation error at iteration 92000000 is 0.9842877504972897
Validation error at iteration 93000000 is 0.984229802545728
Validation error at iteration 94000000 is 0.9842405302847141
Validation error at iteration 95000000 is 0.9842592677138361
Validation error at iteration 96000000 is 0.9842030760104578
Validation error at iteration 97000000 is 0.9842048441677169
Validation error at iteration 98000000 is 0.9841933691789064
Validation error at iteration 99000000 is 0.9841895987481369
Validation error at iteration 100000000 is 0.9841677288375033
Validation error at iteration 101000000 is 0.9841775578892588
Validation error at iteration 102000000 is 0.9841738601341414
Validation error at iteration 103000000 is 0.9842156293487201
Validation error at iteration 104000000 is 0.984218767407555
Validation error at iteration 105000000 is 0.9841825195855598
Validation error at iteration 106000000 is 0.9842066947644904
Validation error at iteration 107000000 is 0.9842080169783375
Validation error at iteration 108000000 is 0.9841869708516994
Validation error at iteration 109000000 is 0.9841812298519453
Validation error at iteration 110000000 is 0.984192268649594
Validation error at iteration 111000000 is 0.9841866908157646
Validation error at iteration 112000000 is 0.9841999081874855
Validation error at iteration 113000000 is 0.9841974918512328
Validation error at iteration 114000000 is 0.9841921818199462
Validation error at iteration 115000000 is 0.984169815403039
Validation error at iteration 116000000 is 0.9841538186556679
Validation error at iteration 117000000 is 0.9841538511967836
Validation error at iteration 118000000 is 0.9841431639638389
Validation error at iteration 119000000 is 0.9841530605482284
Validation error at iteration 120000000 is 0.9841316271092427
Validation error at iteration 121000000 is 0.98412569121332
Validation error at iteration 122000000 is 0.9841364880472736
Validation error at iteration 123000000 is 0.984143973768961
Validation error at iteration 124000000 is 0.9841425221087996
Validation error at iteration 125000000 is 0.9841357541996395
Validation error at iteration 126000000 is 0.9841430913045642
Validation error at iteration 127000000 is 0.9841440460746518
Validation error at iteration 128000000 is 0.9841248636921923
Validation error at iteration 129000000 is 0.9841108334749105
Validation error at iteration 130000000 is 0.9841101269279228
Validation error at iteration 131000000 is 0.984104093642602
Validation error at iteration 132000000 is 0.9841053004272738
Validation error at iteration 133000000 is 0.9841016168919307
Validation error at iteration 134000000 is 0.9841012787899371
Validation error at iteration 135000000 is 0.9841071446848317
Validation error at iteration 136000000 is 0.9841152852586081
Validation error at iteration 137000000 is 0.9841087823089237
Validation error at iteration 138000000 is 0.9841151415810135
Validation error at iteration 139000000 is 0.984100609216029
Validation error at iteration 140000000 is 0.9840989310670937
Validation error at iteration 141000000 is 0.9841001641766263
Validation error at iteration 142000000 is 0.9840977934161512
Validation error at iteration 143000000 is 0.9841016849473749
Validation error at iteration 144000000 is 0.9841010364608009
Validation error at iteration 145000000 is 0.9840997269197278
Validation error at iteration 146000000 is 0.9840981939329057
Validation error at iteration 147000000 is 0.9841009933138656
Validation error at iteration 148000000 is 0.9841046380470615
Validation error at iteration 149000000 is 0.9841032209649632
Error:  0.9841024063333441
regularization vector: 0.12


Validation error at iteration 0 is 4.01450031775552
Validation error at iteration 1000000 is 1.0176252956596303
Validation error at iteration 2000000 is 1.017311278877058
Validation error at iteration 3000000 is 1.016033870617673
Validation error at iteration 4000000 is 1.015944735130839
Validation error at iteration 5000000 is 1.014408297232433
Validation error at iteration 6000000 is 1.013245147741392
Validation error at iteration 7000000 is 1.0089037946202328
Validation error at iteration 8000000 is 1.004981378655086
Validation error at iteration 9000000 is 1.0029634788255417
Validation error at iteration 10000000 is 1.0014098946627825
Validation error at iteration 11000000 is 0.9994588674420366
Validation error at iteration 12000000 is 0.9975611392388761
Validation error at iteration 13000000 is 0.9957572239931364
Validation error at iteration 14000000 is 0.995183715416626
Validation error at iteration 15000000 is 0.9944113465069723
Validation error at iteration 16000000 is 0.993377386947926
Validation error at iteration 17000000 is 0.9924643938442149
Validation error at iteration 18000000 is 0.9921431634694847
Validation error at iteration 19000000 is 0.9915465187191695
Validation error at iteration 20000000 is 0.9905775118402607
Validation error at iteration 21000000 is 0.9903463243911835
Validation error at iteration 22000000 is 0.9898971937515453
Validation error at iteration 23000000 is 0.9895133651593246
Validation error at iteration 24000000 is 0.9893825244064696
Validation error at iteration 25000000 is 0.9888663176566937
Validation error at iteration 26000000 is 0.9887595666737838
Validation error at iteration 27000000 is 0.9885440089183195
Validation error at iteration 28000000 is 0.9879424401679937
Validation error at iteration 29000000 is 0.9877089104014395
Validation error at iteration 30000000 is 0.9869456053230566
Validation error at iteration 31000000 is 0.9869038478400276
Validation error at iteration 32000000 is 0.9869783686168654
Validation error at iteration 33000000 is 0.9865041905962213
Validation error at iteration 34000000 is 0.98659145983973
Validation error at iteration 35000000 is 0.9864420680531351
Validation error at iteration 36000000 is 0.9862465283217721
Validation error at iteration 37000000 is 0.9862351285149732
Validation error at iteration 38000000 is 0.9855183572973966
Validation error at iteration 39000000 is 0.9857306624217251
Validation error at iteration 40000000 is 0.9855491837454631
Validation error at iteration 41000000 is 0.9855553880485285
Validation error at iteration 42000000 is 0.9853837760708324
Validation error at iteration 43000000 is 0.985597340360031
Validation error at iteration 44000000 is 0.985367838668718
Validation error at iteration 45000000 is 0.9847260637063027
Validation error at iteration 46000000 is 0.9851048116788246
Validation error at iteration 47000000 is 0.9847768652973381
Validation error at iteration 48000000 is 0.9848298494850012
Validation error at iteration 49000000 is 0.984863869906635
Validation error at iteration 50000000 is 0.9847976348516263
Validation error at iteration 51000000 is 0.9846836306140504
Validation error at iteration 52000000 is 0.9845103208734934
Validation error at iteration 53000000 is 0.9848723237669316
Validation error at iteration 54000000 is 0.984429722223963
Validation error at iteration 55000000 is 0.9845784817085467
Validation error at iteration 56000000 is 0.9843989160376615
Validation error at iteration 57000000 is 0.9842541665053139
Validation error at iteration 58000000 is 0.9843831293087056
Validation error at iteration 59000000 is 0.9842092551631729
Validation error at iteration 60000000 is 0.9842637466138697
Validation error at iteration 61000000 is 0.9841618256271294
Validation error at iteration 62000000 is 0.9840865737135251
Validation error at iteration 63000000 is 0.9839289867148684
Validation error at iteration 64000000 is 0.9840022866408515
Validation error at iteration 65000000 is 0.9839290186072044
Validation error at iteration 66000000 is 0.9838043806302542
Validation error at iteration 67000000 is 0.9839312264325962
Validation error at iteration 68000000 is 0.9840013477055012
Validation error at iteration 69000000 is 0.9835832791217156
Validation error at iteration 70000000 is 0.983803327987279
Validation error at iteration 71000000 is 0.9837510571597546
Validation error at iteration 72000000 is 0.9837814057354131
Validation error at iteration 73000000 is 0.9837346811958593
Validation error at iteration 74000000 is 0.9836297371486462
Validation error at iteration 75000000 is 0.983702803775484
Validation error at iteration 76000000 is 0.9837802119133171
Validation error at iteration 77000000 is 0.9836857286436174
Validation error at iteration 78000000 is 0.9836843344701377
Validation error at iteration 79000000 is 0.9836289014940501
Validation error at iteration 80000000 is 0.9835771642532417
Validation error at iteration 81000000 is 0.9836593578581861
Validation error at iteration 82000000 is 0.9835001626263755
Validation error at iteration 83000000 is 0.9834607165285791
Validation error at iteration 84000000 is 0.9834163489430768
Validation error at iteration 85000000 is 0.9834189164979482
Validation error at iteration 86000000 is 0.9833945470370017
Validation error at iteration 87000000 is 0.9834144710118713
Validation error at iteration 88000000 is 0.9834938863791953
Validation error at iteration 89000000 is 0.9834577323367075
Validation error at iteration 90000000 is 0.9834230869942105
Validation error at iteration 91000000 is 0.9834209481399356
Validation error at iteration 92000000 is 0.9833627606751024
Validation error at iteration 93000000 is 0.9833344852160849
Validation error at iteration 94000000 is 0.983332036695671
Validation error at iteration 95000000 is 0.9833646226505094
Validation error at iteration 96000000 is 0.9833980254459517
Validation error at iteration 97000000 is 0.983373297741879
Validation error at iteration 98000000 is 0.9834071788181293
Validation error at iteration 99000000 is 0.9833933401852657
Validation error at iteration 100000000 is 0.9833919984633733
Validation error at iteration 101000000 is 0.983419490390007
Validation error at iteration 102000000 is 0.9833828862948051
Validation error at iteration 103000000 is 0.9834158826810543
Validation error at iteration 104000000 is 0.9833707865298502
Validation error at iteration 105000000 is 0.9834085233917417
Validation error at iteration 106000000 is 0.9833893597258498
Validation error at iteration 107000000 is 0.9833883460513084
Validation error at iteration 108000000 is 0.9833914873404532
Validation error at iteration 109000000 is 0.9834033584854396
Validation error at iteration 110000000 is 0.9833774206340077
Validation error at iteration 111000000 is 0.9833827857600076
Validation error at iteration 112000000 is 0.9833840930566543
Validation error at iteration 113000000 is 0.983381128709074
Validation error at iteration 114000000 is 0.9833839928214146
Validation error at iteration 115000000 is 0.9833683051408054
Validation error at iteration 116000000 is 0.9833638578615003
Validation error at iteration 117000000 is 0.9833567047617892
Validation error at iteration 118000000 is 0.9833448442472501
Validation error at iteration 119000000 is 0.9833373639961401
Validation error at iteration 120000000 is 0.9833298383517095
Validation error at iteration 121000000 is 0.9833263646768385
Validation error at iteration 122000000 is 0.9833233656322686
Validation error at iteration 123000000 is 0.9833356160641428
Validation error at iteration 124000000 is 0.983319601641587
Validation error at iteration 125000000 is 0.9833303371566003
Validation error at iteration 126000000 is 0.9833171474826418
Validation error at iteration 127000000 is 0.9833151142129437
Validation error at iteration 128000000 is 0.9833232265095684
Validation error at iteration 129000000 is 0.9833241895955369
Validation error at iteration 130000000 is 0.9833307837018143
Validation error at iteration 131000000 is 0.9833280378466043
Validation error at iteration 132000000 is 0.9833322156336248
Validation error at iteration 133000000 is 0.9833283587804389
Validation error at iteration 134000000 is 0.9833285346856925
Validation error at iteration 135000000 is 0.9833193709154759
Validation error at iteration 136000000 is 0.9833112244937184
Validation error at iteration 137000000 is 0.9833125132191939
Validation error at iteration 138000000 is 0.9833146583671127
Validation error at iteration 139000000 is 0.9833105619337752
Validation error at iteration 140000000 is 0.983306555379257
Validation error at iteration 141000000 is 0.98330686584541
Validation error at iteration 142000000 is 0.9833088436536286
Validation error at iteration 143000000 is 0.9833114604092644
Validation error at iteration 144000000 is 0.9833134281832862
Validation error at iteration 145000000 is 0.9833159745203828
Validation error at iteration 146000000 is 0.9833133050912166
Validation error at iteration 147000000 is 0.9833143897641305
Validation error at iteration 148000000 is 0.9833185916613555
Validation error at iteration 149000000 is 0.9833174383708273
Error:  0.9833203624518787
{0.09: 0.9836694292107896,
 0.09999999999999999: 0.9840632575703694,
 0.11: 0.9841024063333441,
 0.12: 0.9833203624518787}
