+=+=+=+=+Generial options+=+=+=+=+
Number of iterations: 150000000
Training set size (ratio): 0.88
+=+=+=+=+Regularisation Vector parameters+=+=+=+=+
Starting value: 0.01
Ending value: 0.04
Number of values: 4
regularization vector: 0.01


Validation error at iteration 0 is 4.014660242249512
Validation error at iteration 1000000 is 1.019188588098396
Validation error at iteration 2000000 is 1.0173935003411145
Validation error at iteration 3000000 is 1.0172565743301638
Validation error at iteration 4000000 is 1.0167863281905196
Validation error at iteration 5000000 is 1.0146608384471771
Validation error at iteration 6000000 is 1.0118567494647088
Validation error at iteration 7000000 is 1.0094775252938404
Validation error at iteration 8000000 is 1.006319589358669
Validation error at iteration 9000000 is 1.0043668570717017
Validation error at iteration 10000000 is 1.0007370045733917
Validation error at iteration 11000000 is 0.9987625799161997
Validation error at iteration 12000000 is 0.9978039303845773
Validation error at iteration 13000000 is 0.9963188122934727
Validation error at iteration 14000000 is 0.9957183196362057
Validation error at iteration 15000000 is 0.9938303642318878
Validation error at iteration 16000000 is 0.993377118871013
Validation error at iteration 17000000 is 0.9925221055114687
Validation error at iteration 18000000 is 0.9921185280183248
Validation error at iteration 19000000 is 0.9914778791493617
Validation error at iteration 20000000 is 0.9903424823869401
Validation error at iteration 21000000 is 0.9906377309332488
Validation error at iteration 22000000 is 0.9899034032826621
Validation error at iteration 23000000 is 0.9893381267178185
Validation error at iteration 24000000 is 0.9892154494918246
Validation error at iteration 25000000 is 0.9895176499179141
Validation error at iteration 26000000 is 0.9888512323825627
Validation error at iteration 27000000 is 0.9879994930926572
Validation error at iteration 28000000 is 0.9877352008520595
Validation error at iteration 29000000 is 0.9870539849019371
Validation error at iteration 30000000 is 0.9878993116076823
Validation error at iteration 31000000 is 0.9871254190324162
Validation error at iteration 32000000 is 0.9876694612686668
Validation error at iteration 33000000 is 0.9872615361967474
Validation error at iteration 34000000 is 0.9872768030397989
Validation error at iteration 35000000 is 0.9867099285089577
Validation error at iteration 36000000 is 0.9865611409702983
Validation error at iteration 37000000 is 0.9862037628924119
Validation error at iteration 38000000 is 0.9861665891214125
Validation error at iteration 39000000 is 0.986042007380007
Validation error at iteration 40000000 is 0.9855283577607651
Validation error at iteration 41000000 is 0.985640083959948
Validation error at iteration 42000000 is 0.9856030162070433
Validation error at iteration 43000000 is 0.985559145739882
Validation error at iteration 44000000 is 0.9853244365573467
Validation error at iteration 45000000 is 0.9850562344520892
Validation error at iteration 46000000 is 0.9852649718722595
Validation error at iteration 47000000 is 0.985285894641831
Validation error at iteration 48000000 is 0.9853370932840847
Validation error at iteration 49000000 is 0.9850849489710237
Validation error at iteration 50000000 is 0.9850187742391149
Validation error at iteration 51000000 is 0.9849923827122077
Validation error at iteration 52000000 is 0.9849034074566235
Validation error at iteration 53000000 is 0.9848665583800048
Validation error at iteration 54000000 is 0.9844092471865042
Validation error at iteration 55000000 is 0.9843613877215486
Validation error at iteration 56000000 is 0.9842893381442405
Validation error at iteration 57000000 is 0.9841977704043458
Validation error at iteration 58000000 is 0.9840936076036239
Validation error at iteration 59000000 is 0.9841280086109763
Validation error at iteration 60000000 is 0.9842036694103883
Validation error at iteration 61000000 is 0.9841925454847791
Validation error at iteration 62000000 is 0.9840800265647025
Validation error at iteration 63000000 is 0.9840286363547641
Validation error at iteration 64000000 is 0.9840199968545335
Validation error at iteration 65000000 is 0.9840565747754194
Validation error at iteration 66000000 is 0.9839360039264818
Validation error at iteration 67000000 is 0.9839686870477586
Validation error at iteration 68000000 is 0.9839112004617437
Validation error at iteration 69000000 is 0.9838675268591116
Validation error at iteration 70000000 is 0.9839506578477041
Validation error at iteration 71000000 is 0.9840557500384317
Validation error at iteration 72000000 is 0.9840542442708101
Validation error at iteration 73000000 is 0.98388642529838
Validation error at iteration 74000000 is 0.9837943575668536
Validation error at iteration 75000000 is 0.9837351809594935
Validation error at iteration 76000000 is 0.9836989657587343
Validation error at iteration 77000000 is 0.9837191533614931
Validation error at iteration 78000000 is 0.9836655697050483
Validation error at iteration 79000000 is 0.9836808693125503
Validation error at iteration 80000000 is 0.9837006077936121
Validation error at iteration 81000000 is 0.9837133880071598
Validation error at iteration 82000000 is 0.9836905358747824
Validation error at iteration 83000000 is 0.9837154884974306
Validation error at iteration 84000000 is 0.9836705353269583
Validation error at iteration 85000000 is 0.9837357365842785
Validation error at iteration 86000000 is 0.983723020388831
Validation error at iteration 87000000 is 0.9836742059538762
Validation error at iteration 88000000 is 0.9836829254583285
Validation error at iteration 89000000 is 0.9837133727234897
Validation error at iteration 90000000 is 0.9836672116855957
Validation error at iteration 91000000 is 0.9836138184758776
Validation error at iteration 92000000 is 0.9836520169010065
Validation error at iteration 93000000 is 0.9836776021384265
Validation error at iteration 94000000 is 0.983626071254313
Validation error at iteration 95000000 is 0.9835752416566493
Validation error at iteration 96000000 is 0.9835789711742244
Validation error at iteration 97000000 is 0.9835751670578525
Validation error at iteration 98000000 is 0.9835816756219266
Validation error at iteration 99000000 is 0.9836001926146544
Validation error at iteration 100000000 is 0.9835807685554001
Validation error at iteration 101000000 is 0.9835644941082751
Validation error at iteration 102000000 is 0.9835330292102704
Validation error at iteration 103000000 is 0.9835222171840167
Validation error at iteration 104000000 is 0.9835111346937155
Validation error at iteration 105000000 is 0.9835178120370703
Validation error at iteration 106000000 is 0.9835428403411716
Validation error at iteration 107000000 is 0.9835254611262828
Validation error at iteration 108000000 is 0.9835386917506805
Validation error at iteration 109000000 is 0.9835399125203078
Validation error at iteration 110000000 is 0.9835519857500533
Validation error at iteration 111000000 is 0.9835371648768492
Validation error at iteration 112000000 is 0.9835154015950304
Validation error at iteration 113000000 is 0.9835112151432279
Validation error at iteration 114000000 is 0.9835156162213987
Validation error at iteration 115000000 is 0.983496338636456
Validation error at iteration 116000000 is 0.9834886104713662
Validation error at iteration 117000000 is 0.9834818080517295
Validation error at iteration 118000000 is 0.983473911287506
Validation error at iteration 119000000 is 0.9834822130246144
Validation error at iteration 120000000 is 0.9834958013729505
Validation error at iteration 121000000 is 0.9834875556315406
Validation error at iteration 122000000 is 0.983498212994715
Validation error at iteration 123000000 is 0.9834978676469284
Validation error at iteration 124000000 is 0.9834953769146276
Validation error at iteration 125000000 is 0.9834994677356215
Validation error at iteration 126000000 is 0.9834941675707366
Validation error at iteration 127000000 is 0.9834988580027455
Validation error at iteration 128000000 is 0.9834878775807925
Validation error at iteration 129000000 is 0.9834872680220648
Validation error at iteration 130000000 is 0.9834834861565619
Validation error at iteration 131000000 is 0.9834860487479373
Validation error at iteration 132000000 is 0.9834839381072092
Validation error at iteration 133000000 is 0.9834853944401579
Validation error at iteration 134000000 is 0.9834857434391205
Validation error at iteration 135000000 is 0.9834795203013272
Validation error at iteration 136000000 is 0.983480147922593
Validation error at iteration 137000000 is 0.9834776373349654
Validation error at iteration 138000000 is 0.9834706982481208
Validation error at iteration 139000000 is 0.9834723577721215
Validation error at iteration 140000000 is 0.9834667670351805
Validation error at iteration 141000000 is 0.9834686493650551
Validation error at iteration 142000000 is 0.9834630955932842
Validation error at iteration 143000000 is 0.9834563672617257
Validation error at iteration 144000000 is 0.9834554496128045
Validation error at iteration 145000000 is 0.9834521358734994
Validation error at iteration 146000000 is 0.9834528723593859
Validation error at iteration 147000000 is 0.9834528056668322
Validation error at iteration 148000000 is 0.9834534472617132
Validation error at iteration 149000000 is 0.983453298830844
Error:  0.9834524382641276
regularization vector: 0.02


Validation error at iteration 0 is 4.014167976502166
Validation error at iteration 1000000 is 1.0198813572281689
Validation error at iteration 2000000 is 1.0180092016784057
Validation error at iteration 3000000 is 1.0182185696460277
Validation error at iteration 4000000 is 1.0161409694839112
Validation error at iteration 5000000 is 1.0145583025459846
Validation error at iteration 6000000 is 1.0132229786530695
Validation error at iteration 7000000 is 1.0097123062640558
Validation error at iteration 8000000 is 1.0064985634989576
Validation error at iteration 9000000 is 1.0039852392690984
Validation error at iteration 10000000 is 1.0014773004667876
Validation error at iteration 11000000 is 0.9992453244449131
Validation error at iteration 12000000 is 0.9976543117885004
Validation error at iteration 13000000 is 0.9954609832603416
Validation error at iteration 14000000 is 0.9946241286142621
Validation error at iteration 15000000 is 0.9941887830975433
Validation error at iteration 16000000 is 0.9929817358706187
Validation error at iteration 17000000 is 0.9924809358788907
Validation error at iteration 18000000 is 0.99184446221576
Validation error at iteration 19000000 is 0.9917456222349792
Validation error at iteration 20000000 is 0.9906885444870622
Validation error at iteration 21000000 is 0.9909015469996914
Validation error at iteration 22000000 is 0.9903414643723646
Validation error at iteration 23000000 is 0.989721589076896
Validation error at iteration 24000000 is 0.989391330746559
Validation error at iteration 25000000 is 0.9894207531809428
Validation error at iteration 26000000 is 0.9897495550097187
Validation error at iteration 27000000 is 0.9890340886777529
Validation error at iteration 28000000 is 0.9883494656986981
Validation error at iteration 29000000 is 0.9881953724689292
Validation error at iteration 30000000 is 0.9881872465174201
Validation error at iteration 31000000 is 0.9878117760248665
Validation error at iteration 32000000 is 0.987889083185714
Validation error at iteration 33000000 is 0.9877978224511074
Validation error at iteration 34000000 is 0.9871165099862125
Validation error at iteration 35000000 is 0.9871762660182324
Validation error at iteration 36000000 is 0.9873909367894815
Validation error at iteration 37000000 is 0.986867331704426
Validation error at iteration 38000000 is 0.9867235534212676
Validation error at iteration 39000000 is 0.9867641807309965
Validation error at iteration 40000000 is 0.9865435329591482
Validation error at iteration 41000000 is 0.9863768584775455
Validation error at iteration 42000000 is 0.9865175196798845
Validation error at iteration 43000000 is 0.986438415747571
Validation error at iteration 44000000 is 0.9858643127565135
Validation error at iteration 45000000 is 0.9858581021122748
Validation error at iteration 46000000 is 0.9861525903360148
Validation error at iteration 47000000 is 0.9857532400016661
Validation error at iteration 48000000 is 0.9857151808096939
Validation error at iteration 49000000 is 0.9855779482005751
Validation error at iteration 50000000 is 0.9857950288023873
Validation error at iteration 51000000 is 0.9854742877458788
Validation error at iteration 52000000 is 0.9853573410226047
Validation error at iteration 53000000 is 0.9853203542696712
Validation error at iteration 54000000 is 0.985088821611224
Validation error at iteration 55000000 is 0.9851525763452549
Validation error at iteration 56000000 is 0.9850549214142841
Validation error at iteration 57000000 is 0.9850741118571239
Validation error at iteration 58000000 is 0.9850899138640644
Validation error at iteration 59000000 is 0.9850054376151356
Validation error at iteration 60000000 is 0.9847231624213829
Validation error at iteration 61000000 is 0.9848369431695164
Validation error at iteration 62000000 is 0.9846405388489241
Validation error at iteration 63000000 is 0.9846154009484666
Validation error at iteration 64000000 is 0.9848420249017532
Validation error at iteration 65000000 is 0.9847283983964771
Validation error at iteration 66000000 is 0.9847310955102211
Validation error at iteration 67000000 is 0.9847413543217926
Validation error at iteration 68000000 is 0.9846188012941448
Validation error at iteration 69000000 is 0.9845370052048814
Validation error at iteration 70000000 is 0.9845643036170001
Validation error at iteration 71000000 is 0.9845909519047733
Validation error at iteration 72000000 is 0.9845092810680152
Validation error at iteration 73000000 is 0.984436697744
Validation error at iteration 74000000 is 0.9845562546320947
Validation error at iteration 75000000 is 0.9844173033614091
Validation error at iteration 76000000 is 0.984477360754439
Validation error at iteration 77000000 is 0.9844455564890785
Validation error at iteration 78000000 is 0.9845083668947274
Validation error at iteration 79000000 is 0.9844720402031929
Validation error at iteration 80000000 is 0.9843150355628378
Validation error at iteration 81000000 is 0.9843311958461537
Validation error at iteration 82000000 is 0.9842394700645908
Validation error at iteration 83000000 is 0.9842001129927989
Validation error at iteration 84000000 is 0.9841743240782107
Validation error at iteration 85000000 is 0.9841438424702099
Validation error at iteration 86000000 is 0.984110855688984
Validation error at iteration 87000000 is 0.9842211653027233
Validation error at iteration 88000000 is 0.9841723206106517
Validation error at iteration 89000000 is 0.9841858223590054
Validation error at iteration 90000000 is 0.9842013624623254
Validation error at iteration 91000000 is 0.984253399342551
Validation error at iteration 92000000 is 0.9842413537217654
Validation error at iteration 93000000 is 0.9842230705815109
Validation error at iteration 94000000 is 0.9841638216171236
Validation error at iteration 95000000 is 0.9841532688526585
Validation error at iteration 96000000 is 0.9841493027725802
Validation error at iteration 97000000 is 0.984170974562299
Validation error at iteration 98000000 is 0.9841227250587185
Validation error at iteration 99000000 is 0.9841193576187879
Validation error at iteration 100000000 is 0.9841160607068573
Validation error at iteration 101000000 is 0.9841202781579019
Validation error at iteration 102000000 is 0.9841189613714955
Validation error at iteration 103000000 is 0.9841249697732004
Validation error at iteration 104000000 is 0.9841380797764252
Validation error at iteration 105000000 is 0.9841589142086138
Validation error at iteration 106000000 is 0.9841648874858095
Validation error at iteration 107000000 is 0.9841568716806308
Validation error at iteration 108000000 is 0.9841257321426947
Validation error at iteration 109000000 is 0.9841408625932886
Validation error at iteration 110000000 is 0.984165586554386
Validation error at iteration 111000000 is 0.9841706196402462
Validation error at iteration 112000000 is 0.984172577957665
Validation error at iteration 113000000 is 0.984168544263035
Validation error at iteration 114000000 is 0.9841422824951742
Validation error at iteration 115000000 is 0.9841440787102699
Validation error at iteration 116000000 is 0.9841447987445845
Validation error at iteration 117000000 is 0.9841487680815673
Validation error at iteration 118000000 is 0.9841465996320374
Validation error at iteration 119000000 is 0.9841406486752641
Validation error at iteration 120000000 is 0.98413896214808
Validation error at iteration 121000000 is 0.9841321593093506
Validation error at iteration 122000000 is 0.984138973264516
Validation error at iteration 123000000 is 0.9841447632642846
Validation error at iteration 124000000 is 0.9841412080426789
Validation error at iteration 125000000 is 0.9841445124672444
Validation error at iteration 126000000 is 0.9841367574221279
Validation error at iteration 127000000 is 0.9841369494532008
Validation error at iteration 128000000 is 0.9841339564840702
Validation error at iteration 129000000 is 0.9841450196177377
Validation error at iteration 130000000 is 0.9841427098962736
Validation error at iteration 131000000 is 0.9841316880873368
Validation error at iteration 132000000 is 0.9841331438633871
Validation error at iteration 133000000 is 0.9841302614441659
Validation error at iteration 134000000 is 0.9841381662191798
Validation error at iteration 135000000 is 0.9841340820810213
Validation error at iteration 136000000 is 0.9841246700282082
Validation error at iteration 137000000 is 0.9841132218160556
Validation error at iteration 138000000 is 0.9841104995471013
Validation error at iteration 139000000 is 0.9841109452379656
Validation error at iteration 140000000 is 0.984112301164061
Validation error at iteration 141000000 is 0.9841121990912904
Validation error at iteration 142000000 is 0.9841120234559353
Validation error at iteration 143000000 is 0.9841124739082178
Validation error at iteration 144000000 is 0.9841114420078791
Validation error at iteration 145000000 is 0.9841114773821894
Validation error at iteration 146000000 is 0.9841117750470256
Validation error at iteration 147000000 is 0.9841080438835893
Validation error at iteration 148000000 is 0.9841080862058329
Validation error at iteration 149000000 is 0.9841116897862852
Error:  0.9841091328063764
regularization vector: 0.03


Validation error at iteration 0 is 4.014363908877725
Validation error at iteration 1000000 is 1.0175157058621693
Validation error at iteration 2000000 is 1.017565846187237
Validation error at iteration 3000000 is 1.0163386761431534
Validation error at iteration 4000000 is 1.016057459745888
Validation error at iteration 5000000 is 1.0146930526683056
Validation error at iteration 6000000 is 1.0114867002368504
Validation error at iteration 7000000 is 1.0083858769574343
Validation error at iteration 8000000 is 1.0072720680275513
Validation error at iteration 9000000 is 1.0042136329260973
Validation error at iteration 10000000 is 1.000828285574552
Validation error at iteration 11000000 is 0.9988939190088748
Validation error at iteration 12000000 is 0.9980183997989099
Validation error at iteration 13000000 is 0.9961447672497412
Validation error at iteration 14000000 is 0.9949109488350247
Validation error at iteration 15000000 is 0.9937800437771455
Validation error at iteration 16000000 is 0.9936778105740179
Validation error at iteration 17000000 is 0.9934381657993002
Validation error at iteration 18000000 is 0.9910176070766192
Validation error at iteration 19000000 is 0.9912164453627014
Validation error at iteration 20000000 is 0.9907874723860338
Validation error at iteration 21000000 is 0.9895850510589124
Validation error at iteration 22000000 is 0.989815774023821
Validation error at iteration 23000000 is 0.9896246388459791
Validation error at iteration 24000000 is 0.9897814507425475
Validation error at iteration 25000000 is 0.9888555367075228
Validation error at iteration 26000000 is 0.9885562943397489
Validation error at iteration 27000000 is 0.9889602963189897
Validation error at iteration 28000000 is 0.9880932699013559
Validation error at iteration 29000000 is 0.9881783383893187
Validation error at iteration 30000000 is 0.9874595321157534
Validation error at iteration 31000000 is 0.9877567743180687
Validation error at iteration 32000000 is 0.9869982495108021
Validation error at iteration 33000000 is 0.9873088196075389
Validation error at iteration 34000000 is 0.9869259422746653
Validation error at iteration 35000000 is 0.9860002107656064
Validation error at iteration 36000000 is 0.986669463199895
Validation error at iteration 37000000 is 0.9865031393794087
Validation error at iteration 38000000 is 0.9868185116945835
Validation error at iteration 39000000 is 0.9863807932660759
Validation error at iteration 40000000 is 0.9863412457453077
Validation error at iteration 41000000 is 0.9862588704726122
Validation error at iteration 42000000 is 0.9859419970348832
Validation error at iteration 43000000 is 0.9859809943980995
Validation error at iteration 44000000 is 0.9860540923859072
Validation error at iteration 45000000 is 0.9857629793065092
Validation error at iteration 46000000 is 0.9857640746561493
Validation error at iteration 47000000 is 0.9855088884484038
Validation error at iteration 48000000 is 0.9855686893998009
Validation error at iteration 49000000 is 0.9853569620838968
Validation error at iteration 50000000 is 0.9856621312082327
Validation error at iteration 51000000 is 0.9854794814053452
Validation error at iteration 52000000 is 0.9854264705083389
Validation error at iteration 53000000 is 0.9853456676953641
Validation error at iteration 54000000 is 0.9853656740363183
Validation error at iteration 55000000 is 0.9851736288096157
Validation error at iteration 56000000 is 0.9850446504102865
Validation error at iteration 57000000 is 0.9850479763087423
Validation error at iteration 58000000 is 0.9849729450159731
Validation error at iteration 59000000 is 0.9849713180801225
Validation error at iteration 60000000 is 0.9849329154637353
Validation error at iteration 61000000 is 0.984872422884446
Validation error at iteration 62000000 is 0.9849363804682438
Validation error at iteration 63000000 is 0.9849389858551705
Validation error at iteration 64000000 is 0.9848699187120402
Validation error at iteration 65000000 is 0.9846845705954654
Validation error at iteration 66000000 is 0.984599203737649
Validation error at iteration 67000000 is 0.9844796430192937
Validation error at iteration 68000000 is 0.9845811992428115
Validation error at iteration 69000000 is 0.9845863380819988
Validation error at iteration 70000000 is 0.9844184727719818
Validation error at iteration 71000000 is 0.9845044504978658
Validation error at iteration 72000000 is 0.9844247918093297
Validation error at iteration 73000000 is 0.984357837968717
Validation error at iteration 74000000 is 0.9843585493939098
Validation error at iteration 75000000 is 0.9843486538872737
Validation error at iteration 76000000 is 0.9842614065375258
Validation error at iteration 77000000 is 0.9842500659817048
Validation error at iteration 78000000 is 0.9841434822038546
Validation error at iteration 79000000 is 0.9841999386201572
Validation error at iteration 80000000 is 0.984205637025969
Validation error at iteration 81000000 is 0.9842130673381018
Validation error at iteration 82000000 is 0.9841237585791127
Validation error at iteration 83000000 is 0.9841105482819448
Validation error at iteration 84000000 is 0.9841448548943788
Validation error at iteration 85000000 is 0.9841925344296968
Validation error at iteration 86000000 is 0.9841892108431399
Validation error at iteration 87000000 is 0.9842377834533588
Validation error at iteration 88000000 is 0.9841794926714176
Validation error at iteration 89000000 is 0.9841853564817552
Validation error at iteration 90000000 is 0.9841014608267241
Validation error at iteration 91000000 is 0.9841091532681084
Validation error at iteration 92000000 is 0.9840791798771954
Validation error at iteration 93000000 is 0.9840678126522935
Validation error at iteration 94000000 is 0.9840917630934554
Validation error at iteration 95000000 is 0.9840699535204294
Validation error at iteration 96000000 is 0.9840890936915124
Validation error at iteration 97000000 is 0.9840877533794473
Validation error at iteration 98000000 is 0.9840595199710506
Validation error at iteration 99000000 is 0.9840351124394362
Validation error at iteration 100000000 is 0.9840646034635555
Validation error at iteration 101000000 is 0.9840545708527635
Validation error at iteration 102000000 is 0.9840182453242042
Validation error at iteration 103000000 is 0.9840108691530222
Validation error at iteration 104000000 is 0.9839829844052318
Validation error at iteration 105000000 is 0.9839487268227842
Validation error at iteration 106000000 is 0.983969780384382
Validation error at iteration 107000000 is 0.9839370176775859
Validation error at iteration 108000000 is 0.9839519060374239
Validation error at iteration 109000000 is 0.9839484743115946
Validation error at iteration 110000000 is 0.983934383649696
Validation error at iteration 111000000 is 0.983917776730862
Validation error at iteration 112000000 is 0.9839152737830855
Validation error at iteration 113000000 is 0.9839406966657687
Validation error at iteration 114000000 is 0.9839344795331068
Validation error at iteration 115000000 is 0.9839152855959998
Validation error at iteration 116000000 is 0.9838977053103387
Validation error at iteration 117000000 is 0.9838967159304303
Validation error at iteration 118000000 is 0.983898433237618
Validation error at iteration 119000000 is 0.9838907449727957
Validation error at iteration 120000000 is 0.9838943918404414
Validation error at iteration 121000000 is 0.9838777341428379
Validation error at iteration 122000000 is 0.9838771625179009
Validation error at iteration 123000000 is 0.9838854789224084
Validation error at iteration 124000000 is 0.9838910069816793
Validation error at iteration 125000000 is 0.9838901991358033
Validation error at iteration 126000000 is 0.9838863420470386
Validation error at iteration 127000000 is 0.9838780163788077
Validation error at iteration 128000000 is 0.983878581716597
Validation error at iteration 129000000 is 0.9838853836814323
Validation error at iteration 130000000 is 0.9838843955273517
Validation error at iteration 131000000 is 0.9838846046151748
Validation error at iteration 132000000 is 0.9838853075938614
Validation error at iteration 133000000 is 0.9838779727436018
Validation error at iteration 134000000 is 0.9838723600583285
Validation error at iteration 135000000 is 0.983870861337032
Validation error at iteration 136000000 is 0.9838717956107698
Validation error at iteration 137000000 is 0.9838710571855676
Validation error at iteration 138000000 is 0.983867868446639
Validation error at iteration 139000000 is 0.9838739646463478
Validation error at iteration 140000000 is 0.9838714565277532
Validation error at iteration 141000000 is 0.9838707405105925
Validation error at iteration 142000000 is 0.9838726995038639
Validation error at iteration 143000000 is 0.9838687886291426
Validation error at iteration 144000000 is 0.983870813407742
Validation error at iteration 145000000 is 0.9838736119323865
Validation error at iteration 146000000 is 0.9838701336025535
Validation error at iteration 147000000 is 0.9838708380845571
Validation error at iteration 148000000 is 0.983874416169758
Validation error at iteration 149000000 is 0.9838748482209331
Error:  0.9838751203555441
regularization vector: 0.04


Validation error at iteration 0 is 4.014606313299651
Validation error at iteration 1000000 is 1.0194607304486376
Validation error at iteration 2000000 is 1.0180242214142938
Validation error at iteration 3000000 is 1.015309270340953
Validation error at iteration 4000000 is 1.015629109783672
Validation error at iteration 5000000 is 1.0136037539300946
Validation error at iteration 6000000 is 1.0110304400833188
Validation error at iteration 7000000 is 1.0087745161090105
Validation error at iteration 8000000 is 1.0056750545849962
Validation error at iteration 9000000 is 1.0041433073972
Validation error at iteration 10000000 is 1.001233390088168
Validation error at iteration 11000000 is 0.9992084819022611
Validation error at iteration 12000000 is 0.9972681396827908
Validation error at iteration 13000000 is 0.9959834551124318
Validation error at iteration 14000000 is 0.9950860559142899
Validation error at iteration 15000000 is 0.994380085035533
Validation error at iteration 16000000 is 0.9932546993604007
Validation error at iteration 17000000 is 0.9922629081824675
Validation error at iteration 18000000 is 0.9918574038336981
Validation error at iteration 19000000 is 0.9908111641815529
Validation error at iteration 20000000 is 0.9909041097732758
Validation error at iteration 21000000 is 0.9907970774475501
Validation error at iteration 22000000 is 0.9899052799411457
Validation error at iteration 23000000 is 0.9895170629438934
Validation error at iteration 24000000 is 0.9892601056738898
Validation error at iteration 25000000 is 0.98871641710436
Validation error at iteration 26000000 is 0.9880186364658871
Validation error at iteration 27000000 is 0.9883445259829128
Validation error at iteration 28000000 is 0.9877462230586062
Validation error at iteration 29000000 is 0.9877823352628706
Validation error at iteration 30000000 is 0.9876078503281271
Validation error at iteration 31000000 is 0.9872133084144334
Validation error at iteration 32000000 is 0.9867389752786769
Validation error at iteration 33000000 is 0.9870965834152909
Validation error at iteration 34000000 is 0.9868781279216732
Validation error at iteration 35000000 is 0.9858562430380281
Validation error at iteration 36000000 is 0.9862245378703565
Validation error at iteration 37000000 is 0.9864019094261113
Validation error at iteration 38000000 is 0.986105881105483
Validation error at iteration 39000000 is 0.9862003735047977
Validation error at iteration 40000000 is 0.9857796448972219
Validation error at iteration 41000000 is 0.9857963593572957
Validation error at iteration 42000000 is 0.9855757404858009
Validation error at iteration 43000000 is 0.985181086830649
Validation error at iteration 44000000 is 0.9851476208839304
Validation error at iteration 45000000 is 0.9852246236107483
Validation error at iteration 46000000 is 0.9852389110484887
Validation error at iteration 47000000 is 0.9850037392328287
Validation error at iteration 48000000 is 0.9851645287050226
Validation error at iteration 49000000 is 0.9849662358829169
Validation error at iteration 50000000 is 0.9846888104525316
Validation error at iteration 51000000 is 0.9845710019862931
Validation error at iteration 52000000 is 0.984515228065937
Validation error at iteration 53000000 is 0.984705233312471
Validation error at iteration 54000000 is 0.9845214836428952
Validation error at iteration 55000000 is 0.9845235111892202
Validation error at iteration 56000000 is 0.9843941486462823
Validation error at iteration 57000000 is 0.9843537075394624
Validation error at iteration 58000000 is 0.9842120242552843
Validation error at iteration 59000000 is 0.9842756486131039
Validation error at iteration 60000000 is 0.9842496685436662
Validation error at iteration 61000000 is 0.9840832406467331
Validation error at iteration 62000000 is 0.9842795967525827
Validation error at iteration 63000000 is 0.9842750829711547
Validation error at iteration 64000000 is 0.9839774065036313
Validation error at iteration 65000000 is 0.9838508167314308
Validation error at iteration 66000000 is 0.9837400656989452
Validation error at iteration 67000000 is 0.983817032058693
Validation error at iteration 68000000 is 0.9837048622158476
Validation error at iteration 69000000 is 0.9836958886290814
Validation error at iteration 70000000 is 0.9836896561984966
Validation error at iteration 71000000 is 0.9837198317909223
Validation error at iteration 72000000 is 0.9836217571743346
Validation error at iteration 73000000 is 0.9835646563871006
Validation error at iteration 74000000 is 0.9835268709110631
Validation error at iteration 75000000 is 0.9836521638168993
Validation error at iteration 76000000 is 0.9835811277537962
Validation error at iteration 77000000 is 0.9836413717824709
Validation error at iteration 78000000 is 0.9836886510779774
Validation error at iteration 79000000 is 0.9835901637886708
Validation error at iteration 80000000 is 0.9834824904738605
Validation error at iteration 81000000 is 0.983486220132348
Validation error at iteration 82000000 is 0.9834877936562479
Validation error at iteration 83000000 is 0.9834708765060043
Validation error at iteration 84000000 is 0.9834822566465776
Validation error at iteration 85000000 is 0.9833577205143974
Validation error at iteration 86000000 is 0.9833876835189721
Validation error at iteration 87000000 is 0.983446682951659
Validation error at iteration 88000000 is 0.9833773006831865
Validation error at iteration 89000000 is 0.9833692765589688
Validation error at iteration 90000000 is 0.9834304589315702
Validation error at iteration 91000000 is 0.983413169162064
Validation error at iteration 92000000 is 0.9833905801160103
Validation error at iteration 93000000 is 0.9834095793968831
Validation error at iteration 94000000 is 0.9834097318687394
Validation error at iteration 95000000 is 0.9834030530868109
Validation error at iteration 96000000 is 0.9833553653944803
Validation error at iteration 97000000 is 0.9833472122241986
Validation error at iteration 98000000 is 0.9833401927550393
Validation error at iteration 99000000 is 0.9833467883783363
Validation error at iteration 100000000 is 0.98333686676942
Validation error at iteration 101000000 is 0.9833175363237872
Validation error at iteration 102000000 is 0.9833129352194561
Validation error at iteration 103000000 is 0.9832824211129239
Validation error at iteration 104000000 is 0.9832645936001985
Validation error at iteration 105000000 is 0.9832804507104832
Validation error at iteration 106000000 is 0.9832749701325464
Validation error at iteration 107000000 is 0.9832625836020313
Validation error at iteration 108000000 is 0.9832521353557956
Validation error at iteration 109000000 is 0.9832519416818852
Validation error at iteration 110000000 is 0.9832542344308755
Validation error at iteration 111000000 is 0.9832454603477009
Validation error at iteration 112000000 is 0.9832515661830631
Validation error at iteration 113000000 is 0.9832459365169715
Validation error at iteration 114000000 is 0.9832485886826792
Validation error at iteration 115000000 is 0.9832316156686427
Validation error at iteration 116000000 is 0.9832437667272189
Validation error at iteration 117000000 is 0.9832576531335309
Validation error at iteration 118000000 is 0.9832559623360287
Validation error at iteration 119000000 is 0.9832630999649069
Validation error at iteration 120000000 is 0.9832740843638359
Validation error at iteration 121000000 is 0.9832734620507717
Validation error at iteration 122000000 is 0.9832627993397913
Validation error at iteration 123000000 is 0.9832677413993042
Validation error at iteration 124000000 is 0.9832698087904886
Validation error at iteration 125000000 is 0.9832673620920864
Validation error at iteration 126000000 is 0.9832667247119885
Validation error at iteration 127000000 is 0.9832727979034566
Validation error at iteration 128000000 is 0.9832658688085999
Validation error at iteration 129000000 is 0.9832691053593939
Validation error at iteration 130000000 is 0.9832607822158648
Validation error at iteration 131000000 is 0.9832505636902411
Validation error at iteration 132000000 is 0.9832452554575543
Validation error at iteration 133000000 is 0.9832357502868677
Validation error at iteration 134000000 is 0.9832321993436832
Validation error at iteration 135000000 is 0.9832410421900923
Validation error at iteration 136000000 is 0.983239315553589
Validation error at iteration 137000000 is 0.9832376954392814
Validation error at iteration 138000000 is 0.9832307823649848
Validation error at iteration 139000000 is 0.9832286879948389
Validation error at iteration 140000000 is 0.983227676050773
Validation error at iteration 141000000 is 0.9832274104846587
Validation error at iteration 142000000 is 0.9832269843899683
Validation error at iteration 143000000 is 0.9832307229818358
Validation error at iteration 144000000 is 0.9832336729867828
Validation error at iteration 145000000 is 0.9832268800986453
Validation error at iteration 146000000 is 0.9832265726775383
Validation error at iteration 147000000 is 0.9832276496058261
Validation error at iteration 148000000 is 0.9832261431936862
Validation error at iteration 149000000 is 0.9832247102941919
Error:  0.9832253420338372
{0.01: 0.9834524382641276,
 0.02: 0.9841091328063764,
 0.03: 0.9838751203555441,
 0.04: 0.9832253420338372}
