+=+=+=+=+Generial options+=+=+=+=+
Number of iterations: 150000000
Training set size (ratio): 0.88
+=+=+=+=+Regularisation Vector parameters+=+=+=+=+
Starting value: 0.05
Ending value: 0.08
Number of values: 4
regularization vector: 0.05


Validation error at iteration 0 is 4.0142487725891245
Validation error at iteration 1000000 is 1.0173944567817728
Validation error at iteration 2000000 is 1.0166004679770417
Validation error at iteration 3000000 is 1.016135914706505
Validation error at iteration 4000000 is 1.0155574565423515
Validation error at iteration 5000000 is 1.0143173231337044
Validation error at iteration 6000000 is 1.0128984886022065
Validation error at iteration 7000000 is 1.010085359838423
Validation error at iteration 8000000 is 1.005298495537393
Validation error at iteration 9000000 is 1.0044603015081017
Validation error at iteration 10000000 is 1.0010912078539158
Validation error at iteration 11000000 is 0.9984309878025909
Validation error at iteration 12000000 is 0.9982301065138053
Validation error at iteration 13000000 is 0.9959164351685532
Validation error at iteration 14000000 is 0.9948912022573309
Validation error at iteration 15000000 is 0.9933805846703092
Validation error at iteration 16000000 is 0.9922668788709434
Validation error at iteration 17000000 is 0.9910878406039092
Validation error at iteration 18000000 is 0.9910380363438046
Validation error at iteration 19000000 is 0.9906879654212666
Validation error at iteration 20000000 is 0.9896159876401918
Validation error at iteration 21000000 is 0.9894943811685122
Validation error at iteration 22000000 is 0.98934868084279
Validation error at iteration 23000000 is 0.9885653071584445
Validation error at iteration 24000000 is 0.9887832519818248
Validation error at iteration 25000000 is 0.9886037349116932
Validation error at iteration 26000000 is 0.9881993429302559
Validation error at iteration 27000000 is 0.9871610265327353
Validation error at iteration 28000000 is 0.9867083017918058
Validation error at iteration 29000000 is 0.9871573913218266
Validation error at iteration 30000000 is 0.9872162543970937
Validation error at iteration 31000000 is 0.9868795229159056
Validation error at iteration 32000000 is 0.9862867512944994
Validation error at iteration 33000000 is 0.9860849994633802
Validation error at iteration 34000000 is 0.9860859320766396
Validation error at iteration 35000000 is 0.985777740726923
Validation error at iteration 36000000 is 0.9855658074800633
Validation error at iteration 37000000 is 0.985885480387138
Validation error at iteration 38000000 is 0.98549628249861
Validation error at iteration 39000000 is 0.9856118481636651
Validation error at iteration 40000000 is 0.9856761001056306
Validation error at iteration 41000000 is 0.9852737562287728
Validation error at iteration 42000000 is 0.9850931537954664
Validation error at iteration 43000000 is 0.9845664335692876
Validation error at iteration 44000000 is 0.9848911164113364
Validation error at iteration 45000000 is 0.9847250059997127
Validation error at iteration 46000000 is 0.9847704973849486
Validation error at iteration 47000000 is 0.9845483670046044
Validation error at iteration 48000000 is 0.9842578953583532
Validation error at iteration 49000000 is 0.9841685298212559
Validation error at iteration 50000000 is 0.9839856971288619
Validation error at iteration 51000000 is 0.9842338874037204
Validation error at iteration 52000000 is 0.9841926858016498
Validation error at iteration 53000000 is 0.984290720353097
Validation error at iteration 54000000 is 0.9838546496965246
Validation error at iteration 55000000 is 0.9838637174999528
Validation error at iteration 56000000 is 0.9839211891248172
Validation error at iteration 57000000 is 0.9837761704628264
Validation error at iteration 58000000 is 0.9837619392551843
Validation error at iteration 59000000 is 0.9839122785133935
Validation error at iteration 60000000 is 0.9837282142104176
Validation error at iteration 61000000 is 0.9837727087965629
Validation error at iteration 62000000 is 0.9835300522694247
Validation error at iteration 63000000 is 0.9834172259093588
Validation error at iteration 64000000 is 0.9834971155911922
Validation error at iteration 65000000 is 0.9834598309242828
Validation error at iteration 66000000 is 0.983442206595619
Validation error at iteration 67000000 is 0.9834891738863185
Validation error at iteration 68000000 is 0.9833933408987107
Validation error at iteration 69000000 is 0.9832148169777519
Validation error at iteration 70000000 is 0.9834306046130473
Validation error at iteration 71000000 is 0.9834578852222575
Validation error at iteration 72000000 is 0.9832070635967229
Validation error at iteration 73000000 is 0.9832650591597073
Validation error at iteration 74000000 is 0.9831973064008099
Validation error at iteration 75000000 is 0.983160129487578
Validation error at iteration 76000000 is 0.9831983509090446
Validation error at iteration 77000000 is 0.9832424338306437
Validation error at iteration 78000000 is 0.9832652726085758
Validation error at iteration 79000000 is 0.9831889417683862
Validation error at iteration 80000000 is 0.9832088290102068
Validation error at iteration 81000000 is 0.9830564464943645
Validation error at iteration 82000000 is 0.9829760498635685
Validation error at iteration 83000000 is 0.9830882077469364
Validation error at iteration 84000000 is 0.9831276610076423
Validation error at iteration 85000000 is 0.9830345896508711
Validation error at iteration 86000000 is 0.983016312683128
Validation error at iteration 87000000 is 0.9830516653742425
Validation error at iteration 88000000 is 0.9830342665989157
Validation error at iteration 89000000 is 0.9830319465015099
Validation error at iteration 90000000 is 0.9830344426806137
Validation error at iteration 91000000 is 0.9830233242402325
Validation error at iteration 92000000 is 0.983029239923598
Validation error at iteration 93000000 is 0.9830331322371396
Validation error at iteration 94000000 is 0.983064468604601
Validation error at iteration 95000000 is 0.9830123909659458
Validation error at iteration 96000000 is 0.9830435475234547
Validation error at iteration 97000000 is 0.9830531045693164
Validation error at iteration 98000000 is 0.9830249845516451
Validation error at iteration 99000000 is 0.9829929124990335
Validation error at iteration 100000000 is 0.9829889641420312
Validation error at iteration 101000000 is 0.9829676465539408
Validation error at iteration 102000000 is 0.9829528159880655
Validation error at iteration 103000000 is 0.982932473111363
Validation error at iteration 104000000 is 0.982924449413267
Validation error at iteration 105000000 is 0.9829333534431406
Validation error at iteration 106000000 is 0.9829493182339418
Validation error at iteration 107000000 is 0.9829266423648446
Validation error at iteration 108000000 is 0.9829134694453546
Validation error at iteration 109000000 is 0.9829098307751047
Validation error at iteration 110000000 is 0.9828876192694922
Validation error at iteration 111000000 is 0.9828928633108697
Validation error at iteration 112000000 is 0.9828669993616188
Validation error at iteration 113000000 is 0.9828592603068699
Validation error at iteration 114000000 is 0.9828680117191568
Validation error at iteration 115000000 is 0.9828767891117801
Validation error at iteration 116000000 is 0.9828796752592583
Validation error at iteration 117000000 is 0.9828889398127509
Validation error at iteration 118000000 is 0.9828866194389537
Validation error at iteration 119000000 is 0.9828591107493092
Validation error at iteration 120000000 is 0.9828593050880268
Validation error at iteration 121000000 is 0.9828501495926617
Validation error at iteration 122000000 is 0.9828436617578011
Validation error at iteration 123000000 is 0.982844868437413
Validation error at iteration 124000000 is 0.98284261725755
Validation error at iteration 125000000 is 0.9828481782884384
Validation error at iteration 126000000 is 0.9828341218049347
Validation error at iteration 127000000 is 0.9828418567204648
Validation error at iteration 128000000 is 0.9828293570575425
Validation error at iteration 129000000 is 0.9828217531772474
Validation error at iteration 130000000 is 0.9828273320780982
Validation error at iteration 131000000 is 0.9828302785767153
Validation error at iteration 132000000 is 0.9828286431745558
Validation error at iteration 133000000 is 0.9828301467528494
Validation error at iteration 134000000 is 0.9828341525886088
Validation error at iteration 135000000 is 0.9828279432410674
Validation error at iteration 136000000 is 0.9828238933573917
Validation error at iteration 137000000 is 0.9828274750331077
Validation error at iteration 138000000 is 0.9828279057079512
Validation error at iteration 139000000 is 0.9828258154664521
Validation error at iteration 140000000 is 0.9828275137396867
Validation error at iteration 141000000 is 0.9828201935157213
Validation error at iteration 142000000 is 0.9828197719826209
Validation error at iteration 143000000 is 0.9828183492096924
Validation error at iteration 144000000 is 0.982818138275732
Validation error at iteration 145000000 is 0.9828152731784316
Validation error at iteration 146000000 is 0.9828134028688823
Validation error at iteration 147000000 is 0.982816701265565
Validation error at iteration 148000000 is 0.9828138900032513
Validation error at iteration 149000000 is 0.9828147695731061
Error:  0.9828137999025579
regularization vector: 0.060000000000000005


Validation error at iteration 0 is 4.01392852657895
Validation error at iteration 1000000 is 1.0170436306742763
Validation error at iteration 2000000 is 1.0165636609855042
Validation error at iteration 3000000 is 1.0174745677536317
Validation error at iteration 4000000 is 1.0158837217753514
Validation error at iteration 5000000 is 1.0129258130081813
Validation error at iteration 6000000 is 1.0131031083756559
Validation error at iteration 7000000 is 1.0089540262636667
Validation error at iteration 8000000 is 1.0058790455372464
Validation error at iteration 9000000 is 1.0025083094191714
Validation error at iteration 10000000 is 1.000627023459873
Validation error at iteration 11000000 is 1.0002877849001943
Validation error at iteration 12000000 is 0.9979112711875558
Validation error at iteration 13000000 is 0.9965248598497481
Validation error at iteration 14000000 is 0.9949860426327619
Validation error at iteration 15000000 is 0.9944419764265726
Validation error at iteration 16000000 is 0.992616496368608
Validation error at iteration 17000000 is 0.9924921597653305
Validation error at iteration 18000000 is 0.992300881583728
Validation error at iteration 19000000 is 0.9910699349460612
Validation error at iteration 20000000 is 0.9907422456963793
Validation error at iteration 21000000 is 0.9900424493973445
Validation error at iteration 22000000 is 0.9896818119946248
Validation error at iteration 23000000 is 0.9892159813923873
Validation error at iteration 24000000 is 0.9898536638819935
Validation error at iteration 25000000 is 0.9888161215341362
Validation error at iteration 26000000 is 0.9882982385133554
Validation error at iteration 27000000 is 0.9881556592137436
Validation error at iteration 28000000 is 0.9879845274223844
Validation error at iteration 29000000 is 0.9877700671582069
Validation error at iteration 30000000 is 0.9877520642152176
Validation error at iteration 31000000 is 0.9875449771909482
Validation error at iteration 32000000 is 0.987412953100412
Validation error at iteration 33000000 is 0.9869649108911901
Validation error at iteration 34000000 is 0.9864837274965842
Validation error at iteration 35000000 is 0.9868385145610618
Validation error at iteration 36000000 is 0.9865987960351319
Validation error at iteration 37000000 is 0.9862891950784124
Validation error at iteration 38000000 is 0.9861362301035945
Validation error at iteration 39000000 is 0.9859293568932356
Validation error at iteration 40000000 is 0.9858194533303853
Validation error at iteration 41000000 is 0.9857349271793102
Validation error at iteration 42000000 is 0.9858429110788117
Validation error at iteration 43000000 is 0.9855104991621584
Validation error at iteration 44000000 is 0.9855776764176989
Validation error at iteration 45000000 is 0.9856091187264763
Validation error at iteration 46000000 is 0.9850879119645276
Validation error at iteration 47000000 is 0.9851068067912924
Validation error at iteration 48000000 is 0.985129026476703
Validation error at iteration 49000000 is 0.9849978282569359
Validation error at iteration 50000000 is 0.9852149585541371
Validation error at iteration 51000000 is 0.9851293590218874
Validation error at iteration 52000000 is 0.9848431325045309
Validation error at iteration 53000000 is 0.9847777981018165
Validation error at iteration 54000000 is 0.9848648148402074
Validation error at iteration 55000000 is 0.9847856129966572
Validation error at iteration 56000000 is 0.9847640824416783
Validation error at iteration 57000000 is 0.9846551120357216
Validation error at iteration 58000000 is 0.9844560182274693
Validation error at iteration 59000000 is 0.9845453046066113
Validation error at iteration 60000000 is 0.9844557546199582
Validation error at iteration 61000000 is 0.9844927792193665
Validation error at iteration 62000000 is 0.9843723421066696
Validation error at iteration 63000000 is 0.9845077908008247
Validation error at iteration 64000000 is 0.9843494509114035
Validation error at iteration 65000000 is 0.9842558505689457
Validation error at iteration 66000000 is 0.9842574568966902
Validation error at iteration 67000000 is 0.9841709310031516
Validation error at iteration 68000000 is 0.9842416179734745
Validation error at iteration 69000000 is 0.9841616952973091
Validation error at iteration 70000000 is 0.9841149789624407
Validation error at iteration 71000000 is 0.9839364273785658
Validation error at iteration 72000000 is 0.9838686515796548
Validation error at iteration 73000000 is 0.9838522473981821
Validation error at iteration 74000000 is 0.9838961956571443
Validation error at iteration 75000000 is 0.9837311133563466
Validation error at iteration 76000000 is 0.9838563852473785
Validation error at iteration 77000000 is 0.9838131150508244
Validation error at iteration 78000000 is 0.983730434246209
Validation error at iteration 79000000 is 0.983782059888614
Validation error at iteration 80000000 is 0.9837899516096181
Validation error at iteration 81000000 is 0.9836847923737756
Validation error at iteration 82000000 is 0.9837805575892671
Validation error at iteration 83000000 is 0.9837330853463057
Validation error at iteration 84000000 is 0.9836988744831986
Validation error at iteration 85000000 is 0.9836955697871084
Validation error at iteration 86000000 is 0.9837127716874188
Validation error at iteration 87000000 is 0.9837959446047762
Validation error at iteration 88000000 is 0.9837474450859667
Validation error at iteration 89000000 is 0.9837135251607165
Validation error at iteration 90000000 is 0.9837146533840867
Validation error at iteration 91000000 is 0.9837407986259201
Validation error at iteration 92000000 is 0.9837699347880705
Validation error at iteration 93000000 is 0.9837188316905832
Validation error at iteration 94000000 is 0.983721441105626
Validation error at iteration 95000000 is 0.9837229226573326
Validation error at iteration 96000000 is 0.9836742943202115
Validation error at iteration 97000000 is 0.9836306038385038
Validation error at iteration 98000000 is 0.98366332851584
Validation error at iteration 99000000 is 0.9836042910432753
Validation error at iteration 100000000 is 0.9836302117826101
Validation error at iteration 101000000 is 0.9835824143017982
Validation error at iteration 102000000 is 0.9835706887057263
Validation error at iteration 103000000 is 0.9835695619022344
Validation error at iteration 104000000 is 0.983548639639454
Validation error at iteration 105000000 is 0.9835577534696247
Validation error at iteration 106000000 is 0.9835199209942179
Validation error at iteration 107000000 is 0.9835240486551967
Validation error at iteration 108000000 is 0.9834896443800474
Validation error at iteration 109000000 is 0.9835258920474966
Validation error at iteration 110000000 is 0.9835381748925003
Validation error at iteration 111000000 is 0.9835306761299496
Validation error at iteration 112000000 is 0.9835578875122822
Validation error at iteration 113000000 is 0.9835885336130336
Validation error at iteration 114000000 is 0.9835883458947998
Validation error at iteration 115000000 is 0.9835676953317078
Validation error at iteration 116000000 is 0.9835520270407618
Validation error at iteration 117000000 is 0.9835373069731341
Validation error at iteration 118000000 is 0.9835234337031056
Validation error at iteration 119000000 is 0.9835439668719342
Validation error at iteration 120000000 is 0.9835520380236146
Validation error at iteration 121000000 is 0.983554154208514
Validation error at iteration 122000000 is 0.9835528892260774
Validation error at iteration 123000000 is 0.9835429862344954
Validation error at iteration 124000000 is 0.9835413464018419
Validation error at iteration 125000000 is 0.9835514482081961
Validation error at iteration 126000000 is 0.9835515706840285
Validation error at iteration 127000000 is 0.983541490735499
Validation error at iteration 128000000 is 0.983549007255786
Validation error at iteration 129000000 is 0.9835447582578745
Validation error at iteration 130000000 is 0.9835482751677194
Validation error at iteration 131000000 is 0.9835477728719969
Validation error at iteration 132000000 is 0.9835474087872861
Validation error at iteration 133000000 is 0.9835469065204967
Validation error at iteration 134000000 is 0.983545808297191
Validation error at iteration 135000000 is 0.9835447953298424
Validation error at iteration 136000000 is 0.9835351694350708
Validation error at iteration 137000000 is 0.9835305563024879
Validation error at iteration 138000000 is 0.9835295990463911
Validation error at iteration 139000000 is 0.9835312643975846
Validation error at iteration 140000000 is 0.9835280846854143
Validation error at iteration 141000000 is 0.9835261803897014
Validation error at iteration 142000000 is 0.9835295107532918
Validation error at iteration 143000000 is 0.9835261508874094
Validation error at iteration 144000000 is 0.9835267390789519
Validation error at iteration 145000000 is 0.9835251408506811
Validation error at iteration 146000000 is 0.983527135409578
Validation error at iteration 147000000 is 0.9835269139230937
Validation error at iteration 148000000 is 0.9835284454174745
Validation error at iteration 149000000 is 0.9835266562228151
Error:  0.9835234113907589
regularization vector: 0.07


Validation error at iteration 0 is 4.0141941322915695
Validation error at iteration 1000000 is 1.0176071387122363
Validation error at iteration 2000000 is 1.0177877549146692
Validation error at iteration 3000000 is 1.0147936917896838
Validation error at iteration 4000000 is 1.0151645304646169
Validation error at iteration 5000000 is 1.0146975812827757
Validation error at iteration 6000000 is 1.0113957622489453
Validation error at iteration 7000000 is 1.009636524230425
Validation error at iteration 8000000 is 1.0060707035292553
Validation error at iteration 9000000 is 1.001947783854018
Validation error at iteration 10000000 is 1.0011496249046108
Validation error at iteration 11000000 is 0.9985860609612587
Validation error at iteration 12000000 is 0.9973102492445695
Validation error at iteration 13000000 is 0.9960295123237197
Validation error at iteration 14000000 is 0.9954990874864635
Validation error at iteration 15000000 is 0.9934702110862359
Validation error at iteration 16000000 is 0.992561550112057
Validation error at iteration 17000000 is 0.9926386823913911
Validation error at iteration 18000000 is 0.9924778025971961
Validation error at iteration 19000000 is 0.9912675704498536
Validation error at iteration 20000000 is 0.9905120068234164
Validation error at iteration 21000000 is 0.9905637290478049
Validation error at iteration 22000000 is 0.9897771475007141
Validation error at iteration 23000000 is 0.9895742354861655
Validation error at iteration 24000000 is 0.9894304989968012
Validation error at iteration 25000000 is 0.9893670624046124
Validation error at iteration 26000000 is 0.9889206404323514
Validation error at iteration 27000000 is 0.988510503589073
Validation error at iteration 28000000 is 0.988097168749077
Validation error at iteration 29000000 is 0.987409074841618
Validation error at iteration 30000000 is 0.987882620475819
Validation error at iteration 31000000 is 0.9879860195859863
Validation error at iteration 32000000 is 0.9875127450792316
Validation error at iteration 33000000 is 0.9877827668353842
Validation error at iteration 34000000 is 0.9873808963148201
Validation error at iteration 35000000 is 0.9871735003283193
Validation error at iteration 36000000 is 0.9868336733352365
Validation error at iteration 37000000 is 0.9862306022529056
Validation error at iteration 38000000 is 0.9860320745163782
Validation error at iteration 39000000 is 0.9866075252159414
Validation error at iteration 40000000 is 0.9864264548728494
Validation error at iteration 41000000 is 0.9867109194447253
Validation error at iteration 42000000 is 0.9858633298137051
Validation error at iteration 43000000 is 0.9859116183315486
Validation error at iteration 44000000 is 0.9861686590943208
Validation error at iteration 45000000 is 0.9861056140925182
Validation error at iteration 46000000 is 0.986047417077087
Validation error at iteration 47000000 is 0.9860205997170869
Validation error at iteration 48000000 is 0.9856984858092193
Validation error at iteration 49000000 is 0.9858068887581931
Validation error at iteration 50000000 is 0.9857675577087236
Validation error at iteration 51000000 is 0.9855062236715231
Validation error at iteration 52000000 is 0.9853238529227493
Validation error at iteration 53000000 is 0.9854997788474966
Validation error at iteration 54000000 is 0.9851807961040414
Validation error at iteration 55000000 is 0.9854800726963833
Validation error at iteration 56000000 is 0.9854286838168953
Validation error at iteration 57000000 is 0.9851909100273477
Validation error at iteration 58000000 is 0.9848478845105811
Validation error at iteration 59000000 is 0.9849079789870058
Validation error at iteration 60000000 is 0.9849869421159464
Validation error at iteration 61000000 is 0.9848570769657596
Validation error at iteration 62000000 is 0.984861621685119
Validation error at iteration 63000000 is 0.9849696700344438
Validation error at iteration 64000000 is 0.984928402346006
Validation error at iteration 65000000 is 0.9849480169545352
Validation error at iteration 66000000 is 0.9847063477511334
Validation error at iteration 67000000 is 0.9847204316190591
Validation error at iteration 68000000 is 0.9847793858796486
Validation error at iteration 69000000 is 0.9844780387788747
Validation error at iteration 70000000 is 0.9846013111256497
Validation error at iteration 71000000 is 0.9846020991869622
Validation error at iteration 72000000 is 0.9845069664194659
Validation error at iteration 73000000 is 0.9845415464349135
Validation error at iteration 74000000 is 0.9844781786909508
Validation error at iteration 75000000 is 0.9844195838118638
Validation error at iteration 76000000 is 0.9844338738072413
Validation error at iteration 77000000 is 0.9843699405531716
Validation error at iteration 78000000 is 0.9843502261293784
Validation error at iteration 79000000 is 0.9844419267052178
Validation error at iteration 80000000 is 0.9843566007429677
Validation error at iteration 81000000 is 0.9842815588837336
Validation error at iteration 82000000 is 0.9843263756762375
Validation error at iteration 83000000 is 0.9842345881501728
Validation error at iteration 84000000 is 0.9841749624166034
Validation error at iteration 85000000 is 0.9842118662077526
Validation error at iteration 86000000 is 0.9842288721105376
Validation error at iteration 87000000 is 0.9842671793655473
Validation error at iteration 88000000 is 0.9842291758482867
Validation error at iteration 89000000 is 0.9842063315983967
Validation error at iteration 90000000 is 0.9842007145369874
Validation error at iteration 91000000 is 0.984224804868414
Validation error at iteration 92000000 is 0.984205526002024
Validation error at iteration 93000000 is 0.9842322952851287
Validation error at iteration 94000000 is 0.9841970125665377
Validation error at iteration 95000000 is 0.9842434688089091
Validation error at iteration 96000000 is 0.9842190210137275
Validation error at iteration 97000000 is 0.9841916335847258
Validation error at iteration 98000000 is 0.9841504372410546
Validation error at iteration 99000000 is 0.9841336030491687
Validation error at iteration 100000000 is 0.9841271595836838
Validation error at iteration 101000000 is 0.9841603979519157
Validation error at iteration 102000000 is 0.9841634129444555
Validation error at iteration 103000000 is 0.9841774007276066
Validation error at iteration 104000000 is 0.9841342694348978
Validation error at iteration 105000000 is 0.984142015797993
Validation error at iteration 106000000 is 0.9841431980315959
Validation error at iteration 107000000 is 0.9841537922059032
Validation error at iteration 108000000 is 0.9841569788141606
Validation error at iteration 109000000 is 0.9841561176327922
Validation error at iteration 110000000 is 0.9841509177986068
Validation error at iteration 111000000 is 0.9841522666743648
Validation error at iteration 112000000 is 0.9841219083643591
Validation error at iteration 113000000 is 0.9840918838490901
Validation error at iteration 114000000 is 0.9841093589901674
Validation error at iteration 115000000 is 0.9840901651483063
Validation error at iteration 116000000 is 0.9840850147117831
Validation error at iteration 117000000 is 0.9840906365939269
Validation error at iteration 118000000 is 0.9840808713427522
Validation error at iteration 119000000 is 0.9840918959573819
Validation error at iteration 120000000 is 0.9840751604251158
Validation error at iteration 121000000 is 0.9840635168005051
Validation error at iteration 122000000 is 0.9840720972013438
Validation error at iteration 123000000 is 0.9840739367486863
Validation error at iteration 124000000 is 0.9840788140626405
Validation error at iteration 125000000 is 0.9840766686276748
Validation error at iteration 126000000 is 0.9840728739856337
Validation error at iteration 127000000 is 0.9840634875987155
Validation error at iteration 128000000 is 0.9840557427031159
Validation error at iteration 129000000 is 0.9840577480854805
Validation error at iteration 130000000 is 0.9840491622642228
Validation error at iteration 131000000 is 0.9840472997098509
Validation error at iteration 132000000 is 0.9840388295629094
Validation error at iteration 133000000 is 0.984042254952064
Validation error at iteration 134000000 is 0.9840367853102555
Validation error at iteration 135000000 is 0.9840427428534868
Validation error at iteration 136000000 is 0.984043753247767
Validation error at iteration 137000000 is 0.9840373470405128
Validation error at iteration 138000000 is 0.984031742798035
Validation error at iteration 139000000 is 0.9840263793316713
Validation error at iteration 140000000 is 0.984026203792175
Validation error at iteration 141000000 is 0.984024956382921
Validation error at iteration 142000000 is 0.9840211903621967
Validation error at iteration 143000000 is 0.9840199187115807
Validation error at iteration 144000000 is 0.984016226094969
Validation error at iteration 145000000 is 0.9840103412112249
Validation error at iteration 146000000 is 0.9840124430361709
Validation error at iteration 147000000 is 0.9840124991243919
Validation error at iteration 148000000 is 0.9840104804962515
Validation error at iteration 149000000 is 0.9840089780797918
Error:  0.9840078749359052
regularization vector: 0.08


Validation error at iteration 0 is 4.014508571561981
Validation error at iteration 1000000 is 1.0185708367655306
Validation error at iteration 2000000 is 1.0163362228076862
Validation error at iteration 3000000 is 1.0155144872948916
Validation error at iteration 4000000 is 1.0150369926235525
Validation error at iteration 5000000 is 1.0143363945787953
Validation error at iteration 6000000 is 1.011835955506814
Validation error at iteration 7000000 is 1.0096048525675092
Validation error at iteration 8000000 is 1.0069547211663896
Validation error at iteration 9000000 is 1.0032837850977636
Validation error at iteration 10000000 is 1.000276721538807
Validation error at iteration 11000000 is 0.9990206630042717
Validation error at iteration 12000000 is 0.9983842908724425
Validation error at iteration 13000000 is 0.9961723205649778
Validation error at iteration 14000000 is 0.9958353935459006
Validation error at iteration 15000000 is 0.9940810305526646
Validation error at iteration 16000000 is 0.9937323098771599
Validation error at iteration 17000000 is 0.9918234096933163
Validation error at iteration 18000000 is 0.9919774725755514
Validation error at iteration 19000000 is 0.9913330786565022
Validation error at iteration 20000000 is 0.9903213725522227
Validation error at iteration 21000000 is 0.9897551669699336
Validation error at iteration 22000000 is 0.9893579029886084
Validation error at iteration 23000000 is 0.9896280017775891
Validation error at iteration 24000000 is 0.9883287497831964
Validation error at iteration 25000000 is 0.9882056847755636
Validation error at iteration 26000000 is 0.9883078692894907
Validation error at iteration 27000000 is 0.9875500983459804
Validation error at iteration 28000000 is 0.9877347017171089
Validation error at iteration 29000000 is 0.9871936129361435
Validation error at iteration 30000000 is 0.9877230402569911
Validation error at iteration 31000000 is 0.9867556834298828
Validation error at iteration 32000000 is 0.9868070460623644
Validation error at iteration 33000000 is 0.9867713039070539
Validation error at iteration 34000000 is 0.986335704556246
Validation error at iteration 35000000 is 0.9866531259158586
Validation error at iteration 36000000 is 0.9863230488104276
Validation error at iteration 37000000 is 0.9860291164155804
Validation error at iteration 38000000 is 0.9862509616747089
Validation error at iteration 39000000 is 0.9858869397384743
Validation error at iteration 40000000 is 0.985968242447243
Validation error at iteration 41000000 is 0.9855469929618655
Validation error at iteration 42000000 is 0.985598457908517
Validation error at iteration 43000000 is 0.9856175231689084
Validation error at iteration 44000000 is 0.985012355392318
Validation error at iteration 45000000 is 0.9852049041493696
Validation error at iteration 46000000 is 0.9851656289986828
Validation error at iteration 47000000 is 0.9851228714348975
Validation error at iteration 48000000 is 0.9847497661304462
Validation error at iteration 49000000 is 0.9849771183484622
Validation error at iteration 50000000 is 0.9847096951336691
Validation error at iteration 51000000 is 0.9847823850214864
Validation error at iteration 52000000 is 0.9845497811510342
Validation error at iteration 53000000 is 0.9847380972544857
Validation error at iteration 54000000 is 0.9845537176654724
Validation error at iteration 55000000 is 0.9843397053966777
Validation error at iteration 56000000 is 0.9846046047101408
Validation error at iteration 57000000 is 0.9842525660948708
Validation error at iteration 58000000 is 0.9842009712730752
Validation error at iteration 59000000 is 0.9841967394258373
Validation error at iteration 60000000 is 0.9840098468835378
Validation error at iteration 61000000 is 0.9840275791416478
Validation error at iteration 62000000 is 0.9841065651006826
Validation error at iteration 63000000 is 0.9839844860045827
Validation error at iteration 64000000 is 0.9838397366810986
Validation error at iteration 65000000 is 0.9838252798664677
Validation error at iteration 66000000 is 0.9838704726372056
Validation error at iteration 67000000 is 0.9837696761022089
Validation error at iteration 68000000 is 0.9838717959570932
Validation error at iteration 69000000 is 0.9837843208906204
Validation error at iteration 70000000 is 0.9837986449059737
Validation error at iteration 71000000 is 0.9836906704452657
Validation error at iteration 72000000 is 0.9837529852622376
Validation error at iteration 73000000 is 0.9838301575917496
Validation error at iteration 74000000 is 0.9837194911174809
Validation error at iteration 75000000 is 0.9837207309172671
Validation error at iteration 76000000 is 0.9836761904856293
Validation error at iteration 77000000 is 0.9836950361794684
Validation error at iteration 78000000 is 0.9837039677006184
Validation error at iteration 79000000 is 0.9836996640576187
Validation error at iteration 80000000 is 0.9836499693127021
Validation error at iteration 81000000 is 0.9835914374738206
Validation error at iteration 82000000 is 0.9835537999451722
Validation error at iteration 83000000 is 0.983572650246177
Validation error at iteration 84000000 is 0.9835439656479112
Validation error at iteration 85000000 is 0.9835282976026727
Validation error at iteration 86000000 is 0.9834902168147429
Validation error at iteration 87000000 is 0.9835450325021587
Validation error at iteration 88000000 is 0.9835092294180239
Validation error at iteration 89000000 is 0.9835374182645619
Validation error at iteration 90000000 is 0.9835336430474501
Validation error at iteration 91000000 is 0.9835012268944882
Validation error at iteration 92000000 is 0.9834632687998625
Validation error at iteration 93000000 is 0.9835035390126282
Validation error at iteration 94000000 is 0.9834991154632191
Validation error at iteration 95000000 is 0.9834856511253688
Validation error at iteration 96000000 is 0.9835167924572997
Validation error at iteration 97000000 is 0.9834718238854602
Validation error at iteration 98000000 is 0.9834739212972415
Validation error at iteration 99000000 is 0.9834388246793501
Validation error at iteration 100000000 is 0.983426046127582
Validation error at iteration 101000000 is 0.983401781997018
Validation error at iteration 102000000 is 0.9833965477091943
Validation error at iteration 103000000 is 0.9833999124948303
Validation error at iteration 104000000 is 0.9833963340087074
Validation error at iteration 105000000 is 0.9834007969253621
Validation error at iteration 106000000 is 0.9834026885545664
Validation error at iteration 107000000 is 0.9833968409891659
Validation error at iteration 108000000 is 0.9833648944386543
Validation error at iteration 109000000 is 0.9833724767501799
Validation error at iteration 110000000 is 0.9833668967797283
Validation error at iteration 111000000 is 0.983371122351813
Validation error at iteration 112000000 is 0.9833612937543733
Validation error at iteration 113000000 is 0.9833545568403694
Validation error at iteration 114000000 is 0.9833652976720909
Validation error at iteration 115000000 is 0.983359421047671
Validation error at iteration 116000000 is 0.983370118911598
Validation error at iteration 117000000 is 0.9833785897044348
Validation error at iteration 118000000 is 0.9833661543238325
Validation error at iteration 119000000 is 0.9833568811018861
Validation error at iteration 120000000 is 0.9833636773201158
Validation error at iteration 121000000 is 0.9833622233841415
Validation error at iteration 122000000 is 0.9833574922256172
Validation error at iteration 123000000 is 0.9833612408403047
Validation error at iteration 124000000 is 0.9833383200207881
Validation error at iteration 125000000 is 0.9833331149971212
Validation error at iteration 126000000 is 0.9833273038910912
Validation error at iteration 127000000 is 0.9833332646280811
Validation error at iteration 128000000 is 0.9833379514377237
Validation error at iteration 129000000 is 0.9833399517326522
Validation error at iteration 130000000 is 0.9833426019167222
Validation error at iteration 131000000 is 0.9833460270262643
Validation error at iteration 132000000 is 0.9833412308414681
Validation error at iteration 133000000 is 0.9833341439883617
Validation error at iteration 134000000 is 0.9833315362839196
Validation error at iteration 135000000 is 0.9833267101951499
Validation error at iteration 136000000 is 0.9833182637936201
Validation error at iteration 137000000 is 0.983304142933955
Validation error at iteration 138000000 is 0.9833041440947622
Validation error at iteration 139000000 is 0.9832995218966165
Validation error at iteration 140000000 is 0.9832954331212252
Validation error at iteration 141000000 is 0.9832945885016076
Validation error at iteration 142000000 is 0.9832944345795144
Validation error at iteration 143000000 is 0.9832884173072006
Validation error at iteration 144000000 is 0.9832879494067852
Validation error at iteration 145000000 is 0.983286259334308
Validation error at iteration 146000000 is 0.9832820085858435
Validation error at iteration 147000000 is 0.9832808168499735
Validation error at iteration 148000000 is 0.983278866693352
Validation error at iteration 149000000 is 0.9832754424553454
Error:  0.9832762403496059
{0.05: 0.9828137999025579,
 0.060000000000000005: 0.9835234113907589,
 0.07: 0.9840078749359052,
 0.08: 0.9832762403496059}
