Sender: LSF System <lsfadmin@lo-s4-020>
Subject: Job 2296465: <python autoencoder_linear_reg.py> in cluster <leonhard> Done

Job <python autoencoder_linear_reg.py> was submitted from host <lo-login-02> by user <saioanni> in cluster <leonhard> at Fri Jun 28 08:47:04 2019
Job was executed on host(s) <lo-s4-020>, in queue <gpu.24h>, as user <saioanni> in cluster <leonhard> at Fri Jun 28 08:47:10 2019
</cluster/home/saioanni> was used as the home directory.
</cluster/home/saioanni/CIL/recommender/src> was used as the working directory.
Started at Fri Jun 28 08:47:10 2019
Terminated at Fri Jun 28 09:38:21 2019
Results reported at Fri Jun 28 09:38:21 2019

Your job looked like:

------------------------------------------------------------
# LSBATCH: User input
python autoencoder_linear_reg.py
------------------------------------------------------------

Successfully completed.

Resource usage summary:

    CPU time :                                   5459.09 sec.
    Max Memory :                                 1036 MB
    Average Memory :                             686.66 MB
    Total Requested Memory :                     64192.00 MB
    Delta Memory :                               63156.00 MB
    Max Swap :                                   -
    Max Processes :                              3
    Max Threads :                                23
    Run time :                                   3096 sec.
    Turnaround time :                            3077 sec.

The output (if any) follows:

2019-06-28 08:47:16.986298: I tensorflow/core/platform/cpu_feature_guard.cc:141] Your CPU supports instructions that this TensorFlow binary was not compiled to use: AVX2 FMA
Using TensorFlow backend.
Found GPU at: 
score: 0.9821891257533291
