Sender: LSF System <lsfadmin@lo-s4-032>
Subject: Job 2304514: <python exp_autoencoder_layers.py> in cluster <leonhard> Done

Job <python exp_autoencoder_layers.py> was submitted from host <lo-login-01> by user <saioanni> in cluster <leonhard> at Tue Jul  2 10:56:31 2019
Job was executed on host(s) <lo-s4-032>, in queue <gpu.24h>, as user <saioanni> in cluster <leonhard> at Tue Jul  2 10:56:35 2019
</cluster/home/saioanni> was used as the home directory.
</cluster/home/saioanni/CIL/recommender/src> was used as the working directory.
Started at Tue Jul  2 10:56:35 2019
Terminated at Tue Jul  2 12:25:56 2019
Results reported at Tue Jul  2 12:25:56 2019

Your job looked like:

------------------------------------------------------------
# LSBATCH: User input
python exp_autoencoder_layers.py
------------------------------------------------------------

Successfully completed.

Resource usage summary:

    CPU time :                                   9346.51 sec.
    Max Memory :                                 992 MB
    Average Memory :                             887.81 MB
    Total Requested Memory :                     64192.00 MB
    Delta Memory :                               63200.00 MB
    Max Swap :                                   -
    Max Processes :                              3
    Max Threads :                                32
    Run time :                                   5366 sec.
    Turnaround time :                            5365 sec.

The output (if any) follows:

2019-07-02 10:56:41.867783: I tensorflow/core/platform/cpu_feature_guard.cc:141] Your CPU supports instructions that this TensorFlow binary was not compiled to use: AVX2 FMA
Using TensorFlow backend.
Found GPU at: 
layer: 32 score: 1.0007284818839641
layer: 16 score: 0.9836493705115207
layer: 15 score: 0.9842798737928555
layer: 14 score: 0.9834738241318973
layer: 13 score: 0.9828973741561002
layer: 12 score: 0.9827616982973705
layer: 11 score: 0.9832467163626949
layer: 10 score: 0.9831029420992564
layer: 9 score: 0.9841790052967948
layer: 8 score: 0.9841774236857532
layer: 7 score: 0.984572855404125
layer: 6 score: 0.9858199682112386
layer: 5 score: 0.9860847070980938
layer: 4 score: 0.9927852252978103
layer: 3 score: 0.991398672237284
layer: 2 score: 0.994659151743968
