Sender: LSF System <lsfadmin@lo-s4-033>
Subject: Job 2282463: <python exp_autoencoder_masking.py> in cluster <leonhard> Done

Job <python exp_autoencoder_masking.py> was submitted from host <lo-login-02> by user <saioanni> in cluster <leonhard> at Mon Jun 24 16:32:11 2019
Job was executed on host(s) <lo-s4-033>, in queue <gpu.24h>, as user <saioanni> in cluster <leonhard> at Mon Jun 24 16:32:18 2019
</cluster/home/saioanni> was used as the home directory.
</cluster/home/saioanni/CIL/recommender/src> was used as the working directory.
Started at Mon Jun 24 16:32:18 2019
Terminated at Mon Jun 24 17:28:37 2019
Results reported at Mon Jun 24 17:28:37 2019

Your job looked like:

------------------------------------------------------------
# LSBATCH: User input
python exp_autoencoder_masking.py
------------------------------------------------------------

Successfully completed.

Resource usage summary:

    CPU time :                                   6080.27 sec.
    Max Memory :                                 1014 MB
    Average Memory :                             907.67 MB
    Total Requested Memory :                     64192.00 MB
    Delta Memory :                               63178.00 MB
    Max Swap :                                   -
    Max Processes :                              3
    Max Threads :                                24
    Run time :                                   3374 sec.
    Turnaround time :                            3386 sec.

The output (if any) follows:

2019-06-24 16:32:28.176853: I tensorflow/core/platform/cpu_feature_guard.cc:141] Your CPU supports instructions that this TensorFlow binary was not compiled to use: AVX2 FMA
Using TensorFlow backend.
Found GPU at: 
masking: 0.1
masking: 0.1 score: 0.9871538506038298
masking: 0.2
masking: 0.2 score: 0.9868452772703052
masking: 0.3
masking: 0.3 score: 0.9857994854646306
masking: 0.4
masking: 0.4 score: 0.9864062966852546
masking: 0.5
masking: 0.5 score: 0.9843763391805008
masking: 0.6
masking: 0.6 score: 0.9862589527180524
masking: 0.7
masking: 0.7 score: 0.9872081618301197
masking: 0.8
masking: 0.8 score: 0.9888258485965679
masking: 0.9
masking: 0.9 score: 0.9913543647349797
