+=+=+=+=+Generial options+=+=+=+=+
Number of iterations: 150000000
Training set size (ratio): 0.88
+=+=+=+=+Hidden Size parameters+=+=+=+=+
Starting value: 14
Ending value: 14
Running hidden size experiment...
hidden size: 14


Validation error at iteration 0 is 4.013319335138703
Validation error at iteration 1000000 is 1.0399073403853365
Validation error at iteration 2000000 is 1.037477960753262
Validation error at iteration 3000000 is 1.030232888321982
Validation error at iteration 4000000 is 1.0247433095026706
Validation error at iteration 5000000 is 1.0198976625805236
Validation error at iteration 6000000 is 1.0175446486456001
Validation error at iteration 7000000 is 1.01757945290148
Validation error at iteration 8000000 is 1.0138802185715572
Validation error at iteration 9000000 is 1.013491324084704
Validation error at iteration 10000000 is 1.0090616874276181
Validation error at iteration 11000000 is 1.0098862163205409
Validation error at iteration 12000000 is 1.0081617523451458
Validation error at iteration 13000000 is 1.0069090342687272
Validation error at iteration 14000000 is 1.0060024704182202
Validation error at iteration 15000000 is 1.0062448032118176
Validation error at iteration 16000000 is 1.0031534342364643
Validation error at iteration 17000000 is 1.0027217623795428
Validation error at iteration 18000000 is 1.0018535341708128
Validation error at iteration 19000000 is 1.0013886056369188
Validation error at iteration 20000000 is 0.9998754290566683
Validation error at iteration 21000000 is 0.9998598917469653
Validation error at iteration 22000000 is 0.9978051518516466
Validation error at iteration 23000000 is 0.9973821518234663
Validation error at iteration 24000000 is 0.9959643848627588
Validation error at iteration 25000000 is 0.9956643147225243
Validation error at iteration 26000000 is 0.9953265462543707
Validation error at iteration 27000000 is 0.9949871767437263
Validation error at iteration 28000000 is 0.9943782405057381
Validation error at iteration 29000000 is 0.9927575632978329
Validation error at iteration 30000000 is 0.993903007483327
Validation error at iteration 31000000 is 0.9923081248407951
Validation error at iteration 32000000 is 0.9920393929195496
Validation error at iteration 33000000 is 0.9917526673561303
Validation error at iteration 34000000 is 0.9915040106005159
Validation error at iteration 35000000 is 0.9913195748674191
Validation error at iteration 36000000 is 0.9905038271944895
Validation error at iteration 37000000 is 0.990668409958921
Validation error at iteration 38000000 is 0.9896658137102892
Validation error at iteration 39000000 is 0.9891658646669104
Validation error at iteration 40000000 is 0.9887855894664388
Validation error at iteration 41000000 is 0.9892613111091632
Validation error at iteration 42000000 is 0.9886833081465652
Validation error at iteration 43000000 is 0.9890800143971714
Validation error at iteration 44000000 is 0.9886639816904119
Validation error at iteration 45000000 is 0.9875677858173759
Validation error at iteration 46000000 is 0.9879672530887973
Validation error at iteration 47000000 is 0.9880636531287236
Validation error at iteration 48000000 is 0.9876418144513464
Validation error at iteration 49000000 is 0.9877161754987426
Validation error at iteration 50000000 is 0.9875420192876868
Validation error at iteration 51000000 is 0.9873553144616046
Validation error at iteration 52000000 is 0.987165688566192
Validation error at iteration 53000000 is 0.9868139202268236
Validation error at iteration 54000000 is 0.9871725568985629
Validation error at iteration 55000000 is 0.9874303074974844
Validation error at iteration 56000000 is 0.9866176017263226
Validation error at iteration 57000000 is 0.9864580583685997
Validation error at iteration 58000000 is 0.9865391510341872
Validation error at iteration 59000000 is 0.9862574556865369
Validation error at iteration 60000000 is 0.9861843519923906
Validation error at iteration 61000000 is 0.9861408840253221
Validation error at iteration 62000000 is 0.9861867053602956
Validation error at iteration 63000000 is 0.9859045460774392
Validation error at iteration 64000000 is 0.985930601812953
Validation error at iteration 65000000 is 0.9860055545157905
Validation error at iteration 66000000 is 0.986017284105935
Validation error at iteration 67000000 is 0.9858904916912561
Validation error at iteration 68000000 is 0.9860020612858196
Validation error at iteration 69000000 is 0.9856011080943133
Validation error at iteration 70000000 is 0.9854926911374948
Validation error at iteration 71000000 is 0.9854224722043086
Validation error at iteration 72000000 is 0.9853869909223641
Validation error at iteration 73000000 is 0.985267808874437
Validation error at iteration 74000000 is 0.9851104914060228
Validation error at iteration 75000000 is 0.9849117740419148
Validation error at iteration 76000000 is 0.985026103466894
Validation error at iteration 77000000 is 0.9849609249147299
Validation error at iteration 78000000 is 0.9849938733396495
Validation error at iteration 79000000 is 0.9849330941640034
Validation error at iteration 80000000 is 0.9849466148275717
Validation error at iteration 81000000 is 0.9849789679237977
Validation error at iteration 82000000 is 0.9848822402278432
Validation error at iteration 83000000 is 0.9848343522369332
Validation error at iteration 84000000 is 0.9846904650891328
Validation error at iteration 85000000 is 0.9847042526267462
Validation error at iteration 86000000 is 0.9846942635195828
Validation error at iteration 87000000 is 0.9846709275470038
Validation error at iteration 88000000 is 0.9846941056790831
Validation error at iteration 89000000 is 0.9846598264622581
Validation error at iteration 90000000 is 0.9846035667125869
Validation error at iteration 91000000 is 0.984643393733612
Validation error at iteration 92000000 is 0.9846160315891563
Validation error at iteration 93000000 is 0.9846523134994073
Validation error at iteration 94000000 is 0.9845827319411625
Validation error at iteration 95000000 is 0.9846232190758565
Validation error at iteration 96000000 is 0.9845960924559399
Validation error at iteration 97000000 is 0.9846128062088617
Validation error at iteration 98000000 is 0.984567927609204
Validation error at iteration 99000000 is 0.9845789749450028
Validation error at iteration 100000000 is 0.9845340642440468
Validation error at iteration 101000000 is 0.9845007973186873
Validation error at iteration 102000000 is 0.9845091176905696
Validation error at iteration 103000000 is 0.9844506993967544
Validation error at iteration 104000000 is 0.9844286516761597
Validation error at iteration 105000000 is 0.9844643272207289
Validation error at iteration 106000000 is 0.9844240390207422
Validation error at iteration 107000000 is 0.9845008362564112
Validation error at iteration 108000000 is 0.9844516643581918
Validation error at iteration 109000000 is 0.9844321076948396
Validation error at iteration 110000000 is 0.9844225564129794
Validation error at iteration 111000000 is 0.9844182590408485
Validation error at iteration 112000000 is 0.9844075928021718
Validation error at iteration 113000000 is 0.98437340138106
Validation error at iteration 114000000 is 0.9844054842999331
Validation error at iteration 115000000 is 0.9844163027361378
Validation error at iteration 116000000 is 0.9843914195218839
Validation error at iteration 117000000 is 0.9843957505249965
Validation error at iteration 118000000 is 0.9843510129731218
Validation error at iteration 119000000 is 0.9843546676576853
Validation error at iteration 120000000 is 0.9843566320450056
Validation error at iteration 121000000 is 0.9843698173958786
Validation error at iteration 122000000 is 0.9843941614904452
Validation error at iteration 123000000 is 0.9843956602958227
Validation error at iteration 124000000 is 0.9843717191901362
Validation error at iteration 125000000 is 0.9843506278576124
Validation error at iteration 126000000 is 0.9843326281681535
Validation error at iteration 127000000 is 0.9843113498797684
Validation error at iteration 128000000 is 0.9843090302001601
Validation error at iteration 129000000 is 0.9843239076914522
Validation error at iteration 130000000 is 0.9843168014227338
Validation error at iteration 131000000 is 0.9843240417481239
Validation error at iteration 132000000 is 0.984309789656404
Validation error at iteration 133000000 is 0.9843054845109338
Validation error at iteration 134000000 is 0.9842920991126437
Validation error at iteration 135000000 is 0.9842947409430564
Validation error at iteration 136000000 is 0.9842874411980833
Validation error at iteration 137000000 is 0.9842635995907992
Validation error at iteration 138000000 is 0.9842642249313994
Validation error at iteration 139000000 is 0.9842491732902127
Validation error at iteration 140000000 is 0.9842619870603327
Validation error at iteration 141000000 is 0.984257801961019
Validation error at iteration 142000000 is 0.9842498416084998
Validation error at iteration 143000000 is 0.9842528163599534
Validation error at iteration 144000000 is 0.9842540363600694
Validation error at iteration 145000000 is 0.9842577750895389
Validation error at iteration 146000000 is 0.9842608285333722
Validation error at iteration 147000000 is 0.984265094061108
Validation error at iteration 148000000 is 0.9842575590895688
Validation error at iteration 149000000 is 0.9842586354955856
Error:  0.9842485923253209
