+=+=+=+=+Generial options+=+=+=+=+
Number of iterations: 150000000
Training set size (ratio): 0.88
+=+=+=+=+Hidden Size parameters+=+=+=+=+
Starting value: 13
Ending value: 13
Running hidden size experiment...
hidden size: 13


Validation error at iteration 0 is 4.014479308867643
Validation error at iteration 1000000 is 1.0404580221982203
Validation error at iteration 2000000 is 1.0360034799654165
Validation error at iteration 3000000 is 1.0302422166812442
Validation error at iteration 4000000 is 1.0249571086068319
Validation error at iteration 5000000 is 1.018589132524835
Validation error at iteration 6000000 is 1.0171134376256967
Validation error at iteration 7000000 is 1.0150779757726067
Validation error at iteration 8000000 is 1.0131472554044303
Validation error at iteration 9000000 is 1.0124388514562312
Validation error at iteration 10000000 is 1.0096534987651675
Validation error at iteration 11000000 is 1.0085909975450202
Validation error at iteration 12000000 is 1.0071747219033578
Validation error at iteration 13000000 is 1.0057045450798388
Validation error at iteration 14000000 is 1.0060774272030044
Validation error at iteration 15000000 is 1.0051607249980308
Validation error at iteration 16000000 is 1.0038611765939933
Validation error at iteration 17000000 is 1.0041978132233456
Validation error at iteration 18000000 is 1.0016815210371164
Validation error at iteration 19000000 is 1.0006425691602159
Validation error at iteration 20000000 is 1.0003003311918413
Validation error at iteration 21000000 is 1.0001301102278148
Validation error at iteration 22000000 is 0.9983245337643998
Validation error at iteration 23000000 is 0.9964307609664379
Validation error at iteration 24000000 is 0.9976278116797215
Validation error at iteration 25000000 is 0.9960589791529851
Validation error at iteration 26000000 is 0.9951151400375768
Validation error at iteration 27000000 is 0.9952082626293273
Validation error at iteration 28000000 is 0.994663113159698
Validation error at iteration 29000000 is 0.9939829677154254
Validation error at iteration 30000000 is 0.9939309138265966
Validation error at iteration 31000000 is 0.9932609879713993
Validation error at iteration 32000000 is 0.992730323723156
Validation error at iteration 33000000 is 0.9927946773478064
Validation error at iteration 34000000 is 0.9914691020234133
Validation error at iteration 35000000 is 0.9912919346121333
Validation error at iteration 36000000 is 0.9911016980487654
Validation error at iteration 37000000 is 0.9916446846700181
Validation error at iteration 38000000 is 0.9910141541685219
Validation error at iteration 39000000 is 0.9907741806921988
Validation error at iteration 40000000 is 0.9895275324347076
Validation error at iteration 41000000 is 0.9893153649341084
Validation error at iteration 42000000 is 0.988632628033553
Validation error at iteration 43000000 is 0.9890273703958518
Validation error at iteration 44000000 is 0.9889984048279348
Validation error at iteration 45000000 is 0.98815333895096
Validation error at iteration 46000000 is 0.9881915680279477
Validation error at iteration 47000000 is 0.9879907155262244
Validation error at iteration 48000000 is 0.987618973758775
Validation error at iteration 49000000 is 0.9874804894981979
Validation error at iteration 50000000 is 0.9869835909304603
Validation error at iteration 51000000 is 0.9876827414389188
Validation error at iteration 52000000 is 0.9874492846680986
Validation error at iteration 53000000 is 0.9869895028248556
Validation error at iteration 54000000 is 0.9871419315971194
Validation error at iteration 55000000 is 0.9865877528215906
Validation error at iteration 56000000 is 0.9866910690074067
Validation error at iteration 57000000 is 0.9864022996288057
Validation error at iteration 58000000 is 0.9864025899580836
Validation error at iteration 59000000 is 0.986537182748034
Validation error at iteration 60000000 is 0.9862034681975833
Validation error at iteration 61000000 is 0.9863302096134535
Validation error at iteration 62000000 is 0.9863034366640364
Validation error at iteration 63000000 is 0.9862472351689663
Validation error at iteration 64000000 is 0.9862918530735278
Validation error at iteration 65000000 is 0.9858054194755247
Validation error at iteration 66000000 is 0.9856652165109305
Validation error at iteration 67000000 is 0.9857126188710431
Validation error at iteration 68000000 is 0.9856658605600387
Validation error at iteration 69000000 is 0.9856876196804137
Validation error at iteration 70000000 is 0.9853534759894418
Validation error at iteration 71000000 is 0.9851925565450379
Validation error at iteration 72000000 is 0.9853342927384717
Validation error at iteration 73000000 is 0.985183839197055
Validation error at iteration 74000000 is 0.9852850355060931
Validation error at iteration 75000000 is 0.9851237630514337
Validation error at iteration 76000000 is 0.9852298442638816
Validation error at iteration 77000000 is 0.9852491825658779
Validation error at iteration 78000000 is 0.9851057402913868
Validation error at iteration 79000000 is 0.985178337461853
Validation error at iteration 80000000 is 0.9851286992572188
Validation error at iteration 81000000 is 0.9851208857978885
Validation error at iteration 82000000 is 0.9849845212720211
Validation error at iteration 83000000 is 0.984950572735133
Validation error at iteration 84000000 is 0.9851558596653314
Validation error at iteration 85000000 is 0.9849459237594853
Validation error at iteration 86000000 is 0.9848704094978918
Validation error at iteration 87000000 is 0.9848986011434379
Validation error at iteration 88000000 is 0.984912321063921
Validation error at iteration 89000000 is 0.9848327421046568
Validation error at iteration 90000000 is 0.9849857448810192
Validation error at iteration 91000000 is 0.9850212364232385
Validation error at iteration 92000000 is 0.9849106056552076
Validation error at iteration 93000000 is 0.9849556109384295
Validation error at iteration 94000000 is 0.9848529971382625
Validation error at iteration 95000000 is 0.9848633821182089
Validation error at iteration 96000000 is 0.9847674410799777
Validation error at iteration 97000000 is 0.9846985645756932
Validation error at iteration 98000000 is 0.9846589113951587
Validation error at iteration 99000000 is 0.9846857707055562
Validation error at iteration 100000000 is 0.9846688928528681
Validation error at iteration 101000000 is 0.9846426100658774
Validation error at iteration 102000000 is 0.984616013189875
Validation error at iteration 103000000 is 0.9846549831645147
Validation error at iteration 104000000 is 0.9845840720114076
Validation error at iteration 105000000 is 0.9846619771800034
Validation error at iteration 106000000 is 0.9845917176028501
Validation error at iteration 107000000 is 0.9846279633685215
Validation error at iteration 108000000 is 0.9846348081715837
Validation error at iteration 109000000 is 0.9845789347703489
Validation error at iteration 110000000 is 0.9845636795393029
Validation error at iteration 111000000 is 0.9845778553575603
Validation error at iteration 112000000 is 0.9845611184005766
Validation error at iteration 113000000 is 0.984600034296773
Validation error at iteration 114000000 is 0.9845754296194027
Validation error at iteration 115000000 is 0.9845583430516068
Validation error at iteration 116000000 is 0.9845832698379399
Validation error at iteration 117000000 is 0.9845854809397019
Validation error at iteration 118000000 is 0.984548522621458
Validation error at iteration 119000000 is 0.9845411018425986
Validation error at iteration 120000000 is 0.9845429242697855
Validation error at iteration 121000000 is 0.9845108266384974
Validation error at iteration 122000000 is 0.9845185341405819
Validation error at iteration 123000000 is 0.9845055475873683
Validation error at iteration 124000000 is 0.9844900017731764
Validation error at iteration 125000000 is 0.9844579244104349
Validation error at iteration 126000000 is 0.9844538779570956
Validation error at iteration 127000000 is 0.9844462950617985
Validation error at iteration 128000000 is 0.9844574065360248
Validation error at iteration 129000000 is 0.9844485594878674
Validation error at iteration 130000000 is 0.9844409245709229
Validation error at iteration 131000000 is 0.9844626930769071
Validation error at iteration 132000000 is 0.9844579752682129
Validation error at iteration 133000000 is 0.9844452907142835
Validation error at iteration 134000000 is 0.9844330985545446
Validation error at iteration 135000000 is 0.9844309197949322
Validation error at iteration 136000000 is 0.9844260173148339
Validation error at iteration 137000000 is 0.984421531400794
Validation error at iteration 138000000 is 0.9844243326459048
Validation error at iteration 139000000 is 0.9844239252998183
Validation error at iteration 140000000 is 0.984417353990329
Validation error at iteration 141000000 is 0.9844109527475366
Validation error at iteration 142000000 is 0.9844168203084115
Validation error at iteration 143000000 is 0.9844140661784495
Validation error at iteration 144000000 is 0.9844038039067132
Validation error at iteration 145000000 is 0.9844066068785748
Validation error at iteration 146000000 is 0.9844146694725728
Validation error at iteration 147000000 is 0.9844099921315905
Validation error at iteration 148000000 is 0.9844098813669617
Validation error at iteration 149000000 is 0.9844078839636062
Error:  0.9844035909177091
