+=+=+=+=+Generial options+=+=+=+=+
Number of iterations: 150000000
Training set size (ratio): 0.88
+=+=+=+=+Hidden Size parameters+=+=+=+=+
Starting value: 12
Ending value: 12
Running hidden size experiment...
hidden size: 12


Validation error at iteration 0 is 4.0136888661648475
Validation error at iteration 1000000 is 1.0399680348728775
Validation error at iteration 2000000 is 1.0365369343871418
Validation error at iteration 3000000 is 1.031766587458436
Validation error at iteration 4000000 is 1.0240642999035134
Validation error at iteration 5000000 is 1.0214874677264043
Validation error at iteration 6000000 is 1.0190487638936476
Validation error at iteration 7000000 is 1.0155816546486884
Validation error at iteration 8000000 is 1.0142224918315446
Validation error at iteration 9000000 is 1.0098901325857121
Validation error at iteration 10000000 is 1.0101487309803345
Validation error at iteration 11000000 is 1.0082342319748832
Validation error at iteration 12000000 is 1.0076439374977915
Validation error at iteration 13000000 is 1.0060964023405892
Validation error at iteration 14000000 is 1.0045263741754558
Validation error at iteration 15000000 is 1.003066964503199
Validation error at iteration 16000000 is 1.00153746168871
Validation error at iteration 17000000 is 1.0013869228448877
Validation error at iteration 18000000 is 1.0000536171749705
Validation error at iteration 19000000 is 0.9989925613464484
Validation error at iteration 20000000 is 0.9992779959637718
Validation error at iteration 21000000 is 0.998415721056918
Validation error at iteration 22000000 is 0.996241447155525
Validation error at iteration 23000000 is 0.9964397006524011
Validation error at iteration 24000000 is 0.995523554929507
Validation error at iteration 25000000 is 0.9955088122219926
Validation error at iteration 26000000 is 0.9948870022698384
Validation error at iteration 27000000 is 0.9938448229377873
Validation error at iteration 28000000 is 0.9937916491091738
Validation error at iteration 29000000 is 0.9931637644785507
Validation error at iteration 30000000 is 0.9916585279668552
Validation error at iteration 31000000 is 0.9916213516135218
Validation error at iteration 32000000 is 0.9914967246483742
Validation error at iteration 33000000 is 0.9907674669215274
Validation error at iteration 34000000 is 0.990807966607102
Validation error at iteration 35000000 is 0.9908180732225788
Validation error at iteration 36000000 is 0.9899519635193379
Validation error at iteration 37000000 is 0.9898100268375564
Validation error at iteration 38000000 is 0.9895664442129651
Validation error at iteration 39000000 is 0.9901725430118665
Validation error at iteration 40000000 is 0.9886639618111807
Validation error at iteration 41000000 is 0.9884323323567419
Validation error at iteration 42000000 is 0.9883416652134186
Validation error at iteration 43000000 is 0.9885394913969339
Validation error at iteration 44000000 is 0.9883972893207525
Validation error at iteration 45000000 is 0.9878319235862866
Validation error at iteration 46000000 is 0.9873944552730826
Validation error at iteration 47000000 is 0.9875822076523322
Validation error at iteration 48000000 is 0.9871239091747199
Validation error at iteration 49000000 is 0.9868946532495249
Validation error at iteration 50000000 is 0.9867603545416145
Validation error at iteration 51000000 is 0.9869962116682218
Validation error at iteration 52000000 is 0.986053914213441
Validation error at iteration 53000000 is 0.9862927811368831
Validation error at iteration 54000000 is 0.98595913317813
Validation error at iteration 55000000 is 0.9860456903219869
Validation error at iteration 56000000 is 0.9859050714250983
Validation error at iteration 57000000 is 0.9857629331172679
Validation error at iteration 58000000 is 0.9852026577003187
Validation error at iteration 59000000 is 0.9853409862595218
Validation error at iteration 60000000 is 0.9854191644175365
Validation error at iteration 61000000 is 0.9851076981321283
Validation error at iteration 62000000 is 0.9852309571589359
Validation error at iteration 63000000 is 0.985223699586013
Validation error at iteration 64000000 is 0.9850625354463618
Validation error at iteration 65000000 is 0.9851301966045942
Validation error at iteration 66000000 is 0.9847614006813046
Validation error at iteration 67000000 is 0.9849113208633432
Validation error at iteration 68000000 is 0.9848599193507895
Validation error at iteration 69000000 is 0.9844499808751789
Validation error at iteration 70000000 is 0.9844503093830672
Validation error at iteration 71000000 is 0.9845034684849442
Validation error at iteration 72000000 is 0.9846459006002545
Validation error at iteration 73000000 is 0.9842725193736548
Validation error at iteration 74000000 is 0.984241251194066
Validation error at iteration 75000000 is 0.9842567135522058
Validation error at iteration 76000000 is 0.9842827777579632
Validation error at iteration 77000000 is 0.9840514229379284
Validation error at iteration 78000000 is 0.984068825607331
Validation error at iteration 79000000 is 0.9839191541538148
Validation error at iteration 80000000 is 0.9841234222206722
Validation error at iteration 81000000 is 0.9839531808760574
Validation error at iteration 82000000 is 0.9839822823365525
Validation error at iteration 83000000 is 0.9839748226497146
Validation error at iteration 84000000 is 0.9838558661052512
Validation error at iteration 85000000 is 0.9839076766282739
Validation error at iteration 86000000 is 0.9837708845347979
Validation error at iteration 87000000 is 0.9838652848341316
Validation error at iteration 88000000 is 0.9838207166594578
Validation error at iteration 89000000 is 0.983653581841825
Validation error at iteration 90000000 is 0.9836990376225779
Validation error at iteration 91000000 is 0.9836933054727227
Validation error at iteration 92000000 is 0.9837785503296437
Validation error at iteration 93000000 is 0.9837375776177979
Validation error at iteration 94000000 is 0.9836416302116197
Validation error at iteration 95000000 is 0.983635959852229
Validation error at iteration 96000000 is 0.9835916808791492
Validation error at iteration 97000000 is 0.9836060869672142
Validation error at iteration 98000000 is 0.9835341617698672
Validation error at iteration 99000000 is 0.9834826729347983
Validation error at iteration 100000000 is 0.9834950777712291
Validation error at iteration 101000000 is 0.9835163863179378
Validation error at iteration 102000000 is 0.9834769610444917
Validation error at iteration 103000000 is 0.9834266122272507
Validation error at iteration 104000000 is 0.9834216402715288
Validation error at iteration 105000000 is 0.983470588127189
Validation error at iteration 106000000 is 0.9834193544142135
Validation error at iteration 107000000 is 0.9834174476573067
Validation error at iteration 108000000 is 0.9833919786008662
Validation error at iteration 109000000 is 0.9833811514519738
Validation error at iteration 110000000 is 0.9834369486158149
Validation error at iteration 111000000 is 0.9834402552937848
Validation error at iteration 112000000 is 0.9834457081328428
Validation error at iteration 113000000 is 0.9833950254560326
Validation error at iteration 114000000 is 0.9834015602374087
Validation error at iteration 115000000 is 0.9833915314512935
Validation error at iteration 116000000 is 0.9834107723072856
Validation error at iteration 117000000 is 0.9834014510586452
Validation error at iteration 118000000 is 0.9833592944007651
Validation error at iteration 119000000 is 0.9833399695928662
Validation error at iteration 120000000 is 0.9833415996953248
Validation error at iteration 121000000 is 0.9833378628771952
Validation error at iteration 122000000 is 0.9833601641378128
Validation error at iteration 123000000 is 0.983344272151116
Validation error at iteration 124000000 is 0.9833373989346615
Validation error at iteration 125000000 is 0.9833293231247368
Validation error at iteration 126000000 is 0.9833206423175589
Validation error at iteration 127000000 is 0.9833332038777627
Validation error at iteration 128000000 is 0.9833367056202661
Validation error at iteration 129000000 is 0.9833240260518379
Validation error at iteration 130000000 is 0.9833099452770412
Validation error at iteration 131000000 is 0.9833027288381285
Validation error at iteration 132000000 is 0.9832931098106874
Validation error at iteration 133000000 is 0.9832934687129766
Validation error at iteration 134000000 is 0.9832954233421947
Validation error at iteration 135000000 is 0.9832937722804459
Validation error at iteration 136000000 is 0.9833085035253692
Validation error at iteration 137000000 is 0.9832927782534862
Validation error at iteration 138000000 is 0.9832877206382368
Validation error at iteration 139000000 is 0.9832780882075193
Validation error at iteration 140000000 is 0.9832809403557687
Validation error at iteration 141000000 is 0.9832770746052377
Validation error at iteration 142000000 is 0.9832772312258777
Validation error at iteration 143000000 is 0.9832766058896276
Validation error at iteration 144000000 is 0.9832758971218574
Validation error at iteration 145000000 is 0.9832863964917397
Validation error at iteration 146000000 is 0.9832838999062541
Validation error at iteration 147000000 is 0.9832766066512131
Validation error at iteration 148000000 is 0.9832763373007628
Validation error at iteration 149000000 is 0.9832769731275545
Error:  0.9832755966603617
