+=+=+=+=+Generial options+=+=+=+=+
Number of iterations: 150000000
Training set size (ratio): 0.88
+=+=+=+=+Hidden Size parameters+=+=+=+=+
Starting value: 3
Ending value: 3
Running hidden size experiment...
hidden size: 3


Validation error at iteration 0 is 4.014337397320175
Validation error at iteration 1000000 is 1.0390584804697232
Validation error at iteration 2000000 is 1.0343165209588632
Validation error at iteration 3000000 is 1.0347707897865188
Validation error at iteration 4000000 is 1.0289212618097863
Validation error at iteration 5000000 is 1.0222289284867108
Validation error at iteration 6000000 is 1.0187993596338856
Validation error at iteration 7000000 is 1.017327965207764
Validation error at iteration 8000000 is 1.0151442656885583
Validation error at iteration 9000000 is 1.013503202073437
Validation error at iteration 10000000 is 1.013642394853408
Validation error at iteration 11000000 is 1.0104944146525356
Validation error at iteration 12000000 is 1.009137894818116
Validation error at iteration 13000000 is 1.007742564630829
Validation error at iteration 14000000 is 1.0077778985149883
Validation error at iteration 15000000 is 1.006253726626849
Validation error at iteration 16000000 is 1.004739622322163
Validation error at iteration 17000000 is 1.0045075723551409
Validation error at iteration 18000000 is 1.0042664981482523
Validation error at iteration 19000000 is 1.0029642913339867
Validation error at iteration 20000000 is 1.0012132310713955
Validation error at iteration 21000000 is 1.0006288632709635
Validation error at iteration 22000000 is 0.9998287334503579
Validation error at iteration 23000000 is 0.9994944083467827
Validation error at iteration 24000000 is 0.997975432293222
Validation error at iteration 25000000 is 0.997892646634912
Validation error at iteration 26000000 is 0.9972340327596412
Validation error at iteration 27000000 is 0.9967513381768435
Validation error at iteration 28000000 is 0.9962735991209515
Validation error at iteration 29000000 is 0.9960165276745374
Validation error at iteration 30000000 is 0.9947280703006607
Validation error at iteration 31000000 is 0.9947103447340343
Validation error at iteration 32000000 is 0.9942528921789137
Validation error at iteration 33000000 is 0.9940386766273901
Validation error at iteration 34000000 is 0.9927805639771579
Validation error at iteration 35000000 is 0.9926883774092439
Validation error at iteration 36000000 is 0.9922650535628701
Validation error at iteration 37000000 is 0.9927181038672509
Validation error at iteration 38000000 is 0.9919592440151865
Validation error at iteration 39000000 is 0.9912538795750991
Validation error at iteration 40000000 is 0.9916745404893134
Validation error at iteration 41000000 is 0.991065672494398
Validation error at iteration 42000000 is 0.9904705781884295
Validation error at iteration 43000000 is 0.9913269288856119
Validation error at iteration 44000000 is 0.9906923236072248
Validation error at iteration 45000000 is 0.9898244660828531
Validation error at iteration 46000000 is 0.9898723940328414
Validation error at iteration 47000000 is 0.9901707631149701
Validation error at iteration 48000000 is 0.9894451188948683
Validation error at iteration 49000000 is 0.9895373746250576
Validation error at iteration 50000000 is 0.9892541960744444
Validation error at iteration 51000000 is 0.9887677374537136
Validation error at iteration 52000000 is 0.9887921312974187
Validation error at iteration 53000000 is 0.9886019913065031
Validation error at iteration 54000000 is 0.9883220654330903
Validation error at iteration 55000000 is 0.9882563318952723
Validation error at iteration 56000000 is 0.9883904394241476
Validation error at iteration 57000000 is 0.9882214519220468
Validation error at iteration 58000000 is 0.9881858030644207
Validation error at iteration 59000000 is 0.9880041433483155
Validation error at iteration 60000000 is 0.9880710052342585
Validation error at iteration 61000000 is 0.9879105310052769
Validation error at iteration 62000000 is 0.9877018883758997
Validation error at iteration 63000000 is 0.9879789679144036
Validation error at iteration 64000000 is 0.9879546036438455
Validation error at iteration 65000000 is 0.9876136854397328
Validation error at iteration 66000000 is 0.9873899990188958
Validation error at iteration 67000000 is 0.9874358800827154
Validation error at iteration 68000000 is 0.9873238959800422
Validation error at iteration 69000000 is 0.9874003005547901
Validation error at iteration 70000000 is 0.9872029036376789
Validation error at iteration 71000000 is 0.9873051840251554
Validation error at iteration 72000000 is 0.987063913938997
Validation error at iteration 73000000 is 0.9871278188587896
Validation error at iteration 74000000 is 0.9869969404500951
Validation error at iteration 75000000 is 0.98682908965688
Validation error at iteration 76000000 is 0.9869018280630725
Validation error at iteration 77000000 is 0.9868469482253888
Validation error at iteration 78000000 is 0.9867711917474971
Validation error at iteration 79000000 is 0.9868313084206701
Validation error at iteration 80000000 is 0.9867074433966673
Validation error at iteration 81000000 is 0.986756975264237
Validation error at iteration 82000000 is 0.9867095827043644
Validation error at iteration 83000000 is 0.9865746994289066
Validation error at iteration 84000000 is 0.9866219722663349
Validation error at iteration 85000000 is 0.9867082825040893
Validation error at iteration 86000000 is 0.9864687523244033
Validation error at iteration 87000000 is 0.9864199568814521
Validation error at iteration 88000000 is 0.9864327326001232
Validation error at iteration 89000000 is 0.9864120007774575
Validation error at iteration 90000000 is 0.9864323976265207
Validation error at iteration 91000000 is 0.9864127776400086
Validation error at iteration 92000000 is 0.9863359779545404
Validation error at iteration 93000000 is 0.986365018249218
Validation error at iteration 94000000 is 0.9864655221096614
Validation error at iteration 95000000 is 0.9863983061033185
Validation error at iteration 96000000 is 0.9863842137734388
Validation error at iteration 97000000 is 0.9863547495358835
Validation error at iteration 98000000 is 0.9863412899773578
Validation error at iteration 99000000 is 0.9863072364538695
Validation error at iteration 100000000 is 0.9863068601530324
Validation error at iteration 101000000 is 0.9862955328869758
Validation error at iteration 102000000 is 0.986280419685975
Validation error at iteration 103000000 is 0.9861868494682198
Validation error at iteration 104000000 is 0.9861219349804554
Validation error at iteration 105000000 is 0.9861278998642268
Validation error at iteration 106000000 is 0.9861345069423941
Validation error at iteration 107000000 is 0.9861574407108985
Validation error at iteration 108000000 is 0.9861114066857871
Validation error at iteration 109000000 is 0.9861261899946404
Validation error at iteration 110000000 is 0.9861304246776582
Validation error at iteration 111000000 is 0.9861253175070237
Validation error at iteration 112000000 is 0.9861548850689635
Validation error at iteration 113000000 is 0.98612477969084
Validation error at iteration 114000000 is 0.9861070037086784
Validation error at iteration 115000000 is 0.9860758208661173
Validation error at iteration 116000000 is 0.9860625616053825
Validation error at iteration 117000000 is 0.9860510581266261
Validation error at iteration 118000000 is 0.9860662012920522
Validation error at iteration 119000000 is 0.986086685863002
Validation error at iteration 120000000 is 0.9860877158880283
Validation error at iteration 121000000 is 0.9860706043825106
Validation error at iteration 122000000 is 0.9860792433320382
Validation error at iteration 123000000 is 0.986036086714292
Validation error at iteration 124000000 is 0.9860362489570988
Validation error at iteration 125000000 is 0.9860222913142949
Validation error at iteration 126000000 is 0.9860020518202827
Validation error at iteration 127000000 is 0.986008825646369
Validation error at iteration 128000000 is 0.9860309344215993
Validation error at iteration 129000000 is 0.9860233574294224
Validation error at iteration 130000000 is 0.9860033049147394
Validation error at iteration 131000000 is 0.9860102866736664
Validation error at iteration 132000000 is 0.9860036836767151
Validation error at iteration 133000000 is 0.9859989421388319
Validation error at iteration 134000000 is 0.9859913254792972
Validation error at iteration 135000000 is 0.9860067738618402
Validation error at iteration 136000000 is 0.9860051969300976
Validation error at iteration 137000000 is 0.9859964202327041
Validation error at iteration 138000000 is 0.9859920039334519
Validation error at iteration 139000000 is 0.9859872033872789
Validation error at iteration 140000000 is 0.9859934568969961
Validation error at iteration 141000000 is 0.9859914942685754
Validation error at iteration 142000000 is 0.9859917877838721
Validation error at iteration 143000000 is 0.9859860956409348
Validation error at iteration 144000000 is 0.9859772358024026
Validation error at iteration 145000000 is 0.9859819977341945
Validation error at iteration 146000000 is 0.9859898359760105
Validation error at iteration 147000000 is 0.985985979662145
Validation error at iteration 148000000 is 0.9859929906498869
Validation error at iteration 149000000 is 0.9859904964168172
Error:  0.9859814635314789
