+=+=+=+=+Generial options+=+=+=+=+
Number of iterations: 150000000
Training set size (ratio): 0.88
+=+=+=+=+Hidden Size parameters+=+=+=+=+
Starting value: 20
Ending value: 20
Running hidden size experiment...
hidden size: 20


Validation error at iteration 0 is 4.014388952859158
Validation error at iteration 1000000 is 1.0363633812608801
Validation error at iteration 2000000 is 1.033679497023668
Validation error at iteration 3000000 is 1.029168290249051
Validation error at iteration 4000000 is 1.0258288426435906
Validation error at iteration 5000000 is 1.0192657979778028
Validation error at iteration 6000000 is 1.0157441727033547
Validation error at iteration 7000000 is 1.0124058072682995
Validation error at iteration 8000000 is 1.013228399729724
Validation error at iteration 9000000 is 1.0118769564566479
Validation error at iteration 10000000 is 1.0087891429224127
Validation error at iteration 11000000 is 1.0096517127283182
Validation error at iteration 12000000 is 1.007889668359351
Validation error at iteration 13000000 is 1.0064052103738987
Validation error at iteration 14000000 is 1.0048962007961146
Validation error at iteration 15000000 is 1.0045088104850421
Validation error at iteration 16000000 is 1.0034218899138994
Validation error at iteration 17000000 is 1.002473923596676
Validation error at iteration 18000000 is 1.0018978286576714
Validation error at iteration 19000000 is 1.0009194703573896
Validation error at iteration 20000000 is 0.9999686640491463
Validation error at iteration 21000000 is 0.9972930116595516
Validation error at iteration 22000000 is 0.9990851843595252
Validation error at iteration 23000000 is 0.9977309386673525
Validation error at iteration 24000000 is 0.9975683792770551
Validation error at iteration 25000000 is 0.9962436128135005
Validation error at iteration 26000000 is 0.995122961638024
Validation error at iteration 27000000 is 0.9946428608068586
Validation error at iteration 28000000 is 0.9952661287704557
Validation error at iteration 29000000 is 0.9954870369032729
Validation error at iteration 30000000 is 0.9940446277103371
Validation error at iteration 31000000 is 0.9934641610048097
Validation error at iteration 32000000 is 0.9922003246610193
Validation error at iteration 33000000 is 0.9928557892989992
Validation error at iteration 34000000 is 0.9917420580983626
Validation error at iteration 35000000 is 0.9916784037568303
Validation error at iteration 36000000 is 0.9913608877069848
Validation error at iteration 37000000 is 0.9907855206995271
Validation error at iteration 38000000 is 0.9910870903614375
Validation error at iteration 39000000 is 0.9908132077181147
Validation error at iteration 40000000 is 0.9897660939947686
Validation error at iteration 41000000 is 0.9896645633016004
Validation error at iteration 42000000 is 0.9891849139935365
Validation error at iteration 43000000 is 0.9895478369535448
Validation error at iteration 44000000 is 0.9890962107654859
Validation error at iteration 45000000 is 0.989150400769464
Validation error at iteration 46000000 is 0.9888534365752303
Validation error at iteration 47000000 is 0.9887291951961499
Validation error at iteration 48000000 is 0.9884087764768843
Validation error at iteration 49000000 is 0.988543395987156
Validation error at iteration 50000000 is 0.9882085145981316
Validation error at iteration 51000000 is 0.9881041689456506
Validation error at iteration 52000000 is 0.9879710790522683
Validation error at iteration 53000000 is 0.9874327118387476
Validation error at iteration 54000000 is 0.9874222508003223
Validation error at iteration 55000000 is 0.9874053050114323
Validation error at iteration 56000000 is 0.9880322498055751
Validation error at iteration 57000000 is 0.9876128993276633
Validation error at iteration 58000000 is 0.9877355356523936
Validation error at iteration 59000000 is 0.9870482282078488
Validation error at iteration 60000000 is 0.9871812590671548
Validation error at iteration 61000000 is 0.9870942503091203
Validation error at iteration 62000000 is 0.986662141219125
Validation error at iteration 63000000 is 0.986637826795102
Validation error at iteration 64000000 is 0.9862941243354885
Validation error at iteration 65000000 is 0.9862596922396881
Validation error at iteration 66000000 is 0.9863257678980341
Validation error at iteration 67000000 is 0.9860808503089167
Validation error at iteration 68000000 is 0.9860210533479504
Validation error at iteration 69000000 is 0.985942172705488
Validation error at iteration 70000000 is 0.9860748631084634
Validation error at iteration 71000000 is 0.9861464367047842
Validation error at iteration 72000000 is 0.9860652988995343
Validation error at iteration 73000000 is 0.9859993392575636
Validation error at iteration 74000000 is 0.985977667433273
Validation error at iteration 75000000 is 0.985852327245946
Validation error at iteration 76000000 is 0.985771558399463
Validation error at iteration 77000000 is 0.9857956762810078
Validation error at iteration 78000000 is 0.9858203546838823
Validation error at iteration 79000000 is 0.9858306332641136
Validation error at iteration 80000000 is 0.985765307194934
Validation error at iteration 81000000 is 0.9857066721518606
Validation error at iteration 82000000 is 0.9857506854080302
Validation error at iteration 83000000 is 0.9857150656542901
Validation error at iteration 84000000 is 0.985675500734054
Validation error at iteration 85000000 is 0.9856502606987385
Validation error at iteration 86000000 is 0.9856118738163328
Validation error at iteration 87000000 is 0.9855808292751317
Validation error at iteration 88000000 is 0.9856326199991546
Validation error at iteration 89000000 is 0.9855481941621941
Validation error at iteration 90000000 is 0.9854933624363322
Validation error at iteration 91000000 is 0.9854256471437949
Validation error at iteration 92000000 is 0.9853789666960899
Validation error at iteration 93000000 is 0.9853257370846161
Validation error at iteration 94000000 is 0.9853438204374736
Validation error at iteration 95000000 is 0.9853325986246897
Validation error at iteration 96000000 is 0.9852860846386395
Validation error at iteration 97000000 is 0.9853207637934827
Validation error at iteration 98000000 is 0.9853060734016472
Validation error at iteration 99000000 is 0.9853013657135126
Validation error at iteration 100000000 is 0.9853387115991283
Validation error at iteration 101000000 is 0.9853144334604519
Validation error at iteration 102000000 is 0.9852905557202557
Validation error at iteration 103000000 is 0.9853131377622655
Validation error at iteration 104000000 is 0.9852709979649235
Validation error at iteration 105000000 is 0.9853036115257191
Validation error at iteration 106000000 is 0.9852962813143993
Validation error at iteration 107000000 is 0.9852615093082747
Validation error at iteration 108000000 is 0.9852708370078698
Validation error at iteration 109000000 is 0.985217917528608
Validation error at iteration 110000000 is 0.9852046918842229
Validation error at iteration 111000000 is 0.9852486915803284
Validation error at iteration 112000000 is 0.9852308354450533
Validation error at iteration 113000000 is 0.985260465405049
Validation error at iteration 114000000 is 0.9852170001413506
Validation error at iteration 115000000 is 0.985206728903811
Validation error at iteration 116000000 is 0.9851968972099007
Validation error at iteration 117000000 is 0.9852006101334085
Validation error at iteration 118000000 is 0.9851897278230639
Validation error at iteration 119000000 is 0.9852171259003605
Validation error at iteration 120000000 is 0.9852191881145813
Validation error at iteration 121000000 is 0.9852024542103711
Validation error at iteration 122000000 is 0.9852000788861834
Validation error at iteration 123000000 is 0.9851884259510212
Validation error at iteration 124000000 is 0.9851741299102337
Validation error at iteration 125000000 is 0.9851688273990805
Validation error at iteration 126000000 is 0.9851892202781749
Validation error at iteration 127000000 is 0.9851765404747257
Validation error at iteration 128000000 is 0.9851611056159326
Validation error at iteration 129000000 is 0.985168853090839
Validation error at iteration 130000000 is 0.9851435146112756
Validation error at iteration 131000000 is 0.9851466819355769
Validation error at iteration 132000000 is 0.9851330928977324
Validation error at iteration 133000000 is 0.9851431432427468
Validation error at iteration 134000000 is 0.9851375186760208
Validation error at iteration 135000000 is 0.9851290784411835
Validation error at iteration 136000000 is 0.9851451945343727
Validation error at iteration 137000000 is 0.9851482697092279
Validation error at iteration 138000000 is 0.9851611588251631
Validation error at iteration 139000000 is 0.9851501362956113
Validation error at iteration 140000000 is 0.9851475161946264
Validation error at iteration 141000000 is 0.9851269502050833
Validation error at iteration 142000000 is 0.9851161144774876
Validation error at iteration 143000000 is 0.9851226082913527
Validation error at iteration 144000000 is 0.9851177345655666
Validation error at iteration 145000000 is 0.9851108671229578
Validation error at iteration 146000000 is 0.9851156792791561
Validation error at iteration 147000000 is 0.9851232659855812
Validation error at iteration 148000000 is 0.9851281615698828
Validation error at iteration 149000000 is 0.9851238212462147
Error:  0.9851328610539221
