+=+=+=+=+Generial options+=+=+=+=+
Number of iterations: 150000000
Training set size (ratio): 0.88
+=+=+=+=+Hidden Size parameters+=+=+=+=+
Starting value: 5
Ending value: 5
Running hidden size experiment...
hidden size: 5


Validation error at iteration 0 is 4.014010868034854
Validation error at iteration 1000000 is 1.0393848754432715
Validation error at iteration 2000000 is 1.033344941808823
Validation error at iteration 3000000 is 1.0320308314178224
Validation error at iteration 4000000 is 1.02607691993527
Validation error at iteration 5000000 is 1.0236209791089557
Validation error at iteration 6000000 is 1.0206999890249253
Validation error at iteration 7000000 is 1.0162011275678036
Validation error at iteration 8000000 is 1.0162767710336706
Validation error at iteration 9000000 is 1.012543602124814
Validation error at iteration 10000000 is 1.0115514467258033
Validation error at iteration 11000000 is 1.0100790748961428
Validation error at iteration 12000000 is 1.008765465647842
Validation error at iteration 13000000 is 1.0076664441126044
Validation error at iteration 14000000 is 1.0050116534830302
Validation error at iteration 15000000 is 1.0034044626592997
Validation error at iteration 16000000 is 1.003359248408431
Validation error at iteration 17000000 is 1.0027835929881252
Validation error at iteration 18000000 is 1.0019155814104046
Validation error at iteration 19000000 is 0.9998315419305158
Validation error at iteration 20000000 is 0.9986732839331942
Validation error at iteration 21000000 is 0.9985867658907678
Validation error at iteration 22000000 is 0.9971723384479473
Validation error at iteration 23000000 is 0.9969415890638662
Validation error at iteration 24000000 is 0.9961034066889227
Validation error at iteration 25000000 is 0.9957687571929575
Validation error at iteration 26000000 is 0.9959977244068584
Validation error at iteration 27000000 is 0.994554619477625
Validation error at iteration 28000000 is 0.9936117119284534
Validation error at iteration 29000000 is 0.9941140706059345
Validation error at iteration 30000000 is 0.9930061693201152
Validation error at iteration 31000000 is 0.992920390031407
Validation error at iteration 32000000 is 0.9926604371582067
Validation error at iteration 33000000 is 0.9917481389135535
Validation error at iteration 34000000 is 0.9908099324948156
Validation error at iteration 35000000 is 0.9907057619370081
Validation error at iteration 36000000 is 0.9904973181247594
Validation error at iteration 37000000 is 0.9899450804124839
Validation error at iteration 38000000 is 0.9898351439750604
Validation error at iteration 39000000 is 0.9896561860250255
Validation error at iteration 40000000 is 0.9892450360913654
Validation error at iteration 41000000 is 0.9891641278981862
Validation error at iteration 42000000 is 0.9892326288180647
Validation error at iteration 43000000 is 0.9882734512347779
Validation error at iteration 44000000 is 0.9873940335745784
Validation error at iteration 45000000 is 0.9875081448881716
Validation error at iteration 46000000 is 0.9877438100058058
Validation error at iteration 47000000 is 0.9868882036586214
Validation error at iteration 48000000 is 0.9872004642616511
Validation error at iteration 49000000 is 0.9870080293091114
Validation error at iteration 50000000 is 0.9873963012949426
Validation error at iteration 51000000 is 0.9871465895824828
Validation error at iteration 52000000 is 0.9867532981844662
Validation error at iteration 53000000 is 0.9867476596799912
Validation error at iteration 54000000 is 0.9867319967251252
Validation error at iteration 55000000 is 0.9864077832158002
Validation error at iteration 56000000 is 0.9863356154439992
Validation error at iteration 57000000 is 0.9859591293020681
Validation error at iteration 58000000 is 0.9856755388755079
Validation error at iteration 59000000 is 0.9854017060517819
Validation error at iteration 60000000 is 0.9851641403723324
Validation error at iteration 61000000 is 0.985656178501351
Validation error at iteration 62000000 is 0.9853599347879513
Validation error at iteration 63000000 is 0.9850039084930935
Validation error at iteration 64000000 is 0.9851288006754897
Validation error at iteration 65000000 is 0.985254142422831
Validation error at iteration 66000000 is 0.985003033673938
Validation error at iteration 67000000 is 0.9849864609944586
Validation error at iteration 68000000 is 0.9849267877724184
Validation error at iteration 69000000 is 0.9848018217969652
Validation error at iteration 70000000 is 0.984868273868825
Validation error at iteration 71000000 is 0.9847726120029086
Validation error at iteration 72000000 is 0.9849142511845966
Validation error at iteration 73000000 is 0.98468216483966
Validation error at iteration 74000000 is 0.984416450778837
Validation error at iteration 75000000 is 0.984360137211891
Validation error at iteration 76000000 is 0.984206605123775
Validation error at iteration 77000000 is 0.9842009736369024
Validation error at iteration 78000000 is 0.984188342080727
Validation error at iteration 79000000 is 0.9842744112353691
Validation error at iteration 80000000 is 0.9843564741875699
Validation error at iteration 81000000 is 0.9841574091212157
Validation error at iteration 82000000 is 0.9839365028309113
Validation error at iteration 83000000 is 0.9840597188629021
Validation error at iteration 84000000 is 0.983905276283062
Validation error at iteration 85000000 is 0.9838718734829626
Validation error at iteration 86000000 is 0.983944104910174
Validation error at iteration 87000000 is 0.9838624107682824
Validation error at iteration 88000000 is 0.9839344860610015
Validation error at iteration 89000000 is 0.9839658026854081
Validation error at iteration 90000000 is 0.9838045661906558
Validation error at iteration 91000000 is 0.9838333115396092
Validation error at iteration 92000000 is 0.9837466810270068
Validation error at iteration 93000000 is 0.9837889589257279
Validation error at iteration 94000000 is 0.9838384035958986
Validation error at iteration 95000000 is 0.983874489921421
Validation error at iteration 96000000 is 0.9837736686087399
Validation error at iteration 97000000 is 0.983667145044798
Validation error at iteration 98000000 is 0.9837010343203403
Validation error at iteration 99000000 is 0.9837539050428574
Validation error at iteration 100000000 is 0.9837699192930152
Validation error at iteration 101000000 is 0.9836779594767407
Validation error at iteration 102000000 is 0.9836743208356825
Validation error at iteration 103000000 is 0.98365666319587
Validation error at iteration 104000000 is 0.983716109933468
Validation error at iteration 105000000 is 0.9836779860893717
Validation error at iteration 106000000 is 0.9836422369864951
Validation error at iteration 107000000 is 0.9836083167406295
Validation error at iteration 108000000 is 0.9836495274885106
Validation error at iteration 109000000 is 0.9836744682866003
Validation error at iteration 110000000 is 0.9836412877078042
Validation error at iteration 111000000 is 0.9836889013444723
Validation error at iteration 112000000 is 0.9836700086130044
Validation error at iteration 113000000 is 0.9836290890983858
Validation error at iteration 114000000 is 0.9836489374513092
Validation error at iteration 115000000 is 0.983658959850478
Validation error at iteration 116000000 is 0.9836278188504467
Validation error at iteration 117000000 is 0.983635307762793
Validation error at iteration 118000000 is 0.9836170784053835
Validation error at iteration 119000000 is 0.9836210999068089
Validation error at iteration 120000000 is 0.9835788201162203
Validation error at iteration 121000000 is 0.9835562817866521
Validation error at iteration 122000000 is 0.9835500583109187
Validation error at iteration 123000000 is 0.9835431049993544
Validation error at iteration 124000000 is 0.9835242402051181
Validation error at iteration 125000000 is 0.9835451390817156
Validation error at iteration 126000000 is 0.983519975771194
Validation error at iteration 127000000 is 0.9835168129900269
Validation error at iteration 128000000 is 0.9835182765630084
Validation error at iteration 129000000 is 0.9834973306690838
Validation error at iteration 130000000 is 0.9834881598785202
Validation error at iteration 131000000 is 0.9834962606547537
Validation error at iteration 132000000 is 0.983480644454997
Validation error at iteration 133000000 is 0.9834698725624567
Validation error at iteration 134000000 is 0.9834701257064846
Validation error at iteration 135000000 is 0.9834812711515714
Validation error at iteration 136000000 is 0.9834749767323343
Validation error at iteration 137000000 is 0.9834732423024624
Validation error at iteration 138000000 is 0.9834636325399315
Validation error at iteration 139000000 is 0.9834657551682717
Validation error at iteration 140000000 is 0.98346249157686
Validation error at iteration 141000000 is 0.9834628913063236
Validation error at iteration 142000000 is 0.9834618421821911
Validation error at iteration 143000000 is 0.9834513106745452
Validation error at iteration 144000000 is 0.9834572216010942
Validation error at iteration 145000000 is 0.9834556158074362
Validation error at iteration 146000000 is 0.9834518687924925
Validation error at iteration 147000000 is 0.9834389911618762
Validation error at iteration 148000000 is 0.9834355954765694
Validation error at iteration 149000000 is 0.983435246831494
Error:  0.9834404952374347
