+=+=+=+=+Generial options+=+=+=+=+
Number of iterations: 150000000
Training set size (ratio): 0.88
+=+=+=+=+Hidden Size parameters+=+=+=+=+
Starting value: 2
Ending value: 2
Running hidden size experiment...
hidden size: 2


Validation error at iteration 0 is 4.012992421077508
Validation error at iteration 1000000 is 1.0382237891858355
Validation error at iteration 2000000 is 1.03627213172136
Validation error at iteration 3000000 is 1.0362837456027514
Validation error at iteration 4000000 is 1.028268314833253
Validation error at iteration 5000000 is 1.0239783893973304
Validation error at iteration 6000000 is 1.0196614779943696
Validation error at iteration 7000000 is 1.020177140849594
Validation error at iteration 8000000 is 1.0151709015472052
Validation error at iteration 9000000 is 1.015617758341639
Validation error at iteration 10000000 is 1.0130550931592683
Validation error at iteration 11000000 is 1.013093351813265
Validation error at iteration 12000000 is 1.0106849905682544
Validation error at iteration 13000000 is 1.0078466872649101
Validation error at iteration 14000000 is 1.0093544490390383
Validation error at iteration 15000000 is 1.007633060612109
Validation error at iteration 16000000 is 1.0051913686427993
Validation error at iteration 17000000 is 1.0057635579042312
Validation error at iteration 18000000 is 1.003461096806069
Validation error at iteration 19000000 is 1.004596530212901
Validation error at iteration 20000000 is 1.0023697522207573
Validation error at iteration 21000000 is 1.0023156217969167
Validation error at iteration 22000000 is 1.0011383887091567
Validation error at iteration 23000000 is 1.0007475755225015
Validation error at iteration 24000000 is 0.9994385487025909
Validation error at iteration 25000000 is 0.9992845144684939
Validation error at iteration 26000000 is 0.9978160820328726
Validation error at iteration 27000000 is 0.9987695136058947
Validation error at iteration 28000000 is 0.9970055867497474
Validation error at iteration 29000000 is 0.9966904456481986
Validation error at iteration 30000000 is 0.9969224853894517
Validation error at iteration 31000000 is 0.9962207373957724
Validation error at iteration 32000000 is 0.9958304608105699
Validation error at iteration 33000000 is 0.9952688226413064
Validation error at iteration 34000000 is 0.9948739995190761
Validation error at iteration 35000000 is 0.9937930133737513
Validation error at iteration 36000000 is 0.9936943419926659
Validation error at iteration 37000000 is 0.9927897505483445
Validation error at iteration 38000000 is 0.9932884137687843
Validation error at iteration 39000000 is 0.9928538410029437
Validation error at iteration 40000000 is 0.992266476431252
Validation error at iteration 41000000 is 0.9927014046223296
Validation error at iteration 42000000 is 0.9920402132879865
Validation error at iteration 43000000 is 0.9921447994347237
Validation error at iteration 44000000 is 0.991450895446453
Validation error at iteration 45000000 is 0.9914621013610951
Validation error at iteration 46000000 is 0.9908615941125807
Validation error at iteration 47000000 is 0.9905823562015457
Validation error at iteration 48000000 is 0.9906186754004919
Validation error at iteration 49000000 is 0.9907264404477608
Validation error at iteration 50000000 is 0.9907109787650566
Validation error at iteration 51000000 is 0.9903980419163835
Validation error at iteration 52000000 is 0.9900332635816498
Validation error at iteration 53000000 is 0.9897443468961518
Validation error at iteration 54000000 is 0.9896530917564473
Validation error at iteration 55000000 is 0.989530329456097
Validation error at iteration 56000000 is 0.9896011194818988
Validation error at iteration 57000000 is 0.9891955267117725
Validation error at iteration 58000000 is 0.9893939395203456
Validation error at iteration 59000000 is 0.9890467349312554
Validation error at iteration 60000000 is 0.9892587408356631
Validation error at iteration 61000000 is 0.9890020063994097
Validation error at iteration 62000000 is 0.9889158497334403
Validation error at iteration 63000000 is 0.9889757868443024
Validation error at iteration 64000000 is 0.988688377567887
Validation error at iteration 65000000 is 0.9883143769550738
Validation error at iteration 66000000 is 0.9885022247163012
Validation error at iteration 67000000 is 0.988535618517899
Validation error at iteration 68000000 is 0.9881048930410965
Validation error at iteration 69000000 is 0.9884794872210109
Validation error at iteration 70000000 is 0.9883145213458723
Validation error at iteration 71000000 is 0.9884393304190585
Validation error at iteration 72000000 is 0.9882918800876568
Validation error at iteration 73000000 is 0.9882312186062991
Validation error at iteration 74000000 is 0.9881463964903179
Validation error at iteration 75000000 is 0.9879971849039864
Validation error at iteration 76000000 is 0.9881799977217355
Validation error at iteration 77000000 is 0.9882134751540043
Validation error at iteration 78000000 is 0.9880600940814026
Validation error at iteration 79000000 is 0.9880040197602411
Validation error at iteration 80000000 is 0.9882711614549788
Validation error at iteration 81000000 is 0.9880345961673578
Validation error at iteration 82000000 is 0.9878399273022324
Validation error at iteration 83000000 is 0.9878505735039815
Validation error at iteration 84000000 is 0.9877232183127621
Validation error at iteration 85000000 is 0.9878142528612857
Validation error at iteration 86000000 is 0.9877962027095811
Validation error at iteration 87000000 is 0.987704323442648
Validation error at iteration 88000000 is 0.9878086277645614
Validation error at iteration 89000000 is 0.9876840171453783
Validation error at iteration 90000000 is 0.9876006091635443
Validation error at iteration 91000000 is 0.9875349250530959
Validation error at iteration 92000000 is 0.9875566717648685
Validation error at iteration 93000000 is 0.9875440967817498
Validation error at iteration 94000000 is 0.9874837241976981
Validation error at iteration 95000000 is 0.987466410922604
Validation error at iteration 96000000 is 0.9874955808594058
Validation error at iteration 97000000 is 0.9874640580348439
Validation error at iteration 98000000 is 0.9874641522554077
Validation error at iteration 99000000 is 0.9874837275844712
Validation error at iteration 100000000 is 0.9874761965067057
Validation error at iteration 101000000 is 0.9875196203376658
Validation error at iteration 102000000 is 0.9874049080868472
Validation error at iteration 103000000 is 0.9874576541798591
Validation error at iteration 104000000 is 0.9874361425105823
Validation error at iteration 105000000 is 0.9873844378234741
Validation error at iteration 106000000 is 0.9873663039309631
Validation error at iteration 107000000 is 0.9874054100779298
Validation error at iteration 108000000 is 0.9873946378898297
Validation error at iteration 109000000 is 0.9873542798232036
Validation error at iteration 110000000 is 0.9873462903585779
Validation error at iteration 111000000 is 0.9873448485282058
Validation error at iteration 112000000 is 0.9873418852697803
Validation error at iteration 113000000 is 0.9873348010317454
Validation error at iteration 114000000 is 0.9873722610026462
Validation error at iteration 115000000 is 0.9873762548978846
Validation error at iteration 116000000 is 0.9873788233788586
Validation error at iteration 117000000 is 0.9873713303647706
Validation error at iteration 118000000 is 0.9873858280052601
Validation error at iteration 119000000 is 0.9873546558895478
Validation error at iteration 120000000 is 0.9873437135665434
Validation error at iteration 121000000 is 0.9873130022169442
Validation error at iteration 122000000 is 0.9873325082831111
Validation error at iteration 123000000 is 0.9873813163781513
Validation error at iteration 124000000 is 0.9873327998532745
Validation error at iteration 125000000 is 0.9873132618524159
Validation error at iteration 126000000 is 0.9873052274695996
Validation error at iteration 127000000 is 0.9873296771461154
Validation error at iteration 128000000 is 0.9873284125908856
Validation error at iteration 129000000 is 0.9873030064351281
Validation error at iteration 130000000 is 0.9872803119059825
Validation error at iteration 131000000 is 0.9872745737308298
Validation error at iteration 132000000 is 0.9872694548422213
Validation error at iteration 133000000 is 0.9872876593101411
Validation error at iteration 134000000 is 0.987275880653758
Validation error at iteration 135000000 is 0.9872785269767176
Validation error at iteration 136000000 is 0.9872798580865364
Validation error at iteration 137000000 is 0.9872804048170123
Validation error at iteration 138000000 is 0.9872739580950941
Validation error at iteration 139000000 is 0.987267472249355
Validation error at iteration 140000000 is 0.9872568738755428
Validation error at iteration 141000000 is 0.9872562801675322
Validation error at iteration 142000000 is 0.9872564036422727
Validation error at iteration 143000000 is 0.9872519207125044
Validation error at iteration 144000000 is 0.9872618213372625
Validation error at iteration 145000000 is 0.9872618304385576
Validation error at iteration 146000000 is 0.9872641965151625
Validation error at iteration 147000000 is 0.9872630857764683
Validation error at iteration 148000000 is 0.9872623055277915
Validation error at iteration 149000000 is 0.9872513932660486
Error:  0.9872514099899472
