+=+=+=+=+Generial options+=+=+=+=+
Number of iterations: 150000000
Training set size (ratio): 0.88
+=+=+=+=+Hidden Size parameters+=+=+=+=+
Starting value: 7
Ending value: 7
Running hidden size experiment...
hidden size: 7


Validation error at iteration 0 is 4.013355354042029
Validation error at iteration 1000000 is 1.0379296356559295
Validation error at iteration 2000000 is 1.0360104501976635
Validation error at iteration 3000000 is 1.0335781245871474
Validation error at iteration 4000000 is 1.025504349404594
Validation error at iteration 5000000 is 1.0227303314471725
Validation error at iteration 6000000 is 1.0171240999231328
Validation error at iteration 7000000 is 1.0187567190656204
Validation error at iteration 8000000 is 1.0146140517422109
Validation error at iteration 9000000 is 1.013733017927001
Validation error at iteration 10000000 is 1.0108373955305079
Validation error at iteration 11000000 is 1.0093697230405285
Validation error at iteration 12000000 is 1.008946287483206
Validation error at iteration 13000000 is 1.0053121095850461
Validation error at iteration 14000000 is 1.0050865270161031
Validation error at iteration 15000000 is 1.0032953871970391
Validation error at iteration 16000000 is 1.002585154624628
Validation error at iteration 17000000 is 1.001336575492305
Validation error at iteration 18000000 is 1.0002692041562005
Validation error at iteration 19000000 is 0.9994102606270714
Validation error at iteration 20000000 is 0.9999606824719385
Validation error at iteration 21000000 is 0.998631849102171
Validation error at iteration 22000000 is 0.9988650673978893
Validation error at iteration 23000000 is 0.996927005018307
Validation error at iteration 24000000 is 0.9964396735542094
Validation error at iteration 25000000 is 0.9960804480451507
Validation error at iteration 26000000 is 0.9947358968612992
Validation error at iteration 27000000 is 0.995038630718428
Validation error at iteration 28000000 is 0.9938207730185065
Validation error at iteration 29000000 is 0.9925756529103562
Validation error at iteration 30000000 is 0.992156214176659
Validation error at iteration 31000000 is 0.9917590981527358
Validation error at iteration 32000000 is 0.9913494961538293
Validation error at iteration 33000000 is 0.990603563559998
Validation error at iteration 34000000 is 0.9909100289257957
Validation error at iteration 35000000 is 0.9902556746798425
Validation error at iteration 36000000 is 0.9898770874857964
Validation error at iteration 37000000 is 0.9897262178014294
Validation error at iteration 38000000 is 0.988752548492295
Validation error at iteration 39000000 is 0.9886519980380263
Validation error at iteration 40000000 is 0.9884711283792957
Validation error at iteration 41000000 is 0.9882733816898067
Validation error at iteration 42000000 is 0.9886697454190898
Validation error at iteration 43000000 is 0.9875725443470513
Validation error at iteration 44000000 is 0.9877957554267699
Validation error at iteration 45000000 is 0.9868606705020261
Validation error at iteration 46000000 is 0.9873460190292962
Validation error at iteration 47000000 is 0.9872067481844292
Validation error at iteration 48000000 is 0.9866631298550165
Validation error at iteration 49000000 is 0.986389468709788
Validation error at iteration 50000000 is 0.9865431785572696
Validation error at iteration 51000000 is 0.9863394989231821
Validation error at iteration 52000000 is 0.9865906189428166
Validation error at iteration 53000000 is 0.9863303192570472
Validation error at iteration 54000000 is 0.9862689765825662
Validation error at iteration 55000000 is 0.985956792805663
Validation error at iteration 56000000 is 0.985356407467943
Validation error at iteration 57000000 is 0.9852626301611624
Validation error at iteration 58000000 is 0.9851861112860377
Validation error at iteration 59000000 is 0.9850190639673434
Validation error at iteration 60000000 is 0.9849847811140716
Validation error at iteration 61000000 is 0.9847890477549867
Validation error at iteration 62000000 is 0.9847416059887838
Validation error at iteration 63000000 is 0.9846225612957537
Validation error at iteration 64000000 is 0.9844329082905606
Validation error at iteration 65000000 is 0.9844212245286785
Validation error at iteration 66000000 is 0.9844285707629273
Validation error at iteration 67000000 is 0.9839841016518626
Validation error at iteration 68000000 is 0.9838684594215691
Validation error at iteration 69000000 is 0.983842040990975
Validation error at iteration 70000000 is 0.9840975972281604
Validation error at iteration 71000000 is 0.9840021374408583
Validation error at iteration 72000000 is 0.9838889627250235
Validation error at iteration 73000000 is 0.983870246326396
Validation error at iteration 74000000 is 0.9840381026471027
Validation error at iteration 75000000 is 0.9838615750943546
Validation error at iteration 76000000 is 0.9838446168947652
Validation error at iteration 77000000 is 0.9836255159324898
Validation error at iteration 78000000 is 0.9839240445580326
Validation error at iteration 79000000 is 0.9836068974656056
Validation error at iteration 80000000 is 0.9838333217981258
Validation error at iteration 81000000 is 0.9838093545613885
Validation error at iteration 82000000 is 0.983848062372842
Validation error at iteration 83000000 is 0.9837170269515413
Validation error at iteration 84000000 is 0.9837713706158111
Validation error at iteration 85000000 is 0.9835882089069787
Validation error at iteration 86000000 is 0.9834163803812155
Validation error at iteration 87000000 is 0.9835266281135924
Validation error at iteration 88000000 is 0.9834901161307871
Validation error at iteration 89000000 is 0.9834608891428638
Validation error at iteration 90000000 is 0.9834402368069052
Validation error at iteration 91000000 is 0.9833800648814928
Validation error at iteration 92000000 is 0.9833099966035147
Validation error at iteration 93000000 is 0.9833003200380233
Validation error at iteration 94000000 is 0.9832090732100003
Validation error at iteration 95000000 is 0.9830794787913424
Validation error at iteration 96000000 is 0.9832274609079551
Validation error at iteration 97000000 is 0.9832215250388823
Validation error at iteration 98000000 is 0.9832346892830657
Validation error at iteration 99000000 is 0.9831658047531338
Validation error at iteration 100000000 is 0.9832349789129364
Validation error at iteration 101000000 is 0.9831598445154833
Validation error at iteration 102000000 is 0.9831401562103249
Validation error at iteration 103000000 is 0.9831324518420295
Validation error at iteration 104000000 is 0.9831219104979236
Validation error at iteration 105000000 is 0.9830756240937292
Validation error at iteration 106000000 is 0.9830573505602678
Validation error at iteration 107000000 is 0.9830636319471397
Validation error at iteration 108000000 is 0.9830770989186003
Validation error at iteration 109000000 is 0.983079828409928
Validation error at iteration 110000000 is 0.9830410810101124
Validation error at iteration 111000000 is 0.9830421481991743
Validation error at iteration 112000000 is 0.9830099884694995
Validation error at iteration 113000000 is 0.9830136606143314
Validation error at iteration 114000000 is 0.9830031872427238
Validation error at iteration 115000000 is 0.9830065525502113
Validation error at iteration 116000000 is 0.9829963793303743
Validation error at iteration 117000000 is 0.9830254854395788
Validation error at iteration 118000000 is 0.9830044889134751
Validation error at iteration 119000000 is 0.9830024571013157
Validation error at iteration 120000000 is 0.9829575888345985
Validation error at iteration 121000000 is 0.9829539570605857
Validation error at iteration 122000000 is 0.9829549619175604
Validation error at iteration 123000000 is 0.9829370641641633
Validation error at iteration 124000000 is 0.982959344326763
Validation error at iteration 125000000 is 0.9829625262997537
Validation error at iteration 126000000 is 0.9829659470056122
Validation error at iteration 127000000 is 0.9829644446790408
Validation error at iteration 128000000 is 0.9829706073460388
Validation error at iteration 129000000 is 0.9829677133809837
Validation error at iteration 130000000 is 0.9829644048106972
Validation error at iteration 131000000 is 0.9829729221102702
Validation error at iteration 132000000 is 0.9829671443096508
Validation error at iteration 133000000 is 0.9829571685617122
Validation error at iteration 134000000 is 0.9829536120193573
Validation error at iteration 135000000 is 0.982939575154222
Validation error at iteration 136000000 is 0.9829400146947869
Validation error at iteration 137000000 is 0.9829264137302612
Validation error at iteration 138000000 is 0.9829340813055368
Validation error at iteration 139000000 is 0.9829224483146389
Validation error at iteration 140000000 is 0.9829280920853546
Validation error at iteration 141000000 is 0.9829219359947663
Validation error at iteration 142000000 is 0.9829219857738286
Validation error at iteration 143000000 is 0.9829295029963028
Validation error at iteration 144000000 is 0.9829242396378448
Validation error at iteration 145000000 is 0.9829278566806067
Validation error at iteration 146000000 is 0.9829212655542398
Validation error at iteration 147000000 is 0.9829266152467245
Validation error at iteration 148000000 is 0.9829297185655799
Validation error at iteration 149000000 is 0.982935074356399
Error:  0.9829343269690644
