+=+=+=+=+Generial options+=+=+=+=+
Number of iterations: 150000000
Training set size (ratio): 0.88
+=+=+=+=+Hidden Size parameters+=+=+=+=+
Starting value: 15
Ending value: 15
Running hidden size experiment...
hidden size: 15


Validation error at iteration 0 is 4.014529826270534
Validation error at iteration 1000000 is 1.0368588392367046
Validation error at iteration 2000000 is 1.0375798638410072
Validation error at iteration 3000000 is 1.03036750031388
Validation error at iteration 4000000 is 1.0233038057021648
Validation error at iteration 5000000 is 1.0205607227474829
Validation error at iteration 6000000 is 1.016973901848105
Validation error at iteration 7000000 is 1.0139370865827253
Validation error at iteration 8000000 is 1.0124270848938448
Validation error at iteration 9000000 is 1.0129787050853951
Validation error at iteration 10000000 is 1.0098854539458968
Validation error at iteration 11000000 is 1.0091093880134179
Validation error at iteration 12000000 is 1.0070278474889482
Validation error at iteration 13000000 is 1.0055466069172945
Validation error at iteration 14000000 is 1.0062462222129338
Validation error at iteration 15000000 is 1.00462101802337
Validation error at iteration 16000000 is 1.0037138136171575
Validation error at iteration 17000000 is 1.0021697718481362
Validation error at iteration 18000000 is 1.003764427894526
Validation error at iteration 19000000 is 1.0005318414142785
Validation error at iteration 20000000 is 0.9997050790733931
Validation error at iteration 21000000 is 1.0001722262900576
Validation error at iteration 22000000 is 0.9977404532834069
Validation error at iteration 23000000 is 0.9973029468990771
Validation error at iteration 24000000 is 0.9956252076511536
Validation error at iteration 25000000 is 0.9957372088638716
Validation error at iteration 26000000 is 0.9949610407231397
Validation error at iteration 27000000 is 0.994464091860303
Validation error at iteration 28000000 is 0.9947766447862277
Validation error at iteration 29000000 is 0.9940191167241011
Validation error at iteration 30000000 is 0.9942909823682426
Validation error at iteration 31000000 is 0.9929592350758548
Validation error at iteration 32000000 is 0.9920981833000749
Validation error at iteration 33000000 is 0.9922108310972785
Validation error at iteration 34000000 is 0.9917991991372443
Validation error at iteration 35000000 is 0.9907878811440892
Validation error at iteration 36000000 is 0.9911601004053773
Validation error at iteration 37000000 is 0.9909826636704501
Validation error at iteration 38000000 is 0.9902291043525724
Validation error at iteration 39000000 is 0.9903943687491538
Validation error at iteration 40000000 is 0.9894969972521924
Validation error at iteration 41000000 is 0.9889308394153549
Validation error at iteration 42000000 is 0.9889153019780149
Validation error at iteration 43000000 is 0.9890038737519168
Validation error at iteration 44000000 is 0.9886080834832343
Validation error at iteration 45000000 is 0.9882788152340777
Validation error at iteration 46000000 is 0.9880253063400821
Validation error at iteration 47000000 is 0.9876592410182996
Validation error at iteration 48000000 is 0.9876340932594799
Validation error at iteration 49000000 is 0.9876524974754449
Validation error at iteration 50000000 is 0.9874769492843445
Validation error at iteration 51000000 is 0.9869780181202851
Validation error at iteration 52000000 is 0.9869526358137078
Validation error at iteration 53000000 is 0.986704668383419
Validation error at iteration 54000000 is 0.9866120296756402
Validation error at iteration 55000000 is 0.9866331156752298
Validation error at iteration 56000000 is 0.9867685522745743
Validation error at iteration 57000000 is 0.986801414999671
Validation error at iteration 58000000 is 0.9864859455639373
Validation error at iteration 59000000 is 0.9863115267889719
Validation error at iteration 60000000 is 0.9865498103661067
Validation error at iteration 61000000 is 0.9865620627804488
Validation error at iteration 62000000 is 0.9862699656159947
Validation error at iteration 63000000 is 0.98616544048859
Validation error at iteration 64000000 is 0.9859327361720137
Validation error at iteration 65000000 is 0.9860646776037632
Validation error at iteration 66000000 is 0.9858044351257657
Validation error at iteration 67000000 is 0.9855505495533173
Validation error at iteration 68000000 is 0.9856792942749055
Validation error at iteration 69000000 is 0.9856773575569383
Validation error at iteration 70000000 is 0.9854793261605175
Validation error at iteration 71000000 is 0.9854113598749533
Validation error at iteration 72000000 is 0.9852538186972687
Validation error at iteration 73000000 is 0.9852843490735379
Validation error at iteration 74000000 is 0.9851565094900672
Validation error at iteration 75000000 is 0.9850504141751742
Validation error at iteration 76000000 is 0.9851218812055929
Validation error at iteration 77000000 is 0.9851732839883302
Validation error at iteration 78000000 is 0.9850517341161539
Validation error at iteration 79000000 is 0.9850244696433371
Validation error at iteration 80000000 is 0.9850418575891818
Validation error at iteration 81000000 is 0.9848883395640191
Validation error at iteration 82000000 is 0.9850124353471592
Validation error at iteration 83000000 is 0.985041747310813
Validation error at iteration 84000000 is 0.9848557838448635
Validation error at iteration 85000000 is 0.9848035816818091
Validation error at iteration 86000000 is 0.9846593963948187
Validation error at iteration 87000000 is 0.9847504044654922
Validation error at iteration 88000000 is 0.984739940763692
Validation error at iteration 89000000 is 0.9847148554787478
Validation error at iteration 90000000 is 0.9846614540757711
Validation error at iteration 91000000 is 0.9845589758751544
Validation error at iteration 92000000 is 0.984627587394916
Validation error at iteration 93000000 is 0.9845675923022609
Validation error at iteration 94000000 is 0.9845158427665911
Validation error at iteration 95000000 is 0.9844461609651172
Validation error at iteration 96000000 is 0.9845404919953497
Validation error at iteration 97000000 is 0.9844873558944881
Validation error at iteration 98000000 is 0.9844928159992153
Validation error at iteration 99000000 is 0.9844159034300196
Validation error at iteration 100000000 is 0.9843766113464436
Validation error at iteration 101000000 is 0.9844617736906901
Validation error at iteration 102000000 is 0.9845533077680282
Validation error at iteration 103000000 is 0.9844881233412309
Validation error at iteration 104000000 is 0.9844329826981012
Validation error at iteration 105000000 is 0.9843630147152366
Validation error at iteration 106000000 is 0.9843680027866811
Validation error at iteration 107000000 is 0.9843454169993338
Validation error at iteration 108000000 is 0.9843725061856708
Validation error at iteration 109000000 is 0.9843768848106268
Validation error at iteration 110000000 is 0.9843821034878534
Validation error at iteration 111000000 is 0.9843769516760992
Validation error at iteration 112000000 is 0.984400846071972
Validation error at iteration 113000000 is 0.9843639537860869
Validation error at iteration 114000000 is 0.9843723917503655
Validation error at iteration 115000000 is 0.9843345787405481
Validation error at iteration 116000000 is 0.9843180981976284
Validation error at iteration 117000000 is 0.9843504387493154
Validation error at iteration 118000000 is 0.9843632660803193
Validation error at iteration 119000000 is 0.9843423052259613
Validation error at iteration 120000000 is 0.9843553693381158
Validation error at iteration 121000000 is 0.9843365431997113
Validation error at iteration 122000000 is 0.9843571032703083
Validation error at iteration 123000000 is 0.9843552187143882
Validation error at iteration 124000000 is 0.9843432876511794
Validation error at iteration 125000000 is 0.9843475650062308
Validation error at iteration 126000000 is 0.9843454011170173
Validation error at iteration 127000000 is 0.9843362041331039
Validation error at iteration 128000000 is 0.9843399050027029
Validation error at iteration 129000000 is 0.9843243923225229
Validation error at iteration 130000000 is 0.9843155669692741
Validation error at iteration 131000000 is 0.9843189747946615
Validation error at iteration 132000000 is 0.9843341252373995
Validation error at iteration 133000000 is 0.9843336456928238
Validation error at iteration 134000000 is 0.9843184529193678
Validation error at iteration 135000000 is 0.9843329357339613
Validation error at iteration 136000000 is 0.984343041238441
Validation error at iteration 137000000 is 0.9843385549463057
Validation error at iteration 138000000 is 0.9843295152837335
Validation error at iteration 139000000 is 0.9843243411429092
Validation error at iteration 140000000 is 0.9843213108313005
Validation error at iteration 141000000 is 0.9843158162189195
Validation error at iteration 142000000 is 0.9843068092802828
Validation error at iteration 143000000 is 0.9843112736010228
Validation error at iteration 144000000 is 0.9843145813894192
Validation error at iteration 145000000 is 0.9843036029576928
Validation error at iteration 146000000 is 0.9843041806255303
Validation error at iteration 147000000 is 0.9843093045145284
Validation error at iteration 148000000 is 0.9843091337159321
Validation error at iteration 149000000 is 0.9843076075199415
Error:  0.984313455891595
