+=+=+=+=+Generial options+=+=+=+=+
Number of iterations: 150000000
Training set size (ratio): 0.88
+=+=+=+=+Regularisation Vector parameters+=+=+=+=+
Starting value: 0.17
Ending value: 0.2
Number of values: 4
regularization vector: 0.17


Validation error at iteration 0 is 4.014556972191073
Validation error at iteration 1000000 is 1.0190039942857017
Validation error at iteration 2000000 is 1.0169982463908973
Validation error at iteration 3000000 is 1.015515036301943
Validation error at iteration 4000000 is 1.016490664209657
Validation error at iteration 5000000 is 1.0153111202254532
Validation error at iteration 6000000 is 1.0113268090359169
Validation error at iteration 7000000 is 1.008236231820788
Validation error at iteration 8000000 is 1.0041109572701021
Validation error at iteration 9000000 is 1.0023517830540072
Validation error at iteration 10000000 is 0.999863241414586
Validation error at iteration 11000000 is 0.9977862360985718
Validation error at iteration 12000000 is 0.9968786137486843
Validation error at iteration 13000000 is 0.9966831848519365
Validation error at iteration 14000000 is 0.9943561158570576
Validation error at iteration 15000000 is 0.9943406687588843
Validation error at iteration 16000000 is 0.9934651678524539
Validation error at iteration 17000000 is 0.9932914873066444
Validation error at iteration 18000000 is 0.9923124880332104
Validation error at iteration 19000000 is 0.9918504229490446
Validation error at iteration 20000000 is 0.9914689282003809
Validation error at iteration 21000000 is 0.990297470219248
Validation error at iteration 22000000 is 0.9904447778012071
Validation error at iteration 23000000 is 0.9898280342070946
Validation error at iteration 24000000 is 0.9894062578433614
Validation error at iteration 25000000 is 0.989467584103847
Validation error at iteration 26000000 is 0.9888769907982824
Validation error at iteration 27000000 is 0.9886532719018658
Validation error at iteration 28000000 is 0.9884855765258793
Validation error at iteration 29000000 is 0.9884993440581603
Validation error at iteration 30000000 is 0.9882831103747383
Validation error at iteration 31000000 is 0.9879416793880161
Validation error at iteration 32000000 is 0.9879041014007532
Validation error at iteration 33000000 is 0.9876417780960689
Validation error at iteration 34000000 is 0.9870217698844687
Validation error at iteration 35000000 is 0.9875653079012698
Validation error at iteration 36000000 is 0.9871297060297436
Validation error at iteration 37000000 is 0.9868694278481617
Validation error at iteration 38000000 is 0.9873336241811534
Validation error at iteration 39000000 is 0.987042407126564
Validation error at iteration 40000000 is 0.9866740505955631
Validation error at iteration 41000000 is 0.9868498595533709
Validation error at iteration 42000000 is 0.9865413653886533
Validation error at iteration 43000000 is 0.9869686491528277
Validation error at iteration 44000000 is 0.9865898495749588
Validation error at iteration 45000000 is 0.9865740267783011
Validation error at iteration 46000000 is 0.9858445296426495
Validation error at iteration 47000000 is 0.9861464897746723
Validation error at iteration 48000000 is 0.986440180429518
Validation error at iteration 49000000 is 0.9863779707732689
Validation error at iteration 50000000 is 0.9859661470351385
Validation error at iteration 51000000 is 0.9857516060347516
Validation error at iteration 52000000 is 0.9856489731896521
Validation error at iteration 53000000 is 0.9856097688238433
Validation error at iteration 54000000 is 0.9855611581814866
Validation error at iteration 55000000 is 0.9855817619331798
Validation error at iteration 56000000 is 0.9853462301229273
Validation error at iteration 57000000 is 0.9854642906625678
Validation error at iteration 58000000 is 0.9853068885891226
Validation error at iteration 59000000 is 0.9853214873550277
Validation error at iteration 60000000 is 0.9853830740126562
Validation error at iteration 61000000 is 0.9854467849728098
Validation error at iteration 62000000 is 0.9853697895367037
Validation error at iteration 63000000 is 0.9855147879958102
Validation error at iteration 64000000 is 0.9851954177913393
Validation error at iteration 65000000 is 0.985150138815131
Validation error at iteration 66000000 is 0.98507369802568
Validation error at iteration 67000000 is 0.985146614251788
Validation error at iteration 68000000 is 0.9850332273924332
Validation error at iteration 69000000 is 0.9849718848414458
Validation error at iteration 70000000 is 0.984877232276515
Validation error at iteration 71000000 is 0.9849329332826674
Validation error at iteration 72000000 is 0.984953475817692
Validation error at iteration 73000000 is 0.9849983761795724
Validation error at iteration 74000000 is 0.9850515713190185
Validation error at iteration 75000000 is 0.9851332224146249
Validation error at iteration 76000000 is 0.985008573592314
Validation error at iteration 77000000 is 0.9848694417063882
Validation error at iteration 78000000 is 0.9848713872953673
Validation error at iteration 79000000 is 0.9849231773645073
Validation error at iteration 80000000 is 0.9848865239327392
Validation error at iteration 81000000 is 0.9848701054232021
Validation error at iteration 82000000 is 0.9848839460293484
Validation error at iteration 83000000 is 0.9847491553451915
Validation error at iteration 84000000 is 0.9847780914414032
Validation error at iteration 85000000 is 0.9847636259226613
Validation error at iteration 86000000 is 0.9847605907370371
Validation error at iteration 87000000 is 0.9848551065479779
Validation error at iteration 88000000 is 0.9848389436593549
Validation error at iteration 89000000 is 0.9846667747821122
Validation error at iteration 90000000 is 0.9846623436531335
Validation error at iteration 91000000 is 0.9846804141637724
Validation error at iteration 92000000 is 0.9847208970678557
Validation error at iteration 93000000 is 0.9847438995497271
Validation error at iteration 94000000 is 0.9846731858454104
Validation error at iteration 95000000 is 0.9846905624067209
Validation error at iteration 96000000 is 0.9846651058041122
Validation error at iteration 97000000 is 0.9846301314438247
Validation error at iteration 98000000 is 0.9846240634056318
Validation error at iteration 99000000 is 0.9846045872253019
Validation error at iteration 100000000 is 0.9846493044221959
Validation error at iteration 101000000 is 0.9846370497591453
Validation error at iteration 102000000 is 0.9846250204522081
Validation error at iteration 103000000 is 0.9846301506112963
Validation error at iteration 104000000 is 0.9846460600766596
Validation error at iteration 105000000 is 0.9846489402975485
Validation error at iteration 106000000 is 0.9846883869508435
Validation error at iteration 107000000 is 0.9846676717664158
Validation error at iteration 108000000 is 0.9846498940029099
Validation error at iteration 109000000 is 0.984620612666426
Validation error at iteration 110000000 is 0.9846444164175409
Validation error at iteration 111000000 is 0.9846234194479272
Validation error at iteration 112000000 is 0.9846162453533134
Validation error at iteration 113000000 is 0.984654901724104
Validation error at iteration 114000000 is 0.9846398455850638
Validation error at iteration 115000000 is 0.9846390049148365
Validation error at iteration 116000000 is 0.9846372994439374
Validation error at iteration 117000000 is 0.9846109456836234
Validation error at iteration 118000000 is 0.9846249687803622
Validation error at iteration 119000000 is 0.9846306670009582
Validation error at iteration 120000000 is 0.98462941162922
Validation error at iteration 121000000 is 0.9846312087200433
Validation error at iteration 122000000 is 0.984613781349026
Validation error at iteration 123000000 is 0.9846120324977303
Validation error at iteration 124000000 is 0.9845953633725189
Validation error at iteration 125000000 is 0.9846154239418815
Validation error at iteration 126000000 is 0.9846203356944534
Validation error at iteration 127000000 is 0.9846119185278246
Validation error at iteration 128000000 is 0.9846053819897205
Validation error at iteration 129000000 is 0.9845992809743401
Validation error at iteration 130000000 is 0.9845971658083054
Validation error at iteration 131000000 is 0.9846080776631229
Validation error at iteration 132000000 is 0.984604826897992
Validation error at iteration 133000000 is 0.9846038228538697
Validation error at iteration 134000000 is 0.984609411921478
Validation error at iteration 135000000 is 0.9846065582179085
Validation error at iteration 136000000 is 0.9845992560966986
Validation error at iteration 137000000 is 0.98459805754826
Validation error at iteration 138000000 is 0.9845989815115384
Validation error at iteration 139000000 is 0.9845958692502951
Validation error at iteration 140000000 is 0.9845997599512709
Validation error at iteration 141000000 is 0.9845971294516076
Validation error at iteration 142000000 is 0.9845908121051729
Validation error at iteration 143000000 is 0.9845949297179916
Validation error at iteration 144000000 is 0.9845931659657572
Validation error at iteration 145000000 is 0.9845886801726207
Validation error at iteration 146000000 is 0.9845891714815711
Validation error at iteration 147000000 is 0.9845877466282571
Validation error at iteration 148000000 is 0.9845932089830509
Validation error at iteration 149000000 is 0.9845942881555715
Error:  0.9845919221968861
regularization vector: 0.18000000000000002


Validation error at iteration 0 is 4.013753032144265
Validation error at iteration 1000000 is 1.0185884006686823
Validation error at iteration 2000000 is 1.0180692026300975
Validation error at iteration 3000000 is 1.0178511308015936
Validation error at iteration 4000000 is 1.015376587566086
Validation error at iteration 5000000 is 1.0143725640445094
Validation error at iteration 6000000 is 1.0125923139609956
Validation error at iteration 7000000 is 1.0065127930560132
Validation error at iteration 8000000 is 1.00394204937767
Validation error at iteration 9000000 is 1.0016368356493388
Validation error at iteration 10000000 is 0.9993274370316176
Validation error at iteration 11000000 is 0.9972265221342117
Validation error at iteration 12000000 is 0.9972113218204952
Validation error at iteration 13000000 is 0.9957292522930804
Validation error at iteration 14000000 is 0.9951883854700895
Validation error at iteration 15000000 is 0.9939568315307513
Validation error at iteration 16000000 is 0.9938496926129708
Validation error at iteration 17000000 is 0.9923792199464568
Validation error at iteration 18000000 is 0.9920866298427208
Validation error at iteration 19000000 is 0.9912578028282153
Validation error at iteration 20000000 is 0.9908151525883148
Validation error at iteration 21000000 is 0.9909423287509879
Validation error at iteration 22000000 is 0.9909527968971301
Validation error at iteration 23000000 is 0.989178465245957
Validation error at iteration 24000000 is 0.9892776886105149
Validation error at iteration 25000000 is 0.9898118121406589
Validation error at iteration 26000000 is 0.988935722446548
Validation error at iteration 27000000 is 0.9888598345426292
Validation error at iteration 28000000 is 0.9888859722197104
Validation error at iteration 29000000 is 0.9885197052841578
Validation error at iteration 30000000 is 0.988408227374215
Validation error at iteration 31000000 is 0.9880098234208173
Validation error at iteration 32000000 is 0.9869614738115058
Validation error at iteration 33000000 is 0.9881110507951099
Validation error at iteration 34000000 is 0.987322178853297
Validation error at iteration 35000000 is 0.9872812911852233
Validation error at iteration 36000000 is 0.9870847015629928
Validation error at iteration 37000000 is 0.9872178272859053
Validation error at iteration 38000000 is 0.9868980627006401
Validation error at iteration 39000000 is 0.9873273586461875
Validation error at iteration 40000000 is 0.9870324538867241
Validation error at iteration 41000000 is 0.9863100486143056
Validation error at iteration 42000000 is 0.9866802655815067
Validation error at iteration 43000000 is 0.9867971046339074
Validation error at iteration 44000000 is 0.9863177025868214
Validation error at iteration 45000000 is 0.9859803801636593
Validation error at iteration 46000000 is 0.9860499214499453
Validation error at iteration 47000000 is 0.9864391981545286
Validation error at iteration 48000000 is 0.9863436553571107
Validation error at iteration 49000000 is 0.985769869174558
Validation error at iteration 50000000 is 0.9859814942317522
Validation error at iteration 51000000 is 0.9860859461334013
Validation error at iteration 52000000 is 0.9858176650502495
Validation error at iteration 53000000 is 0.9858806249958767
Validation error at iteration 54000000 is 0.9856108354681581
Validation error at iteration 55000000 is 0.985767099893504
Validation error at iteration 56000000 is 0.9859102173852328
Validation error at iteration 57000000 is 0.985648074181821
Validation error at iteration 58000000 is 0.9857762562070673
Validation error at iteration 59000000 is 0.9853409325243272
Validation error at iteration 60000000 is 0.9854305179723484
Validation error at iteration 61000000 is 0.9855066454537973
Validation error at iteration 62000000 is 0.9854221523090023
Validation error at iteration 63000000 is 0.9851148003758355
Validation error at iteration 64000000 is 0.9850358015547734
Validation error at iteration 65000000 is 0.9850491837752804
Validation error at iteration 66000000 is 0.9850265222574887
Validation error at iteration 67000000 is 0.9850744201314826
Validation error at iteration 68000000 is 0.985056248346126
Validation error at iteration 69000000 is 0.9849878074632551
Validation error at iteration 70000000 is 0.9851454095500964
Validation error at iteration 71000000 is 0.9850332063344827
Validation error at iteration 72000000 is 0.984986847706458
Validation error at iteration 73000000 is 0.9849653869254227
Validation error at iteration 74000000 is 0.9850007770322922
Validation error at iteration 75000000 is 0.9849096321283083
Validation error at iteration 76000000 is 0.9848464912801957
Validation error at iteration 77000000 is 0.9848684536176984
Validation error at iteration 78000000 is 0.9847911777875054
Validation error at iteration 79000000 is 0.9848192239684759
Validation error at iteration 80000000 is 0.9847551450590769
Validation error at iteration 81000000 is 0.9847857337055937
Validation error at iteration 82000000 is 0.9847507289563773
Validation error at iteration 83000000 is 0.9848372983436601
Validation error at iteration 84000000 is 0.9848317152392143
Validation error at iteration 85000000 is 0.9848262097114909
Validation error at iteration 86000000 is 0.9848039611847417
Validation error at iteration 87000000 is 0.984848552538084
Validation error at iteration 88000000 is 0.9847964090178407
Validation error at iteration 89000000 is 0.9847889173588905
Validation error at iteration 90000000 is 0.9847421102331471
Validation error at iteration 91000000 is 0.9847637864018558
Validation error at iteration 92000000 is 0.984760613543183
Validation error at iteration 93000000 is 0.9847634443988421
Validation error at iteration 94000000 is 0.9847585894898286
Validation error at iteration 95000000 is 0.9847232149906879
Validation error at iteration 96000000 is 0.9846820130959697
Validation error at iteration 97000000 is 0.984675727673698
Validation error at iteration 98000000 is 0.9846030160193918
Validation error at iteration 99000000 is 0.9845893953475309
Validation error at iteration 100000000 is 0.9845877773309546
Validation error at iteration 101000000 is 0.9846202111092434
Validation error at iteration 102000000 is 0.9846232362160144
Validation error at iteration 103000000 is 0.9846165875315993
Validation error at iteration 104000000 is 0.9846152819697975
Validation error at iteration 105000000 is 0.9846010613324451
Validation error at iteration 106000000 is 0.9845800094963898
Validation error at iteration 107000000 is 0.9845699802869083
Validation error at iteration 108000000 is 0.9845772023046292
Validation error at iteration 109000000 is 0.9845772906255692
Validation error at iteration 110000000 is 0.984587047912873
Validation error at iteration 111000000 is 0.9845952373466872
Validation error at iteration 112000000 is 0.984546556889173
Validation error at iteration 113000000 is 0.9845716840135238
Validation error at iteration 114000000 is 0.9845767177129152
Validation error at iteration 115000000 is 0.9845827938198414
Validation error at iteration 116000000 is 0.9845773521652869
Validation error at iteration 117000000 is 0.9845691176397066
Validation error at iteration 118000000 is 0.9845617397681142
Validation error at iteration 119000000 is 0.9845636688233756
Validation error at iteration 120000000 is 0.9845647505277251
Validation error at iteration 121000000 is 0.9845688317744149
Validation error at iteration 122000000 is 0.9845775239989383
Validation error at iteration 123000000 is 0.9845682974332173
Validation error at iteration 124000000 is 0.9845723544753878
Validation error at iteration 125000000 is 0.9845872331959558
Validation error at iteration 126000000 is 0.9845787396424663
Validation error at iteration 127000000 is 0.9845491032695476
Validation error at iteration 128000000 is 0.9845440315512485
Validation error at iteration 129000000 is 0.9845445833032279
Validation error at iteration 130000000 is 0.9845401785825177
Validation error at iteration 131000000 is 0.9845483758003017
Validation error at iteration 132000000 is 0.9845418072314549
Validation error at iteration 133000000 is 0.9845454338691155
Validation error at iteration 134000000 is 0.9845513771664716
Validation error at iteration 135000000 is 0.9845443716201044
Validation error at iteration 136000000 is 0.9845459391543733
Validation error at iteration 137000000 is 0.9845462154397678
Validation error at iteration 138000000 is 0.9845417774812883
Validation error at iteration 139000000 is 0.9845452395913917
Validation error at iteration 140000000 is 0.9845506793782075
Validation error at iteration 141000000 is 0.984548146147902
Validation error at iteration 142000000 is 0.9845489160601291
Validation error at iteration 143000000 is 0.9845446284658085
Validation error at iteration 144000000 is 0.984540912891385
Validation error at iteration 145000000 is 0.9845408732315302
Validation error at iteration 146000000 is 0.9845379739797833
Validation error at iteration 147000000 is 0.9845376690639269
Validation error at iteration 148000000 is 0.9845384834021722
Validation error at iteration 149000000 is 0.9845344220246307
Error:  0.9845327371198214
regularization vector: 0.19


Validation error at iteration 0 is 4.014004030651051
Validation error at iteration 1000000 is 1.018917331601904
Validation error at iteration 2000000 is 1.017355297416537
Validation error at iteration 3000000 is 1.0163297014765935
Validation error at iteration 4000000 is 1.0160119412840034
Validation error at iteration 5000000 is 1.015882004752207
Validation error at iteration 6000000 is 1.0118925595677786
Validation error at iteration 7000000 is 1.0077935824543829
Validation error at iteration 8000000 is 1.0043962470420185
Validation error at iteration 9000000 is 1.001748198290747
Validation error at iteration 10000000 is 1.0003516736548126
Validation error at iteration 11000000 is 0.9975428513952191
Validation error at iteration 12000000 is 0.9968392141563782
Validation error at iteration 13000000 is 0.9961541711727911
Validation error at iteration 14000000 is 0.9953174251353293
Validation error at iteration 15000000 is 0.9943566641148534
Validation error at iteration 16000000 is 0.9935240388564505
Validation error at iteration 17000000 is 0.9927720111029746
Validation error at iteration 18000000 is 0.9922566360645072
Validation error at iteration 19000000 is 0.9911489333160856
Validation error at iteration 20000000 is 0.9920051643565359
Validation error at iteration 21000000 is 0.9912426006404974
Validation error at iteration 22000000 is 0.9902978240160276
Validation error at iteration 23000000 is 0.9903400799790063
Validation error at iteration 24000000 is 0.9902322438478877
Validation error at iteration 25000000 is 0.9894206423542389
Validation error at iteration 26000000 is 0.9894432094434978
Validation error at iteration 27000000 is 0.9895008275840569
Validation error at iteration 28000000 is 0.989369774202824
Validation error at iteration 29000000 is 0.9895375649902705
Validation error at iteration 30000000 is 0.9887890023483032
Validation error at iteration 31000000 is 0.9884965197092478
Validation error at iteration 32000000 is 0.9886795731277777
Validation error at iteration 33000000 is 0.988334473211764
Validation error at iteration 34000000 is 0.9882013708593885
Validation error at iteration 35000000 is 0.9881813808343741
Validation error at iteration 36000000 is 0.9878482704597481
Validation error at iteration 37000000 is 0.9876010152055046
Validation error at iteration 38000000 is 0.9873510225582386
Validation error at iteration 39000000 is 0.9875462161394716
Validation error at iteration 40000000 is 0.9871550088895193
Validation error at iteration 41000000 is 0.9873184930875736
Validation error at iteration 42000000 is 0.9872922314967524
Validation error at iteration 43000000 is 0.9868945727190014
Validation error at iteration 44000000 is 0.9867932422426307
Validation error at iteration 45000000 is 0.9867242974498975
Validation error at iteration 46000000 is 0.9869404058188909
Validation error at iteration 47000000 is 0.9864739294885212
Validation error at iteration 48000000 is 0.9864674218478974
Validation error at iteration 49000000 is 0.9865709365901527
Validation error at iteration 50000000 is 0.9864932669487569
Validation error at iteration 51000000 is 0.9865773982235319
Validation error at iteration 52000000 is 0.9865057385292939
Validation error at iteration 53000000 is 0.986385207358324
Validation error at iteration 54000000 is 0.9864234692483183
Validation error at iteration 55000000 is 0.9861329237190374
Validation error at iteration 56000000 is 0.9860448606490736
Validation error at iteration 57000000 is 0.9861027742155608
Validation error at iteration 58000000 is 0.9860444064256304
Validation error at iteration 59000000 is 0.9861084136779523
Validation error at iteration 60000000 is 0.9859380077775881
Validation error at iteration 61000000 is 0.9859664668058764
Validation error at iteration 62000000 is 0.9859248200104063
Validation error at iteration 63000000 is 0.986051962721497
Validation error at iteration 64000000 is 0.985865108872222
Validation error at iteration 65000000 is 0.9857280194070543
Validation error at iteration 66000000 is 0.9855783220328086
Validation error at iteration 67000000 is 0.985788592074229
Validation error at iteration 68000000 is 0.9854100082379212
Validation error at iteration 69000000 is 0.9857987588248459
Validation error at iteration 70000000 is 0.9856524950713591
Validation error at iteration 71000000 is 0.9856356018563761
Validation error at iteration 72000000 is 0.9856345835219129
Validation error at iteration 73000000 is 0.9856751938796786
Validation error at iteration 74000000 is 0.985587062366207
Validation error at iteration 75000000 is 0.9855551714131338
Validation error at iteration 76000000 is 0.9855614029397652
Validation error at iteration 77000000 is 0.9854736168312762
Validation error at iteration 78000000 is 0.9855661298385423
Validation error at iteration 79000000 is 0.9854684262876501
Validation error at iteration 80000000 is 0.9853461907484673
Validation error at iteration 81000000 is 0.9854305017270109
Validation error at iteration 82000000 is 0.9853164978999033
Validation error at iteration 83000000 is 0.9853650118255805
Validation error at iteration 84000000 is 0.9853293774803661
Validation error at iteration 85000000 is 0.9853498521734366
Validation error at iteration 86000000 is 0.9852843639509704
Validation error at iteration 87000000 is 0.9853408966833905
Validation error at iteration 88000000 is 0.9853847109009336
Validation error at iteration 89000000 is 0.9853577677223867
Validation error at iteration 90000000 is 0.9852686065724345
Validation error at iteration 91000000 is 0.9853122957715518
Validation error at iteration 92000000 is 0.9853715146685028
Validation error at iteration 93000000 is 0.9853568176703514
Validation error at iteration 94000000 is 0.9853192254024137
Validation error at iteration 95000000 is 0.9854106922655493
Validation error at iteration 96000000 is 0.9852740709196346
Validation error at iteration 97000000 is 0.9852902051284453
Validation error at iteration 98000000 is 0.9853680997878227
Validation error at iteration 99000000 is 0.9852993432838391
Validation error at iteration 100000000 is 0.9853334832123467
Validation error at iteration 101000000 is 0.9853090642719768
Validation error at iteration 102000000 is 0.9852910792586781
Validation error at iteration 103000000 is 0.9853130043572952
Validation error at iteration 104000000 is 0.9852545097522593
Validation error at iteration 105000000 is 0.9852641821018552
Validation error at iteration 106000000 is 0.9852530628708887
Validation error at iteration 107000000 is 0.9852385184132532
Validation error at iteration 108000000 is 0.9852705880550467
Validation error at iteration 109000000 is 0.985261557191753
Validation error at iteration 110000000 is 0.9852212849319065
Validation error at iteration 111000000 is 0.9852424359000963
Validation error at iteration 112000000 is 0.9852210737653387
Validation error at iteration 113000000 is 0.9852284652065425
Validation error at iteration 114000000 is 0.9852313823036946
Validation error at iteration 115000000 is 0.9852213356220955
Validation error at iteration 116000000 is 0.9852150384627983
Validation error at iteration 117000000 is 0.9852094576296287
Validation error at iteration 118000000 is 0.9851948102822666
Validation error at iteration 119000000 is 0.9851831671580641
Validation error at iteration 120000000 is 0.9851689820567869
Validation error at iteration 121000000 is 0.9851664045186589
Validation error at iteration 122000000 is 0.9851585728009586
Validation error at iteration 123000000 is 0.9851370490128872
Validation error at iteration 124000000 is 0.9851463347776862
Validation error at iteration 125000000 is 0.9851463793406453
Validation error at iteration 126000000 is 0.9851596463536804
Validation error at iteration 127000000 is 0.9851589830977013
Validation error at iteration 128000000 is 0.9851523307556442
Validation error at iteration 129000000 is 0.9851358780593884
Validation error at iteration 130000000 is 0.9851537137745742
Validation error at iteration 131000000 is 0.9851688271339141
Validation error at iteration 132000000 is 0.9851560956731787
Validation error at iteration 133000000 is 0.9851621491220741
Validation error at iteration 134000000 is 0.9851676738231836
Validation error at iteration 135000000 is 0.9851661440564815
Validation error at iteration 136000000 is 0.9851751400809582
Validation error at iteration 137000000 is 0.9851748633977492
Validation error at iteration 138000000 is 0.9851745678162569
Validation error at iteration 139000000 is 0.985172425518245
Validation error at iteration 140000000 is 0.9851774284930699
Validation error at iteration 141000000 is 0.985175297477869
Validation error at iteration 142000000 is 0.985178209692194
Validation error at iteration 143000000 is 0.9851778105494194
Validation error at iteration 144000000 is 0.9851796472895694
Validation error at iteration 145000000 is 0.9851863709365757
Validation error at iteration 146000000 is 0.9851849224977522
Validation error at iteration 147000000 is 0.9851809946128973
Validation error at iteration 148000000 is 0.9851785025809907
Validation error at iteration 149000000 is 0.9851771771922697
Error:  0.9851742950785481
regularization vector: 0.2


Validation error at iteration 0 is 4.0144287338743325
Validation error at iteration 1000000 is 1.0187856309968382
Validation error at iteration 2000000 is 1.0185800690158564
Validation error at iteration 3000000 is 1.0172068534432543
Validation error at iteration 4000000 is 1.0161525922131276
Validation error at iteration 5000000 is 1.0150704594011521
Validation error at iteration 6000000 is 1.0132599353949687
Validation error at iteration 7000000 is 1.0095684265254945
Validation error at iteration 8000000 is 1.0047052733225759
Validation error at iteration 9000000 is 1.0026119684776171
Validation error at iteration 10000000 is 1.000464645724555
Validation error at iteration 11000000 is 0.9996994551735933
Validation error at iteration 12000000 is 0.9985033734369626
Validation error at iteration 13000000 is 0.9977190424183789
Validation error at iteration 14000000 is 0.9960209336067338
Validation error at iteration 15000000 is 0.9942544212128934
Validation error at iteration 16000000 is 0.9946890709737699
Validation error at iteration 17000000 is 0.9930198979002364
Validation error at iteration 18000000 is 0.9931189716347301
Validation error at iteration 19000000 is 0.9910701692586578
Validation error at iteration 20000000 is 0.992143148423417
Validation error at iteration 21000000 is 0.9908162158636955
Validation error at iteration 22000000 is 0.991324129569971
Validation error at iteration 23000000 is 0.9897345771503685
Validation error at iteration 24000000 is 0.9888862127467408
Validation error at iteration 25000000 is 0.9900454325468134
Validation error at iteration 26000000 is 0.9889773716312326
Validation error at iteration 27000000 is 0.9886373023430428
Validation error at iteration 28000000 is 0.9890076897210669
Validation error at iteration 29000000 is 0.9881416358800764
Validation error at iteration 30000000 is 0.9882768448952028
Validation error at iteration 31000000 is 0.9882976972303776
Validation error at iteration 32000000 is 0.9878256496208793
Validation error at iteration 33000000 is 0.9880308642921469
Validation error at iteration 34000000 is 0.9880245793219634
Validation error at iteration 35000000 is 0.9879820319689068
Validation error at iteration 36000000 is 0.9873013174104162
Validation error at iteration 37000000 is 0.9875275433393144
Validation error at iteration 38000000 is 0.9873503786628366
Validation error at iteration 39000000 is 0.9872535103885989
Validation error at iteration 40000000 is 0.9874398531240065
Validation error at iteration 41000000 is 0.9870589546536668
Validation error at iteration 42000000 is 0.9871401270038723
Validation error at iteration 43000000 is 0.9868107886604415
Validation error at iteration 44000000 is 0.986954026315544
Validation error at iteration 45000000 is 0.9867311551725821
Validation error at iteration 46000000 is 0.9864511842118118
Validation error at iteration 47000000 is 0.9863563172506469
Validation error at iteration 48000000 is 0.9860741373605745
Validation error at iteration 49000000 is 0.9860497130770465
Validation error at iteration 50000000 is 0.9858371371867533
Validation error at iteration 51000000 is 0.9859552972044301
Validation error at iteration 52000000 is 0.9862859066949962
Validation error at iteration 53000000 is 0.9857814865926254
Validation error at iteration 54000000 is 0.9858051398236819
Validation error at iteration 55000000 is 0.9857256670896088
Validation error at iteration 56000000 is 0.985522990851317
Validation error at iteration 57000000 is 0.9856362449816098
Validation error at iteration 58000000 is 0.9856690096392312
Validation error at iteration 59000000 is 0.9856094789792725
Validation error at iteration 60000000 is 0.9855120129100783
Validation error at iteration 61000000 is 0.9854176619400193
Validation error at iteration 62000000 is 0.985275139574312
Validation error at iteration 63000000 is 0.9853242975576926
Validation error at iteration 64000000 is 0.98542535997871
Validation error at iteration 65000000 is 0.9851434298658941
Validation error at iteration 66000000 is 0.9854086284650431
Validation error at iteration 67000000 is 0.9854333539087503
Validation error at iteration 68000000 is 0.9852968002283525
Validation error at iteration 69000000 is 0.9852215992929753
Validation error at iteration 70000000 is 0.9852395605698789
Validation error at iteration 71000000 is 0.9853121510965929
Validation error at iteration 72000000 is 0.9852133778819442
Validation error at iteration 73000000 is 0.9852406603702961
Validation error at iteration 74000000 is 0.9852730547153041
Validation error at iteration 75000000 is 0.9852097956399808
Validation error at iteration 76000000 is 0.9852799029976037
Validation error at iteration 77000000 is 0.9852265408372689
Validation error at iteration 78000000 is 0.9853058449806592
Validation error at iteration 79000000 is 0.9852275676430334
Validation error at iteration 80000000 is 0.9851664627149425
Validation error at iteration 81000000 is 0.9850895995751934
Validation error at iteration 82000000 is 0.9850440624215077
Validation error at iteration 83000000 is 0.9851127527140273
Validation error at iteration 84000000 is 0.9850672228232048
Validation error at iteration 85000000 is 0.9849936555610234
Validation error at iteration 86000000 is 0.9849622966312264
Validation error at iteration 87000000 is 0.9851064253754502
Validation error at iteration 88000000 is 0.9850708876120956
Validation error at iteration 89000000 is 0.9850670322711651
Validation error at iteration 90000000 is 0.9850406355672611
Validation error at iteration 91000000 is 0.9850107247082885
Validation error at iteration 92000000 is 0.9849819345054458
Validation error at iteration 93000000 is 0.9849754652607617
Validation error at iteration 94000000 is 0.9849380470057508
Validation error at iteration 95000000 is 0.9849168244458204
Validation error at iteration 96000000 is 0.9849349427038682
Validation error at iteration 97000000 is 0.9849539934345317
Validation error at iteration 98000000 is 0.9850133032077587
Validation error at iteration 99000000 is 0.9849356367203995
Validation error at iteration 100000000 is 0.9849190618896769
Validation error at iteration 101000000 is 0.9849262370936103
Validation error at iteration 102000000 is 0.9848895668765906
Validation error at iteration 103000000 is 0.9848530287298362
Validation error at iteration 104000000 is 0.9848163307103557
Validation error at iteration 105000000 is 0.9848345380888025
Validation error at iteration 106000000 is 0.9848027841686283
Validation error at iteration 107000000 is 0.9848014230019135
Validation error at iteration 108000000 is 0.9848208757299588
Validation error at iteration 109000000 is 0.98482177225297
Validation error at iteration 110000000 is 0.9848124563891765
Validation error at iteration 111000000 is 0.9848150069719049
Validation error at iteration 112000000 is 0.9848075228963815
Validation error at iteration 113000000 is 0.9848143082219621
Validation error at iteration 114000000 is 0.984826847930487
Validation error at iteration 115000000 is 0.9848582308119394
Validation error at iteration 116000000 is 0.9848803176947903
Validation error at iteration 117000000 is 0.9848814781327949
Validation error at iteration 118000000 is 0.9848861847983273
Validation error at iteration 119000000 is 0.9848917099074512
Validation error at iteration 120000000 is 0.9848938427167364
Validation error at iteration 121000000 is 0.9848947885636882
Validation error at iteration 122000000 is 0.9848796628070193
Validation error at iteration 123000000 is 0.9848753497092433
Validation error at iteration 124000000 is 0.9848707698903502
Validation error at iteration 125000000 is 0.9848581739882266
Validation error at iteration 126000000 is 0.9848650276899454
Validation error at iteration 127000000 is 0.9848762812737318
Validation error at iteration 128000000 is 0.9848660610805744
Validation error at iteration 129000000 is 0.9848557240451358
Validation error at iteration 130000000 is 0.9848528017026998
Validation error at iteration 131000000 is 0.9848547099918986
Validation error at iteration 132000000 is 0.9848608624915907
Validation error at iteration 133000000 is 0.9848433092273222
Validation error at iteration 134000000 is 0.9848474883248002
Validation error at iteration 135000000 is 0.9848484121845192
Validation error at iteration 136000000 is 0.9848428890752555
Validation error at iteration 137000000 is 0.9848446273415544
Validation error at iteration 138000000 is 0.9848465536042643
Validation error at iteration 139000000 is 0.9848365154517292
Validation error at iteration 140000000 is 0.9848377180282735
Validation error at iteration 141000000 is 0.9848446393673355
Validation error at iteration 142000000 is 0.9848452124856424
Validation error at iteration 143000000 is 0.9848451060204978
Validation error at iteration 144000000 is 0.9848524994074384
Validation error at iteration 145000000 is 0.9848483988235364
Validation error at iteration 146000000 is 0.9848481242360102
Validation error at iteration 147000000 is 0.9848433322845791
Validation error at iteration 148000000 is 0.9848399356201255
Validation error at iteration 149000000 is 0.9848418174552882
Error:  0.9848474056553169
{0.17: 0.9845919221968861,
 0.18000000000000002: 0.9845327371198214,
 0.19: 0.9851742950785481,
 0.2: 0.9848474056553169}
