+=+=+=+=+Generial options+=+=+=+=+
Number of iterations: 150000000
Training set size (ratio): 0.88
+=+=+=+=+Regularisation Vector parameters+=+=+=+=+
Starting value: 0.13
Ending value: 0.16
Number of values: 4
regularization vector: 0.13


Validation error at iteration 0 is 4.014560395013397
Validation error at iteration 1000000 is 1.016747465196355
Validation error at iteration 2000000 is 1.0169365281317184
Validation error at iteration 3000000 is 1.0154849381651323
Validation error at iteration 4000000 is 1.016013900758232
Validation error at iteration 5000000 is 1.0148029342474918
Validation error at iteration 6000000 is 1.011112428004059
Validation error at iteration 7000000 is 1.008384051096347
Validation error at iteration 8000000 is 1.0049378754594482
Validation error at iteration 9000000 is 1.0010708652974765
Validation error at iteration 10000000 is 0.9997904018494365
Validation error at iteration 11000000 is 0.9987170594545574
Validation error at iteration 12000000 is 0.9983355732623651
Validation error at iteration 13000000 is 0.9966479344211663
Validation error at iteration 14000000 is 0.9945899884045769
Validation error at iteration 15000000 is 0.9936968723045471
Validation error at iteration 16000000 is 0.9936075880733846
Validation error at iteration 17000000 is 0.9926893357312329
Validation error at iteration 18000000 is 0.9923052766132278
Validation error at iteration 19000000 is 0.9915080035768468
Validation error at iteration 20000000 is 0.9909457001389461
Validation error at iteration 21000000 is 0.9906392323667894
Validation error at iteration 22000000 is 0.9896903888138655
Validation error at iteration 23000000 is 0.9897393897814831
Validation error at iteration 24000000 is 0.9891019624038992
Validation error at iteration 25000000 is 0.9888789952864688
Validation error at iteration 26000000 is 0.9881384631250002
Validation error at iteration 27000000 is 0.9886939066029901
Validation error at iteration 28000000 is 0.9884376069928721
Validation error at iteration 29000000 is 0.9881282488848856
Validation error at iteration 30000000 is 0.9877296497912286
Validation error at iteration 31000000 is 0.9874674342238892
Validation error at iteration 32000000 is 0.9872328578135591
Validation error at iteration 33000000 is 0.9875412755460105
Validation error at iteration 34000000 is 0.9875148931359798
Validation error at iteration 35000000 is 0.987270294534842
Validation error at iteration 36000000 is 0.987011066865141
Validation error at iteration 37000000 is 0.9864794541158367
Validation error at iteration 38000000 is 0.9870258410435008
Validation error at iteration 39000000 is 0.9866548692280588
Validation error at iteration 40000000 is 0.9866272605217529
Validation error at iteration 41000000 is 0.9867666207687642
Validation error at iteration 42000000 is 0.985971803732353
Validation error at iteration 43000000 is 0.9857569630292099
Validation error at iteration 44000000 is 0.9861754605440467
Validation error at iteration 45000000 is 0.9862307140533627
Validation error at iteration 46000000 is 0.9861702502728825
Validation error at iteration 47000000 is 0.9857050954547177
Validation error at iteration 48000000 is 0.9856511484309525
Validation error at iteration 49000000 is 0.9858951336375185
Validation error at iteration 50000000 is 0.9856238755000157
Validation error at iteration 51000000 is 0.985790995150885
Validation error at iteration 52000000 is 0.9853819113938559
Validation error at iteration 53000000 is 0.985514888599
Validation error at iteration 54000000 is 0.9854498844178765
Validation error at iteration 55000000 is 0.9854331645808095
Validation error at iteration 56000000 is 0.9852619908398689
Validation error at iteration 57000000 is 0.9853981298414071
Validation error at iteration 58000000 is 0.9853049330904415
Validation error at iteration 59000000 is 0.9852506392517173
Validation error at iteration 60000000 is 0.9851822171890772
Validation error at iteration 61000000 is 0.9852348293287826
Validation error at iteration 62000000 is 0.9852458352224284
Validation error at iteration 63000000 is 0.9851247689848657
Validation error at iteration 64000000 is 0.9850690994123837
Validation error at iteration 65000000 is 0.9849342178598012
Validation error at iteration 66000000 is 0.9848457835698621
Validation error at iteration 67000000 is 0.9846834416587464
Validation error at iteration 68000000 is 0.9848403712104843
Validation error at iteration 69000000 is 0.9846964695020576
Validation error at iteration 70000000 is 0.9848020403855808
Validation error at iteration 71000000 is 0.9847753012704715
Validation error at iteration 72000000 is 0.9847643631849203
Validation error at iteration 73000000 is 0.9847011211750372
Validation error at iteration 74000000 is 0.9847108216821227
Validation error at iteration 75000000 is 0.9847788609187295
Validation error at iteration 76000000 is 0.9846273326721481
Validation error at iteration 77000000 is 0.9846744869421384
Validation error at iteration 78000000 is 0.9846246187776205
Validation error at iteration 79000000 is 0.9846296898085629
Validation error at iteration 80000000 is 0.9846584998983376
Validation error at iteration 81000000 is 0.9846301269267366
Validation error at iteration 82000000 is 0.9846059282279512
Validation error at iteration 83000000 is 0.9846448135639873
Validation error at iteration 84000000 is 0.984693335508993
Validation error at iteration 85000000 is 0.9846076657215974
Validation error at iteration 86000000 is 0.9846152982539261
Validation error at iteration 87000000 is 0.9845381158117102
Validation error at iteration 88000000 is 0.9845952777178858
Validation error at iteration 89000000 is 0.9846010493202203
Validation error at iteration 90000000 is 0.9845381885651455
Validation error at iteration 91000000 is 0.984517611787132
Validation error at iteration 92000000 is 0.9844342332196246
Validation error at iteration 93000000 is 0.9844559617253463
Validation error at iteration 94000000 is 0.984450843115444
Validation error at iteration 95000000 is 0.984417195736576
Validation error at iteration 96000000 is 0.9844018813691469
Validation error at iteration 97000000 is 0.9844446299187204
Validation error at iteration 98000000 is 0.9844536341895792
Validation error at iteration 99000000 is 0.9844579013822237
Validation error at iteration 100000000 is 0.9844731265237737
Validation error at iteration 101000000 is 0.9844198964400973
Validation error at iteration 102000000 is 0.9844619567493936
Validation error at iteration 103000000 is 0.9844259284813539
Validation error at iteration 104000000 is 0.9844301428548531
Validation error at iteration 105000000 is 0.9843821287983109
Validation error at iteration 106000000 is 0.9844242165435888
Validation error at iteration 107000000 is 0.9844002552658888
Validation error at iteration 108000000 is 0.9844238120205192
Validation error at iteration 109000000 is 0.9844075485286387
Validation error at iteration 110000000 is 0.9843851804752756
Validation error at iteration 111000000 is 0.9843864674170841
Validation error at iteration 112000000 is 0.9844042771833881
Validation error at iteration 113000000 is 0.9843839219269997
Validation error at iteration 114000000 is 0.9843669611404944
Validation error at iteration 115000000 is 0.9843664679344597
Validation error at iteration 116000000 is 0.9843390126243566
Validation error at iteration 117000000 is 0.9843241413324725
Validation error at iteration 118000000 is 0.9843466317467972
Validation error at iteration 119000000 is 0.9843224074351874
Validation error at iteration 120000000 is 0.9843524600117931
Validation error at iteration 121000000 is 0.9843536231461726
Validation error at iteration 122000000 is 0.9843392565306409
Validation error at iteration 123000000 is 0.9843365649498962
Validation error at iteration 124000000 is 0.9843375767012599
Validation error at iteration 125000000 is 0.9843405325117355
Validation error at iteration 126000000 is 0.9843257633338296
Validation error at iteration 127000000 is 0.9843364267967448
Validation error at iteration 128000000 is 0.9843283287225554
Validation error at iteration 129000000 is 0.9843214099715852
Validation error at iteration 130000000 is 0.9843198025333145
Validation error at iteration 131000000 is 0.9843300212237108
Validation error at iteration 132000000 is 0.9843099256276766
Validation error at iteration 133000000 is 0.9843031862818463
Validation error at iteration 134000000 is 0.9843070425000996
Validation error at iteration 135000000 is 0.9842985283553837
Validation error at iteration 136000000 is 0.984303165976178
Validation error at iteration 137000000 is 0.9842999507130064
Validation error at iteration 138000000 is 0.9843066865614839
Validation error at iteration 139000000 is 0.9843016973617049
Validation error at iteration 140000000 is 0.9843035069445732
Validation error at iteration 141000000 is 0.9842998336415825
Validation error at iteration 142000000 is 0.9843031759430023
Validation error at iteration 143000000 is 0.9842996151202806
Validation error at iteration 144000000 is 0.9843037400021744
Validation error at iteration 145000000 is 0.984303710562636
Validation error at iteration 146000000 is 0.9843063161771917
Validation error at iteration 147000000 is 0.9843060592867673
Validation error at iteration 148000000 is 0.9843055639079964
Validation error at iteration 149000000 is 0.9843078971071325
Error:  0.984311159027918
regularization vector: 0.14


Validation error at iteration 0 is 4.014006175918297
Validation error at iteration 1000000 is 1.0176636462858801
Validation error at iteration 2000000 is 1.0167424014241784
Validation error at iteration 3000000 is 1.0158366309204065
Validation error at iteration 4000000 is 1.013938574055471
Validation error at iteration 5000000 is 1.0155733566470055
Validation error at iteration 6000000 is 1.012755765713367
Validation error at iteration 7000000 is 1.0092241380660794
Validation error at iteration 8000000 is 1.0048879002673037
Validation error at iteration 9000000 is 1.0021771626028486
Validation error at iteration 10000000 is 0.9993513286100274
Validation error at iteration 11000000 is 0.9989119814969437
Validation error at iteration 12000000 is 0.9977950960283776
Validation error at iteration 13000000 is 0.9948857834089562
Validation error at iteration 14000000 is 0.9938115507159979
Validation error at iteration 15000000 is 0.9934341716004907
Validation error at iteration 16000000 is 0.9932608173711883
Validation error at iteration 17000000 is 0.9928306850450395
Validation error at iteration 18000000 is 0.9911881547062744
Validation error at iteration 19000000 is 0.9918537336779513
Validation error at iteration 20000000 is 0.9902954049631812
Validation error at iteration 21000000 is 0.9895102262124598
Validation error at iteration 22000000 is 0.9892035971761856
Validation error at iteration 23000000 is 0.9895357882455398
Validation error at iteration 24000000 is 0.9888597544386687
Validation error at iteration 25000000 is 0.9890749273952246
Validation error at iteration 26000000 is 0.9889336457474138
Validation error at iteration 27000000 is 0.9879346128867952
Validation error at iteration 28000000 is 0.9882129157192918
Validation error at iteration 29000000 is 0.9886969217082482
Validation error at iteration 30000000 is 0.9876017632883408
Validation error at iteration 31000000 is 0.9874879023619326
Validation error at iteration 32000000 is 0.9870970985358912
Validation error at iteration 33000000 is 0.9870411789942153
Validation error at iteration 34000000 is 0.9866899014191615
Validation error at iteration 35000000 is 0.9864732378518046
Validation error at iteration 36000000 is 0.9868964823715487
Validation error at iteration 37000000 is 0.986314579363352
Validation error at iteration 38000000 is 0.9864211494857571
Validation error at iteration 39000000 is 0.9864575935020509
Validation error at iteration 40000000 is 0.9860942440022169
Validation error at iteration 41000000 is 0.985793291487658
Validation error at iteration 42000000 is 0.9857684023706196
Validation error at iteration 43000000 is 0.9855024207392972
Validation error at iteration 44000000 is 0.9852009041764838
Validation error at iteration 45000000 is 0.9852483688174244
Validation error at iteration 46000000 is 0.9858042239808911
Validation error at iteration 47000000 is 0.9854899704880966
Validation error at iteration 48000000 is 0.9851428762857186
Validation error at iteration 49000000 is 0.9851700279440231
Validation error at iteration 50000000 is 0.9851786836227839
Validation error at iteration 51000000 is 0.9852772708431778
Validation error at iteration 52000000 is 0.9850326854093501
Validation error at iteration 53000000 is 0.9850226033272298
Validation error at iteration 54000000 is 0.9847809127264627
Validation error at iteration 55000000 is 0.9849393992477705
Validation error at iteration 56000000 is 0.9849264653995781
Validation error at iteration 57000000 is 0.9845299327015975
Validation error at iteration 58000000 is 0.9847762444446195
Validation error at iteration 59000000 is 0.9844339136683682
Validation error at iteration 60000000 is 0.9845263232196841
Validation error at iteration 61000000 is 0.9845144512712066
Validation error at iteration 62000000 is 0.9846414794838843
Validation error at iteration 63000000 is 0.9844690354854146
Validation error at iteration 64000000 is 0.9843693637888956
Validation error at iteration 65000000 is 0.984496445725482
Validation error at iteration 66000000 is 0.9843974495302253
Validation error at iteration 67000000 is 0.9844801456211433
Validation error at iteration 68000000 is 0.9843697793667086
Validation error at iteration 69000000 is 0.98432800659123
Validation error at iteration 70000000 is 0.9842091863345914
Validation error at iteration 71000000 is 0.9842105987881611
Validation error at iteration 72000000 is 0.9842952170932031
Validation error at iteration 73000000 is 0.9841816257675421
Validation error at iteration 74000000 is 0.9842161081554291
Validation error at iteration 75000000 is 0.9842605960410028
Validation error at iteration 76000000 is 0.9841992729480638
Validation error at iteration 77000000 is 0.9841461170660247
Validation error at iteration 78000000 is 0.9842188139062577
Validation error at iteration 79000000 is 0.9841203077617866
Validation error at iteration 80000000 is 0.984107901586519
Validation error at iteration 81000000 is 0.9840997509309026
Validation error at iteration 82000000 is 0.9840454943714967
Validation error at iteration 83000000 is 0.9840980513497304
Validation error at iteration 84000000 is 0.9840638319182028
Validation error at iteration 85000000 is 0.98415470773659
Validation error at iteration 86000000 is 0.9840622522202881
Validation error at iteration 87000000 is 0.9840419532279279
Validation error at iteration 88000000 is 0.9839467820067238
Validation error at iteration 89000000 is 0.9839951178403404
Validation error at iteration 90000000 is 0.9840409795504392
Validation error at iteration 91000000 is 0.9839854361270961
Validation error at iteration 92000000 is 0.9839778652941804
Validation error at iteration 93000000 is 0.983928367081512
Validation error at iteration 94000000 is 0.9839531116440794
Validation error at iteration 95000000 is 0.9839506656651043
Validation error at iteration 96000000 is 0.9838654884817631
Validation error at iteration 97000000 is 0.9839332261991673
Validation error at iteration 98000000 is 0.9838890647926984
Validation error at iteration 99000000 is 0.9838870659460054
Validation error at iteration 100000000 is 0.9839179362728767
Validation error at iteration 101000000 is 0.9839003664899235
Validation error at iteration 102000000 is 0.9839026598325853
Validation error at iteration 103000000 is 0.9838831055876099
Validation error at iteration 104000000 is 0.983867532790333
Validation error at iteration 105000000 is 0.9838640358618841
Validation error at iteration 106000000 is 0.9838813999339958
Validation error at iteration 107000000 is 0.9838644545118809
Validation error at iteration 108000000 is 0.9838611790991743
Validation error at iteration 109000000 is 0.9838523022288167
Validation error at iteration 110000000 is 0.9838769054222225
Validation error at iteration 111000000 is 0.9838658552918536
Validation error at iteration 112000000 is 0.9838517629281839
Validation error at iteration 113000000 is 0.9838557231894477
Validation error at iteration 114000000 is 0.9838606965313612
Validation error at iteration 115000000 is 0.9838686277169445
Validation error at iteration 116000000 is 0.9838815054907709
Validation error at iteration 117000000 is 0.9838699253576438
Validation error at iteration 118000000 is 0.9838774470919363
Validation error at iteration 119000000 is 0.9838695965575721
Validation error at iteration 120000000 is 0.9838540749005241
Validation error at iteration 121000000 is 0.9838384620937789
Validation error at iteration 122000000 is 0.9838206128108429
Validation error at iteration 123000000 is 0.9838360085185929
Validation error at iteration 124000000 is 0.9838404057524103
Validation error at iteration 125000000 is 0.9838368314085332
Validation error at iteration 126000000 is 0.9838410619266658
Validation error at iteration 127000000 is 0.983818816287482
Validation error at iteration 128000000 is 0.9838189841199397
Validation error at iteration 129000000 is 0.9838208415822483
Validation error at iteration 130000000 is 0.9838144416658573
Validation error at iteration 131000000 is 0.9838150318659289
Validation error at iteration 132000000 is 0.9838110213633412
Validation error at iteration 133000000 is 0.9838078822738976
Validation error at iteration 134000000 is 0.9838189830392763
Validation error at iteration 135000000 is 0.9838216057885999
Validation error at iteration 136000000 is 0.9838215557337741
Validation error at iteration 137000000 is 0.9838215380406037
Validation error at iteration 138000000 is 0.983823209286072
Validation error at iteration 139000000 is 0.9838181793104148
Validation error at iteration 140000000 is 0.9838136965566004
Validation error at iteration 141000000 is 0.9838144074165004
Validation error at iteration 142000000 is 0.9838136579289843
Validation error at iteration 143000000 is 0.9838120903336912
Validation error at iteration 144000000 is 0.9838093613620306
Validation error at iteration 145000000 is 0.9838090011241933
Validation error at iteration 146000000 is 0.9838033832840616
Validation error at iteration 147000000 is 0.9838011132414058
Validation error at iteration 148000000 is 0.9837990925126221
Validation error at iteration 149000000 is 0.9837991775632002
Error:  0.9838009232455626
regularization vector: 0.15


Validation error at iteration 0 is 4.014571577407309
Validation error at iteration 1000000 is 1.0181891518736972
Validation error at iteration 2000000 is 1.0176028403129596
Validation error at iteration 3000000 is 1.0164799033568963
Validation error at iteration 4000000 is 1.013943568167925
Validation error at iteration 5000000 is 1.0133085691259487
Validation error at iteration 6000000 is 1.0127174541181636
Validation error at iteration 7000000 is 1.0088210274201466
Validation error at iteration 8000000 is 1.0042715062067058
Validation error at iteration 9000000 is 1.0023513040785774
Validation error at iteration 10000000 is 0.9991373939645104
Validation error at iteration 11000000 is 0.9986915959844125
Validation error at iteration 12000000 is 0.9967314968514056
Validation error at iteration 13000000 is 0.9961031631521104
Validation error at iteration 14000000 is 0.9949376183298895
Validation error at iteration 15000000 is 0.9940844057797591
Validation error at iteration 16000000 is 0.9931189955114257
Validation error at iteration 17000000 is 0.9924168890504055
Validation error at iteration 18000000 is 0.9917756164462947
Validation error at iteration 19000000 is 0.9917389825327293
Validation error at iteration 20000000 is 0.991023134852909
Validation error at iteration 21000000 is 0.9902885072489012
Validation error at iteration 22000000 is 0.9904799387671392
Validation error at iteration 23000000 is 0.9905478161606003
Validation error at iteration 24000000 is 0.990063521228514
Validation error at iteration 25000000 is 0.9903963625714058
Validation error at iteration 26000000 is 0.9897806194163978
Validation error at iteration 27000000 is 0.9889013444477063
Validation error at iteration 28000000 is 0.9885301512218311
Validation error at iteration 29000000 is 0.9888194019628931
Validation error at iteration 30000000 is 0.989213623511758
Validation error at iteration 31000000 is 0.9888358078736297
Validation error at iteration 32000000 is 0.9888516858688082
Validation error at iteration 33000000 is 0.9878962042927515
Validation error at iteration 34000000 is 0.9886190689857227
Validation error at iteration 35000000 is 0.9886662043552308
Validation error at iteration 36000000 is 0.988147958931336
Validation error at iteration 37000000 is 0.987759111726707
Validation error at iteration 38000000 is 0.9874362408446355
Validation error at iteration 39000000 is 0.987492865386929
Validation error at iteration 40000000 is 0.9869318147812303
Validation error at iteration 41000000 is 0.9875335411101243
Validation error at iteration 42000000 is 0.986976442494829
Validation error at iteration 43000000 is 0.9872207157799425
Validation error at iteration 44000000 is 0.9870104421724145
Validation error at iteration 45000000 is 0.9865921763379649
Validation error at iteration 46000000 is 0.9868703808190663
Validation error at iteration 47000000 is 0.9865920149795989
Validation error at iteration 48000000 is 0.9866961955471051
Validation error at iteration 49000000 is 0.9864979029126795
Validation error at iteration 50000000 is 0.9867417743094048
Validation error at iteration 51000000 is 0.9862108718279344
Validation error at iteration 52000000 is 0.986262913862408
Validation error at iteration 53000000 is 0.9858917530594923
Validation error at iteration 54000000 is 0.9859699742746182
Validation error at iteration 55000000 is 0.986026448662174
Validation error at iteration 56000000 is 0.9857509346457454
Validation error at iteration 57000000 is 0.9860403167143105
Validation error at iteration 58000000 is 0.9859888481055573
Validation error at iteration 59000000 is 0.985695225815696
Validation error at iteration 60000000 is 0.9856481798700494
Validation error at iteration 61000000 is 0.9857587261026783
Validation error at iteration 62000000 is 0.9857913962198974
Validation error at iteration 63000000 is 0.985637626085213
Validation error at iteration 64000000 is 0.9855324299439211
Validation error at iteration 65000000 is 0.9854625523697087
Validation error at iteration 66000000 is 0.9853425033616442
Validation error at iteration 67000000 is 0.9854147539806515
Validation error at iteration 68000000 is 0.9851663069931691
Validation error at iteration 69000000 is 0.9851864573520049
Validation error at iteration 70000000 is 0.9852642410822685
Validation error at iteration 71000000 is 0.9851662687270217
Validation error at iteration 72000000 is 0.9852998606260598
Validation error at iteration 73000000 is 0.9851554831061944
Validation error at iteration 74000000 is 0.9851994378116702
Validation error at iteration 75000000 is 0.9852002477791808
Validation error at iteration 76000000 is 0.985211605442954
Validation error at iteration 77000000 is 0.9852648952061404
Validation error at iteration 78000000 is 0.985239738704356
Validation error at iteration 79000000 is 0.9851449227008363
Validation error at iteration 80000000 is 0.9850828703142447
Validation error at iteration 81000000 is 0.9852338551719244
Validation error at iteration 82000000 is 0.9850775695948554
Validation error at iteration 83000000 is 0.9851423795656221
Validation error at iteration 84000000 is 0.9851328841536243
Validation error at iteration 85000000 is 0.9851350801670712
Validation error at iteration 86000000 is 0.9850381393067841
Validation error at iteration 87000000 is 0.9850522414240575
Validation error at iteration 88000000 is 0.985029736221474
Validation error at iteration 89000000 is 0.9849996169858267
Validation error at iteration 90000000 is 0.984923745282051
Validation error at iteration 91000000 is 0.9850364560356271
Validation error at iteration 92000000 is 0.9849990429580794
Validation error at iteration 93000000 is 0.9850034599936516
Validation error at iteration 94000000 is 0.9849342025649249
Validation error at iteration 95000000 is 0.9848915579448297
Validation error at iteration 96000000 is 0.9849190101516923
Validation error at iteration 97000000 is 0.9849040920886263
Validation error at iteration 98000000 is 0.9849625284835105
Validation error at iteration 99000000 is 0.9850231874722996
Validation error at iteration 100000000 is 0.9850280829290275
Validation error at iteration 101000000 is 0.984978647970792
Validation error at iteration 102000000 is 0.9849789825597822
Validation error at iteration 103000000 is 0.984965682022965
Validation error at iteration 104000000 is 0.9849477932600603
Validation error at iteration 105000000 is 0.9849518691434687
Validation error at iteration 106000000 is 0.9848994735168884
Validation error at iteration 107000000 is 0.9848960545759163
Validation error at iteration 108000000 is 0.9848864196502676
Validation error at iteration 109000000 is 0.9848836905416295
Validation error at iteration 110000000 is 0.9848712213418317
Validation error at iteration 111000000 is 0.9848625559141136
Validation error at iteration 112000000 is 0.9848551888645185
Validation error at iteration 113000000 is 0.98484584245123
Validation error at iteration 114000000 is 0.9848669595865843
Validation error at iteration 115000000 is 0.9848624066251521
Validation error at iteration 116000000 is 0.9848478072699153
Validation error at iteration 117000000 is 0.9848475869149179
Validation error at iteration 118000000 is 0.9848377684504733
Validation error at iteration 119000000 is 0.9848563685692969
Validation error at iteration 120000000 is 0.9848563759981609
Validation error at iteration 121000000 is 0.9848477217953964
Validation error at iteration 122000000 is 0.9848504366929532
Validation error at iteration 123000000 is 0.9848508474761859
Validation error at iteration 124000000 is 0.9848737606179268
Validation error at iteration 125000000 is 0.9848830484385018
Validation error at iteration 126000000 is 0.984867553301874
Validation error at iteration 127000000 is 0.9848539404485745
Validation error at iteration 128000000 is 0.9848532582058558
Validation error at iteration 129000000 is 0.9848589056042403
Validation error at iteration 130000000 is 0.9848506208695506
Validation error at iteration 131000000 is 0.9848522826033599
Validation error at iteration 132000000 is 0.9848609617912932
Validation error at iteration 133000000 is 0.9848501414903373
Validation error at iteration 134000000 is 0.9848384545383171
Validation error at iteration 135000000 is 0.9848392944744314
Validation error at iteration 136000000 is 0.9848447873170222
Validation error at iteration 137000000 is 0.9848410114279659
Validation error at iteration 138000000 is 0.9848448995036562
Validation error at iteration 139000000 is 0.9848510520050094
Validation error at iteration 140000000 is 0.9848434268243063
Validation error at iteration 141000000 is 0.9848451081539611
Validation error at iteration 142000000 is 0.9848487906750328
Validation error at iteration 143000000 is 0.9848530946556063
Validation error at iteration 144000000 is 0.9848487269779311
Validation error at iteration 145000000 is 0.9848453001685139
Validation error at iteration 146000000 is 0.9848463367201697
Validation error at iteration 147000000 is 0.9848449895468411
Validation error at iteration 148000000 is 0.9848424548918419
Validation error at iteration 149000000 is 0.9848402999819784
Error:  0.9848368053618821
regularization vector: 0.16


Validation error at iteration 0 is 4.014409152776016
Validation error at iteration 1000000 is 1.018339186811262
Validation error at iteration 2000000 is 1.0184890471264707
Validation error at iteration 3000000 is 1.0153425177904627
Validation error at iteration 4000000 is 1.014655072694239
Validation error at iteration 5000000 is 1.0147845577186652
Validation error at iteration 6000000 is 1.0131566385517763
Validation error at iteration 7000000 is 1.008805432552168
Validation error at iteration 8000000 is 1.0058237470387732
Validation error at iteration 9000000 is 1.0018623894375347
Validation error at iteration 10000000 is 1.0009198068389493
Validation error at iteration 11000000 is 0.9987305755605015
Validation error at iteration 12000000 is 0.9976361311130236
Validation error at iteration 13000000 is 0.9959590655255607
Validation error at iteration 14000000 is 0.9941108082511941
Validation error at iteration 15000000 is 0.9936431311377748
Validation error at iteration 16000000 is 0.9928609962432396
Validation error at iteration 17000000 is 0.9921382200551151
Validation error at iteration 18000000 is 0.9917749165139159
Validation error at iteration 19000000 is 0.9906231066756397
Validation error at iteration 20000000 is 0.9903818167791549
Validation error at iteration 21000000 is 0.98968895400564
Validation error at iteration 22000000 is 0.990467647990088
Validation error at iteration 23000000 is 0.9900217573886869
Validation error at iteration 24000000 is 0.9888171251538598
Validation error at iteration 25000000 is 0.9886881738903528
Validation error at iteration 26000000 is 0.9886316362170852
Validation error at iteration 27000000 is 0.9886667393376427
Validation error at iteration 28000000 is 0.988104843737343
Validation error at iteration 29000000 is 0.9879238690558848
Validation error at iteration 30000000 is 0.9876358284928243
Validation error at iteration 31000000 is 0.9871080197528802
Validation error at iteration 32000000 is 0.9877447177733351
Validation error at iteration 33000000 is 0.9876093373405809
Validation error at iteration 34000000 is 0.9877519166586198
Validation error at iteration 35000000 is 0.9868290779923865
Validation error at iteration 36000000 is 0.986891524985142
Validation error at iteration 37000000 is 0.9872126678059693
Validation error at iteration 38000000 is 0.9868601039334821
Validation error at iteration 39000000 is 0.9868229449412279
Validation error at iteration 40000000 is 0.9866296449020998
Validation error at iteration 41000000 is 0.9862678705882763
Validation error at iteration 42000000 is 0.986211984146212
Validation error at iteration 43000000 is 0.985952695097509
Validation error at iteration 44000000 is 0.9862302613666388
Validation error at iteration 45000000 is 0.9860334199327964
Validation error at iteration 46000000 is 0.9862008267806388
Validation error at iteration 47000000 is 0.9858394953118323
Validation error at iteration 48000000 is 0.9855612028576249
Validation error at iteration 49000000 is 0.9856254728057897
Validation error at iteration 50000000 is 0.9853941217611646
Validation error at iteration 51000000 is 0.9853784692217543
Validation error at iteration 52000000 is 0.9852890424189624
Validation error at iteration 53000000 is 0.9850364606510149
Validation error at iteration 54000000 is 0.9850450957127854
Validation error at iteration 55000000 is 0.9851188837449498
Validation error at iteration 56000000 is 0.9852142726619443
Validation error at iteration 57000000 is 0.984982338255425
Validation error at iteration 58000000 is 0.9850654132614889
Validation error at iteration 59000000 is 0.9849692638771718
Validation error at iteration 60000000 is 0.98494506581941
Validation error at iteration 61000000 is 0.9849955639469948
Validation error at iteration 62000000 is 0.9848160643561267
Validation error at iteration 63000000 is 0.9847512238431697
Validation error at iteration 64000000 is 0.9847348193210237
Validation error at iteration 65000000 is 0.9848582222509629
Validation error at iteration 66000000 is 0.9849079497998946
Validation error at iteration 67000000 is 0.9846109432746986
Validation error at iteration 68000000 is 0.9847617065043343
Validation error at iteration 69000000 is 0.984710053426103
Validation error at iteration 70000000 is 0.9846263687724951
Validation error at iteration 71000000 is 0.9845419598013851
Validation error at iteration 72000000 is 0.9845275736943825
Validation error at iteration 73000000 is 0.9846032349184864
Validation error at iteration 74000000 is 0.9845862841908128
Validation error at iteration 75000000 is 0.9844783350204817
Validation error at iteration 76000000 is 0.9845333934645585
Validation error at iteration 77000000 is 0.9845186645190303
Validation error at iteration 78000000 is 0.9845224408532594
Validation error at iteration 79000000 is 0.9844612912961892
Validation error at iteration 80000000 is 0.984570193166547
Validation error at iteration 81000000 is 0.9845134941878334
Validation error at iteration 82000000 is 0.984545280797957
Validation error at iteration 83000000 is 0.9845440036157084
Validation error at iteration 84000000 is 0.984481103775611
Validation error at iteration 85000000 is 0.9843691621025791
Validation error at iteration 86000000 is 0.9843907207318129
Validation error at iteration 87000000 is 0.9843560898333222
Validation error at iteration 88000000 is 0.9842804396316803
Validation error at iteration 89000000 is 0.9842625595526745
Validation error at iteration 90000000 is 0.9842754545258724
Validation error at iteration 91000000 is 0.9842622278181676
Validation error at iteration 92000000 is 0.9842433173194072
Validation error at iteration 93000000 is 0.9842618163972259
Validation error at iteration 94000000 is 0.9842672775946113
Validation error at iteration 95000000 is 0.9842722690655457
Validation error at iteration 96000000 is 0.9842714740039148
Validation error at iteration 97000000 is 0.9842527958820704
Validation error at iteration 98000000 is 0.9842361811758498
Validation error at iteration 99000000 is 0.9842704779287114
Validation error at iteration 100000000 is 0.984244848665092
Validation error at iteration 101000000 is 0.9842638761832666
Validation error at iteration 102000000 is 0.9842671596028011
Validation error at iteration 103000000 is 0.9842778991317597
Validation error at iteration 104000000 is 0.9842855858148376
Validation error at iteration 105000000 is 0.9842928350849147
Validation error at iteration 106000000 is 0.9842687953156127
Validation error at iteration 107000000 is 0.9842662060808615
Validation error at iteration 108000000 is 0.9842723622925972
Validation error at iteration 109000000 is 0.9842750322257546
Validation error at iteration 110000000 is 0.9843044783374593
Validation error at iteration 111000000 is 0.9842747533751777
Validation error at iteration 112000000 is 0.9842535512305044
Validation error at iteration 113000000 is 0.9842766301666013
Validation error at iteration 114000000 is 0.9842602023224074
Validation error at iteration 115000000 is 0.9842583205738987
Validation error at iteration 116000000 is 0.9842243463673646
Validation error at iteration 117000000 is 0.984225528234446
Validation error at iteration 118000000 is 0.9842280978055526
Validation error at iteration 119000000 is 0.9842481823246828
Validation error at iteration 120000000 is 0.984237240403292
Validation error at iteration 121000000 is 0.9842604408470442
Validation error at iteration 122000000 is 0.9842368689775634
Validation error at iteration 123000000 is 0.9842310178216299
Validation error at iteration 124000000 is 0.984216744670174
Validation error at iteration 125000000 is 0.9842154890399123
Validation error at iteration 126000000 is 0.9842173229654115
Validation error at iteration 127000000 is 0.9841995914395373
Validation error at iteration 128000000 is 0.9841851394456427
Validation error at iteration 129000000 is 0.9841843842342223
Validation error at iteration 130000000 is 0.9841867646638333
Validation error at iteration 131000000 is 0.9841946921862238
Validation error at iteration 132000000 is 0.9841988383737948
Validation error at iteration 133000000 is 0.9841974824818188
Validation error at iteration 134000000 is 0.9841963182298012
Validation error at iteration 135000000 is 0.9842011517762835
Validation error at iteration 136000000 is 0.9841932626794391
Validation error at iteration 137000000 is 0.984188228297854
Validation error at iteration 138000000 is 0.9841850774848689
Validation error at iteration 139000000 is 0.9841825704883638
Validation error at iteration 140000000 is 0.9841877754760335
Validation error at iteration 141000000 is 0.9841865449451151
Validation error at iteration 142000000 is 0.9841859039496902
Validation error at iteration 143000000 is 0.9841820973744182
Validation error at iteration 144000000 is 0.9841811439554482
Validation error at iteration 145000000 is 0.9841796255071575
Validation error at iteration 146000000 is 0.9841823567146702
Validation error at iteration 147000000 is 0.984186203867318
Validation error at iteration 148000000 is 0.9841851902308567
Validation error at iteration 149000000 is 0.984184076622052
Error:  0.9841858376889573
{0.13: 0.984311159027918,
 0.14: 0.9838009232455626,
 0.15: 0.9848368053618821,
 0.16: 0.9841858376889573}
