+=+=+=+=+Generial options+=+=+=+=+
Number of iterations: 150000000
Training set size (ratio): 0.88
+=+=+=+=+Hidden Size parameters+=+=+=+=+
Starting value: 0.05
Ending value: 0.08
 Number of values: 4
regularization matrix: 0.05


Validation error at iteration 0 is 4.01450542703531
Validation error at iteration 1000000 is 1.0181807532823104
Validation error at iteration 2000000 is 1.017461043241445
Validation error at iteration 3000000 is 1.0169639480668082
Validation error at iteration 4000000 is 1.0108308381517557
Validation error at iteration 5000000 is 1.006908545524406
Validation error at iteration 6000000 is 1.0022815320289296
Validation error at iteration 7000000 is 1.0005848305472174
Validation error at iteration 8000000 is 0.9996013207726404
Validation error at iteration 9000000 is 1.0011070327542653
Validation error at iteration 10000000 is 1.0001609261709232
Validation error at iteration 11000000 is 1.0010491026845558
Validation error at iteration 12000000 is 1.0010250014041957
Validation error at iteration 13000000 is 1.0017767276209681
Validation error at iteration 14000000 is 1.0011054259519536
Validation error at iteration 15000000 is 1.0003361729035942
Validation error at iteration 16000000 is 1.0005077410409802
Validation error at iteration 17000000 is 1.0003983410320278
Validation error at iteration 18000000 is 1.0007669477284882
Validation error at iteration 19000000 is 0.9998700178282405
Validation error at iteration 20000000 is 0.9995076268844942
Validation error at iteration 21000000 is 0.9999508796659464
Validation error at iteration 22000000 is 0.9989918879236293
Validation error at iteration 23000000 is 0.9985067033867919
Validation error at iteration 24000000 is 0.9983623858971962
Validation error at iteration 25000000 is 0.9987219375914855
Validation error at iteration 26000000 is 0.9981042445660703
Validation error at iteration 27000000 is 0.9982341429959458
Validation error at iteration 28000000 is 0.997581000926964
Validation error at iteration 29000000 is 0.9980920604166279
Validation error at iteration 30000000 is 0.9973017777720542
Validation error at iteration 31000000 is 0.9967682597857012
Validation error at iteration 32000000 is 0.9965133087026249
Validation error at iteration 33000000 is 0.9969263791749294
Validation error at iteration 34000000 is 0.9968993427637391
Validation error at iteration 35000000 is 0.9965381574911705
Validation error at iteration 36000000 is 0.9960919849101971
Validation error at iteration 37000000 is 0.9961508948487057
Validation error at iteration 38000000 is 0.9957767495167278
Validation error at iteration 39000000 is 0.9959537527210479
Validation error at iteration 40000000 is 0.9958946021601879
Validation error at iteration 41000000 is 0.9956197419152529
Validation error at iteration 42000000 is 0.995979768597175
Validation error at iteration 43000000 is 0.9955611467547608
Validation error at iteration 44000000 is 0.9956332428443242
Validation error at iteration 45000000 is 0.9956013644569504
Validation error at iteration 46000000 is 0.9956267326214766
Validation error at iteration 47000000 is 0.9952669417478389
Validation error at iteration 48000000 is 0.9954904450005251
Validation error at iteration 49000000 is 0.995442600565402
Validation error at iteration 50000000 is 0.9953503657472517
Validation error at iteration 51000000 is 0.9953433054230525
Validation error at iteration 52000000 is 0.9949309658216091
Validation error at iteration 53000000 is 0.9948154430966839
Validation error at iteration 54000000 is 0.9944931177392776
Validation error at iteration 55000000 is 0.9947397637301394
Validation error at iteration 56000000 is 0.9943486958761562
Validation error at iteration 57000000 is 0.9945018210343622
Validation error at iteration 58000000 is 0.9945298723068963
Validation error at iteration 59000000 is 0.9943880417606472
Validation error at iteration 60000000 is 0.9942754798740214
Validation error at iteration 61000000 is 0.9944551678656651
Validation error at iteration 62000000 is 0.9943828758603168
Validation error at iteration 63000000 is 0.9945332114217879
Validation error at iteration 64000000 is 0.994408719451622
Validation error at iteration 65000000 is 0.9942990580863763
Validation error at iteration 66000000 is 0.9942381399178201
Validation error at iteration 67000000 is 0.9942941943085108
Validation error at iteration 68000000 is 0.994328118996864
Validation error at iteration 69000000 is 0.9943595654159583
Validation error at iteration 70000000 is 0.9941774093555826
Validation error at iteration 71000000 is 0.9942145099424128
Validation error at iteration 72000000 is 0.9943287344332514
Validation error at iteration 73000000 is 0.9942189705059153
Validation error at iteration 74000000 is 0.9941333773363938
Validation error at iteration 75000000 is 0.9939460870134958
Validation error at iteration 76000000 is 0.9939720251588599
Validation error at iteration 77000000 is 0.993931838788676
Validation error at iteration 78000000 is 0.9940032615648019
Validation error at iteration 79000000 is 0.9940145171464313
Validation error at iteration 80000000 is 0.9940163057428251
Validation error at iteration 81000000 is 0.9940272797404779
Validation error at iteration 82000000 is 0.994005296318473
Validation error at iteration 83000000 is 0.9940241657726616
Validation error at iteration 84000000 is 0.9940356821099265
Validation error at iteration 85000000 is 0.9939461829130825
Validation error at iteration 86000000 is 0.9938536449788566
Validation error at iteration 87000000 is 0.9938676707464659
Validation error at iteration 88000000 is 0.9938822498217775
Validation error at iteration 89000000 is 0.9939028930553001
Validation error at iteration 90000000 is 0.9939008587132652
Validation error at iteration 91000000 is 0.9938589041074979
Validation error at iteration 92000000 is 0.9938575383073405
Validation error at iteration 93000000 is 0.9938524246669962
Validation error at iteration 94000000 is 0.9938264866079458
Validation error at iteration 95000000 is 0.9938485408238987
Validation error at iteration 96000000 is 0.9938650288207838
Validation error at iteration 97000000 is 0.9939308760387614
Validation error at iteration 98000000 is 0.9939238664564793
Validation error at iteration 99000000 is 0.9938799289764351
Validation error at iteration 100000000 is 0.9938734011037712
Validation error at iteration 101000000 is 0.9938794863721622
Validation error at iteration 102000000 is 0.99386945757206
Validation error at iteration 103000000 is 0.9938814212842538
Validation error at iteration 104000000 is 0.9938445507057212
Validation error at iteration 105000000 is 0.9938477186278785
Validation error at iteration 106000000 is 0.99385934816439
Validation error at iteration 107000000 is 0.9938686153568088
Validation error at iteration 108000000 is 0.9938405784067982
Validation error at iteration 109000000 is 0.9938525408374382
Validation error at iteration 110000000 is 0.9938364230279954
Validation error at iteration 111000000 is 0.9938112170994097
Validation error at iteration 112000000 is 0.9938328949495318
Validation error at iteration 113000000 is 0.9938086528480599
Validation error at iteration 114000000 is 0.9937883670194586
Validation error at iteration 115000000 is 0.9937600077719908
Validation error at iteration 116000000 is 0.9937589615097989
Validation error at iteration 117000000 is 0.9937836157052153
Validation error at iteration 118000000 is 0.9937645962659748
Validation error at iteration 119000000 is 0.9937555409074512
Validation error at iteration 120000000 is 0.9937540478948733
Validation error at iteration 121000000 is 0.9937605671124276
Validation error at iteration 122000000 is 0.9937660439390901
Validation error at iteration 123000000 is 0.9937639342699309
Validation error at iteration 124000000 is 0.9937642994773439
Validation error at iteration 125000000 is 0.9937703940953532
Validation error at iteration 126000000 is 0.9937628644223232
Validation error at iteration 127000000 is 0.9937646530746352
Validation error at iteration 128000000 is 0.9937708466015813
Validation error at iteration 129000000 is 0.9937638210872942
Validation error at iteration 130000000 is 0.9937634139005712
Validation error at iteration 131000000 is 0.9937732858315161
Validation error at iteration 132000000 is 0.9937721325389267
Validation error at iteration 133000000 is 0.9937751977205374
Validation error at iteration 134000000 is 0.9937700063008507
Validation error at iteration 135000000 is 0.9937645750345105
Validation error at iteration 136000000 is 0.9937626515648812
Validation error at iteration 137000000 is 0.993760610776418
Validation error at iteration 138000000 is 0.9937595300598582
Validation error at iteration 139000000 is 0.9937609492361501
Validation error at iteration 140000000 is 0.9937569415306368
Validation error at iteration 141000000 is 0.9937516379649971
Validation error at iteration 142000000 is 0.9937490443755502
Validation error at iteration 143000000 is 0.9937442884477566
Validation error at iteration 144000000 is 0.9937424060180651
Validation error at iteration 145000000 is 0.9937421463043734
Validation error at iteration 146000000 is 0.9937396690140403
Validation error at iteration 147000000 is 0.9937400742092501
Validation error at iteration 148000000 is 0.993740579777406
Validation error at iteration 149000000 is 0.9937417335054888
Error:  0.9937428774695124
regularization matrix: 0.060000000000000005


Validation error at iteration 0 is 4.01459356194842
Validation error at iteration 1000000 is 1.0186880311468458
Validation error at iteration 2000000 is 1.0184569511980974
Validation error at iteration 3000000 is 1.0167351634832535
Validation error at iteration 4000000 is 1.0163314863018496
Validation error at iteration 5000000 is 1.0113414727305514
Validation error at iteration 6000000 is 1.0061379720694414
Validation error at iteration 7000000 is 1.0025882927901835
Validation error at iteration 8000000 is 0.9988408924846163
Validation error at iteration 9000000 is 0.9987357905395662
Validation error at iteration 10000000 is 0.9967686227771667
Validation error at iteration 11000000 is 0.997707954772706
Validation error at iteration 12000000 is 0.9963662889864588
Validation error at iteration 13000000 is 0.9975244304365755
Validation error at iteration 14000000 is 0.9971145830058666
Validation error at iteration 15000000 is 0.99683537758717
Validation error at iteration 16000000 is 0.9951720913969463
Validation error at iteration 17000000 is 0.995563843296508
Validation error at iteration 18000000 is 0.9956932459043709
Validation error at iteration 19000000 is 0.9959520859082834
Validation error at iteration 20000000 is 0.9960274897983447
Validation error at iteration 21000000 is 0.9953253540564511
Validation error at iteration 22000000 is 0.9949740043198381
Validation error at iteration 23000000 is 0.9943346691162325
Validation error at iteration 24000000 is 0.9942123070232709
Validation error at iteration 25000000 is 0.9942356542016572
Validation error at iteration 26000000 is 0.9941536040684303
Validation error at iteration 27000000 is 0.9935325659899588
Validation error at iteration 28000000 is 0.9937926527635174
Validation error at iteration 29000000 is 0.9939854236588987
Validation error at iteration 30000000 is 0.9935408599963002
Validation error at iteration 31000000 is 0.9930851601582367
Validation error at iteration 32000000 is 0.9928487771557613
Validation error at iteration 33000000 is 0.9925976224732016
Validation error at iteration 34000000 is 0.9925104288309603
Validation error at iteration 35000000 is 0.9920080776560346
Validation error at iteration 36000000 is 0.9924348204480131
Validation error at iteration 37000000 is 0.9922787478267057
Validation error at iteration 38000000 is 0.9921130808080679
Validation error at iteration 39000000 is 0.9921263287920529
Validation error at iteration 40000000 is 0.991654377177218
Validation error at iteration 41000000 is 0.9916641825782816
Validation error at iteration 42000000 is 0.9916857114069337
Validation error at iteration 43000000 is 0.9914574103094491
Validation error at iteration 44000000 is 0.9912003030458159
Validation error at iteration 45000000 is 0.9913702554064323
Validation error at iteration 46000000 is 0.9914768092322378
Validation error at iteration 47000000 is 0.9911925724784347
Validation error at iteration 48000000 is 0.9913478186918057
Validation error at iteration 49000000 is 0.9910453215729031
Validation error at iteration 50000000 is 0.9909130026544154
Validation error at iteration 51000000 is 0.9907833552887421
Validation error at iteration 52000000 is 0.9908243302319831
Validation error at iteration 53000000 is 0.9908230029598878
Validation error at iteration 54000000 is 0.9906969394681959
Validation error at iteration 55000000 is 0.990779827576902
Validation error at iteration 56000000 is 0.9907518097908161
Validation error at iteration 57000000 is 0.9905447720715441
Validation error at iteration 58000000 is 0.9904441990029371
Validation error at iteration 59000000 is 0.9906322065979962
Validation error at iteration 60000000 is 0.9905566345092898
Validation error at iteration 61000000 is 0.9907617234631648
Validation error at iteration 62000000 is 0.9905669018618631
Validation error at iteration 63000000 is 0.9904501118071989
Validation error at iteration 64000000 is 0.990332303780313
Validation error at iteration 65000000 is 0.990221352089509
Validation error at iteration 66000000 is 0.9902785687209095
Validation error at iteration 67000000 is 0.9899676582532345
Validation error at iteration 68000000 is 0.9899603609349528
Validation error at iteration 69000000 is 0.9899672118312622
Validation error at iteration 70000000 is 0.9897950012731523
Validation error at iteration 71000000 is 0.9899045238165516
Validation error at iteration 72000000 is 0.9900543524670665
Validation error at iteration 73000000 is 0.9899317642683582
Validation error at iteration 74000000 is 0.9899844780512066
Validation error at iteration 75000000 is 0.9898781295211565
Validation error at iteration 76000000 is 0.9899032719803895
Validation error at iteration 77000000 is 0.9899461647907453
Validation error at iteration 78000000 is 0.9899359020953062
Validation error at iteration 79000000 is 0.9899595133702002
Validation error at iteration 80000000 is 0.9899000633501706
Validation error at iteration 81000000 is 0.9898554314502405
Validation error at iteration 82000000 is 0.9898801800475867
Validation error at iteration 83000000 is 0.9898034179002239
Validation error at iteration 84000000 is 0.989758869978339
Validation error at iteration 85000000 is 0.9897526614894582
Validation error at iteration 86000000 is 0.9897199669362443
Validation error at iteration 87000000 is 0.9897178494241472
Validation error at iteration 88000000 is 0.9897164746135106
Validation error at iteration 89000000 is 0.9897225523667696
Validation error at iteration 90000000 is 0.9897157892085895
Validation error at iteration 91000000 is 0.9896798406084162
Validation error at iteration 92000000 is 0.9896317199856967
Validation error at iteration 93000000 is 0.9896308907455837
Validation error at iteration 94000000 is 0.9896342290739033
Validation error at iteration 95000000 is 0.9896061189562365
Validation error at iteration 96000000 is 0.9895731904490537
Validation error at iteration 97000000 is 0.9895654347412577
Validation error at iteration 98000000 is 0.9895797793366531
Validation error at iteration 99000000 is 0.9896005985507929
Validation error at iteration 100000000 is 0.9895518311693188
Validation error at iteration 101000000 is 0.989533808832878
Validation error at iteration 102000000 is 0.9895513438901452
Validation error at iteration 103000000 is 0.9895608283265559
Validation error at iteration 104000000 is 0.9895730703509571
Validation error at iteration 105000000 is 0.9895926596284157
Validation error at iteration 106000000 is 0.989585258775049
Validation error at iteration 107000000 is 0.9895658013387875
Validation error at iteration 108000000 is 0.9895557297300163
Validation error at iteration 109000000 is 0.9895301908380066
Validation error at iteration 110000000 is 0.9895343523493705
Validation error at iteration 111000000 is 0.9895300508736341
Validation error at iteration 112000000 is 0.9895119511411598
Validation error at iteration 113000000 is 0.9895320917117388
Validation error at iteration 114000000 is 0.9895306525102172
Validation error at iteration 115000000 is 0.9895241353119231
Validation error at iteration 116000000 is 0.9895291714409742
Validation error at iteration 117000000 is 0.9895223950267668
Validation error at iteration 118000000 is 0.9895266234660001
Validation error at iteration 119000000 is 0.9895273652928541
Validation error at iteration 120000000 is 0.9895115934286437
Validation error at iteration 121000000 is 0.9895063257786277
Validation error at iteration 122000000 is 0.9894964493600487
Validation error at iteration 123000000 is 0.9895003840722594
Validation error at iteration 124000000 is 0.9895078262066515
Validation error at iteration 125000000 is 0.9895043101019466
Validation error at iteration 126000000 is 0.9895046522387536
Validation error at iteration 127000000 is 0.9895084861396867
Validation error at iteration 128000000 is 0.9895107760710204
Validation error at iteration 129000000 is 0.9895114893016782
Validation error at iteration 130000000 is 0.9895105484581758
Validation error at iteration 131000000 is 0.989515030123065
Validation error at iteration 132000000 is 0.9895126533506787
Validation error at iteration 133000000 is 0.9895082248925025
Validation error at iteration 134000000 is 0.9895124233717064
Validation error at iteration 135000000 is 0.9895105049855056
Validation error at iteration 136000000 is 0.9895102181788524
Validation error at iteration 137000000 is 0.98951090521501
Validation error at iteration 138000000 is 0.9895159315881823
Validation error at iteration 139000000 is 0.9895155493906237
Validation error at iteration 140000000 is 0.989520393790295
Validation error at iteration 141000000 is 0.9895223502330315
Validation error at iteration 142000000 is 0.9895153589239271
Validation error at iteration 143000000 is 0.9895137490763614
Validation error at iteration 144000000 is 0.9895143236007256
Validation error at iteration 145000000 is 0.989517909645051
Validation error at iteration 146000000 is 0.9895177882230487
Validation error at iteration 147000000 is 0.9895185617938811
Validation error at iteration 148000000 is 0.9895121662011043
Validation error at iteration 149000000 is 0.989514090098005
Error:  0.9895123258102866
regularization matrix: 0.07


Validation error at iteration 0 is 4.014118965563611
Validation error at iteration 1000000 is 1.017717711572284
Validation error at iteration 2000000 is 1.016545855028483
Validation error at iteration 3000000 is 1.0160334134775955
Validation error at iteration 4000000 is 1.0142738910437028
Validation error at iteration 5000000 is 1.013779493086152
Validation error at iteration 6000000 is 1.0099742958507478
Validation error at iteration 7000000 is 1.0071442180518246
Validation error at iteration 8000000 is 1.0048192194113754
Validation error at iteration 9000000 is 1.0001292015258805
Validation error at iteration 10000000 is 0.9985040360080464
Validation error at iteration 11000000 is 0.997766195276308
Validation error at iteration 12000000 is 0.996501270215722
Validation error at iteration 13000000 is 0.9954323604002393
Validation error at iteration 14000000 is 0.9946475511391911
Validation error at iteration 15000000 is 0.9937683810347522
Validation error at iteration 16000000 is 0.9941745201130796
Validation error at iteration 17000000 is 0.9936810934390763
Validation error at iteration 18000000 is 0.9932370541090546
Validation error at iteration 19000000 is 0.9923420793988279
Validation error at iteration 20000000 is 0.9923829847353851
Validation error at iteration 21000000 is 0.9917243642330602
Validation error at iteration 22000000 is 0.9917924050492698
Validation error at iteration 23000000 is 0.9913799447607431
Validation error at iteration 24000000 is 0.9912522951902314
Validation error at iteration 25000000 is 0.990549836878982
Validation error at iteration 26000000 is 0.9910758230875986
Validation error at iteration 27000000 is 0.9902681204288796
Validation error at iteration 28000000 is 0.9911099335400804
Validation error at iteration 29000000 is 0.9908906475034432
Validation error at iteration 30000000 is 0.9903871290644323
Validation error at iteration 31000000 is 0.9905029162675406
Validation error at iteration 32000000 is 0.9902290695751462
Validation error at iteration 33000000 is 0.9899426763537078
Validation error at iteration 34000000 is 0.989355474760315
Validation error at iteration 35000000 is 0.9890882366186997
Validation error at iteration 36000000 is 0.9892906355630785
Validation error at iteration 37000000 is 0.9891924822561234
Validation error at iteration 38000000 is 0.9887034947558125
Validation error at iteration 39000000 is 0.9884794215656599
Validation error at iteration 40000000 is 0.9886524184689793
Validation error at iteration 41000000 is 0.9884110253734498
Validation error at iteration 42000000 is 0.9884160210188675
Validation error at iteration 43000000 is 0.9881163521502166
Validation error at iteration 44000000 is 0.9881657820368681
Validation error at iteration 45000000 is 0.9880818776500788
Validation error at iteration 46000000 is 0.9880021010309883
Validation error at iteration 47000000 is 0.9878329392256308
Validation error at iteration 48000000 is 0.9878593294199366
Validation error at iteration 49000000 is 0.987750823675573
Validation error at iteration 50000000 is 0.9873865223510974
Validation error at iteration 51000000 is 0.9875294908035006
Validation error at iteration 52000000 is 0.9874782274910137
Validation error at iteration 53000000 is 0.9871296072298872
Validation error at iteration 54000000 is 0.9872343442455864
Validation error at iteration 55000000 is 0.987383001003151
Validation error at iteration 56000000 is 0.9875221758665572
Validation error at iteration 57000000 is 0.987285741489803
Validation error at iteration 58000000 is 0.9872003066366811
Validation error at iteration 59000000 is 0.987073053348491
Validation error at iteration 60000000 is 0.9870789716584388
Validation error at iteration 61000000 is 0.986967451910752
Validation error at iteration 62000000 is 0.9869500245942178
Validation error at iteration 63000000 is 0.9868566026239197
Validation error at iteration 64000000 is 0.9866998426512594
Validation error at iteration 65000000 is 0.9867234695611676
Validation error at iteration 66000000 is 0.9869721265149093
Validation error at iteration 67000000 is 0.9867810295385989
Validation error at iteration 68000000 is 0.9867128208488967
Validation error at iteration 69000000 is 0.9867472742303075
Validation error at iteration 70000000 is 0.9866111695975758
Validation error at iteration 71000000 is 0.9865888377169364
Validation error at iteration 72000000 is 0.9864397384995749
Validation error at iteration 73000000 is 0.9865691389752088
Validation error at iteration 74000000 is 0.9865189454845813
Validation error at iteration 75000000 is 0.9864429422233312
Validation error at iteration 76000000 is 0.9865759372157118
Validation error at iteration 77000000 is 0.9864715807972537
Validation error at iteration 78000000 is 0.9864728729046778
Validation error at iteration 79000000 is 0.9865408736950112
Validation error at iteration 80000000 is 0.9864729858557999
Validation error at iteration 81000000 is 0.9864343470959437
Validation error at iteration 82000000 is 0.9864096027351111
Validation error at iteration 83000000 is 0.9863035103862282
Validation error at iteration 84000000 is 0.9862717862207059
Validation error at iteration 85000000 is 0.9861906482955206
Validation error at iteration 86000000 is 0.9862720166004532
Validation error at iteration 87000000 is 0.9862002637958226
Validation error at iteration 88000000 is 0.9861736494815451
Validation error at iteration 89000000 is 0.9862052381264567
Validation error at iteration 90000000 is 0.9861804800288453
Validation error at iteration 91000000 is 0.9861280264472818
Validation error at iteration 92000000 is 0.9861733689899628
Validation error at iteration 93000000 is 0.9861403003295581
Validation error at iteration 94000000 is 0.9861055104717709
Validation error at iteration 95000000 is 0.9860510647376475
Validation error at iteration 96000000 is 0.9860233505946883
Validation error at iteration 97000000 is 0.9860402789401567
Validation error at iteration 98000000 is 0.9860270841079334
Validation error at iteration 99000000 is 0.9860235872655249
Validation error at iteration 100000000 is 0.9860415884782737
Validation error at iteration 101000000 is 0.9860355029221041
Validation error at iteration 102000000 is 0.986051066384538
Validation error at iteration 103000000 is 0.9860590183077417
Validation error at iteration 104000000 is 0.9860728582440798
Validation error at iteration 105000000 is 0.9860279702733443
Validation error at iteration 106000000 is 0.9860333958844113
Validation error at iteration 107000000 is 0.9860120703791018
Validation error at iteration 108000000 is 0.9859974247117494
Validation error at iteration 109000000 is 0.9860275898165485
Validation error at iteration 110000000 is 0.9860330014209109
Validation error at iteration 111000000 is 0.9860209710719536
Validation error at iteration 112000000 is 0.9860251941870751
Validation error at iteration 113000000 is 0.986034358021603
Validation error at iteration 114000000 is 0.9860470053243021
Validation error at iteration 115000000 is 0.9860480541340191
Validation error at iteration 116000000 is 0.9860423967016971
Validation error at iteration 117000000 is 0.9860360568225124
Validation error at iteration 118000000 is 0.9860304055412006
Validation error at iteration 119000000 is 0.9860453813760417
Validation error at iteration 120000000 is 0.986038469871546
Validation error at iteration 121000000 is 0.9860301174209206
Validation error at iteration 122000000 is 0.9860286272751907
Validation error at iteration 123000000 is 0.9860238634444292
Validation error at iteration 124000000 is 0.9860182391648521
Validation error at iteration 125000000 is 0.9860194273119219
Validation error at iteration 126000000 is 0.9860184873422393
Validation error at iteration 127000000 is 0.9860164207907689
Validation error at iteration 128000000 is 0.9860081176088243
Validation error at iteration 129000000 is 0.9860135365194475
Validation error at iteration 130000000 is 0.9860239307707922
Validation error at iteration 131000000 is 0.9860234698473102
Validation error at iteration 132000000 is 0.9860272527820233
Validation error at iteration 133000000 is 0.9860327566432022
Validation error at iteration 134000000 is 0.9860342959198662
Validation error at iteration 135000000 is 0.9860331222098985
Validation error at iteration 136000000 is 0.9860332484205372
Validation error at iteration 137000000 is 0.9860332238092263
Validation error at iteration 138000000 is 0.9860356918947659
Validation error at iteration 139000000 is 0.9860342053957462
Validation error at iteration 140000000 is 0.9860398795762153
Validation error at iteration 141000000 is 0.9860412092167906
Validation error at iteration 142000000 is 0.9860399408363739
Validation error at iteration 143000000 is 0.9860362446078321
Validation error at iteration 144000000 is 0.9860325510796901
Validation error at iteration 145000000 is 0.9860289266627018
Validation error at iteration 146000000 is 0.9860282886500192
Validation error at iteration 147000000 is 0.9860236214875528
Validation error at iteration 148000000 is 0.9860227379073518
Validation error at iteration 149000000 is 0.9860257458695031
Error:  0.9860242933636705
regularization matrix: 0.08


Validation error at iteration 0 is 4.014575244328779
Validation error at iteration 1000000 is 1.0161471251714742
Validation error at iteration 2000000 is 1.0171805374724872
Validation error at iteration 3000000 is 1.0173744062891619
Validation error at iteration 4000000 is 1.0152042837725685
Validation error at iteration 5000000 is 1.014067226682849
Validation error at iteration 6000000 is 1.0116950445171065
Validation error at iteration 7000000 is 1.008392035868381
Validation error at iteration 8000000 is 1.0057716581763885
Validation error at iteration 9000000 is 1.0033174586181468
Validation error at iteration 10000000 is 1.0016984039042462
Validation error at iteration 11000000 is 0.9997963783693925
Validation error at iteration 12000000 is 0.9978882709415149
Validation error at iteration 13000000 is 0.9965562383904683
Validation error at iteration 14000000 is 0.9961331677223404
Validation error at iteration 15000000 is 0.994229004301911
Validation error at iteration 16000000 is 0.993363960919315
Validation error at iteration 17000000 is 0.993084727198556
Validation error at iteration 18000000 is 0.9923180825678051
Validation error at iteration 19000000 is 0.9910904167273388
Validation error at iteration 20000000 is 0.9911893817273
Validation error at iteration 21000000 is 0.9907316677191698
Validation error at iteration 22000000 is 0.990053118574139
Validation error at iteration 23000000 is 0.9902238093399981
Validation error at iteration 24000000 is 0.9900080636400205
Validation error at iteration 25000000 is 0.9897900996180425
Validation error at iteration 26000000 is 0.9885849074150763
Validation error at iteration 27000000 is 0.9887786922381044
Validation error at iteration 28000000 is 0.9885967635052255
Validation error at iteration 29000000 is 0.9883357940926498
Validation error at iteration 30000000 is 0.9880038663769233
Validation error at iteration 31000000 is 0.9876933839730693
Validation error at iteration 32000000 is 0.9874626678398861
Validation error at iteration 33000000 is 0.9874543676072782
Validation error at iteration 34000000 is 0.9872458283948878
Validation error at iteration 35000000 is 0.9871301797036371
Validation error at iteration 36000000 is 0.9874765414632397
Validation error at iteration 37000000 is 0.9870601929295244
Validation error at iteration 38000000 is 0.9867521469043351
Validation error at iteration 39000000 is 0.9864815877638938
Validation error at iteration 40000000 is 0.9864906629075352
Validation error at iteration 41000000 is 0.9863143589026003
Validation error at iteration 42000000 is 0.9864920296451436
Validation error at iteration 43000000 is 0.9859148302065656
Validation error at iteration 44000000 is 0.9859315900294311
Validation error at iteration 45000000 is 0.9860206183048851
Validation error at iteration 46000000 is 0.986079424427351
Validation error at iteration 47000000 is 0.9856936933102288
Validation error at iteration 48000000 is 0.9856420836174072
Validation error at iteration 49000000 is 0.9854666827149151
Validation error at iteration 50000000 is 0.985134763995712
Validation error at iteration 51000000 is 0.9857444180095372
Validation error at iteration 52000000 is 0.9856002466015652
Validation error at iteration 53000000 is 0.9852791776033887
Validation error at iteration 54000000 is 0.9852928170370863
Validation error at iteration 55000000 is 0.9850568940480502
Validation error at iteration 56000000 is 0.9851072532336589
Validation error at iteration 57000000 is 0.9850007842721721
Validation error at iteration 58000000 is 0.9847256768984843
Validation error at iteration 59000000 is 0.984902583830748
Validation error at iteration 60000000 is 0.984918660021016
Validation error at iteration 61000000 is 0.9849250264130553
Validation error at iteration 62000000 is 0.9846037824086599
Validation error at iteration 63000000 is 0.9846936931050096
Validation error at iteration 64000000 is 0.9846290273616899
Validation error at iteration 65000000 is 0.9846479407558857
Validation error at iteration 66000000 is 0.9846198949572258
Validation error at iteration 67000000 is 0.9845621677443119
Validation error at iteration 68000000 is 0.984497254411866
Validation error at iteration 69000000 is 0.9845509823759848
Validation error at iteration 70000000 is 0.9845188593485427
Validation error at iteration 71000000 is 0.984378522987657
Validation error at iteration 72000000 is 0.9842855565255814
Validation error at iteration 73000000 is 0.984358692935795
Validation error at iteration 74000000 is 0.9844027429861535
Validation error at iteration 75000000 is 0.9844104096064746
Validation error at iteration 76000000 is 0.9843209855467457
Validation error at iteration 77000000 is 0.9844149961160442
Validation error at iteration 78000000 is 0.9843089822800493
Validation error at iteration 79000000 is 0.9842666015899891
Validation error at iteration 80000000 is 0.9843173224409995
Validation error at iteration 81000000 is 0.9843676493624016
Validation error at iteration 82000000 is 0.9842849027735022
Validation error at iteration 83000000 is 0.9842544684289571
Validation error at iteration 84000000 is 0.9841869818635229
Validation error at iteration 85000000 is 0.984223198036445
Validation error at iteration 86000000 is 0.9842218914969965
Validation error at iteration 87000000 is 0.9842427399215475
Validation error at iteration 88000000 is 0.9841791771785084
Validation error at iteration 89000000 is 0.9842230088264359
Validation error at iteration 90000000 is 0.9842497760041311
Validation error at iteration 91000000 is 0.984261230312338
Validation error at iteration 92000000 is 0.9842300712089725
Validation error at iteration 93000000 is 0.984190236914733
Validation error at iteration 94000000 is 0.984217661315635
Validation error at iteration 95000000 is 0.9841845296983845
Validation error at iteration 96000000 is 0.9842221858783698
Validation error at iteration 97000000 is 0.9841965775004148
Validation error at iteration 98000000 is 0.9841824305721333
Validation error at iteration 99000000 is 0.9841759495157605
Validation error at iteration 100000000 is 0.9841934588315396
Validation error at iteration 101000000 is 0.9841907854826979
Validation error at iteration 102000000 is 0.9841767405434583
Validation error at iteration 103000000 is 0.9841563854363112
Validation error at iteration 104000000 is 0.9841511688276456
Validation error at iteration 105000000 is 0.9841412596400745
Validation error at iteration 106000000 is 0.9841534004904361
Validation error at iteration 107000000 is 0.9841403200323691
Validation error at iteration 108000000 is 0.984134738124976
Validation error at iteration 109000000 is 0.9841557458324027
Validation error at iteration 110000000 is 0.9841345615793515
Validation error at iteration 111000000 is 0.9841484700945262
Validation error at iteration 112000000 is 0.9841616320942911
Validation error at iteration 113000000 is 0.984144332611514
Validation error at iteration 114000000 is 0.9841566650089102
Validation error at iteration 115000000 is 0.9841433365302025
Validation error at iteration 116000000 is 0.9841354743679946
Validation error at iteration 117000000 is 0.984108829748551
Validation error at iteration 118000000 is 0.984124521681442
Validation error at iteration 119000000 is 0.9841320988376284
Validation error at iteration 120000000 is 0.9841146595087645
Validation error at iteration 121000000 is 0.9841038761858485
Validation error at iteration 122000000 is 0.9840993761072847
Validation error at iteration 123000000 is 0.9840908296627922
Validation error at iteration 124000000 is 0.9840917159807393
Validation error at iteration 125000000 is 0.9840950996762649
Validation error at iteration 126000000 is 0.9840983199774197
Validation error at iteration 127000000 is 0.9840939150276974
Validation error at iteration 128000000 is 0.9840944790161177
Validation error at iteration 129000000 is 0.9840973723807861
Validation error at iteration 130000000 is 0.9840927128272633
Validation error at iteration 131000000 is 0.9840852232373815
Validation error at iteration 132000000 is 0.984084355093488
Validation error at iteration 133000000 is 0.9840848710314867
Validation error at iteration 134000000 is 0.9840772047512493
Validation error at iteration 135000000 is 0.9840751590825206
Validation error at iteration 136000000 is 0.9840754260006623
Validation error at iteration 137000000 is 0.984077995370478
Validation error at iteration 138000000 is 0.9840785487578053
Validation error at iteration 139000000 is 0.9840738347249611
Validation error at iteration 140000000 is 0.9840707885806594
Validation error at iteration 141000000 is 0.9840720967581382
Validation error at iteration 142000000 is 0.9840732586982643
Validation error at iteration 143000000 is 0.9840753499548172
Validation error at iteration 144000000 is 0.984070207619068
Validation error at iteration 145000000 is 0.9840691259850196
Validation error at iteration 146000000 is 0.9840703363084246
Validation error at iteration 147000000 is 0.9840656984411693
Validation error at iteration 148000000 is 0.9840637807130463
Validation error at iteration 149000000 is 0.9840642815462924
Error:  0.9840640046435454
{0.05: 0.9937428774695124,
 0.060000000000000005: 0.9895123258102866,
 0.07: 0.9860242933636705,
 0.08: 0.9840640046435454}
