+=+=+=+=+Generial options+=+=+=+=+
Number of iterations: 150000000
Training set size (ratio): 0.88
+=+=+=+=+Hidden Size parameters+=+=+=+=+
Starting value: 0.01
Ending value: 0.04
 Number of values: 4
regularization matrix: 0.01


Validation error at iteration 0 is 4.014258210709342
Validation error at iteration 1000000 is 1.0181685382923646
Validation error at iteration 2000000 is 1.014672476857691
Validation error at iteration 3000000 is 1.0160568683846092
Validation error at iteration 4000000 is 1.0245289896534295
Validation error at iteration 5000000 is 1.02800788301902
Validation error at iteration 6000000 is 1.0306714004066317
Validation error at iteration 7000000 is 1.0331983819604913
Validation error at iteration 8000000 is 1.0338516534653375
Validation error at iteration 9000000 is 1.0346578287963588
Validation error at iteration 10000000 is 1.0346221465660228
Validation error at iteration 11000000 is 1.0352755991423312
Validation error at iteration 12000000 is 1.036281852886459
Validation error at iteration 13000000 is 1.0365819055577883
Validation error at iteration 14000000 is 1.0361777894291149
Validation error at iteration 15000000 is 1.0377660376609723
Validation error at iteration 16000000 is 1.0371996275200905
Validation error at iteration 17000000 is 1.0368987392832774
Validation error at iteration 18000000 is 1.037522379968845
Validation error at iteration 19000000 is 1.0367854273085435
Validation error at iteration 20000000 is 1.037871315639515
Validation error at iteration 21000000 is 1.0360960541560391
Validation error at iteration 22000000 is 1.0366831120734636
Validation error at iteration 23000000 is 1.0366050915465181
Validation error at iteration 24000000 is 1.0361451628382883
Validation error at iteration 25000000 is 1.0367399024845312
Validation error at iteration 26000000 is 1.0370076781810977
Validation error at iteration 27000000 is 1.0370375808053853
Validation error at iteration 28000000 is 1.0367058031952925
Validation error at iteration 29000000 is 1.0362291199503832
Validation error at iteration 30000000 is 1.0361973445050225
Validation error at iteration 31000000 is 1.0364969579961656
Validation error at iteration 32000000 is 1.036155688359856
Validation error at iteration 33000000 is 1.0363742078860743
Validation error at iteration 34000000 is 1.0368337079146261
Validation error at iteration 35000000 is 1.0366094864176127
Validation error at iteration 36000000 is 1.0369962534232076
Validation error at iteration 37000000 is 1.0367963315724606
Validation error at iteration 38000000 is 1.036227106483221
Validation error at iteration 39000000 is 1.0364496672383938
Validation error at iteration 40000000 is 1.0358941420649224
Validation error at iteration 41000000 is 1.0363672117142275
Validation error at iteration 42000000 is 1.036122348774905
Validation error at iteration 43000000 is 1.036326770363104
Validation error at iteration 44000000 is 1.0358224335114028
Validation error at iteration 45000000 is 1.0360488493147428
Validation error at iteration 46000000 is 1.0359081984888021
Validation error at iteration 47000000 is 1.0359447921759488
Validation error at iteration 48000000 is 1.035743499717786
Validation error at iteration 49000000 is 1.0357973095516084
Validation error at iteration 50000000 is 1.036066127225886
Validation error at iteration 51000000 is 1.0362003458563775
Validation error at iteration 52000000 is 1.0363291139952153
Validation error at iteration 53000000 is 1.036389676598716
Validation error at iteration 54000000 is 1.036627995412598
Validation error at iteration 55000000 is 1.0362913278533168
Validation error at iteration 56000000 is 1.036493575556381
Validation error at iteration 57000000 is 1.0366820241137598
Validation error at iteration 58000000 is 1.036213165163627
Validation error at iteration 59000000 is 1.0360261659790198
Validation error at iteration 60000000 is 1.0362241009488948
Validation error at iteration 61000000 is 1.0363128752082946
Validation error at iteration 62000000 is 1.0363173648358952
Validation error at iteration 63000000 is 1.0364968440514415
Validation error at iteration 64000000 is 1.0360807542320687
Validation error at iteration 65000000 is 1.0358233537636543
Validation error at iteration 66000000 is 1.035981946529669
Validation error at iteration 67000000 is 1.0359057419325728
Validation error at iteration 68000000 is 1.035967616677276
Validation error at iteration 69000000 is 1.0361277099471096
Validation error at iteration 70000000 is 1.036096404100154
Validation error at iteration 71000000 is 1.036030373753295
Validation error at iteration 72000000 is 1.0359880322627988
Validation error at iteration 73000000 is 1.03596064036348
Validation error at iteration 74000000 is 1.0360244853406277
Validation error at iteration 75000000 is 1.0361016514882575
Validation error at iteration 76000000 is 1.0360002824439776
Validation error at iteration 77000000 is 1.0359155876652784
Validation error at iteration 78000000 is 1.0359026434623098
Validation error at iteration 79000000 is 1.0359466768476413
Validation error at iteration 80000000 is 1.0359656255832033
Validation error at iteration 81000000 is 1.0360130557051983
Validation error at iteration 82000000 is 1.036110950640918
Validation error at iteration 83000000 is 1.0360919657998962
Validation error at iteration 84000000 is 1.0360426521582995
Validation error at iteration 85000000 is 1.0360564863937043
Validation error at iteration 86000000 is 1.0361640545972381
Validation error at iteration 87000000 is 1.036044751673008
Validation error at iteration 88000000 is 1.0360074218810043
Validation error at iteration 89000000 is 1.035964785362647
Validation error at iteration 90000000 is 1.0359187207148026
Validation error at iteration 91000000 is 1.0359846753276234
Validation error at iteration 92000000 is 1.035984854130494
Validation error at iteration 93000000 is 1.0359939229193156
Validation error at iteration 94000000 is 1.035989764326954
Validation error at iteration 95000000 is 1.0359872456414703
Validation error at iteration 96000000 is 1.0359671992001214
Validation error at iteration 97000000 is 1.035991201119073
Validation error at iteration 98000000 is 1.0359468982835733
Validation error at iteration 99000000 is 1.0359727080074645
Validation error at iteration 100000000 is 1.0359852785947965
Validation error at iteration 101000000 is 1.0359244145853221
Validation error at iteration 102000000 is 1.035926332817923
Validation error at iteration 103000000 is 1.0359928884041871
Validation error at iteration 104000000 is 1.0359890642095293
Validation error at iteration 105000000 is 1.0359457819536375
Validation error at iteration 106000000 is 1.0359456378351908
Validation error at iteration 107000000 is 1.0359653957769719
Validation error at iteration 108000000 is 1.0359714536212654
Validation error at iteration 109000000 is 1.0359864177201268
Validation error at iteration 110000000 is 1.0359735247816386
Validation error at iteration 111000000 is 1.035970240017521
Validation error at iteration 112000000 is 1.0359624737625077
Validation error at iteration 113000000 is 1.0359651052589296
Validation error at iteration 114000000 is 1.035982399824025
Validation error at iteration 115000000 is 1.0359952957042264
Validation error at iteration 116000000 is 1.0359740211296755
Validation error at iteration 117000000 is 1.0359703548106782
Validation error at iteration 118000000 is 1.035998386932007
Validation error at iteration 119000000 is 1.0359992837102048
Validation error at iteration 120000000 is 1.0359751042825123
Validation error at iteration 121000000 is 1.0359545065267302
Validation error at iteration 122000000 is 1.035954946180371
Validation error at iteration 123000000 is 1.0359784491945954
Validation error at iteration 124000000 is 1.0359809036654661
Validation error at iteration 125000000 is 1.035967023582458
Validation error at iteration 126000000 is 1.0359775932129154
Validation error at iteration 127000000 is 1.0359702600197855
Validation error at iteration 128000000 is 1.035982035649161
Validation error at iteration 129000000 is 1.0359773628689428
Validation error at iteration 130000000 is 1.035967317484031
Validation error at iteration 131000000 is 1.035974613269576
Validation error at iteration 132000000 is 1.0359777039112943
Validation error at iteration 133000000 is 1.0359737687153747
Validation error at iteration 134000000 is 1.0359634050033042
Validation error at iteration 135000000 is 1.0359589249560919
Validation error at iteration 136000000 is 1.0359599582178138
Validation error at iteration 137000000 is 1.0359625364965719
Validation error at iteration 138000000 is 1.0359560575544777
Validation error at iteration 139000000 is 1.035956310629144
Validation error at iteration 140000000 is 1.0359582821523003
Validation error at iteration 141000000 is 1.0359603139502398
Validation error at iteration 142000000 is 1.0359572726300883
Validation error at iteration 143000000 is 1.035953194896341
Validation error at iteration 144000000 is 1.035951509573209
Validation error at iteration 145000000 is 1.0359518904847227
Validation error at iteration 146000000 is 1.0359523397686268
Validation error at iteration 147000000 is 1.035951477278387
Validation error at iteration 148000000 is 1.0359530765409917
Validation error at iteration 149000000 is 1.0359533411449233
Error:  1.035949121550514
regularization matrix: 0.02


Validation error at iteration 0 is 4.014463395811197
Validation error at iteration 1000000 is 1.0188494616047492
Validation error at iteration 2000000 is 1.0166235681152338
Validation error at iteration 3000000 is 1.0108838136508531
Validation error at iteration 4000000 is 1.0124259331300438
Validation error at iteration 5000000 is 1.014504386784161
Validation error at iteration 6000000 is 1.0191273588726146
Validation error at iteration 7000000 is 1.0208277593422304
Validation error at iteration 8000000 is 1.0225249202346167
Validation error at iteration 9000000 is 1.0211031164267534
Validation error at iteration 10000000 is 1.0230099438542006
Validation error at iteration 11000000 is 1.0226503510901777
Validation error at iteration 12000000 is 1.0232353827698253
Validation error at iteration 13000000 is 1.0241377251822974
Validation error at iteration 14000000 is 1.0226505672928572
Validation error at iteration 15000000 is 1.0238618318673638
Validation error at iteration 16000000 is 1.0234687526409632
Validation error at iteration 17000000 is 1.022842824569831
Validation error at iteration 18000000 is 1.024491827816437
Validation error at iteration 19000000 is 1.024104754211981
Validation error at iteration 20000000 is 1.024298461060049
Validation error at iteration 21000000 is 1.0239071792195396
Validation error at iteration 22000000 is 1.023717895671372
Validation error at iteration 23000000 is 1.02261046763854
Validation error at iteration 24000000 is 1.0233227449903688
Validation error at iteration 25000000 is 1.0225410271215731
Validation error at iteration 26000000 is 1.0228269268537138
Validation error at iteration 27000000 is 1.022642465424519
Validation error at iteration 28000000 is 1.02240220613664
Validation error at iteration 29000000 is 1.0231361913329629
Validation error at iteration 30000000 is 1.0229805196084854
Validation error at iteration 31000000 is 1.0226776669822655
Validation error at iteration 32000000 is 1.0229134146010364
Validation error at iteration 33000000 is 1.0228740716651805
Validation error at iteration 34000000 is 1.0232608075814136
Validation error at iteration 35000000 is 1.0220786130212138
Validation error at iteration 36000000 is 1.022040873390395
Validation error at iteration 37000000 is 1.0222983816222388
Validation error at iteration 38000000 is 1.022013672346139
Validation error at iteration 39000000 is 1.0220954098190562
Validation error at iteration 40000000 is 1.021904610170986
Validation error at iteration 41000000 is 1.021712220431166
Validation error at iteration 42000000 is 1.0213854263021214
Validation error at iteration 43000000 is 1.0209839528586484
Validation error at iteration 44000000 is 1.0220028230290756
Validation error at iteration 45000000 is 1.0221999616124966
Validation error at iteration 46000000 is 1.0217213890076755
Validation error at iteration 47000000 is 1.021446529975323
Validation error at iteration 48000000 is 1.02146163838646
Validation error at iteration 49000000 is 1.0211200221726604
Validation error at iteration 50000000 is 1.0213344690208128
Validation error at iteration 51000000 is 1.021698354991281
Validation error at iteration 52000000 is 1.0216126401749575
Validation error at iteration 53000000 is 1.0215071691237547
Validation error at iteration 54000000 is 1.0214607836565026
Validation error at iteration 55000000 is 1.0217176840864586
Validation error at iteration 56000000 is 1.0217181258741694
Validation error at iteration 57000000 is 1.0214890541302706
Validation error at iteration 58000000 is 1.0218447264248192
Validation error at iteration 59000000 is 1.0216330691931454
Validation error at iteration 60000000 is 1.021463731736488
Validation error at iteration 61000000 is 1.0217245030741136
Validation error at iteration 62000000 is 1.0215557053747706
Validation error at iteration 63000000 is 1.0214610368941808
Validation error at iteration 64000000 is 1.021387332066487
Validation error at iteration 65000000 is 1.0212958280653845
Validation error at iteration 66000000 is 1.021370024815033
Validation error at iteration 67000000 is 1.0213882575424118
Validation error at iteration 68000000 is 1.0214977153709628
Validation error at iteration 69000000 is 1.021489571153024
Validation error at iteration 70000000 is 1.0213873827343638
Validation error at iteration 71000000 is 1.0214063978488739
Validation error at iteration 72000000 is 1.021302623797679
Validation error at iteration 73000000 is 1.0212993785411464
Validation error at iteration 74000000 is 1.0213627499376452
Validation error at iteration 75000000 is 1.0213014789720205
Validation error at iteration 76000000 is 1.0213383084605983
Validation error at iteration 77000000 is 1.0213163249871653
Validation error at iteration 78000000 is 1.0212957407448935
Validation error at iteration 79000000 is 1.0211000060690458
Validation error at iteration 80000000 is 1.0211285672656192
Validation error at iteration 81000000 is 1.0211344084923633
Validation error at iteration 82000000 is 1.0211360937996674
Validation error at iteration 83000000 is 1.020985390007555
Validation error at iteration 84000000 is 1.021018906007691
Validation error at iteration 85000000 is 1.021127359522189
Validation error at iteration 86000000 is 1.0211279606735642
Validation error at iteration 87000000 is 1.021169341502371
Validation error at iteration 88000000 is 1.021117254013915
Validation error at iteration 89000000 is 1.021078517740597
Validation error at iteration 90000000 is 1.0210092608487784
Validation error at iteration 91000000 is 1.0210733754129695
Validation error at iteration 92000000 is 1.021019302075626
Validation error at iteration 93000000 is 1.0210030748178265
Validation error at iteration 94000000 is 1.0209538024268732
Validation error at iteration 95000000 is 1.0209712723294835
Validation error at iteration 96000000 is 1.0209613634185613
Validation error at iteration 97000000 is 1.0209600005703043
Validation error at iteration 98000000 is 1.0209494836282191
Validation error at iteration 99000000 is 1.0209559033370783
Validation error at iteration 100000000 is 1.0209627738100622
Validation error at iteration 101000000 is 1.020906275169262
Validation error at iteration 102000000 is 1.0209143816340644
Validation error at iteration 103000000 is 1.0209070666195705
Validation error at iteration 104000000 is 1.0209383491951596
Validation error at iteration 105000000 is 1.0209003237515673
Validation error at iteration 106000000 is 1.0208705734540888
Validation error at iteration 107000000 is 1.0208736912440945
Validation error at iteration 108000000 is 1.0209102313016256
Validation error at iteration 109000000 is 1.0209137080276927
Validation error at iteration 110000000 is 1.0208963387170271
Validation error at iteration 111000000 is 1.0209284373837924
Validation error at iteration 112000000 is 1.020915596419865
Validation error at iteration 113000000 is 1.0209207185467923
Validation error at iteration 114000000 is 1.0209144164461255
Validation error at iteration 115000000 is 1.020899418793108
Validation error at iteration 116000000 is 1.0209102554143181
Validation error at iteration 117000000 is 1.0208992600979312
Validation error at iteration 118000000 is 1.0209049498826277
Validation error at iteration 119000000 is 1.0209137094275047
Validation error at iteration 120000000 is 1.0209098343388636
Validation error at iteration 121000000 is 1.0209027805145847
Validation error at iteration 122000000 is 1.0209020615278357
Validation error at iteration 123000000 is 1.0209073741893178
Validation error at iteration 124000000 is 1.0208943284833427
Validation error at iteration 125000000 is 1.0208969982457166
Validation error at iteration 126000000 is 1.0209000335833303
Validation error at iteration 127000000 is 1.0208841409080143
Validation error at iteration 128000000 is 1.0208934012117379
Validation error at iteration 129000000 is 1.020889701953467
Validation error at iteration 130000000 is 1.0208882132613293
Validation error at iteration 131000000 is 1.0208716390116557
Validation error at iteration 132000000 is 1.0208742873562655
Validation error at iteration 133000000 is 1.0208671890334633
Validation error at iteration 134000000 is 1.0208705273763101
Validation error at iteration 135000000 is 1.0208630672248307
Validation error at iteration 136000000 is 1.0208516233420293
Validation error at iteration 137000000 is 1.0208478713861457
Validation error at iteration 138000000 is 1.020847160079034
Validation error at iteration 139000000 is 1.0208453640399926
Validation error at iteration 140000000 is 1.020840617035364
Validation error at iteration 141000000 is 1.0208368205539764
Validation error at iteration 142000000 is 1.0208382244216185
Validation error at iteration 143000000 is 1.0208429768352962
Validation error at iteration 144000000 is 1.0208437191821604
Validation error at iteration 145000000 is 1.0208464057622293
Validation error at iteration 146000000 is 1.0208501257869391
Validation error at iteration 147000000 is 1.0208507466034726
Validation error at iteration 148000000 is 1.0208443820685542
Validation error at iteration 149000000 is 1.0208424880573408
Error:  1.0208451584465246
regularization matrix: 0.03


Validation error at iteration 0 is 4.014109754337416
Validation error at iteration 1000000 is 1.0187767790711393
Validation error at iteration 2000000 is 1.01591763122588
Validation error at iteration 3000000 is 1.0127886241483188
Validation error at iteration 4000000 is 1.0074605147993216
Validation error at iteration 5000000 is 1.0090045280542093
Validation error at iteration 6000000 is 1.0109487283079004
Validation error at iteration 7000000 is 1.0122230548997477
Validation error at iteration 8000000 is 1.0144558003596666
Validation error at iteration 9000000 is 1.0161582340378117
Validation error at iteration 10000000 is 1.0153473667979982
Validation error at iteration 11000000 is 1.0178383798398665
Validation error at iteration 12000000 is 1.0150623930190277
Validation error at iteration 13000000 is 1.0156776740272038
Validation error at iteration 14000000 is 1.0160512806469721
Validation error at iteration 15000000 is 1.016449476230822
Validation error at iteration 16000000 is 1.016091961090884
Validation error at iteration 17000000 is 1.015496994657822
Validation error at iteration 18000000 is 1.015612150899453
Validation error at iteration 19000000 is 1.0157094491283516
Validation error at iteration 20000000 is 1.0155030423924225
Validation error at iteration 21000000 is 1.0161741595967604
Validation error at iteration 22000000 is 1.0144019871423076
Validation error at iteration 23000000 is 1.0139015912089415
Validation error at iteration 24000000 is 1.0141934886779511
Validation error at iteration 25000000 is 1.0141389261566471
Validation error at iteration 26000000 is 1.0139031088592434
Validation error at iteration 27000000 is 1.0137246253894654
Validation error at iteration 28000000 is 1.0131862838586128
Validation error at iteration 29000000 is 1.0134263072156444
Validation error at iteration 30000000 is 1.0138057503224494
Validation error at iteration 31000000 is 1.0140445428723421
Validation error at iteration 32000000 is 1.0133105143575505
Validation error at iteration 33000000 is 1.0130317285766182
Validation error at iteration 34000000 is 1.0124208207948324
Validation error at iteration 35000000 is 1.012988471004117
Validation error at iteration 36000000 is 1.0126766491350385
Validation error at iteration 37000000 is 1.0122444420969325
Validation error at iteration 38000000 is 1.0124470266953898
Validation error at iteration 39000000 is 1.0123449899376418
Validation error at iteration 40000000 is 1.01234390165379
Validation error at iteration 41000000 is 1.0118109502254893
Validation error at iteration 42000000 is 1.0121600418993804
Validation error at iteration 43000000 is 1.0121283712852096
Validation error at iteration 44000000 is 1.0114735001135053
Validation error at iteration 45000000 is 1.0116524802117381
Validation error at iteration 46000000 is 1.0120646937586082
Validation error at iteration 47000000 is 1.011816050202208
Validation error at iteration 48000000 is 1.011519007547701
Validation error at iteration 49000000 is 1.011459151698338
Validation error at iteration 50000000 is 1.0113167297426569
Validation error at iteration 51000000 is 1.0113581492691657
Validation error at iteration 52000000 is 1.0113596016617181
Validation error at iteration 53000000 is 1.0116342852120568
Validation error at iteration 54000000 is 1.0114229477052414
Validation error at iteration 55000000 is 1.011148074250634
Validation error at iteration 56000000 is 1.011400348427119
Validation error at iteration 57000000 is 1.0115251316235496
Validation error at iteration 58000000 is 1.011218537626488
Validation error at iteration 59000000 is 1.0113467877571651
Validation error at iteration 60000000 is 1.0109354260728776
Validation error at iteration 61000000 is 1.0112131320994546
Validation error at iteration 62000000 is 1.011128515523245
Validation error at iteration 63000000 is 1.011098659156162
Validation error at iteration 64000000 is 1.011153906212642
Validation error at iteration 65000000 is 1.0109997572376497
Validation error at iteration 66000000 is 1.0109437583091003
Validation error at iteration 67000000 is 1.0109445430933235
Validation error at iteration 68000000 is 1.0109233862383313
Validation error at iteration 69000000 is 1.0109022100625433
Validation error at iteration 70000000 is 1.0107423702930878
Validation error at iteration 71000000 is 1.0107529081219888
Validation error at iteration 72000000 is 1.010766422086007
Validation error at iteration 73000000 is 1.010786575291533
Validation error at iteration 74000000 is 1.0108404261775155
Validation error at iteration 75000000 is 1.010736314874956
Validation error at iteration 76000000 is 1.0106759609723126
Validation error at iteration 77000000 is 1.0107472821492576
Validation error at iteration 78000000 is 1.0106778050362333
Validation error at iteration 79000000 is 1.0106690219996508
Validation error at iteration 80000000 is 1.0106795785428793
Validation error at iteration 81000000 is 1.010537588131425
Validation error at iteration 82000000 is 1.010454513920399
Validation error at iteration 83000000 is 1.0104861412078587
Validation error at iteration 84000000 is 1.0105044234321883
Validation error at iteration 85000000 is 1.0104305088404388
Validation error at iteration 86000000 is 1.0103910289415796
Validation error at iteration 87000000 is 1.0103860004993788
Validation error at iteration 88000000 is 1.0104046615973072
Validation error at iteration 89000000 is 1.0104646307429017
Validation error at iteration 90000000 is 1.0103993463185659
Validation error at iteration 91000000 is 1.0104307612532824
Validation error at iteration 92000000 is 1.0104291967024737
Validation error at iteration 93000000 is 1.0104284386027587
Validation error at iteration 94000000 is 1.0104395011251777
Validation error at iteration 95000000 is 1.0104738185222546
Validation error at iteration 96000000 is 1.0104585153087269
Validation error at iteration 97000000 is 1.010419187383925
Validation error at iteration 98000000 is 1.010464713525565
Validation error at iteration 99000000 is 1.0103993176404737
Validation error at iteration 100000000 is 1.0104111464448278
Validation error at iteration 101000000 is 1.0104568676235377
Validation error at iteration 102000000 is 1.0104230450476746
Validation error at iteration 103000000 is 1.010433935927549
Validation error at iteration 104000000 is 1.0104077885220846
Validation error at iteration 105000000 is 1.0104161961016318
Validation error at iteration 106000000 is 1.010387045186198
Validation error at iteration 107000000 is 1.0104222447853008
Validation error at iteration 108000000 is 1.0104323843111305
Validation error at iteration 109000000 is 1.010404645773245
Validation error at iteration 110000000 is 1.0104311833179807
Validation error at iteration 111000000 is 1.0104228003213387
Validation error at iteration 112000000 is 1.0104041316294667
Validation error at iteration 113000000 is 1.0104108196056414
Validation error at iteration 114000000 is 1.010408182351103
Validation error at iteration 115000000 is 1.010400251232551
Validation error at iteration 116000000 is 1.0104078164799
Validation error at iteration 117000000 is 1.010390635982649
Validation error at iteration 118000000 is 1.0103809811773579
Validation error at iteration 119000000 is 1.0104009788288513
Validation error at iteration 120000000 is 1.0104015307263698
Validation error at iteration 121000000 is 1.0104127093582382
Validation error at iteration 122000000 is 1.0104252147115378
Validation error at iteration 123000000 is 1.0104178362392775
Validation error at iteration 124000000 is 1.0104257844093827
Validation error at iteration 125000000 is 1.0104336790860724
Validation error at iteration 126000000 is 1.0104320657623524
Validation error at iteration 127000000 is 1.0104249507212768
Validation error at iteration 128000000 is 1.0104337137881323
Validation error at iteration 129000000 is 1.010423053959261
Validation error at iteration 130000000 is 1.010426507200291
Validation error at iteration 131000000 is 1.0104222413415727
Validation error at iteration 132000000 is 1.01042102542413
Validation error at iteration 133000000 is 1.010421208025387
Validation error at iteration 134000000 is 1.0104254600076938
Validation error at iteration 135000000 is 1.0104327789994059
Validation error at iteration 136000000 is 1.0104328349159402
Validation error at iteration 137000000 is 1.0104244431183709
Validation error at iteration 138000000 is 1.0104221243470273
Validation error at iteration 139000000 is 1.010424233705644
Validation error at iteration 140000000 is 1.0104200306811424
Validation error at iteration 141000000 is 1.0104238055012242
Validation error at iteration 142000000 is 1.0104230358311117
Validation error at iteration 143000000 is 1.0104178519207876
Validation error at iteration 144000000 is 1.010419138252801
Validation error at iteration 145000000 is 1.0104199793064113
Validation error at iteration 146000000 is 1.0104232562514983
Validation error at iteration 147000000 is 1.0104251255531227
Validation error at iteration 148000000 is 1.0104228833793123
Validation error at iteration 149000000 is 1.0104254135269555
Error:  1.010423373342964
regularization matrix: 0.04


Validation error at iteration 0 is 4.0144381275341665
Validation error at iteration 1000000 is 1.0184842917973456
Validation error at iteration 2000000 is 1.017604854017918
Validation error at iteration 3000000 is 1.0171253986935131
Validation error at iteration 4000000 is 1.0102742484387421
Validation error at iteration 5000000 is 1.0039510763039659
Validation error at iteration 6000000 is 1.003065882109746
Validation error at iteration 7000000 is 1.0043974927040666
Validation error at iteration 8000000 is 1.0043696997735858
Validation error at iteration 9000000 is 1.0058270893441952
Validation error at iteration 10000000 is 1.0063557777169856
Validation error at iteration 11000000 is 1.0063717001442574
Validation error at iteration 12000000 is 1.0082142361321071
Validation error at iteration 13000000 is 1.0074314546689134
Validation error at iteration 14000000 is 1.0073880118708247
Validation error at iteration 15000000 is 1.0073405330825222
Validation error at iteration 16000000 is 1.0071199504511352
Validation error at iteration 17000000 is 1.0065281091749299
Validation error at iteration 18000000 is 1.0066373771054908
Validation error at iteration 19000000 is 1.0060684076570376
Validation error at iteration 20000000 is 1.0061036390988536
Validation error at iteration 21000000 is 1.006195916956497
Validation error at iteration 22000000 is 1.0049058806524276
Validation error at iteration 23000000 is 1.005710622297339
Validation error at iteration 24000000 is 1.005456032061261
Validation error at iteration 25000000 is 1.0053377954222391
Validation error at iteration 26000000 is 1.0054297192985973
Validation error at iteration 27000000 is 1.0044888749869505
Validation error at iteration 28000000 is 1.0050653708446533
Validation error at iteration 29000000 is 1.0046097063670338
Validation error at iteration 30000000 is 1.0042653657457903
Validation error at iteration 31000000 is 1.0038870366850634
Validation error at iteration 32000000 is 1.004461127784851
Validation error at iteration 33000000 is 1.0042253771915188
Validation error at iteration 34000000 is 1.0041699168936813
Validation error at iteration 35000000 is 1.0037810490046988
Validation error at iteration 36000000 is 1.0032773082357866
Validation error at iteration 37000000 is 1.002888346248122
Validation error at iteration 38000000 is 1.0028479938846449
Validation error at iteration 39000000 is 1.002166771421569
Validation error at iteration 40000000 is 1.002636599218137
Validation error at iteration 41000000 is 1.0022142427064122
Validation error at iteration 42000000 is 1.0021529337526862
Validation error at iteration 43000000 is 1.0020433228732315
Validation error at iteration 44000000 is 1.001867309182368
Validation error at iteration 45000000 is 1.001608807434265
Validation error at iteration 46000000 is 1.0019960175253948
Validation error at iteration 47000000 is 1.0015831978890706
Validation error at iteration 48000000 is 1.0018547141201948
Validation error at iteration 49000000 is 1.0015500391098406
Validation error at iteration 50000000 is 1.0015476858193935
Validation error at iteration 51000000 is 1.0013997490969575
Validation error at iteration 52000000 is 1.0011713238262823
Validation error at iteration 53000000 is 1.0009042170014686
Validation error at iteration 54000000 is 1.0010244900524699
Validation error at iteration 55000000 is 1.0011523140808951
Validation error at iteration 56000000 is 1.0009400534428659
Validation error at iteration 57000000 is 1.0009433822252134
Validation error at iteration 58000000 is 1.0010576028004325
Validation error at iteration 59000000 is 1.001105455979405
Validation error at iteration 60000000 is 1.0010176428693207
Validation error at iteration 61000000 is 1.000959935332968
Validation error at iteration 62000000 is 1.0012037374321239
Validation error at iteration 63000000 is 1.0009615540211412
Validation error at iteration 64000000 is 1.0010604775564982
Validation error at iteration 65000000 is 1.0008970711590326
Validation error at iteration 66000000 is 1.0007420914536975
Validation error at iteration 67000000 is 1.0008544685092973
Validation error at iteration 68000000 is 1.0007672585831537
Validation error at iteration 69000000 is 1.0006726500853862
Validation error at iteration 70000000 is 1.0006451846301563
Validation error at iteration 71000000 is 1.0007413694715037
Validation error at iteration 72000000 is 1.0006040957789553
Validation error at iteration 73000000 is 1.0007133595174051
Validation error at iteration 74000000 is 1.0007087419567828
Validation error at iteration 75000000 is 1.0006914613738445
Validation error at iteration 76000000 is 1.000630042808656
Validation error at iteration 77000000 is 1.0006140264427557
Validation error at iteration 78000000 is 1.0005806222852482
Validation error at iteration 79000000 is 1.0004754711652224
Validation error at iteration 80000000 is 1.000413868482359
Validation error at iteration 81000000 is 1.0003444308259637
Validation error at iteration 82000000 is 1.0003808824112377
Validation error at iteration 83000000 is 1.0003100098776811
Validation error at iteration 84000000 is 1.0002680438093496
Validation error at iteration 85000000 is 1.0003051835526868
Validation error at iteration 86000000 is 1.000304913364923
Validation error at iteration 87000000 is 1.0003505305807856
Validation error at iteration 88000000 is 1.0003322965699528
Validation error at iteration 89000000 is 1.0003167645331528
Validation error at iteration 90000000 is 1.0003439835027554
Validation error at iteration 91000000 is 1.0003624203565098
Validation error at iteration 92000000 is 1.0002926610330354
Validation error at iteration 93000000 is 1.0003028496284672
Validation error at iteration 94000000 is 1.0003051854205771
Validation error at iteration 95000000 is 1.000298198062046
Validation error at iteration 96000000 is 1.000336930396869
Validation error at iteration 97000000 is 1.0003253736500008
Validation error at iteration 98000000 is 1.0003604178327543
Validation error at iteration 99000000 is 1.000340100360125
Validation error at iteration 100000000 is 1.0003313184098452
Validation error at iteration 101000000 is 1.0003188465197224
Validation error at iteration 102000000 is 1.0003300707380853
Validation error at iteration 103000000 is 1.000271945500398
Validation error at iteration 104000000 is 1.0002507675212318
Validation error at iteration 105000000 is 1.0002630388476923
Validation error at iteration 106000000 is 1.000254670583387
Validation error at iteration 107000000 is 1.0002768285626724
Validation error at iteration 108000000 is 1.0002880046698774
Validation error at iteration 109000000 is 1.000293923277575
Validation error at iteration 110000000 is 1.0002846849583567
Validation error at iteration 111000000 is 1.0002970335249726
Validation error at iteration 112000000 is 1.0002825904796888
Validation error at iteration 113000000 is 1.0002520365280378
Validation error at iteration 114000000 is 1.0002544025411035
Validation error at iteration 115000000 is 1.0002393566871426
Validation error at iteration 116000000 is 1.0002582746501925
Validation error at iteration 117000000 is 1.0002590802629117
Validation error at iteration 118000000 is 1.0002692189932845
Validation error at iteration 119000000 is 1.0002757482191125
Validation error at iteration 120000000 is 1.0002774081464927
Validation error at iteration 121000000 is 1.0002877804763226
Validation error at iteration 122000000 is 1.0002948168446848
Validation error at iteration 123000000 is 1.000302481717225
Validation error at iteration 124000000 is 1.0003103987318995
Validation error at iteration 125000000 is 1.0003064707608145
Validation error at iteration 126000000 is 1.000292569640324
Validation error at iteration 127000000 is 1.0002880410269084
Validation error at iteration 128000000 is 1.0002891393001687
Validation error at iteration 129000000 is 1.0002830436007193
Validation error at iteration 130000000 is 1.0002750761495915
Validation error at iteration 131000000 is 1.000269717005645
Validation error at iteration 132000000 is 1.0002638410515754
Validation error at iteration 133000000 is 1.0002564465223063
Validation error at iteration 134000000 is 1.0002610820849123
Validation error at iteration 135000000 is 1.0002608061170544
Validation error at iteration 136000000 is 1.0002617658981983
Validation error at iteration 137000000 is 1.0002537596539791
Validation error at iteration 138000000 is 1.0002613425803975
Validation error at iteration 139000000 is 1.0002566953016638
Validation error at iteration 140000000 is 1.0002547639201154
Validation error at iteration 141000000 is 1.0002545553171274
Validation error at iteration 142000000 is 1.0002591136615704
Validation error at iteration 143000000 is 1.0002592140152484
Validation error at iteration 144000000 is 1.0002655526362636
Validation error at iteration 145000000 is 1.0002642861507536
Validation error at iteration 146000000 is 1.0002638367693584
Validation error at iteration 147000000 is 1.0002608200621914
Validation error at iteration 148000000 is 1.0002586829579914
Validation error at iteration 149000000 is 1.0002545846522168
Error:  1.000251357943806
{0.01: 1.035949121550514,
 0.02: 1.0208451584465246,
 0.03: 1.010423373342964,
 0.04: 1.000251357943806}
