Sender: LSF System <lsfadmin@lo-s4-010>
Subject: Job 2290743: <python main.py> in cluster <leonhard> Done

Job <python main.py> was submitted from host <lo-login-01> by user <sanagnos> in cluster <leonhard> at Wed Jun 26 15:14:03 2019
Job was executed on host(s) <2*lo-s4-010>, in queue <gpu.4h>, as user <sanagnos> in cluster <leonhard> at Wed Jun 26 15:14:32 2019
</cluster/home/sanagnos> was used as the home directory.
</cluster/home/sanagnos/CIL/git/recommender/src> was used as the working directory.
Started at Wed Jun 26 15:14:32 2019
Terminated at Wed Jun 26 15:49:52 2019
Results reported at Wed Jun 26 15:49:52 2019

Your job looked like:

------------------------------------------------------------
# LSBATCH: User input
python main.py
------------------------------------------------------------

Successfully completed.

Resource usage summary:

    CPU time :                                   3699.70 sec.
    Max Memory :                                 2171 MB
    Average Memory :                             2090.90 MB
    Total Requested Memory :                     8384.00 MB
    Delta Memory :                               6213.00 MB
    Max Swap :                                   -
    Max Processes :                              3
    Max Threads :                                28
    Run time :                                   2125 sec.
    Turnaround time :                            2149 sec.

The output (if any) follows:

2019-06-26 15:14:37.884287: I tensorflow/core/platform/cpu_feature_guard.cc:141] Your CPU supports instructions that this TensorFlow binary was not compiled to use: AVX2 FMA
2019-06-26 15:14:38.149367: I tensorflow/core/common_runtime/gpu/gpu_device.cc:1432] Found device 0 with properties: 
name: GeForce GTX 1080 major: 6 minor: 1 memoryClockRate(GHz): 1.7335
pciBusID: 0000:04:00.0
totalMemory: 7.93GiB freeMemory: 7.82GiB
2019-06-26 15:14:38.149441: I tensorflow/core/common_runtime/gpu/gpu_device.cc:1511] Adding visible gpu devices: 0
2019-06-26 15:14:39.579357: I tensorflow/core/common_runtime/gpu/gpu_device.cc:982] Device interconnect StreamExecutor with strength 1 edge matrix:
2019-06-26 15:14:39.579412: I tensorflow/core/common_runtime/gpu/gpu_device.cc:988]      0 
2019-06-26 15:14:39.579423: I tensorflow/core/common_runtime/gpu/gpu_device.cc:1001] 0:   N 
2019-06-26 15:14:39.580232: I tensorflow/core/common_runtime/gpu/gpu_device.cc:1115] Created TensorFlow device (/device:GPU:0 with 7545 MB memory) -> physical GPU (device: 0, name: GeForce GTX 1080, pci bus id: 0000:04:00.0, compute capability: 6.1)
2019-06-26 15:14:49.401213: I tensorflow/core/common_runtime/gpu/gpu_device.cc:1511] Adding visible gpu devices: 0
2019-06-26 15:14:49.401501: I tensorflow/core/common_runtime/gpu/gpu_device.cc:982] Device interconnect StreamExecutor with strength 1 edge matrix:
2019-06-26 15:14:49.401512: I tensorflow/core/common_runtime/gpu/gpu_device.cc:988]      0 
2019-06-26 15:14:49.401518: I tensorflow/core/common_runtime/gpu/gpu_device.cc:1001] 0:   N 
2019-06-26 15:14:49.402210: I tensorflow/core/common_runtime/gpu/gpu_device.cc:1115] Created TensorFlow device (/job:localhost/replica:0/task:0/device:GPU:0 with 7545 MB memory) -> physical GPU (device: 0, name: GeForce GTX 1080, pci bus id: 0000:04:00.0, compute capability: 6.1)
2019-06-26 15:23:30.887190: I tensorflow/core/common_runtime/gpu/gpu_device.cc:1511] Adding visible gpu devices: 0
2019-06-26 15:23:30.887637: I tensorflow/core/common_runtime/gpu/gpu_device.cc:982] Device interconnect StreamExecutor with strength 1 edge matrix:
2019-06-26 15:23:30.887649: I tensorflow/core/common_runtime/gpu/gpu_device.cc:988]      0 
2019-06-26 15:23:30.887655: I tensorflow/core/common_runtime/gpu/gpu_device.cc:1001] 0:   N 
2019-06-26 15:23:30.888076: I tensorflow/core/common_runtime/gpu/gpu_device.cc:1115] Created TensorFlow device (/job:localhost/replica:0/task:0/device:GPU:0 with 7545 MB memory) -> physical GPU (device: 0, name: GeForce GTX 1080, pci bus id: 0000:04:00.0, compute capability: 6.1)
2019-06-26 15:23:32.290047: I tensorflow/core/common_runtime/gpu/gpu_device.cc:1511] Adding visible gpu devices: 0
2019-06-26 15:23:32.290101: I tensorflow/core/common_runtime/gpu/gpu_device.cc:982] Device interconnect StreamExecutor with strength 1 edge matrix:
2019-06-26 15:23:32.290112: I tensorflow/core/common_runtime/gpu/gpu_device.cc:988]      0 
2019-06-26 15:23:32.290120: I tensorflow/core/common_runtime/gpu/gpu_device.cc:1001] 0:   N 
2019-06-26 15:23:32.290554: I tensorflow/core/common_runtime/gpu/gpu_device.cc:1115] Created TensorFlow device (/job:localhost/replica:0/task:0/device:GPU:0 with 7545 MB memory) -> physical GPU (device: 0, name: GeForce GTX 1080, pci bus id: 0000:04:00.0, compute capability: 6.1)
2019-06-26 15:32:14.669921: I tensorflow/core/common_runtime/gpu/gpu_device.cc:1511] Adding visible gpu devices: 0
2019-06-26 15:32:14.670207: I tensorflow/core/common_runtime/gpu/gpu_device.cc:982] Device interconnect StreamExecutor with strength 1 edge matrix:
2019-06-26 15:32:14.670219: I tensorflow/core/common_runtime/gpu/gpu_device.cc:988]      0 
2019-06-26 15:32:14.670226: I tensorflow/core/common_runtime/gpu/gpu_device.cc:1001] 0:   N 
2019-06-26 15:32:14.670690: I tensorflow/core/common_runtime/gpu/gpu_device.cc:1115] Created TensorFlow device (/job:localhost/replica:0/task:0/device:GPU:0 with 7545 MB memory) -> physical GPU (device: 0, name: GeForce GTX 1080, pci bus id: 0000:04:00.0, compute capability: 6.1)
2019-06-26 15:32:15.313883: I tensorflow/core/common_runtime/gpu/gpu_device.cc:1511] Adding visible gpu devices: 0
2019-06-26 15:32:15.313929: I tensorflow/core/common_runtime/gpu/gpu_device.cc:982] Device interconnect StreamExecutor with strength 1 edge matrix:
2019-06-26 15:32:15.313938: I tensorflow/core/common_runtime/gpu/gpu_device.cc:988]      0 
2019-06-26 15:32:15.313945: I tensorflow/core/common_runtime/gpu/gpu_device.cc:1001] 0:   N 
2019-06-26 15:32:15.314453: I tensorflow/core/common_runtime/gpu/gpu_device.cc:1115] Created TensorFlow device (/job:localhost/replica:0/task:0/device:GPU:0 with 7545 MB memory) -> physical GPU (device: 0, name: GeForce GTX 1080, pci bus id: 0000:04:00.0, compute capability: 6.1)
2019-06-26 15:41:03.155588: I tensorflow/core/common_runtime/gpu/gpu_device.cc:1511] Adding visible gpu devices: 0
2019-06-26 15:41:03.155931: I tensorflow/core/common_runtime/gpu/gpu_device.cc:982] Device interconnect StreamExecutor with strength 1 edge matrix:
2019-06-26 15:41:03.155943: I tensorflow/core/common_runtime/gpu/gpu_device.cc:988]      0 
2019-06-26 15:41:03.155950: I tensorflow/core/common_runtime/gpu/gpu_device.cc:1001] 0:   N 
2019-06-26 15:41:03.156458: I tensorflow/core/common_runtime/gpu/gpu_device.cc:1115] Created TensorFlow device (/job:localhost/replica:0/task:0/device:GPU:0 with 7545 MB memory) -> physical GPU (device: 0, name: GeForce GTX 1080, pci bus id: 0000:04:00.0, compute capability: 6.1)
2019-06-26 15:41:03.822542: I tensorflow/core/common_runtime/gpu/gpu_device.cc:1511] Adding visible gpu devices: 0
2019-06-26 15:41:03.822587: I tensorflow/core/common_runtime/gpu/gpu_device.cc:982] Device interconnect StreamExecutor with strength 1 edge matrix:
2019-06-26 15:41:03.822596: I tensorflow/core/common_runtime/gpu/gpu_device.cc:988]      0 
2019-06-26 15:41:03.822603: I tensorflow/core/common_runtime/gpu/gpu_device.cc:1001] 0:   N 
2019-06-26 15:41:03.823088: I tensorflow/core/common_runtime/gpu/gpu_device.cc:1115] Created TensorFlow device (/job:localhost/replica:0/task:0/device:GPU:0 with 7545 MB memory) -> physical GPU (device: 0, name: GeForce GTX 1080, pci bus id: 0000:04:00.0, compute capability: 6.1)
2019-06-26 15:49:50.904194: I tensorflow/core/common_runtime/gpu/gpu_device.cc:1511] Adding visible gpu devices: 0
2019-06-26 15:49:50.904459: I tensorflow/core/common_runtime/gpu/gpu_device.cc:982] Device interconnect StreamExecutor with strength 1 edge matrix:
2019-06-26 15:49:50.904472: I tensorflow/core/common_runtime/gpu/gpu_device.cc:988]      0 
2019-06-26 15:49:50.904479: I tensorflow/core/common_runtime/gpu/gpu_device.cc:1001] 0:   N 
2019-06-26 15:49:50.904864: I tensorflow/core/common_runtime/gpu/gpu_device.cc:1115] Created TensorFlow device (/job:localhost/replica:0/task:0/device:GPU:0 with 7545 MB memory) -> physical GPU (device: 0, name: GeForce GTX 1080, pci bus id: 0000:04:00.0, compute capability: 6.1)
/cluster/apps/python/3.6.4/lib64/python3.6/site-packages/h5py/__init__.py:36: FutureWarning: Conversion of the second argument of issubdtype from `float` to `np.floating` is deprecated. In future, it will be treated as `np.float64 == np.dtype(float).type`.
  from ._conv import register_converters as _register_converters
main.py:47: FutureWarning: currently extract(expand=None) means expand=False (return Index/Series/DataFrame) but in a future version of pandas this will be changed to expand=True (return DataFrame)
  for user, movie in train.Id.str.extract('r(\d+)_c(\d+)').values:
main.py:56: FutureWarning: currently extract(expand=None) means expand=False (return Index/Series/DataFrame) but in a future version of pandas this will be changed to expand=True (return DataFrame)
  for user, movie in test.Id.str.extract('r(\d+)_c(\d+)').values:
Found GPU at: /device:GPU:0
---------------->  96 0.2 1024
Creating graph
1 1.0406861007969352 1.0064436437231237
2 1.00379178006942 0.9991449090500952
3 0.9963445587799032 0.9980660281148599
4 0.9931337857824197 0.9955893788125914
5 0.991132470242683 0.9951638332602821
6 0.9895174699054807 0.9946431975547907
7 0.9883116985016428 0.9949937796791979
8 0.9872220405579659 0.9940926207329499
9 0.9859232860877962 0.9938667720137583
10 0.9841605357228793 0.9914957288325756
11 0.9820164607601986 0.9907622685274887
12 0.9801372645513317 0.9899666092438303
13 0.9779854865092612 0.9897777648056564
14 0.9762915134023935 0.988779594266956
15 0.974644138028734 0.9878106610081004
16 0.9732169135605154 0.9876313911145853
17 0.9723145434145284 0.9878874079283102
18 0.9713640497582869 0.9873155860739281
19 0.9704143341970792 0.9873802054387613
20 0.9698104858016601 0.9876017058653282
21 0.9692315503711694 0.9880796292773676
22 0.9685255116118192 0.9861185443877917
23 0.968171814219854 0.9868383706266057
24 0.9675318748664294 0.9867665597378136
25 0.9669086772851471 0.9860123213251847
26 0.9667925295470996 0.9865283566718348
27 0.9662993758230078 0.9864993966403096
28 0.965752216343877 0.9863551729162804
29 0.9655672466242923 0.9883158102904831
30 0.9650970424597051 0.9866202607048633
31 0.9648137421941099 0.9866458475214495
32 0.9646373258925192 0.987227989371137
33 0.9645448505384209 0.9869736210352971
34 0.9642146006027762 0.9866408089803574
35 0.9636222621632241 0.9869221746719514
36 0.9634127073083322 0.987934405093003
37 0.963157974538007 0.986133749366336
38 0.9631687506289318 0.986646198127642
39 0.9628100701179914 0.9879860379251616
40 0.9625162087068643 0.9872594009897367
41 0.9620700054575598 0.9865919898439278
42 0.9620863896344161 0.9894956213344318
43 0.9617782238698276 0.9867628202057558
44 0.9610628630825436 0.9861965887432982
45 0.9611283636844851 0.9874550640935981
46 0.9607108656787026 0.986705197967903
47 0.9604127676596692 0.9864560124226819
48 0.960057617898967 0.9859918329565833
49 0.9596923924988294 0.9868924314292546
50 0.9593446277498148 0.9869023650209736
51 0.9589880164446608 0.9859597929000747
52 0.9586900141950792 0.9863095925384195
53 0.9584589248445646 0.9871297416705523
54 0.9581110165814021 0.985693218156338
55 0.9576088845172172 0.9889506950499118
56 0.9573731383262644 0.9882141666414294
57 0.9569216289652144 0.9877899444745084
58 0.9565251604596403 0.9862079486002054
59 0.9559993932397551 0.9866377239421766
60 0.9555765663574066 0.9875804166685019
HBox(children=(IntProgress(value=0, max=141285), HTML(value='')))

0.9875804159828394
---------------->  96 0.2 1024
Creating graph
1 1.0395712381153874 1.0060674316888518
2 1.003365888047169 1.0003937175651223
3 0.996378293893603 0.9970125972708389
4 0.9930248153464524 0.9965083697509733
5 0.9911811846830157 0.9954303851482688
6 0.9894297484960051 0.9950831139346524
7 0.9881872174405006 0.9936845190149174
8 0.9867238980244981 0.9936521208972825
9 0.984912243021063 0.9923398189732088
10 0.9827879673166715 0.991809707568485
11 0.9811222807070106 0.9908287403179051
12 0.9796730375511274 0.9902105769565627
13 0.9782301053793834 0.9893609471177508
14 0.9767447953412548 0.9889317315575565
15 0.9752057261778698 0.9893812312883093
16 0.9737296300434691 0.9875936441708447
17 0.9726676247787767 0.9873266424165159
18 0.9717310791076472 0.9870118244521267
19 0.9706938043443273 0.9876726499743398
20 0.9699508796425643 0.9870472796365352
21 0.9693069980483917 0.9861851598718822
22 0.9688776080720884 0.9863344695013192
23 0.9684019270722484 0.9862864945715533
24 0.967688147206804 0.9866742852414104
25 0.9672360358579707 0.9878601286332519
26 0.9669033994639334 0.9874593117698947
27 0.9661449715973908 0.9865647523990919
28 0.9660179357201052 0.9869955196216443
29 0.9653729802262287 0.9874831006943752
30 0.9649662344494647 0.9873979569014261
31 0.9646097276156375 0.9863646681434967
32 0.9645067998744864 0.9880380043986399
33 0.9640469829136538 0.985961627386029
34 0.963505660227077 0.987015336156654
35 0.9633268485389819 0.9861018605164248
36 0.9631327023491713 0.9859600738650056
37 0.9626536166822528 0.9865528580478305
38 0.9624923420970156 0.9869740983491339
39 0.9618847163539661 0.9861203217922136
40 0.961510767235062 0.9863688166617449
41 0.9610512441073422 0.9872560249269966
42 0.960644716570749 0.98656004503262
43 0.9602744055321317 0.9858529101130594
44 0.9596428390673759 0.9863135171444732
45 0.959435542327947 0.9865677759240998
46 0.9586561393709832 0.9862728416935385
47 0.9584788361771482 0.9863956534748796
48 0.9580457995529786 0.9877248264716999
49 0.9574874487939173 0.987888818428962
50 0.9571365478988566 0.9868187286011295
51 0.9568028462082451 0.9868422550993281
52 0.9563116308356572 0.9878308032314514
53 0.956048187532478 0.9871916488925355
54 0.9557216794484726 0.987584605244556
55 0.955135251914233 0.9869920345459298
56 0.9548065469111101 0.9884745106822215
57 0.9542464124551362 0.9866011662687993
58 0.9538293870940883 0.9885612211483277
59 0.9534423449875125 0.9872873093073476
60 0.9530508493051435 0.9904763113821807
HBox(children=(IntProgress(value=0, max=141285), HTML(value='')))

0.9904763118575055
---------------->  96 0.2 1024
Creating graph
1 1.0416313687784564 1.0102687396986245
2 1.0044481181949458 0.9986619214727476
3 0.9968174320194951 0.9969542408975625
4 0.9932044713258569 0.9960552662535997
5 0.9913120757198822 0.9963312588040769
6 0.9896438934971141 0.9944326239184116
7 0.9882253425774903 0.9943785711354656
8 0.9867748621531246 0.9928805383918664
9 0.9847016388230501 0.9923089695127308
10 0.9825654586505963 0.9909032419927056
11 0.9807689879900731 0.990816046019152
12 0.9792635242321189 0.9898752710409149
13 0.9778374978061086 0.9902156079675609
14 0.9767724458784962 0.9890984264052081
15 0.9756208636561102 0.9889223790886932
16 0.9745395364915382 0.9890849256284301
17 0.9735358973903143 0.9877948410326396
18 0.9724707656896968 0.9875077267919798
19 0.9714984720819068 0.9875010065382115
20 0.9706225839637634 0.9881334306276898
21 0.9697804099249813 0.9870884841341204
22 0.9691394830086613 0.9867389266287264
23 0.9684244905860626 0.9866529368464009
24 0.9677845648879372 0.9857484925964218
25 0.9674592041564282 0.986297999411801
26 0.9668872612530592 0.9868204203095581
27 0.9665747219662845 0.988214061123748
28 0.9664574704454562 0.9865308407082577
29 0.9659110552535621 0.9856436787041231
30 0.9653822282169485 0.9869680161367719
31 0.9650288458979605 0.9867865127534869
32 0.9649742702524 0.9869460693387587
33 0.964621472777334 0.9862418355301722
34 0.9642046042629824 0.9869103140110096
35 0.9638460817283757 0.9868173283907758
36 0.9636376205819548 0.9869846465758484
37 0.9633702549284914 0.9873587449853882
38 0.9633103981288291 0.9879852465508431
39 0.9629172234972418 0.9862452305597734
40 0.9625688646512469 0.9876375743288551
41 0.9624150640226592 0.9863595304430381
42 0.962097956308117 0.988128281411884
43 0.9614464014607913 0.9877990453729093
44 0.9612003623120557 0.9862957107404653
45 0.9607636355956328 0.9864637599496174
46 0.9603566333503684 0.9869222964141384
47 0.9599828628970871 0.9866635258324076
48 0.9593298973906109 0.9855463387154547
49 0.9589046442267072 0.9866896506027905
50 0.9583760587582036 0.9864833164229653
51 0.9578644919440653 0.986109007472463
52 0.9577796555073662 0.9859256308016086
53 0.9574292262119726 0.9876320320299878
54 0.9567689909257981 0.9874424714530571
55 0.9563734076069931 0.987656025324521
56 0.9560632793892552 0.9861985638395707
57 0.9554550055470351 0.9887572319252395
58 0.9550448432469261 0.9873684796237613
59 0.9545800723793484 0.9880445343585028
60 0.9543970106002726 0.9889820601975292
HBox(children=(IntProgress(value=0, max=141285), HTML(value='')))

0.9889820595090628
---------------->  96 0.2 1024
Creating graph
1 1.0396841223905506 1.006377883880635
2 1.0034664393117243 0.9995279987431419
3 0.99638724788264 0.997077295329388
4 0.9929540150036528 0.9980656873635965
5 0.9909986186368362 0.9966997857521301
6 0.9897019961538531 0.9948985447369717
7 0.9882035988789729 0.9941250352938413
8 0.9869719753230233 0.9936885032356018
9 0.9849922150153224 0.9924257687187983
10 0.9826673600360091 0.9920187520371716
11 0.9805550471901088 0.9914354081301517
12 0.9786235662161106 0.9909698505292972
13 0.9773250334874214 0.9892037855553582
14 0.9759266994472859 0.9882643356621277
15 0.9746222833656445 0.9880148397695554
16 0.9734901361711542 0.9885288884298256
17 0.9723448696068671 0.9868135883397251
18 0.9714578651272853 0.9874672373554326
19 0.9706044083286753 0.9876075052098934
20 0.9697678805614414 0.9870998492085395
21 0.969179159304279 0.9866999091307752
22 0.9686773027535768 0.9874261234756485
23 0.9680284475907778 0.9867587563612767
24 0.9673450679022279 0.9875958315774804
25 0.9670076039678854 0.9867273364120538
26 0.9665512956312196 0.9914505604900554
27 0.9660603331813982 0.9877403073008172
28 0.9655652341681081 0.9864474219190764
29 0.965392878723794 0.987239085585042
30 0.9650763959129347 0.9862246198902943
31 0.9647172364589188 0.9884721303555616
32 0.9644047820973128 0.9868388265555366
33 0.9642047999725263 0.9865818479276394
34 0.9637198459327524 0.9871473200162086
35 0.9635333625299592 0.9861472022203713
36 0.9633306829511251 0.986857352183802
37 0.9628678621341619 0.9862927466069935
38 0.9624780697906555 0.9890101448567362
39 0.9621639970833751 0.986216473239122
40 0.9616515290848026 0.9882517990689367
41 0.9614422677924401 0.9865025239315708
42 0.9610035549665251 0.9880235511500138
43 0.9605206550234247 0.9894383035847389
44 0.9605195439060855 0.9877731460397384
45 0.9600604350390012 0.9865286051797596
46 0.9596422308161549 0.9858609234348281
47 0.9594226646748422 0.9875035996273747
48 0.9591837759235303 0.9868680911488693
49 0.9590299219727856 0.9874779881713721
50 0.9584906967846756 0.9867524338375065
51 0.9582500559355684 0.9865462445392982
52 0.9580977581668285 0.9873137066294077
53 0.9574678402494629 0.987551353958385
54 0.9571036904749675 0.9871802732783024
55 0.9566675442675724 0.9880941035113449
56 0.9561374720563461 0.9877682699841706
57 0.9559395960163476 0.9887100826051523
58 0.9555477886202403 0.9872628616567485
59 0.9551070595558204 0.985994088322909
60 0.9545459321281412 0.9883594352245287
HBox(children=(IntProgress(value=0, max=141285), HTML(value='')))

0.9883594383320626
