Sender: LSF System <lsfadmin@lo-s4-010>
Subject: Job 2290045: <python main.py> in cluster <leonhard> Done

Job <python main.py> was submitted from host <lo-login-01> by user <sanagnos> in cluster <leonhard> at Wed Jun 26 13:11:04 2019
Job was executed on host(s) <2*lo-s4-010>, in queue <gpu.4h>, as user <sanagnos> in cluster <leonhard> at Wed Jun 26 13:11:32 2019
</cluster/home/sanagnos> was used as the home directory.
</cluster/home/sanagnos/CIL/git/recommender/src> was used as the working directory.
Started at Wed Jun 26 13:11:32 2019
Terminated at Wed Jun 26 14:31:32 2019
Results reported at Wed Jun 26 14:31:32 2019

Your job looked like:

------------------------------------------------------------
# LSBATCH: User input
python main.py
------------------------------------------------------------

Successfully completed.

Resource usage summary:

    CPU time :                                   8479.99 sec.
    Max Memory :                                 2187 MB
    Average Memory :                             2084.05 MB
    Total Requested Memory :                     8384.00 MB
    Delta Memory :                               6197.00 MB
    Max Swap :                                   -
    Max Processes :                              3
    Max Threads :                                31
    Run time :                                   4810 sec.
    Turnaround time :                            4828 sec.

The output (if any) follows:

2019-06-26 13:11:40.526892: I tensorflow/core/platform/cpu_feature_guard.cc:141] Your CPU supports instructions that this TensorFlow binary was not compiled to use: AVX2 FMA
2019-06-26 13:11:40.808369: I tensorflow/core/common_runtime/gpu/gpu_device.cc:1432] Found device 0 with properties: 
name: GeForce GTX 1080 major: 6 minor: 1 memoryClockRate(GHz): 1.7335
pciBusID: 0000:0c:00.0
totalMemory: 7.93GiB freeMemory: 7.82GiB
2019-06-26 13:11:40.808429: I tensorflow/core/common_runtime/gpu/gpu_device.cc:1511] Adding visible gpu devices: 0
2019-06-26 13:11:42.737615: I tensorflow/core/common_runtime/gpu/gpu_device.cc:982] Device interconnect StreamExecutor with strength 1 edge matrix:
2019-06-26 13:11:42.737682: I tensorflow/core/common_runtime/gpu/gpu_device.cc:988]      0 
2019-06-26 13:11:42.737697: I tensorflow/core/common_runtime/gpu/gpu_device.cc:1001] 0:   N 
2019-06-26 13:11:42.738780: I tensorflow/core/common_runtime/gpu/gpu_device.cc:1115] Created TensorFlow device (/device:GPU:0 with 7545 MB memory) -> physical GPU (device: 0, name: GeForce GTX 1080, pci bus id: 0000:0c:00.0, compute capability: 6.1)
2019-06-26 13:11:53.447797: I tensorflow/core/common_runtime/gpu/gpu_device.cc:1511] Adding visible gpu devices: 0
2019-06-26 13:11:53.448390: I tensorflow/core/common_runtime/gpu/gpu_device.cc:982] Device interconnect StreamExecutor with strength 1 edge matrix:
2019-06-26 13:11:53.448409: I tensorflow/core/common_runtime/gpu/gpu_device.cc:988]      0 
2019-06-26 13:11:53.448417: I tensorflow/core/common_runtime/gpu/gpu_device.cc:1001] 0:   N 
2019-06-26 13:11:53.449209: I tensorflow/core/common_runtime/gpu/gpu_device.cc:1115] Created TensorFlow device (/job:localhost/replica:0/task:0/device:GPU:0 with 7545 MB memory) -> physical GPU (device: 0, name: GeForce GTX 1080, pci bus id: 0000:0c:00.0, compute capability: 6.1)
2019-06-26 13:21:31.507804: I tensorflow/core/common_runtime/gpu/gpu_device.cc:1511] Adding visible gpu devices: 0
2019-06-26 13:21:31.508496: I tensorflow/core/common_runtime/gpu/gpu_device.cc:982] Device interconnect StreamExecutor with strength 1 edge matrix:
2019-06-26 13:21:31.508510: I tensorflow/core/common_runtime/gpu/gpu_device.cc:988]      0 
2019-06-26 13:21:31.508517: I tensorflow/core/common_runtime/gpu/gpu_device.cc:1001] 0:   N 
2019-06-26 13:21:31.508945: I tensorflow/core/common_runtime/gpu/gpu_device.cc:1115] Created TensorFlow device (/job:localhost/replica:0/task:0/device:GPU:0 with 7545 MB memory) -> physical GPU (device: 0, name: GeForce GTX 1080, pci bus id: 0000:0c:00.0, compute capability: 6.1)
2019-06-26 13:21:33.218183: I tensorflow/core/common_runtime/gpu/gpu_device.cc:1511] Adding visible gpu devices: 0
2019-06-26 13:21:33.218239: I tensorflow/core/common_runtime/gpu/gpu_device.cc:982] Device interconnect StreamExecutor with strength 1 edge matrix:
2019-06-26 13:21:33.218249: I tensorflow/core/common_runtime/gpu/gpu_device.cc:988]      0 
2019-06-26 13:21:33.218256: I tensorflow/core/common_runtime/gpu/gpu_device.cc:1001] 0:   N 
2019-06-26 13:21:33.220184: I tensorflow/core/common_runtime/gpu/gpu_device.cc:1115] Created TensorFlow device (/job:localhost/replica:0/task:0/device:GPU:0 with 7545 MB memory) -> physical GPU (device: 0, name: GeForce GTX 1080, pci bus id: 0000:0c:00.0, compute capability: 6.1)
2019-06-26 13:31:05.290825: I tensorflow/core/common_runtime/gpu/gpu_device.cc:1511] Adding visible gpu devices: 0
2019-06-26 13:31:05.291436: I tensorflow/core/common_runtime/gpu/gpu_device.cc:982] Device interconnect StreamExecutor with strength 1 edge matrix:
2019-06-26 13:31:05.291450: I tensorflow/core/common_runtime/gpu/gpu_device.cc:988]      0 
2019-06-26 13:31:05.291458: I tensorflow/core/common_runtime/gpu/gpu_device.cc:1001] 0:   N 
2019-06-26 13:31:05.291908: I tensorflow/core/common_runtime/gpu/gpu_device.cc:1115] Created TensorFlow device (/job:localhost/replica:0/task:0/device:GPU:0 with 7545 MB memory) -> physical GPU (device: 0, name: GeForce GTX 1080, pci bus id: 0000:0c:00.0, compute capability: 6.1)
2019-06-26 13:31:06.019155: I tensorflow/core/common_runtime/gpu/gpu_device.cc:1511] Adding visible gpu devices: 0
2019-06-26 13:31:06.019215: I tensorflow/core/common_runtime/gpu/gpu_device.cc:982] Device interconnect StreamExecutor with strength 1 edge matrix:
2019-06-26 13:31:06.019226: I tensorflow/core/common_runtime/gpu/gpu_device.cc:988]      0 
2019-06-26 13:31:06.019233: I tensorflow/core/common_runtime/gpu/gpu_device.cc:1001] 0:   N 
2019-06-26 13:31:06.019677: I tensorflow/core/common_runtime/gpu/gpu_device.cc:1115] Created TensorFlow device (/job:localhost/replica:0/task:0/device:GPU:0 with 7545 MB memory) -> physical GPU (device: 0, name: GeForce GTX 1080, pci bus id: 0000:0c:00.0, compute capability: 6.1)
2019-06-26 13:41:02.788548: I tensorflow/core/common_runtime/gpu/gpu_device.cc:1511] Adding visible gpu devices: 0
2019-06-26 13:41:02.789010: I tensorflow/core/common_runtime/gpu/gpu_device.cc:982] Device interconnect StreamExecutor with strength 1 edge matrix:
2019-06-26 13:41:02.789024: I tensorflow/core/common_runtime/gpu/gpu_device.cc:988]      0 
2019-06-26 13:41:02.789032: I tensorflow/core/common_runtime/gpu/gpu_device.cc:1001] 0:   N 
2019-06-26 13:41:02.789749: I tensorflow/core/common_runtime/gpu/gpu_device.cc:1115] Created TensorFlow device (/job:localhost/replica:0/task:0/device:GPU:0 with 7545 MB memory) -> physical GPU (device: 0, name: GeForce GTX 1080, pci bus id: 0000:0c:00.0, compute capability: 6.1)
2019-06-26 13:41:03.483241: I tensorflow/core/common_runtime/gpu/gpu_device.cc:1511] Adding visible gpu devices: 0
2019-06-26 13:41:03.483300: I tensorflow/core/common_runtime/gpu/gpu_device.cc:982] Device interconnect StreamExecutor with strength 1 edge matrix:
2019-06-26 13:41:03.483310: I tensorflow/core/common_runtime/gpu/gpu_device.cc:988]      0 
2019-06-26 13:41:03.483336: I tensorflow/core/common_runtime/gpu/gpu_device.cc:1001] 0:   N 
2019-06-26 13:41:03.483730: I tensorflow/core/common_runtime/gpu/gpu_device.cc:1115] Created TensorFlow device (/job:localhost/replica:0/task:0/device:GPU:0 with 7545 MB memory) -> physical GPU (device: 0, name: GeForce GTX 1080, pci bus id: 0000:0c:00.0, compute capability: 6.1)
2019-06-26 13:50:58.471398: I tensorflow/core/common_runtime/gpu/gpu_device.cc:1511] Adding visible gpu devices: 0
2019-06-26 13:50:58.471899: I tensorflow/core/common_runtime/gpu/gpu_device.cc:982] Device interconnect StreamExecutor with strength 1 edge matrix:
2019-06-26 13:50:58.471911: I tensorflow/core/common_runtime/gpu/gpu_device.cc:988]      0 
2019-06-26 13:50:58.471918: I tensorflow/core/common_runtime/gpu/gpu_device.cc:1001] 0:   N 
2019-06-26 13:50:58.472282: I tensorflow/core/common_runtime/gpu/gpu_device.cc:1115] Created TensorFlow device (/job:localhost/replica:0/task:0/device:GPU:0 with 7545 MB memory) -> physical GPU (device: 0, name: GeForce GTX 1080, pci bus id: 0000:0c:00.0, compute capability: 6.1)
2019-06-26 13:50:59.161318: I tensorflow/core/common_runtime/gpu/gpu_device.cc:1511] Adding visible gpu devices: 0
2019-06-26 13:50:59.161374: I tensorflow/core/common_runtime/gpu/gpu_device.cc:982] Device interconnect StreamExecutor with strength 1 edge matrix:
2019-06-26 13:50:59.161383: I tensorflow/core/common_runtime/gpu/gpu_device.cc:988]      0 
2019-06-26 13:50:59.161390: I tensorflow/core/common_runtime/gpu/gpu_device.cc:1001] 0:   N 
2019-06-26 13:50:59.161734: I tensorflow/core/common_runtime/gpu/gpu_device.cc:1115] Created TensorFlow device (/job:localhost/replica:0/task:0/device:GPU:0 with 7545 MB memory) -> physical GPU (device: 0, name: GeForce GTX 1080, pci bus id: 0000:0c:00.0, compute capability: 6.1)
2019-06-26 14:01:05.384236: I tensorflow/core/common_runtime/gpu/gpu_device.cc:1511] Adding visible gpu devices: 0
2019-06-26 14:01:05.384736: I tensorflow/core/common_runtime/gpu/gpu_device.cc:982] Device interconnect StreamExecutor with strength 1 edge matrix:
2019-06-26 14:01:05.384750: I tensorflow/core/common_runtime/gpu/gpu_device.cc:988]      0 
2019-06-26 14:01:05.384758: I tensorflow/core/common_runtime/gpu/gpu_device.cc:1001] 0:   N 
2019-06-26 14:01:05.385212: I tensorflow/core/common_runtime/gpu/gpu_device.cc:1115] Created TensorFlow device (/job:localhost/replica:0/task:0/device:GPU:0 with 7545 MB memory) -> physical GPU (device: 0, name: GeForce GTX 1080, pci bus id: 0000:0c:00.0, compute capability: 6.1)
2019-06-26 14:01:06.161061: I tensorflow/core/common_runtime/gpu/gpu_device.cc:1511] Adding visible gpu devices: 0
2019-06-26 14:01:06.161119: I tensorflow/core/common_runtime/gpu/gpu_device.cc:982] Device interconnect StreamExecutor with strength 1 edge matrix:
2019-06-26 14:01:06.161130: I tensorflow/core/common_runtime/gpu/gpu_device.cc:988]      0 
2019-06-26 14:01:06.161137: I tensorflow/core/common_runtime/gpu/gpu_device.cc:1001] 0:   N 
2019-06-26 14:01:06.161559: I tensorflow/core/common_runtime/gpu/gpu_device.cc:1115] Created TensorFlow device (/job:localhost/replica:0/task:0/device:GPU:0 with 7545 MB memory) -> physical GPU (device: 0, name: GeForce GTX 1080, pci bus id: 0000:0c:00.0, compute capability: 6.1)
2019-06-26 14:11:16.063323: I tensorflow/core/common_runtime/gpu/gpu_device.cc:1511] Adding visible gpu devices: 0
2019-06-26 14:11:16.063818: I tensorflow/core/common_runtime/gpu/gpu_device.cc:982] Device interconnect StreamExecutor with strength 1 edge matrix:
2019-06-26 14:11:16.063831: I tensorflow/core/common_runtime/gpu/gpu_device.cc:988]      0 
2019-06-26 14:11:16.063838: I tensorflow/core/common_runtime/gpu/gpu_device.cc:1001] 0:   N 
2019-06-26 14:11:16.064730: I tensorflow/core/common_runtime/gpu/gpu_device.cc:1115] Created TensorFlow device (/job:localhost/replica:0/task:0/device:GPU:0 with 7545 MB memory) -> physical GPU (device: 0, name: GeForce GTX 1080, pci bus id: 0000:0c:00.0, compute capability: 6.1)
2019-06-26 14:11:16.778132: I tensorflow/core/common_runtime/gpu/gpu_device.cc:1511] Adding visible gpu devices: 0
2019-06-26 14:11:16.778189: I tensorflow/core/common_runtime/gpu/gpu_device.cc:982] Device interconnect StreamExecutor with strength 1 edge matrix:
2019-06-26 14:11:16.778199: I tensorflow/core/common_runtime/gpu/gpu_device.cc:988]      0 
2019-06-26 14:11:16.778206: I tensorflow/core/common_runtime/gpu/gpu_device.cc:1001] 0:   N 
2019-06-26 14:11:16.778602: I tensorflow/core/common_runtime/gpu/gpu_device.cc:1115] Created TensorFlow device (/job:localhost/replica:0/task:0/device:GPU:0 with 7545 MB memory) -> physical GPU (device: 0, name: GeForce GTX 1080, pci bus id: 0000:0c:00.0, compute capability: 6.1)
2019-06-26 14:21:16.694548: I tensorflow/core/common_runtime/gpu/gpu_device.cc:1511] Adding visible gpu devices: 0
2019-06-26 14:21:16.694910: I tensorflow/core/common_runtime/gpu/gpu_device.cc:982] Device interconnect StreamExecutor with strength 1 edge matrix:
2019-06-26 14:21:16.694922: I tensorflow/core/common_runtime/gpu/gpu_device.cc:988]      0 
2019-06-26 14:21:16.694929: I tensorflow/core/common_runtime/gpu/gpu_device.cc:1001] 0:   N 
2019-06-26 14:21:16.695388: I tensorflow/core/common_runtime/gpu/gpu_device.cc:1115] Created TensorFlow device (/job:localhost/replica:0/task:0/device:GPU:0 with 7545 MB memory) -> physical GPU (device: 0, name: GeForce GTX 1080, pci bus id: 0000:0c:00.0, compute capability: 6.1)
2019-06-26 14:21:17.408601: I tensorflow/core/common_runtime/gpu/gpu_device.cc:1511] Adding visible gpu devices: 0
2019-06-26 14:21:17.408654: I tensorflow/core/common_runtime/gpu/gpu_device.cc:982] Device interconnect StreamExecutor with strength 1 edge matrix:
2019-06-26 14:21:17.408664: I tensorflow/core/common_runtime/gpu/gpu_device.cc:988]      0 
2019-06-26 14:21:17.408670: I tensorflow/core/common_runtime/gpu/gpu_device.cc:1001] 0:   N 
2019-06-26 14:21:17.409086: I tensorflow/core/common_runtime/gpu/gpu_device.cc:1115] Created TensorFlow device (/job:localhost/replica:0/task:0/device:GPU:0 with 7545 MB memory) -> physical GPU (device: 0, name: GeForce GTX 1080, pci bus id: 0000:0c:00.0, compute capability: 6.1)
2019-06-26 14:31:30.237590: I tensorflow/core/common_runtime/gpu/gpu_device.cc:1511] Adding visible gpu devices: 0
2019-06-26 14:31:30.238122: I tensorflow/core/common_runtime/gpu/gpu_device.cc:982] Device interconnect StreamExecutor with strength 1 edge matrix:
2019-06-26 14:31:30.238142: I tensorflow/core/common_runtime/gpu/gpu_device.cc:988]      0 
2019-06-26 14:31:30.238150: I tensorflow/core/common_runtime/gpu/gpu_device.cc:1001] 0:   N 
2019-06-26 14:31:30.238546: I tensorflow/core/common_runtime/gpu/gpu_device.cc:1115] Created TensorFlow device (/job:localhost/replica:0/task:0/device:GPU:0 with 7545 MB memory) -> physical GPU (device: 0, name: GeForce GTX 1080, pci bus id: 0000:0c:00.0, compute capability: 6.1)
/cluster/apps/python/3.6.4/lib64/python3.6/site-packages/h5py/__init__.py:36: FutureWarning: Conversion of the second argument of issubdtype from `float` to `np.floating` is deprecated. In future, it will be treated as `np.float64 == np.dtype(float).type`.
  from ._conv import register_converters as _register_converters
main.py:47: FutureWarning: currently extract(expand=None) means expand=False (return Index/Series/DataFrame) but in a future version of pandas this will be changed to expand=True (return DataFrame)
  for user, movie in train.Id.str.extract('r(\d+)_c(\d+)').values:
main.py:56: FutureWarning: currently extract(expand=None) means expand=False (return Index/Series/DataFrame) but in a future version of pandas this will be changed to expand=True (return DataFrame)
  for user, movie in test.Id.str.extract('r(\d+)_c(\d+)').values:
Found GPU at: /device:GPU:0
---------------->  16 0.2 1024
Creating graph
1 1.0484325028507395 1.0126538912016767
2 1.00812343850663 1.0000772604772976
3 0.9993805517160295 1.0012396400849333
4 0.9961212500212534 0.9976279790912844
5 0.9942543810303894 0.9975783925401556
6 0.9930273232200422 0.9966726185975908
7 0.9920151393265829 0.997791280117887
8 0.9906346335821282 0.9961809217909209
9 0.989450480116906 0.994346504313026
10 0.9885557526130665 0.9950195554313296
11 0.9877537399723881 0.993959535006614
12 0.9871211307051683 0.9940296865895872
13 0.9865224821678849 0.9952945088564388
14 0.9859478644013775 0.9951693398531769
15 0.9853458392329584 0.9947582159670348
16 0.9849658254438226 0.9937952373525444
17 0.9842341977322496 0.9944327174270602
18 0.9837099067327056 0.9929156676308185
19 0.9831927968984966 0.9933665928863862
20 0.9825582257395502 0.9939436927230135
21 0.9814029040561857 0.9946350286473763
22 0.9804961561425969 0.9903171193703418
23 0.979293271373467 0.9897091266685311
24 0.9782670487243353 0.989112824421044
25 0.9774591385641642 0.9902598256672726
26 0.9766409892871336 0.9901190963884361
27 0.976113547443426 0.9896522892855699
28 0.9756373580227405 0.9888036573612524
29 0.9751636209664843 0.9908146929327571
30 0.9746432837293493 0.9891577688493286
31 0.9741200513249455 0.9892750939252652
32 0.973668706834142 0.988537135600879
33 0.9733252049965914 0.9884232451476773
34 0.9728585486642386 0.9874048228366942
35 0.9722662598505596 0.9874603551202943
36 0.9720890561684034 0.9878520813471328
37 0.9715530336212748 0.9874457465284677
38 0.971447941061951 0.9889576708231238
39 0.9708647002745925 0.9908664109981243
40 0.9706169216872592 0.9898589718071762
41 0.970209205754838 0.988544410036561
42 0.970155488320107 0.991176954028829
43 0.969688689996862 0.9878204760890396
44 0.9694893016333177 0.9875619677597401
45 0.9691624899441607 0.9876462351815782
46 0.9688690205544175 0.9873481324450228
47 0.9684414946865415 0.9869504988318405
48 0.968745541599144 0.9865975125342011
49 0.9682391017890188 0.9864541063783073
50 0.9678240077942113 0.9871600920712705
51 0.9678254797008986 0.9872639536759926
52 0.9675818432820179 0.9863209162734865
53 0.9675568609195261 0.9887067032488037
54 0.9671790904211496 0.9859345794493819
55 0.9671875210832662 0.9902120490977577
56 0.9668944360661222 0.9889595332196793
57 0.9669812212654127 0.9885240429785292
58 0.9664989147032816 0.9865870796531073
59 0.966288358531478 0.986605666876199
60 0.9661938209457133 0.9870015468986186
HBox(children=(IntProgress(value=0, max=141285), HTML(value='')))

0.9870015449215054
---------------->  24 0.2 1024
Creating graph
1 1.0455088394680683 1.0155165043986818
2 1.0101402526057055 1.002825606683989
3 0.9993746430952881 0.999172609096946
4 0.9953454649748684 0.9978746030208662
5 0.9930880282352681 0.9963408618226403
6 0.9913809521878092 0.9964444717053276
7 0.9898212451109675 0.9947495368019342
8 0.9888397373361603 0.9944739797853479
9 0.987782823207657 0.9951453104905852
10 0.9870155617946265 0.9946815676925721
11 0.9862148107153821 0.9945089390927595
12 0.9854614049833264 0.9936022437539074
13 0.9842102950033114 0.9922025705036304
14 0.9830487590767687 0.9916230054144309
15 0.9813980654902527 0.9920141617295483
16 0.9802750874796528 0.9903756997619056
17 0.9791121494355072 0.9905015125333736
18 0.9781193575907792 0.98992530127336
19 0.9771772446364148 0.9904691175946815
20 0.9762446837120657 0.989888848157352
21 0.9753125026111061 0.9880689496610879
22 0.9746610942064461 0.9880458481170054
23 0.9737580048355194 0.9882203649521146
24 0.9729887465141911 0.9887824410648026
25 0.9722793740936998 0.9893496195887583
26 0.97180914341989 0.9886681025378463
27 0.9712846093974008 0.9870584028835
28 0.970597177862274 0.9880948934322126
29 0.9703629661794418 0.987975235575458
30 0.9699778801291115 0.9873014010280085
31 0.969712165337858 0.9868136416385755
32 0.9692372981744812 0.9878705259858225
33 0.9691391679225877 0.9863206750495942
34 0.9688791359653197 0.9871844695145605
35 0.9686904533407862 0.9861337390715802
36 0.9684475473376205 0.9857962598062798
37 0.9680820706242381 0.9867395005922707
38 0.9679384669798872 0.9862125801690279
39 0.967802587126682 0.9864512276799354
40 0.9676977715892823 0.9857980016930903
41 0.9672263110531983 0.9870506035648737
42 0.9673933600649652 0.9869856919599584
43 0.966837707851454 0.9864571249325345
44 0.9668424836919467 0.986133047077566
45 0.9667800478539891 0.986022508202024
46 0.9665291775826873 0.9861906258680078
47 0.966272336389788 0.9860446452706584
48 0.9662078652631453 0.9873260892495559
49 0.9657983419720807 0.9869526935729959
50 0.9656914683251514 0.9855816095974647
51 0.9656567222306722 0.9865546140890532
52 0.9653635426702556 0.986203355447975
53 0.9651552247042946 0.9866617887026953
54 0.9651918606183005 0.9865128911998606
55 0.9651020643621162 0.9855715998490473
56 0.9646689775043272 0.9876198413890749
57 0.9645477270058784 0.985525509708934
58 0.9644545799168109 0.9867186771804196
59 0.9641555692898608 0.9856154449745304
60 0.9640346111514362 0.989034040238057
HBox(children=(IntProgress(value=0, max=141285), HTML(value='')))

0.9890340421301681
---------------->  32 0.2 1024
Creating graph
1 1.0447315127777848 1.0128610932438662
2 1.0066180154022142 0.999716368294097
3 0.9983085195385493 0.9985412501406752
4 0.9948400786425003 0.9971739578307576
5 0.9925709152050115 0.9973957751678245
6 0.9907454283585381 0.9949396973004838
7 0.989448944172711 0.9955601368043321
8 0.9884141804265556 0.9939860561586754
9 0.9876685217076233 0.9938475616483491
10 0.9859458001492406 0.9923696956190259
11 0.9839639093003413 0.9918780874863834
12 0.9824676640804292 0.991031247986829
13 0.9806910260276377 0.9910843532398481
14 0.979681120300107 0.990553696808154
15 0.978544053818704 0.9898719149194902
16 0.9776212982957452 0.9912239923817673
17 0.9765907239453883 0.98910280629589
18 0.9756426847759002 0.9885092188124552
19 0.9745921490388079 0.9881847907614915
20 0.9736790453251554 0.9898229953526337
21 0.9729238416557114 0.9881399720888359
22 0.9721437157470237 0.9875838796007124
23 0.9717021381586253 0.9875616086751594
24 0.971292927276051 0.9866621470201551
25 0.9702809638250222 0.9869811091020462
26 0.9703691811028441 0.9872921602266632
27 0.9696627298158763 0.9886202515038782
28 0.9695291828964464 0.9869628900576484
29 0.9688667304689268 0.9866214701245609
30 0.9685029422520159 0.9872746992122072
31 0.9681818228904163 0.9873988538043592
32 0.9682083115204606 0.9878477234618445
33 0.96781889336195 0.9865094170637384
34 0.9671923923376449 0.9876855015106845
35 0.967239657468869 0.9871732275632084
36 0.9668893114902465 0.9870039499207099
37 0.9666093852351156 0.9867939995039304
38 0.966414228985599 0.9886835880957928
39 0.9662732323513156 0.9865195065193896
40 0.9659183192730314 0.9875419563188268
41 0.9658018482613926 0.9861157326126602
42 0.9655544373069812 0.9879531352612055
43 0.9652487872931161 0.9878697956323235
44 0.9647792512658291 0.9870554811415113
45 0.9648397566752153 0.9869508727474013
46 0.964427388041997 0.9872221228694676
47 0.9641647449585797 0.9865291115007785
48 0.9639655102678218 0.9856004315414866
49 0.9638252210815021 0.9867062785642672
50 0.9634991444562933 0.9865537248479469
51 0.9631591381850475 0.9859145985117725
52 0.9630720817689022 0.9855064351026455
53 0.9626893728975048 0.9876078584819604
54 0.9624738925633991 0.9874979961511059
55 0.9625410620361422 0.9878217805243552
56 0.9623327447622217 0.986219810042427
57 0.9620186699885912 0.9882957560318629
58 0.9619338629033958 0.9865570183639759
59 0.9614932282128192 0.9875466423817725
60 0.961350193538088 0.9881756161460186
HBox(children=(IntProgress(value=0, max=141285), HTML(value='')))

0.9881756162082194
---------------->  48 0.2 1024
Creating graph
1 1.0407993159924565 1.0086888526903652
2 1.0043838357791746 0.9996822477260567
3 0.9972422240665416 0.9975218535310422
4 0.9936039698764548 0.9985541662663184
5 0.9917462993858347 0.9970660939176005
6 0.99022929472964 0.9958368393111017
7 0.9891174457278649 0.994775297277783
8 0.9881201581778043 0.9946695680119981
9 0.9870242851034269 0.9940534556056121
10 0.9859155707386491 0.9935813297642603
11 0.9843968150053323 0.9936146727859188
12 0.9824634867408226 0.9926373496229853
13 0.9810277194564171 0.9906319743620265
14 0.9796946412182932 0.9898535538900639
15 0.9784537713142274 0.9899279914379207
16 0.9775173580626014 0.9904249716121104
17 0.9766202117054896 0.9888297093158096
18 0.9759184903574258 0.9893004959236059
19 0.9751032421312787 0.9897639963564516
20 0.9743501196472352 0.9886384496735711
21 0.9734602839359932 0.9877582982490308
22 0.9729828884216305 0.9885990408303477
23 0.9725612694536877 0.987718296147686
24 0.9718715849126486 0.9884149081385191
25 0.9709849520993251 0.9870148323281884
26 0.9702295467890167 0.9921220232547427
27 0.9695946294764693 0.987269898910589
28 0.9688368414653638 0.9868361005548556
29 0.9684766685752356 0.9876394760662496
30 0.9681197639647113 0.9859744166623621
31 0.9676690972135694 0.9883042375830169
32 0.9672894261087241 0.9869670329427436
33 0.9667465603813531 0.986360145413698
34 0.966236828177468 0.9865397533231927
35 0.9658280694467057 0.9860860327858899
36 0.9657415927296011 0.9867448107242863
37 0.9654061601242415 0.9863875093859372
38 0.9649227723740659 0.9888005081851902
39 0.9647250712944854 0.9859891084479038
40 0.96452574409963 0.9883507536857333
41 0.9643343919045054 0.9856393497341349
42 0.9638773111078016 0.9882449095112519
43 0.9636665672385117 0.9901862708501163
44 0.9636839654655082 0.9881972043245739
45 0.9631607840936284 0.9861501866138656
46 0.9627843537996947 0.9854947315957728
47 0.9626959399851251 0.9872509127049006
48 0.9624526448387586 0.98636563463807
49 0.9622718769032689 0.9870410701296092
50 0.961998010027357 0.9862003506272571
51 0.9619255052511947 0.9862209498674503
52 0.9615082842356608 0.9875719255108314
53 0.9614438581939007 0.987064172048449
54 0.9610769769523819 0.9868453123023442
55 0.9608358378925979 0.9881670646360997
56 0.9605838245888345 0.9871921370410806
57 0.9603218727370338 0.9888371736612434
58 0.959793575424953 0.9875202793930805
59 0.9595491313777895 0.9852002428878834
60 0.9589641457119032 0.987468092634579
HBox(children=(IntProgress(value=0, max=141285), HTML(value='')))

0.9874680910793482
---------------->  72 0.2 1024
Creating graph
1 1.0393600873956959 1.0066425649914226
2 1.0042462069890807 0.9994193166406388
3 0.9967931445720396 0.9971073039492337
4 0.9935373115282279 0.9956933517280341
5 0.9912937697160285 0.995598459020091
6 0.9896503707920322 0.9947573666301318
7 0.9884177332789222 0.9940277432964829
8 0.987242190088348 0.9949063114087289
9 0.9855627004432722 0.9922096912036306
10 0.9835437433457571 0.9908162975392171
11 0.981802976115409 0.9900856371737257
12 0.980267576419885 0.9899736658972422
13 0.9788888303644347 0.9901523489767432
14 0.9776260512361591 0.9894487209193256
15 0.9762822444904741 0.9891469274876425
16 0.9748115386558669 0.9873213255142599
17 0.9736801595833675 0.987724629436929
18 0.9724685359610316 0.9880130022639904
19 0.9714368786046416 0.987633664771305
20 0.9707526733905529 0.9867544758442377
21 0.9701419827224296 0.9875203205689673
22 0.969570761064448 0.987320540225065
23 0.9690398614190112 0.9865130554694653
24 0.9685430648803566 0.9864917592006258
25 0.9680892065095589 0.9863373273529686
26 0.9678654064147447 0.9868882678760881
27 0.967246593188014 0.9862098683163104
28 0.967173692939966 0.9855682131283688
29 0.966692180442032 0.9859096386103653
30 0.9663515168565964 0.9884196885655858
31 0.9662414214801808 0.9885574094719016
32 0.9656774551586293 0.9862078164758535
33 0.9653573678627404 0.9872538763135523
34 0.9650642553704382 0.9866761864821084
35 0.9645499032228445 0.9860677250260103
36 0.9643026394105868 0.9872087076374311
37 0.9637349254315372 0.9872329913853383
38 0.9637950085099936 0.9857849462589712
39 0.9633985251784518 0.9857521614748881
40 0.9631649896084127 0.9863096137812548
41 0.9629827454111498 0.986857415384461
42 0.9624105966968534 0.9875138136092089
43 0.9623104682209532 0.9869882140191111
44 0.9620417810417273 0.9880214027300029
45 0.9616150287742776 0.985285957830851
46 0.9614422301562987 0.9872963186854836
47 0.9609728099699798 0.9876837262668295
48 0.9609948525023592 0.9882327959366066
49 0.9602695672145086 0.9880960768914147
50 0.9600078554311748 0.9865444999778511
51 0.9594130247878607 0.9879031437736094
52 0.959384007581415 0.9875211288299528
53 0.9585646680018498 0.9879283242013713
54 0.958273361919383 0.9878303070347216
55 0.9579370621148243 0.9875076196130022
56 0.9574672952452082 0.9871786663719692
57 0.9572270027498332 0.986979755682313
58 0.9569904503849561 0.9883539941716032
59 0.9565539409069241 0.987513037987901
60 0.9563038953708184 0.987837242833277
HBox(children=(IntProgress(value=0, max=141285), HTML(value='')))

0.9878372390577592
---------------->  96 0.2 1024
Creating graph
1 1.0412356728985148 1.006774115425014
2 1.0035583552567386 0.9991718754932646
3 0.9963258693006884 0.9986426369111046
4 0.9930576243683331 0.9981844761713167
5 0.9909501985555517 0.9956102757330072
6 0.9895040490828448 0.9948206537601125
7 0.98853907651361 0.9939842545190293
8 0.9872638461847392 0.99342173401621
9 0.985788947920646 0.9924526840917037
10 0.9837305236531994 0.9917887147806997
11 0.9818018167827732 0.9918200126107681
12 0.9799012246667569 0.9896210138064996
13 0.9787430454741649 0.9908772076059735
14 0.9775271450293075 0.9896415993033048
15 0.975804333034624 0.9899742889321708
16 0.9743071730404386 0.9883962813470152
17 0.9729833063820793 0.988612831403112
18 0.9718309616053067 0.9882027529072244
19 0.9707683149967019 0.9904609034662211
20 0.9697437102903662 0.9883056666670621
21 0.9690907145196135 0.9884835181989802
22 0.9685471106210656 0.98701864301355
23 0.968079869474249 0.9875838003709363
24 0.9674106961872825 0.9866026568222396
25 0.9671081731128808 0.986361550598044
26 0.9663326808762462 0.986304669115753
27 0.9659652679974964 0.9875382129971602
28 0.9657339381377571 0.9864486304558431
29 0.9655122173480518 0.9869351919181291
30 0.9649592292674221 0.9863029806289529
31 0.9647735960644925 0.9878629194268705
32 0.9643458443927271 0.9869715174923034
33 0.964043779917382 0.9862101711120349
34 0.9637735879534137 0.986658333808595
35 0.9635077344039207 0.9859671199244625
36 0.9630976136686521 0.9866212451201759
37 0.9626339032613164 0.988379984494564
38 0.9623146913382082 0.9870828879296988
39 0.9617976375830627 0.9875333804018757
40 0.9613292656119335 0.9869154387217364
41 0.9609853765955051 0.9867000055066347
42 0.9606154148689722 0.986113215495693
43 0.9604180443625667 0.9857914617820708
44 0.9599672509062347 0.9874318943202692
45 0.9594709942702049 0.986223918651811
46 0.9591509518727622 0.9870715307019639
47 0.9588991296917182 0.9866700663665152
48 0.9586542846439919 0.9865868111271973
49 0.9580717493094731 0.9867965265402616
50 0.9578955632056206 0.9866868291810477
51 0.9573965472951707 0.9878834509286367
52 0.9570588967603808 0.9864177360206013
53 0.9566701556434597 0.987928901300092
54 0.956525690474548 0.9859496694008787
55 0.9563368822920713 0.9877501811400986
56 0.9559731860126266 0.9863692703988819
57 0.955921921792538 0.9870096471310515
58 0.9552397243863486 0.9873058838947156
59 0.9550633228762425 0.9870536282276298
60 0.954453017441298 0.9865896335465114
HBox(children=(IntProgress(value=0, max=141285), HTML(value='')))

0.9865896343216861
---------------->  112 0.2 1024
Creating graph
1 1.039880369156813 1.0080437095925292
2 1.0038982813650568 0.9985923339446858
3 0.9965590424990581 0.9974158721147541
4 0.9931151634791109 0.9987837850286766
5 0.9908194081437773 0.9949633241443132
6 0.9894325345411105 0.9944327682540572
7 0.9881096037287412 0.9940901137647152
8 0.9868108461913028 0.9939664937726927
9 0.9856018804299964 0.9933458512090506
10 0.9840299601623027 0.9930671261447545
11 0.9825411988391131 0.9920915986012733
12 0.9810138825110112 0.9907065753189458
13 0.9792760698412908 0.9913990625572522
14 0.9774011634136206 0.9888524855914259
15 0.9753900618692962 0.9876763311144261
16 0.9738715967802264 0.9875523780733053
17 0.9724538881772262 0.9877215230178361
18 0.9713623957261456 0.9882615516847949
19 0.9704516464445185 0.9876958709595671
20 0.9696117992715118 0.9871581813143823
21 0.9687651351711113 0.9866104653741785
22 0.9683560454896163 0.9878229363765876
23 0.967521474740187 0.9864710411352522
24 0.9670960771197317 0.9860744660003458
25 0.9664838577345054 0.9883790014484932
26 0.9660224043912192 0.9868962142985354
27 0.9657930592272926 0.9862986275061204
28 0.9654493988773293 0.9884837705857036
29 0.9648808641413904 0.9864730789620446
30 0.9648498274115349 0.9874794791512022
31 0.9642789711057577 0.9881489399206232
32 0.9639687637168121 0.9872315556068696
33 0.963819374277909 0.9874172604242601
34 0.963454667505419 0.9878680608424452
35 0.9631195752020479 0.9881744861168179
36 0.9630606596002727 0.9876908746792774
37 0.9626107459213998 0.9874235777067311
38 0.9622861774080196 0.9874712173501761
39 0.962194002076813 0.985834179590287
40 0.9614593299761973 0.9872356433226838
41 0.9609970038334048 0.9884841488925222
42 0.9606833299276402 0.9887438890232347
43 0.9605337787132004 0.986473686417214
44 0.9600876818007523 0.9869472842136252
45 0.9595659692283349 0.9872498282741748
46 0.9590658230120861 0.9875234981611138
47 0.958784864167411 0.9876639689049865
48 0.9585952945787216 0.9879756874270297
49 0.9579648302334367 0.988441864656757
50 0.9576710764643128 0.9866166564097265
51 0.9572059209840518 0.9868294256873823
52 0.9568648356237622 0.9879183834344133
53 0.9565363731927925 0.9862833819803494
54 0.9560599784035266 0.9875000623720857
55 0.9555199437537306 0.9874402675740627
56 0.9550341473313849 0.9884066377118109
57 0.9544657468720592 0.9879144263948274
58 0.954355338783268 0.987674063679407
59 0.9536486635177441 0.9875010959457643
60 0.9532676722620202 0.9872228671033563
HBox(children=(IntProgress(value=0, max=141285), HTML(value='')))

0.9872228667015537
---------------->  128 0.2 1024
Creating graph
1 1.039040620353648 1.0066973323248647
2 1.0033246578674546 1.0011131256830823
3 0.9964340296364853 0.9966849246039331
4 0.9929980914577211 0.9965497951014683
5 0.9909015527673581 0.9955563262143203
6 0.989247027681152 0.9957995329005714
7 0.9881336021353118 0.9944722910509441
8 0.9861950979564102 0.9929576715672707
9 0.9837806481926777 0.9917179144549857
10 0.9811385943346927 0.9914663906510842
11 0.9792412665596453 0.9910690541606257
12 0.977666770531226 0.9894108332378218
13 0.9763164032917528 0.9892637599000197
14 0.9750077906284416 0.9886699378427265
15 0.9736421880776566 0.9871974187010057
16 0.972603854473561 0.987071627041539
17 0.9714060361290581 0.9877476558328725
18 0.9708708691462122 0.9879946911867564
19 0.9696943242824688 0.9871432676559322
20 0.9691185214889859 0.9866271218172412
21 0.9685527841612939 0.9864576399393769
22 0.9677013222590862 0.9862398485843065
23 0.9673130492357268 0.9859989606654923
24 0.9668873958186267 0.9869711007990921
25 0.966290710685135 0.9895974686263738
26 0.9660412851441929 0.9884086124346981
27 0.9654956314926858 0.9878700221015486
28 0.9652206558751532 0.9873103897672758
29 0.9648639619605186 0.9875398312936662
30 0.9644882859164374 0.9863224041297618
31 0.9641505271763916 0.9865759257499523
32 0.9638046119827703 0.9866503289882245
33 0.9636071230297294 0.986717269604129
34 0.9632419304705498 0.9878047166228178
35 0.962924657200994 0.9869449662437784
36 0.9627257316855059 0.9869901682179645
37 0.9622891156689671 0.9867631336672363
38 0.9616337252765417 0.9869405494743617
39 0.9612867297906601 0.9866900623798434
40 0.9606660202632883 0.9869861009873226
41 0.960347110828278 0.9904222012321766
42 0.9599409760695021 0.9865659633646909
43 0.959316214245151 0.9867980546665647
44 0.9589214894606041 0.9876609545312671
45 0.958754967099427 0.9879549039538807
46 0.9581419364123553 0.9892546700202342
47 0.9580046525845679 0.9871627684375549
48 0.9576081507975734 0.986503884903123
49 0.9570270875703086 0.9871162851937927
50 0.9568809331571824 0.9868987910296584
51 0.95638902055574 0.9872650066953591
52 0.9558622930025523 0.9880882873483836
53 0.9555012333528814 0.9878539201906423
54 0.9551572298403969 0.9879003538588834
55 0.9547596859130478 0.9875654876784724
56 0.9542124621321798 0.9876262354539205
57 0.9539145795280178 0.9872072601178891
58 0.9533246111585466 0.9866881915949671
59 0.9526811459903719 0.9875283686993892
60 0.9525150209011236 0.9875615923257899
HBox(children=(IntProgress(value=0, max=141285), HTML(value='')))

0.9875615934742262
