Sender: LSF System <lsfadmin@lo-s4-019>
Subject: Job 2283811: <python main.py> in cluster <leonhard> Done

Job <python main.py> was submitted from host <lo-login-02> by user <sanagnos> in cluster <leonhard> at Mon Jun 24 22:22:58 2019
Job was executed on host(s) <2*lo-s4-019>, in queue <gpu.4h>, as user <sanagnos> in cluster <leonhard> at Mon Jun 24 22:23:18 2019
</cluster/home/sanagnos> was used as the home directory.
</cluster/home/sanagnos/CIL/git/recommender/src> was used as the working directory.
Started at Mon Jun 24 22:23:18 2019
Terminated at Tue Jun 25 01:22:03 2019
Results reported at Tue Jun 25 01:22:03 2019

Your job looked like:

------------------------------------------------------------
# LSBATCH: User input
python main.py
------------------------------------------------------------

Successfully completed.

Resource usage summary:

    CPU time :                                   10373.28 sec.
    Max Memory :                                 2507 MB
    Average Memory :                             2208.50 MB
    Total Requested Memory :                     8192.00 MB
    Delta Memory :                               5685.00 MB
    Max Swap :                                   -
    Max Processes :                              3
    Max Threads :                                45
    Run time :                                   10744 sec.
    Turnaround time :                            10745 sec.

The output (if any) follows:

2019-06-24 22:23:24.704949: I tensorflow/core/platform/cpu_feature_guard.cc:141] Your CPU supports instructions that this TensorFlow binary was not compiled to use: AVX2 FMA
2019-06-24 22:23:24.984714: I tensorflow/core/common_runtime/gpu/gpu_device.cc:1432] Found device 0 with properties: 
name: GeForce GTX 1080 major: 6 minor: 1 memoryClockRate(GHz): 1.7335
pciBusID: 0000:06:00.0
totalMemory: 7.93GiB freeMemory: 7.82GiB
2019-06-24 22:23:24.984778: I tensorflow/core/common_runtime/gpu/gpu_device.cc:1511] Adding visible gpu devices: 0
2019-06-24 22:23:26.395426: I tensorflow/core/common_runtime/gpu/gpu_device.cc:982] Device interconnect StreamExecutor with strength 1 edge matrix:
2019-06-24 22:23:26.395481: I tensorflow/core/common_runtime/gpu/gpu_device.cc:988]      0 
2019-06-24 22:23:26.395490: I tensorflow/core/common_runtime/gpu/gpu_device.cc:1001] 0:   N 
2019-06-24 22:23:26.396256: I tensorflow/core/common_runtime/gpu/gpu_device.cc:1115] Created TensorFlow device (/device:GPU:0 with 7545 MB memory) -> physical GPU (device: 0, name: GeForce GTX 1080, pci bus id: 0000:06:00.0, compute capability: 6.1)
2019-06-24 22:23:36.989997: I tensorflow/core/common_runtime/gpu/gpu_device.cc:1511] Adding visible gpu devices: 0
2019-06-24 22:23:36.990424: I tensorflow/core/common_runtime/gpu/gpu_device.cc:982] Device interconnect StreamExecutor with strength 1 edge matrix:
2019-06-24 22:23:36.990443: I tensorflow/core/common_runtime/gpu/gpu_device.cc:988]      0 
2019-06-24 22:23:36.990455: I tensorflow/core/common_runtime/gpu/gpu_device.cc:1001] 0:   N 
2019-06-24 22:23:36.993573: I tensorflow/core/common_runtime/gpu/gpu_device.cc:1115] Created TensorFlow device (/job:localhost/replica:0/task:0/device:GPU:0 with 7545 MB memory) -> physical GPU (device: 0, name: GeForce GTX 1080, pci bus id: 0000:06:00.0, compute capability: 6.1)
2019-06-24 22:28:04.675895: I tensorflow/core/common_runtime/gpu/gpu_device.cc:1511] Adding visible gpu devices: 0
2019-06-24 22:28:04.676421: I tensorflow/core/common_runtime/gpu/gpu_device.cc:982] Device interconnect StreamExecutor with strength 1 edge matrix:
2019-06-24 22:28:04.676433: I tensorflow/core/common_runtime/gpu/gpu_device.cc:988]      0 
2019-06-24 22:28:04.676440: I tensorflow/core/common_runtime/gpu/gpu_device.cc:1001] 0:   N 
2019-06-24 22:28:04.676910: I tensorflow/core/common_runtime/gpu/gpu_device.cc:1115] Created TensorFlow device (/job:localhost/replica:0/task:0/device:GPU:0 with 7545 MB memory) -> physical GPU (device: 0, name: GeForce GTX 1080, pci bus id: 0000:06:00.0, compute capability: 6.1)
2019-06-24 22:28:05.129734: I tensorflow/core/common_runtime/gpu/gpu_device.cc:1511] Adding visible gpu devices: 0
2019-06-24 22:28:05.129794: I tensorflow/core/common_runtime/gpu/gpu_device.cc:982] Device interconnect StreamExecutor with strength 1 edge matrix:
2019-06-24 22:28:05.129804: I tensorflow/core/common_runtime/gpu/gpu_device.cc:988]      0 
2019-06-24 22:28:05.129811: I tensorflow/core/common_runtime/gpu/gpu_device.cc:1001] 0:   N 
2019-06-24 22:28:05.130240: I tensorflow/core/common_runtime/gpu/gpu_device.cc:1115] Created TensorFlow device (/job:localhost/replica:0/task:0/device:GPU:0 with 7545 MB memory) -> physical GPU (device: 0, name: GeForce GTX 1080, pci bus id: 0000:06:00.0, compute capability: 6.1)
2019-06-24 22:32:32.508079: I tensorflow/core/common_runtime/gpu/gpu_device.cc:1511] Adding visible gpu devices: 0
2019-06-24 22:32:32.508475: I tensorflow/core/common_runtime/gpu/gpu_device.cc:982] Device interconnect StreamExecutor with strength 1 edge matrix:
2019-06-24 22:32:32.508487: I tensorflow/core/common_runtime/gpu/gpu_device.cc:988]      0 
2019-06-24 22:32:32.508495: I tensorflow/core/common_runtime/gpu/gpu_device.cc:1001] 0:   N 
2019-06-24 22:32:32.509037: I tensorflow/core/common_runtime/gpu/gpu_device.cc:1115] Created TensorFlow device (/job:localhost/replica:0/task:0/device:GPU:0 with 7545 MB memory) -> physical GPU (device: 0, name: GeForce GTX 1080, pci bus id: 0000:06:00.0, compute capability: 6.1)
2019-06-24 22:32:32.965334: I tensorflow/core/common_runtime/gpu/gpu_device.cc:1511] Adding visible gpu devices: 0
2019-06-24 22:32:32.965399: I tensorflow/core/common_runtime/gpu/gpu_device.cc:982] Device interconnect StreamExecutor with strength 1 edge matrix:
2019-06-24 22:32:32.965409: I tensorflow/core/common_runtime/gpu/gpu_device.cc:988]      0 
2019-06-24 22:32:32.965416: I tensorflow/core/common_runtime/gpu/gpu_device.cc:1001] 0:   N 
2019-06-24 22:32:32.965921: I tensorflow/core/common_runtime/gpu/gpu_device.cc:1115] Created TensorFlow device (/job:localhost/replica:0/task:0/device:GPU:0 with 7545 MB memory) -> physical GPU (device: 0, name: GeForce GTX 1080, pci bus id: 0000:06:00.0, compute capability: 6.1)
2019-06-24 22:36:59.683287: I tensorflow/core/common_runtime/gpu/gpu_device.cc:1511] Adding visible gpu devices: 0
2019-06-24 22:36:59.683687: I tensorflow/core/common_runtime/gpu/gpu_device.cc:982] Device interconnect StreamExecutor with strength 1 edge matrix:
2019-06-24 22:36:59.683700: I tensorflow/core/common_runtime/gpu/gpu_device.cc:988]      0 
2019-06-24 22:36:59.683707: I tensorflow/core/common_runtime/gpu/gpu_device.cc:1001] 0:   N 
2019-06-24 22:36:59.684212: I tensorflow/core/common_runtime/gpu/gpu_device.cc:1115] Created TensorFlow device (/job:localhost/replica:0/task:0/device:GPU:0 with 7545 MB memory) -> physical GPU (device: 0, name: GeForce GTX 1080, pci bus id: 0000:06:00.0, compute capability: 6.1)
2019-06-24 22:37:00.144672: I tensorflow/core/common_runtime/gpu/gpu_device.cc:1511] Adding visible gpu devices: 0
2019-06-24 22:37:00.144729: I tensorflow/core/common_runtime/gpu/gpu_device.cc:982] Device interconnect StreamExecutor with strength 1 edge matrix:
2019-06-24 22:37:00.144738: I tensorflow/core/common_runtime/gpu/gpu_device.cc:988]      0 
2019-06-24 22:37:00.144745: I tensorflow/core/common_runtime/gpu/gpu_device.cc:1001] 0:   N 
2019-06-24 22:37:00.145223: I tensorflow/core/common_runtime/gpu/gpu_device.cc:1115] Created TensorFlow device (/job:localhost/replica:0/task:0/device:GPU:0 with 7545 MB memory) -> physical GPU (device: 0, name: GeForce GTX 1080, pci bus id: 0000:06:00.0, compute capability: 6.1)
2019-06-24 22:41:30.631280: I tensorflow/core/common_runtime/gpu/gpu_device.cc:1511] Adding visible gpu devices: 0
2019-06-24 22:41:30.631714: I tensorflow/core/common_runtime/gpu/gpu_device.cc:982] Device interconnect StreamExecutor with strength 1 edge matrix:
2019-06-24 22:41:30.631728: I tensorflow/core/common_runtime/gpu/gpu_device.cc:988]      0 
2019-06-24 22:41:30.631735: I tensorflow/core/common_runtime/gpu/gpu_device.cc:1001] 0:   N 
2019-06-24 22:41:30.632248: I tensorflow/core/common_runtime/gpu/gpu_device.cc:1115] Created TensorFlow device (/job:localhost/replica:0/task:0/device:GPU:0 with 7545 MB memory) -> physical GPU (device: 0, name: GeForce GTX 1080, pci bus id: 0000:06:00.0, compute capability: 6.1)
2019-06-24 22:41:31.091925: I tensorflow/core/common_runtime/gpu/gpu_device.cc:1511] Adding visible gpu devices: 0
2019-06-24 22:41:31.091984: I tensorflow/core/common_runtime/gpu/gpu_device.cc:982] Device interconnect StreamExecutor with strength 1 edge matrix:
2019-06-24 22:41:31.091994: I tensorflow/core/common_runtime/gpu/gpu_device.cc:988]      0 
2019-06-24 22:41:31.092001: I tensorflow/core/common_runtime/gpu/gpu_device.cc:1001] 0:   N 
2019-06-24 22:41:31.092666: I tensorflow/core/common_runtime/gpu/gpu_device.cc:1115] Created TensorFlow device (/job:localhost/replica:0/task:0/device:GPU:0 with 7545 MB memory) -> physical GPU (device: 0, name: GeForce GTX 1080, pci bus id: 0000:06:00.0, compute capability: 6.1)
2019-06-24 22:45:55.613363: I tensorflow/core/common_runtime/gpu/gpu_device.cc:1511] Adding visible gpu devices: 0
2019-06-24 22:45:55.613737: I tensorflow/core/common_runtime/gpu/gpu_device.cc:982] Device interconnect StreamExecutor with strength 1 edge matrix:
2019-06-24 22:45:55.613751: I tensorflow/core/common_runtime/gpu/gpu_device.cc:988]      0 
2019-06-24 22:45:55.613759: I tensorflow/core/common_runtime/gpu/gpu_device.cc:1001] 0:   N 
2019-06-24 22:45:55.614332: I tensorflow/core/common_runtime/gpu/gpu_device.cc:1115] Created TensorFlow device (/job:localhost/replica:0/task:0/device:GPU:0 with 7545 MB memory) -> physical GPU (device: 0, name: GeForce GTX 1080, pci bus id: 0000:06:00.0, compute capability: 6.1)
2019-06-24 22:45:56.066340: I tensorflow/core/common_runtime/gpu/gpu_device.cc:1511] Adding visible gpu devices: 0
2019-06-24 22:45:56.066398: I tensorflow/core/common_runtime/gpu/gpu_device.cc:982] Device interconnect StreamExecutor with strength 1 edge matrix:
2019-06-24 22:45:56.066408: I tensorflow/core/common_runtime/gpu/gpu_device.cc:988]      0 
2019-06-24 22:45:56.066415: I tensorflow/core/common_runtime/gpu/gpu_device.cc:1001] 0:   N 
2019-06-24 22:45:56.066965: I tensorflow/core/common_runtime/gpu/gpu_device.cc:1115] Created TensorFlow device (/job:localhost/replica:0/task:0/device:GPU:0 with 7545 MB memory) -> physical GPU (device: 0, name: GeForce GTX 1080, pci bus id: 0000:06:00.0, compute capability: 6.1)
2019-06-24 22:50:16.344382: I tensorflow/core/common_runtime/gpu/gpu_device.cc:1511] Adding visible gpu devices: 0
2019-06-24 22:50:16.344938: I tensorflow/core/common_runtime/gpu/gpu_device.cc:982] Device interconnect StreamExecutor with strength 1 edge matrix:
2019-06-24 22:50:16.344951: I tensorflow/core/common_runtime/gpu/gpu_device.cc:988]      0 
2019-06-24 22:50:16.344958: I tensorflow/core/common_runtime/gpu/gpu_device.cc:1001] 0:   N 
2019-06-24 22:50:16.345501: I tensorflow/core/common_runtime/gpu/gpu_device.cc:1115] Created TensorFlow device (/job:localhost/replica:0/task:0/device:GPU:0 with 7545 MB memory) -> physical GPU (device: 0, name: GeForce GTX 1080, pci bus id: 0000:06:00.0, compute capability: 6.1)
2019-06-24 22:50:16.822553: I tensorflow/core/common_runtime/gpu/gpu_device.cc:1511] Adding visible gpu devices: 0
2019-06-24 22:50:16.822612: I tensorflow/core/common_runtime/gpu/gpu_device.cc:982] Device interconnect StreamExecutor with strength 1 edge matrix:
2019-06-24 22:50:16.822621: I tensorflow/core/common_runtime/gpu/gpu_device.cc:988]      0 
2019-06-24 22:50:16.822628: I tensorflow/core/common_runtime/gpu/gpu_device.cc:1001] 0:   N 
2019-06-24 22:50:16.823171: I tensorflow/core/common_runtime/gpu/gpu_device.cc:1115] Created TensorFlow device (/job:localhost/replica:0/task:0/device:GPU:0 with 7545 MB memory) -> physical GPU (device: 0, name: GeForce GTX 1080, pci bus id: 0000:06:00.0, compute capability: 6.1)
2019-06-24 22:54:44.387729: I tensorflow/core/common_runtime/gpu/gpu_device.cc:1511] Adding visible gpu devices: 0
2019-06-24 22:54:44.388023: I tensorflow/core/common_runtime/gpu/gpu_device.cc:982] Device interconnect StreamExecutor with strength 1 edge matrix:
2019-06-24 22:54:44.388037: I tensorflow/core/common_runtime/gpu/gpu_device.cc:988]      0 
2019-06-24 22:54:44.388044: I tensorflow/core/common_runtime/gpu/gpu_device.cc:1001] 0:   N 
2019-06-24 22:54:44.388622: I tensorflow/core/common_runtime/gpu/gpu_device.cc:1115] Created TensorFlow device (/job:localhost/replica:0/task:0/device:GPU:0 with 7545 MB memory) -> physical GPU (device: 0, name: GeForce GTX 1080, pci bus id: 0000:06:00.0, compute capability: 6.1)
2019-06-24 22:54:44.870478: I tensorflow/core/common_runtime/gpu/gpu_device.cc:1511] Adding visible gpu devices: 0
2019-06-24 22:54:44.870541: I tensorflow/core/common_runtime/gpu/gpu_device.cc:982] Device interconnect StreamExecutor with strength 1 edge matrix:
2019-06-24 22:54:44.870551: I tensorflow/core/common_runtime/gpu/gpu_device.cc:988]      0 
2019-06-24 22:54:44.870559: I tensorflow/core/common_runtime/gpu/gpu_device.cc:1001] 0:   N 
2019-06-24 22:54:44.871123: I tensorflow/core/common_runtime/gpu/gpu_device.cc:1115] Created TensorFlow device (/job:localhost/replica:0/task:0/device:GPU:0 with 7545 MB memory) -> physical GPU (device: 0, name: GeForce GTX 1080, pci bus id: 0000:06:00.0, compute capability: 6.1)
2019-06-24 22:59:08.550046: I tensorflow/core/common_runtime/gpu/gpu_device.cc:1511] Adding visible gpu devices: 0
2019-06-24 22:59:08.550588: I tensorflow/core/common_runtime/gpu/gpu_device.cc:982] Device interconnect StreamExecutor with strength 1 edge matrix:
2019-06-24 22:59:08.550607: I tensorflow/core/common_runtime/gpu/gpu_device.cc:988]      0 
2019-06-24 22:59:08.550615: I tensorflow/core/common_runtime/gpu/gpu_device.cc:1001] 0:   N 
2019-06-24 22:59:08.551177: I tensorflow/core/common_runtime/gpu/gpu_device.cc:1115] Created TensorFlow device (/job:localhost/replica:0/task:0/device:GPU:0 with 7545 MB memory) -> physical GPU (device: 0, name: GeForce GTX 1080, pci bus id: 0000:06:00.0, compute capability: 6.1)
2019-06-24 22:59:09.012835: I tensorflow/core/common_runtime/gpu/gpu_device.cc:1511] Adding visible gpu devices: 0
2019-06-24 22:59:09.012892: I tensorflow/core/common_runtime/gpu/gpu_device.cc:982] Device interconnect StreamExecutor with strength 1 edge matrix:
2019-06-24 22:59:09.012901: I tensorflow/core/common_runtime/gpu/gpu_device.cc:988]      0 
2019-06-24 22:59:09.012908: I tensorflow/core/common_runtime/gpu/gpu_device.cc:1001] 0:   N 
2019-06-24 22:59:09.013460: I tensorflow/core/common_runtime/gpu/gpu_device.cc:1115] Created TensorFlow device (/job:localhost/replica:0/task:0/device:GPU:0 with 7545 MB memory) -> physical GPU (device: 0, name: GeForce GTX 1080, pci bus id: 0000:06:00.0, compute capability: 6.1)
2019-06-24 23:03:35.653351: I tensorflow/core/common_runtime/gpu/gpu_device.cc:1511] Adding visible gpu devices: 0
2019-06-24 23:03:35.653732: I tensorflow/core/common_runtime/gpu/gpu_device.cc:982] Device interconnect StreamExecutor with strength 1 edge matrix:
2019-06-24 23:03:35.653746: I tensorflow/core/common_runtime/gpu/gpu_device.cc:988]      0 
2019-06-24 23:03:35.653753: I tensorflow/core/common_runtime/gpu/gpu_device.cc:1001] 0:   N 
2019-06-24 23:03:35.654251: I tensorflow/core/common_runtime/gpu/gpu_device.cc:1115] Created TensorFlow device (/job:localhost/replica:0/task:0/device:GPU:0 with 7545 MB memory) -> physical GPU (device: 0, name: GeForce GTX 1080, pci bus id: 0000:06:00.0, compute capability: 6.1)
2019-06-24 23:03:36.108316: I tensorflow/core/common_runtime/gpu/gpu_device.cc:1511] Adding visible gpu devices: 0
2019-06-24 23:03:36.108369: I tensorflow/core/common_runtime/gpu/gpu_device.cc:982] Device interconnect StreamExecutor with strength 1 edge matrix:
2019-06-24 23:03:36.108378: I tensorflow/core/common_runtime/gpu/gpu_device.cc:988]      0 
2019-06-24 23:03:36.108385: I tensorflow/core/common_runtime/gpu/gpu_device.cc:1001] 0:   N 
2019-06-24 23:03:36.108883: I tensorflow/core/common_runtime/gpu/gpu_device.cc:1115] Created TensorFlow device (/job:localhost/replica:0/task:0/device:GPU:0 with 7545 MB memory) -> physical GPU (device: 0, name: GeForce GTX 1080, pci bus id: 0000:06:00.0, compute capability: 6.1)
2019-06-24 23:08:31.260922: I tensorflow/core/common_runtime/gpu/gpu_device.cc:1511] Adding visible gpu devices: 0
2019-06-24 23:08:31.261386: I tensorflow/core/common_runtime/gpu/gpu_device.cc:982] Device interconnect StreamExecutor with strength 1 edge matrix:
2019-06-24 23:08:31.261398: I tensorflow/core/common_runtime/gpu/gpu_device.cc:988]      0 
2019-06-24 23:08:31.261405: I tensorflow/core/common_runtime/gpu/gpu_device.cc:1001] 0:   N 
2019-06-24 23:08:31.261998: I tensorflow/core/common_runtime/gpu/gpu_device.cc:1115] Created TensorFlow device (/job:localhost/replica:0/task:0/device:GPU:0 with 7545 MB memory) -> physical GPU (device: 0, name: GeForce GTX 1080, pci bus id: 0000:06:00.0, compute capability: 6.1)
2019-06-24 23:08:31.751225: I tensorflow/core/common_runtime/gpu/gpu_device.cc:1511] Adding visible gpu devices: 0
2019-06-24 23:08:31.751280: I tensorflow/core/common_runtime/gpu/gpu_device.cc:982] Device interconnect StreamExecutor with strength 1 edge matrix:
2019-06-24 23:08:31.751290: I tensorflow/core/common_runtime/gpu/gpu_device.cc:988]      0 
2019-06-24 23:08:31.751297: I tensorflow/core/common_runtime/gpu/gpu_device.cc:1001] 0:   N 
2019-06-24 23:08:31.751922: I tensorflow/core/common_runtime/gpu/gpu_device.cc:1115] Created TensorFlow device (/job:localhost/replica:0/task:0/device:GPU:0 with 7545 MB memory) -> physical GPU (device: 0, name: GeForce GTX 1080, pci bus id: 0000:06:00.0, compute capability: 6.1)
2019-06-24 23:14:15.626967: I tensorflow/core/common_runtime/gpu/gpu_device.cc:1511] Adding visible gpu devices: 0
2019-06-24 23:14:15.627451: I tensorflow/core/common_runtime/gpu/gpu_device.cc:982] Device interconnect StreamExecutor with strength 1 edge matrix:
2019-06-24 23:14:15.627463: I tensorflow/core/common_runtime/gpu/gpu_device.cc:988]      0 
2019-06-24 23:14:15.627470: I tensorflow/core/common_runtime/gpu/gpu_device.cc:1001] 0:   N 
2019-06-24 23:14:15.628042: I tensorflow/core/common_runtime/gpu/gpu_device.cc:1115] Created TensorFlow device (/job:localhost/replica:0/task:0/device:GPU:0 with 7545 MB memory) -> physical GPU (device: 0, name: GeForce GTX 1080, pci bus id: 0000:06:00.0, compute capability: 6.1)
2019-06-24 23:14:16.142317: I tensorflow/core/common_runtime/gpu/gpu_device.cc:1511] Adding visible gpu devices: 0
2019-06-24 23:14:16.142374: I tensorflow/core/common_runtime/gpu/gpu_device.cc:982] Device interconnect StreamExecutor with strength 1 edge matrix:
2019-06-24 23:14:16.142384: I tensorflow/core/common_runtime/gpu/gpu_device.cc:988]      0 
2019-06-24 23:14:16.142391: I tensorflow/core/common_runtime/gpu/gpu_device.cc:1001] 0:   N 
2019-06-24 23:14:16.142951: I tensorflow/core/common_runtime/gpu/gpu_device.cc:1115] Created TensorFlow device (/job:localhost/replica:0/task:0/device:GPU:0 with 7545 MB memory) -> physical GPU (device: 0, name: GeForce GTX 1080, pci bus id: 0000:06:00.0, compute capability: 6.1)
2019-06-24 23:21:49.593735: I tensorflow/core/common_runtime/gpu/gpu_device.cc:1511] Adding visible gpu devices: 0
2019-06-24 23:21:49.594264: I tensorflow/core/common_runtime/gpu/gpu_device.cc:982] Device interconnect StreamExecutor with strength 1 edge matrix:
2019-06-24 23:21:49.594276: I tensorflow/core/common_runtime/gpu/gpu_device.cc:988]      0 
2019-06-24 23:21:49.594283: I tensorflow/core/common_runtime/gpu/gpu_device.cc:1001] 0:   N 
2019-06-24 23:21:49.594820: I tensorflow/core/common_runtime/gpu/gpu_device.cc:1115] Created TensorFlow device (/job:localhost/replica:0/task:0/device:GPU:0 with 7545 MB memory) -> physical GPU (device: 0, name: GeForce GTX 1080, pci bus id: 0000:06:00.0, compute capability: 6.1)
2019-06-24 23:21:50.222886: I tensorflow/core/common_runtime/gpu/gpu_device.cc:1511] Adding visible gpu devices: 0
2019-06-24 23:21:50.222941: I tensorflow/core/common_runtime/gpu/gpu_device.cc:982] Device interconnect StreamExecutor with strength 1 edge matrix:
2019-06-24 23:21:50.222951: I tensorflow/core/common_runtime/gpu/gpu_device.cc:988]      0 
2019-06-24 23:21:50.222958: I tensorflow/core/common_runtime/gpu/gpu_device.cc:1001] 0:   N 
2019-06-24 23:21:50.223450: I tensorflow/core/common_runtime/gpu/gpu_device.cc:1115] Created TensorFlow device (/job:localhost/replica:0/task:0/device:GPU:0 with 7545 MB memory) -> physical GPU (device: 0, name: GeForce GTX 1080, pci bus id: 0000:06:00.0, compute capability: 6.1)
2019-06-24 23:29:28.172860: I tensorflow/core/common_runtime/gpu/gpu_device.cc:1511] Adding visible gpu devices: 0
2019-06-24 23:29:28.173377: I tensorflow/core/common_runtime/gpu/gpu_device.cc:982] Device interconnect StreamExecutor with strength 1 edge matrix:
2019-06-24 23:29:28.173391: I tensorflow/core/common_runtime/gpu/gpu_device.cc:988]      0 
2019-06-24 23:29:28.173399: I tensorflow/core/common_runtime/gpu/gpu_device.cc:1001] 0:   N 
2019-06-24 23:29:28.173878: I tensorflow/core/common_runtime/gpu/gpu_device.cc:1115] Created TensorFlow device (/job:localhost/replica:0/task:0/device:GPU:0 with 7545 MB memory) -> physical GPU (device: 0, name: GeForce GTX 1080, pci bus id: 0000:06:00.0, compute capability: 6.1)
2019-06-24 23:29:28.795978: I tensorflow/core/common_runtime/gpu/gpu_device.cc:1511] Adding visible gpu devices: 0
2019-06-24 23:29:28.796033: I tensorflow/core/common_runtime/gpu/gpu_device.cc:982] Device interconnect StreamExecutor with strength 1 edge matrix:
2019-06-24 23:29:28.796042: I tensorflow/core/common_runtime/gpu/gpu_device.cc:988]      0 
2019-06-24 23:29:28.796049: I tensorflow/core/common_runtime/gpu/gpu_device.cc:1001] 0:   N 
2019-06-24 23:29:28.796499: I tensorflow/core/common_runtime/gpu/gpu_device.cc:1115] Created TensorFlow device (/job:localhost/replica:0/task:0/device:GPU:0 with 7545 MB memory) -> physical GPU (device: 0, name: GeForce GTX 1080, pci bus id: 0000:06:00.0, compute capability: 6.1)
2019-06-24 23:38:57.097318: I tensorflow/core/common_runtime/gpu/gpu_device.cc:1511] Adding visible gpu devices: 0
2019-06-24 23:38:57.097610: I tensorflow/core/common_runtime/gpu/gpu_device.cc:982] Device interconnect StreamExecutor with strength 1 edge matrix:
2019-06-24 23:38:57.097626: I tensorflow/core/common_runtime/gpu/gpu_device.cc:988]      0 
2019-06-24 23:38:57.097634: I tensorflow/core/common_runtime/gpu/gpu_device.cc:1001] 0:   N 
2019-06-24 23:38:57.098048: I tensorflow/core/common_runtime/gpu/gpu_device.cc:1115] Created TensorFlow device (/job:localhost/replica:0/task:0/device:GPU:0 with 7545 MB memory) -> physical GPU (device: 0, name: GeForce GTX 1080, pci bus id: 0000:06:00.0, compute capability: 6.1)
2019-06-24 23:38:57.804417: I tensorflow/core/common_runtime/gpu/gpu_device.cc:1511] Adding visible gpu devices: 0
2019-06-24 23:38:57.804486: I tensorflow/core/common_runtime/gpu/gpu_device.cc:982] Device interconnect StreamExecutor with strength 1 edge matrix:
2019-06-24 23:38:57.804496: I tensorflow/core/common_runtime/gpu/gpu_device.cc:988]      0 
2019-06-24 23:38:57.804504: I tensorflow/core/common_runtime/gpu/gpu_device.cc:1001] 0:   N 
2019-06-24 23:38:57.804963: I tensorflow/core/common_runtime/gpu/gpu_device.cc:1115] Created TensorFlow device (/job:localhost/replica:0/task:0/device:GPU:0 with 7545 MB memory) -> physical GPU (device: 0, name: GeForce GTX 1080, pci bus id: 0000:06:00.0, compute capability: 6.1)
2019-06-24 23:50:08.547810: I tensorflow/core/common_runtime/gpu/gpu_device.cc:1511] Adding visible gpu devices: 0
2019-06-24 23:50:08.548160: I tensorflow/core/common_runtime/gpu/gpu_device.cc:982] Device interconnect StreamExecutor with strength 1 edge matrix:
2019-06-24 23:50:08.548173: I tensorflow/core/common_runtime/gpu/gpu_device.cc:988]      0 
2019-06-24 23:50:08.548181: I tensorflow/core/common_runtime/gpu/gpu_device.cc:1001] 0:   N 
2019-06-24 23:50:08.548645: I tensorflow/core/common_runtime/gpu/gpu_device.cc:1115] Created TensorFlow device (/job:localhost/replica:0/task:0/device:GPU:0 with 7545 MB memory) -> physical GPU (device: 0, name: GeForce GTX 1080, pci bus id: 0000:06:00.0, compute capability: 6.1)
2019-06-24 23:50:09.322130: I tensorflow/core/common_runtime/gpu/gpu_device.cc:1511] Adding visible gpu devices: 0
2019-06-24 23:50:09.322185: I tensorflow/core/common_runtime/gpu/gpu_device.cc:982] Device interconnect StreamExecutor with strength 1 edge matrix:
2019-06-24 23:50:09.322195: I tensorflow/core/common_runtime/gpu/gpu_device.cc:988]      0 
2019-06-24 23:50:09.322203: I tensorflow/core/common_runtime/gpu/gpu_device.cc:1001] 0:   N 
2019-06-24 23:50:09.323600: I tensorflow/core/common_runtime/gpu/gpu_device.cc:1115] Created TensorFlow device (/job:localhost/replica:0/task:0/device:GPU:0 with 7545 MB memory) -> physical GPU (device: 0, name: GeForce GTX 1080, pci bus id: 0000:06:00.0, compute capability: 6.1)
2019-06-25 00:05:01.929474: I tensorflow/core/common_runtime/gpu/gpu_device.cc:1511] Adding visible gpu devices: 0
2019-06-25 00:05:01.929974: I tensorflow/core/common_runtime/gpu/gpu_device.cc:982] Device interconnect StreamExecutor with strength 1 edge matrix:
2019-06-25 00:05:01.929987: I tensorflow/core/common_runtime/gpu/gpu_device.cc:988]      0 
2019-06-25 00:05:01.929995: I tensorflow/core/common_runtime/gpu/gpu_device.cc:1001] 0:   N 
2019-06-25 00:05:01.930441: I tensorflow/core/common_runtime/gpu/gpu_device.cc:1115] Created TensorFlow device (/job:localhost/replica:0/task:0/device:GPU:0 with 7545 MB memory) -> physical GPU (device: 0, name: GeForce GTX 1080, pci bus id: 0000:06:00.0, compute capability: 6.1)
2019-06-25 00:05:02.899286: I tensorflow/core/common_runtime/gpu/gpu_device.cc:1511] Adding visible gpu devices: 0
2019-06-25 00:05:02.899338: I tensorflow/core/common_runtime/gpu/gpu_device.cc:982] Device interconnect StreamExecutor with strength 1 edge matrix:
2019-06-25 00:05:02.899354: I tensorflow/core/common_runtime/gpu/gpu_device.cc:988]      0 
2019-06-25 00:05:02.899362: I tensorflow/core/common_runtime/gpu/gpu_device.cc:1001] 0:   N 
2019-06-25 00:05:02.899875: I tensorflow/core/common_runtime/gpu/gpu_device.cc:1115] Created TensorFlow device (/job:localhost/replica:0/task:0/device:GPU:0 with 7545 MB memory) -> physical GPU (device: 0, name: GeForce GTX 1080, pci bus id: 0000:06:00.0, compute capability: 6.1)
2019-06-25 00:23:35.410628: I tensorflow/core/common_runtime/gpu/gpu_device.cc:1511] Adding visible gpu devices: 0
2019-06-25 00:23:35.411080: I tensorflow/core/common_runtime/gpu/gpu_device.cc:982] Device interconnect StreamExecutor with strength 1 edge matrix:
2019-06-25 00:23:35.411093: I tensorflow/core/common_runtime/gpu/gpu_device.cc:988]      0 
2019-06-25 00:23:35.411101: I tensorflow/core/common_runtime/gpu/gpu_device.cc:1001] 0:   N 
2019-06-25 00:23:35.411588: I tensorflow/core/common_runtime/gpu/gpu_device.cc:1115] Created TensorFlow device (/job:localhost/replica:0/task:0/device:GPU:0 with 7545 MB memory) -> physical GPU (device: 0, name: GeForce GTX 1080, pci bus id: 0000:06:00.0, compute capability: 6.1)
2019-06-25 00:23:36.525260: I tensorflow/core/common_runtime/gpu/gpu_device.cc:1511] Adding visible gpu devices: 0
2019-06-25 00:23:36.525314: I tensorflow/core/common_runtime/gpu/gpu_device.cc:982] Device interconnect StreamExecutor with strength 1 edge matrix:
2019-06-25 00:23:36.525323: I tensorflow/core/common_runtime/gpu/gpu_device.cc:988]      0 
2019-06-25 00:23:36.525331: I tensorflow/core/common_runtime/gpu/gpu_device.cc:1001] 0:   N 
2019-06-25 00:23:36.525857: I tensorflow/core/common_runtime/gpu/gpu_device.cc:1115] Created TensorFlow device (/job:localhost/replica:0/task:0/device:GPU:0 with 7545 MB memory) -> physical GPU (device: 0, name: GeForce GTX 1080, pci bus id: 0000:06:00.0, compute capability: 6.1)
2019-06-25 00:49:22.438685: I tensorflow/core/common_runtime/gpu/gpu_device.cc:1511] Adding visible gpu devices: 0
2019-06-25 00:49:22.438930: I tensorflow/core/common_runtime/gpu/gpu_device.cc:982] Device interconnect StreamExecutor with strength 1 edge matrix:
2019-06-25 00:49:22.438958: I tensorflow/core/common_runtime/gpu/gpu_device.cc:988]      0 
2019-06-25 00:49:22.438965: I tensorflow/core/common_runtime/gpu/gpu_device.cc:1001] 0:   N 
2019-06-25 00:49:22.439387: I tensorflow/core/common_runtime/gpu/gpu_device.cc:1115] Created TensorFlow device (/job:localhost/replica:0/task:0/device:GPU:0 with 7545 MB memory) -> physical GPU (device: 0, name: GeForce GTX 1080, pci bus id: 0000:06:00.0, compute capability: 6.1)
2019-06-25 00:49:23.902232: I tensorflow/core/common_runtime/gpu/gpu_device.cc:1511] Adding visible gpu devices: 0
2019-06-25 00:49:23.902293: I tensorflow/core/common_runtime/gpu/gpu_device.cc:982] Device interconnect StreamExecutor with strength 1 edge matrix:
2019-06-25 00:49:23.902304: I tensorflow/core/common_runtime/gpu/gpu_device.cc:988]      0 
2019-06-25 00:49:23.902312: I tensorflow/core/common_runtime/gpu/gpu_device.cc:1001] 0:   N 
2019-06-25 00:49:23.902761: I tensorflow/core/common_runtime/gpu/gpu_device.cc:1115] Created TensorFlow device (/job:localhost/replica:0/task:0/device:GPU:0 with 7545 MB memory) -> physical GPU (device: 0, name: GeForce GTX 1080, pci bus id: 0000:06:00.0, compute capability: 6.1)
2019-06-25 01:22:01.297916: I tensorflow/core/common_runtime/gpu/gpu_device.cc:1511] Adding visible gpu devices: 0
2019-06-25 01:22:01.298485: I tensorflow/core/common_runtime/gpu/gpu_device.cc:982] Device interconnect StreamExecutor with strength 1 edge matrix:
2019-06-25 01:22:01.298500: I tensorflow/core/common_runtime/gpu/gpu_device.cc:988]      0 
2019-06-25 01:22:01.298508: I tensorflow/core/common_runtime/gpu/gpu_device.cc:1001] 0:   N 
2019-06-25 01:22:01.298981: I tensorflow/core/common_runtime/gpu/gpu_device.cc:1115] Created TensorFlow device (/job:localhost/replica:0/task:0/device:GPU:0 with 7545 MB memory) -> physical GPU (device: 0, name: GeForce GTX 1080, pci bus id: 0000:06:00.0, compute capability: 6.1)
/cluster/apps/python/3.6.4/lib64/python3.6/site-packages/h5py/__init__.py:36: FutureWarning: Conversion of the second argument of issubdtype from `float` to `np.floating` is deprecated. In future, it will be treated as `np.float64 == np.dtype(float).type`.
  from ._conv import register_converters as _register_converters
main.py:47: FutureWarning: currently extract(expand=None) means expand=False (return Index/Series/DataFrame) but in a future version of pandas this will be changed to expand=True (return DataFrame)
  for user, movie in train.Id.str.extract('r(\d+)_c(\d+)').values:
main.py:56: FutureWarning: currently extract(expand=None) means expand=False (return Index/Series/DataFrame) but in a future version of pandas this will be changed to expand=True (return DataFrame)
  for user, movie in test.Id.str.extract('r(\d+)_c(\d+)').values:
Found GPU at: /device:GPU:0
----------------> hidden_size 16
Creating graph
Epoch 1 train rmse 1.0562956591854686 val rmse 1.0105533178837223
Epoch 2 train rmse 1.0064549950827828 val rmse 1.001294686436953
Epoch 3 train rmse 0.9991935960898749 val rmse 0.9986224517988869
Epoch 4 train rmse 0.9959512322196641 val rmse 0.9976820328711031
Epoch 5 train rmse 0.9942772454241741 val rmse 0.9968950155545473
Epoch 6 train rmse 0.9927278453865652 val rmse 0.9962923080221084
Epoch 7 train rmse 0.9919184143714922 val rmse 0.9958048043724391
Epoch 8 train rmse 0.990914893003228 val rmse 0.9951842853288406
Epoch 9 train rmse 0.9899813995665723 val rmse 0.9947601771584121
Epoch 10 train rmse 0.9890583349021236 val rmse 0.9941340180662709
Epoch 11 train rmse 0.9882683053512673 val rmse 0.9936971394448131
Epoch 12 train rmse 0.9875475029647222 val rmse 0.9934258960610424
Epoch 13 train rmse 0.9866825425709531 val rmse 0.9931329183664255
Epoch 14 train rmse 0.9857232851751814 val rmse 0.9926895715399257
Epoch 15 train rmse 0.9854309078449952 val rmse 0.9926397533634139
Epoch 16 train rmse 0.9848514672848906 val rmse 0.9924649917671335
Epoch 17 train rmse 0.9842314021666729 val rmse 0.9923335290699224
Epoch 18 train rmse 0.9838429103615128 val rmse 0.9921150715269332
Epoch 19 train rmse 0.983251039908865 val rmse 0.9919406959538523
Epoch 20 train rmse 0.9831783239343518 val rmse 0.9917595325500902
Epoch 21 train rmse 0.9828332830320354 val rmse 0.9915816848139534
Epoch 22 train rmse 0.9823674206645274 val rmse 0.9915085661074036
Epoch 23 train rmse 0.9818483582844818 val rmse 0.9914746747690757
Epoch 24 train rmse 0.9815343468862244 val rmse 0.9913669962620487
Epoch 25 train rmse 0.9812599693237839 val rmse 0.9910025466690514
Epoch 26 train rmse 0.9803461134500397 val rmse 0.9910072083037705
Epoch 27 train rmse 0.9803194116063161 val rmse 0.9909461596404575
Epoch 28 train rmse 0.9799769983440512 val rmse 0.9907960550655712
Epoch 29 train rmse 0.9794298330473528 val rmse 0.9905864185677098
Epoch 30 train rmse 0.9794295279206104 val rmse 0.9904398534117848
Epoch 31 train rmse 0.9785837242244 val rmse 0.9906127428585688
Epoch 32 train rmse 0.978537269315927 val rmse 0.9903257135488716
Epoch 33 train rmse 0.9783371126218475 val rmse 0.9900861390577552
Epoch 34 train rmse 0.9778353343763634 val rmse 0.9901231926896122
Epoch 35 train rmse 0.9778008291004686 val rmse 0.989991060981098
Epoch 36 train rmse 0.9774235384922114 val rmse 0.9899874268485467
Epoch 37 train rmse 0.9768440826539384 val rmse 0.9898288379834815
Epoch 38 train rmse 0.9766825138292273 val rmse 0.989690585072521
Epoch 39 train rmse 0.9762090406346221 val rmse 0.9896767229802329
Epoch 40 train rmse 0.9759725706575365 val rmse 0.989598040386297
0.9895980415850298
----------------> hidden_size 32
Creating graph
Epoch 1 train rmse 1.055228717020063 val rmse 1.0069422942944442
Epoch 2 train rmse 1.003547407533446 val rmse 0.9995088291659614
Epoch 3 train rmse 0.9972482447356268 val rmse 0.9979695121889015
Epoch 4 train rmse 0.994419507232908 val rmse 0.9972196987976311
Epoch 5 train rmse 0.9924447835227904 val rmse 0.9964292872242049
Epoch 6 train rmse 0.9910699204204397 val rmse 0.9957751972750734
Epoch 7 train rmse 0.9899198198719522 val rmse 0.9952262462028817
Epoch 8 train rmse 0.9889023237819873 val rmse 0.99471182827747
Epoch 9 train rmse 0.9880392880314337 val rmse 0.9942280761071196
Epoch 10 train rmse 0.9869781398482964 val rmse 0.9934765542741634
Epoch 11 train rmse 0.9859809652766366 val rmse 0.993168232023494
Epoch 12 train rmse 0.98500396767659 val rmse 0.9926811782653201
Epoch 13 train rmse 0.9840473072342147 val rmse 0.9921432284423829
Epoch 14 train rmse 0.9830025710232274 val rmse 0.9919853712137359
Epoch 15 train rmse 0.9823951682315295 val rmse 0.9916221513228426
Epoch 16 train rmse 0.9814689656100115 val rmse 0.9914887556119978
Epoch 17 train rmse 0.9809772901242523 val rmse 0.9910243124737996
Epoch 18 train rmse 0.9804741662932938 val rmse 0.9909544843452549
Epoch 19 train rmse 0.9796593684693377 val rmse 0.9904889368711318
Epoch 20 train rmse 0.9790996448980971 val rmse 0.9901735063619137
Epoch 21 train rmse 0.9783201633209847 val rmse 0.9899275484417003
Epoch 22 train rmse 0.9776698539392772 val rmse 0.9897118402273343
Epoch 23 train rmse 0.9770663763327752 val rmse 0.9892393775254161
Epoch 24 train rmse 0.976513702147819 val rmse 0.9891170448875773
Epoch 25 train rmse 0.975617160696306 val rmse 0.9887718275849107
Epoch 26 train rmse 0.9751760378695614 val rmse 0.9886796157124441
Epoch 27 train rmse 0.974514903984607 val rmse 0.9885276642456038
Epoch 28 train rmse 0.9743193735650547 val rmse 0.9885448641407559
Epoch 29 train rmse 0.9735358132009869 val rmse 0.9881335829331104
Epoch 30 train rmse 0.9732065625756215 val rmse 0.987914815414506
Epoch 31 train rmse 0.9727095344336023 val rmse 0.9878387682016943
Epoch 32 train rmse 0.9724740995088048 val rmse 0.9877347705534197
Epoch 33 train rmse 0.9718248006170175 val rmse 0.9876875982844334
Epoch 34 train rmse 0.9716405104644014 val rmse 0.9874552551120055
Epoch 35 train rmse 0.9711477834538057 val rmse 0.9873892952381809
Epoch 36 train rmse 0.9710183403936055 val rmse 0.9873938206917537
Epoch 37 train rmse 0.9704771525003015 val rmse 0.9873350883197538
Epoch 38 train rmse 0.9702970712373397 val rmse 0.9873751549489014
Epoch 39 train rmse 0.9698009958252142 val rmse 0.9874110896118767
Epoch 40 train rmse 0.9694759546839178 val rmse 0.9872026471095283
0.9872026506953817
----------------> hidden_size 64
Creating graph
Epoch 1 train rmse 1.04963929539672 val rmse 1.0070001703615477
Epoch 2 train rmse 1.002476430462313 val rmse 0.9990120571379815
Epoch 3 train rmse 0.9960282080540172 val rmse 0.9973464090776788
Epoch 4 train rmse 0.9930764059619012 val rmse 0.9966218147552433
Epoch 5 train rmse 0.9913247096179765 val rmse 0.9960751626614681
Epoch 6 train rmse 0.9900260534904418 val rmse 0.9955878493727376
Epoch 7 train rmse 0.9889667909874164 val rmse 0.9952072651747677
Epoch 8 train rmse 0.9879895962861754 val rmse 0.9946018266266862
Epoch 9 train rmse 0.9870860999021311 val rmse 0.9941308750204256
Epoch 10 train rmse 0.9860926809728899 val rmse 0.9936805314633074
Epoch 11 train rmse 0.9852742138902574 val rmse 0.9930053748759681
Epoch 12 train rmse 0.9842161733778653 val rmse 0.9925966204992451
Epoch 13 train rmse 0.9830342920702926 val rmse 0.9917186243868684
Epoch 14 train rmse 0.9820065274088537 val rmse 0.991100803785475
Epoch 15 train rmse 0.9808486289296406 val rmse 0.9910208985072658
Epoch 16 train rmse 0.9797256685094496 val rmse 0.990123243792373
Epoch 17 train rmse 0.9788345882788703 val rmse 0.9897168230317369
Epoch 18 train rmse 0.9778873022409866 val rmse 0.9892463278451125
Epoch 19 train rmse 0.977119491253767 val rmse 0.9888500331624915
Epoch 20 train rmse 0.9759762105565996 val rmse 0.9886469781529591
Epoch 21 train rmse 0.9752761500108182 val rmse 0.988268099619797
Epoch 22 train rmse 0.9744742833878116 val rmse 0.9879707455796009
Epoch 23 train rmse 0.9741045655569298 val rmse 0.9875240452571296
Epoch 24 train rmse 0.9732442039403344 val rmse 0.9874124259791756
Epoch 25 train rmse 0.9726754351540968 val rmse 0.9873026012997617
Epoch 26 train rmse 0.971930194970868 val rmse 0.9868836671655237
Epoch 27 train rmse 0.9714476499594381 val rmse 0.9869118433837454
Epoch 28 train rmse 0.9708580160783845 val rmse 0.9868080877077755
Epoch 29 train rmse 0.9703846331519866 val rmse 0.986970618559644
Epoch 30 train rmse 0.9700278852903095 val rmse 0.9865345888375805
Epoch 31 train rmse 0.9696325993351118 val rmse 0.9862722132542877
Epoch 32 train rmse 0.9692815866633535 val rmse 0.9864876699350852
Epoch 33 train rmse 0.9686849015535173 val rmse 0.986132212489536
Epoch 34 train rmse 0.9683919987861772 val rmse 0.9861208796877959
Epoch 35 train rmse 0.9681896047940608 val rmse 0.9860536792008433
Epoch 36 train rmse 0.9677009639223512 val rmse 0.9862186234556366
Epoch 37 train rmse 0.9671052848218435 val rmse 0.9860867793010357
Epoch 38 train rmse 0.9671369419646647 val rmse 0.9860924171916613
Epoch 39 train rmse 0.9667566623996154 val rmse 0.9864744741869863
Epoch 40 train rmse 0.9662552355954235 val rmse 0.9862833600251857
0.9862833608790287
----------------> hidden_size 100
Creating graph
Epoch 1 train rmse 1.0466494630794632 val rmse 1.0059607712577787
Epoch 2 train rmse 1.0007733965724923 val rmse 0.9988421504229065
Epoch 3 train rmse 0.9951646200160932 val rmse 0.9975522628374106
Epoch 4 train rmse 0.9925275389240761 val rmse 0.9969474431120153
Epoch 5 train rmse 0.9909140975893244 val rmse 0.9959361121731455
Epoch 6 train rmse 0.9896635933429981 val rmse 0.9956364104089718
Epoch 7 train rmse 0.9885900178862262 val rmse 0.9949389743072306
Epoch 8 train rmse 0.9876390985037322 val rmse 0.9943010673301468
Epoch 9 train rmse 0.9866026717959197 val rmse 0.994228368259531
Epoch 10 train rmse 0.9856451209068824 val rmse 0.9932144177322239
Epoch 11 train rmse 0.9844820827872433 val rmse 0.9927867899981156
Epoch 12 train rmse 0.9834319843319393 val rmse 0.992172562937842
Epoch 13 train rmse 0.9821746724615954 val rmse 0.9917787737225681
Epoch 14 train rmse 0.9813499801659724 val rmse 0.9910992013286704
Epoch 15 train rmse 0.9802115430333381 val rmse 0.9905994280566236
Epoch 16 train rmse 0.9790950336240651 val rmse 0.9903382257424987
Epoch 17 train rmse 0.9781044304619632 val rmse 0.9897993889637966
Epoch 18 train rmse 0.9771120794894304 val rmse 0.989296356751519
Epoch 19 train rmse 0.9762745387892164 val rmse 0.9887748988648587
Epoch 20 train rmse 0.9751052447086179 val rmse 0.988356466353038
Epoch 21 train rmse 0.9741758298297972 val rmse 0.9878265389489649
Epoch 22 train rmse 0.9732509676642541 val rmse 0.9875922499255517
Epoch 23 train rmse 0.9726308527047977 val rmse 0.9874597987470909
Epoch 24 train rmse 0.9719052148100624 val rmse 0.9869285655966727
Epoch 25 train rmse 0.9711080847108718 val rmse 0.9870370869232493
Epoch 26 train rmse 0.9704964482500262 val rmse 0.9867097013297056
Epoch 27 train rmse 0.9698945482273961 val rmse 0.9868411760745812
Epoch 28 train rmse 0.9695021606133303 val rmse 0.9865542557325374
Epoch 29 train rmse 0.9688375800940414 val rmse 0.9864552599464289
Epoch 30 train rmse 0.9685029760084282 val rmse 0.9862754879998528
Epoch 31 train rmse 0.9679738887830339 val rmse 0.9863217401353045
Epoch 32 train rmse 0.9675607942192865 val rmse 0.9863082361167396
Epoch 33 train rmse 0.9671275092976548 val rmse 0.9861164630057948
Epoch 34 train rmse 0.9668770202113877 val rmse 0.9861906306865517
Epoch 35 train rmse 0.9662651938263217 val rmse 0.9861177601121371
Epoch 36 train rmse 0.9661388697976809 val rmse 0.9859810122088608
Epoch 37 train rmse 0.965371125538328 val rmse 0.9860549943522724
Epoch 38 train rmse 0.9653331574586579 val rmse 0.986089325837813
Epoch 39 train rmse 0.9648367580765458 val rmse 0.9859271219929473
Epoch 40 train rmse 0.9645933510159646 val rmse 0.9859318985989296
0.9859318974200918
----------------> hidden_size 128
Creating graph
Epoch 1 train rmse 1.0475046800370589 val rmse 1.0067073177214616
Epoch 2 train rmse 1.0015882454189426 val rmse 0.998972604865742
Epoch 3 train rmse 0.9954029818853372 val rmse 0.9975381388013705
Epoch 4 train rmse 0.9926050176338372 val rmse 0.9964656988743941
Epoch 5 train rmse 0.9908003778158044 val rmse 0.9957442801119383
Epoch 6 train rmse 0.9895194377875356 val rmse 0.9952680416151668
Epoch 7 train rmse 0.9883559015904482 val rmse 0.9948582396684028
Epoch 8 train rmse 0.9871859797074423 val rmse 0.9941902653531725
Epoch 9 train rmse 0.9860918686555353 val rmse 0.9935231041034723
Epoch 10 train rmse 0.984653426253029 val rmse 0.99293013418257
Epoch 11 train rmse 0.9836123380491169 val rmse 0.9922997463390518
Epoch 12 train rmse 0.9823841913453542 val rmse 0.9918113935406621
Epoch 13 train rmse 0.9812236882056478 val rmse 0.991386976519848
Epoch 14 train rmse 0.9803410732275042 val rmse 0.9907739182050797
Epoch 15 train rmse 0.979081152270193 val rmse 0.9902139566884645
Epoch 16 train rmse 0.9783590183145333 val rmse 0.9899283151343315
Epoch 17 train rmse 0.9772284884505451 val rmse 0.9897646871212904
Epoch 18 train rmse 0.9762479482607043 val rmse 0.9890462341953182
Epoch 19 train rmse 0.9753152610957377 val rmse 0.9885799449575433
Epoch 20 train rmse 0.9742903816432178 val rmse 0.9884149134379161
Epoch 21 train rmse 0.9734962808840529 val rmse 0.9880172466671243
Epoch 22 train rmse 0.9727657851392915 val rmse 0.9877673027299427
Epoch 23 train rmse 0.9722130360095695 val rmse 0.9873304659545126
Epoch 24 train rmse 0.9711355265322328 val rmse 0.9873158498620457
Epoch 25 train rmse 0.9706026745997157 val rmse 0.9872147627128898
Epoch 26 train rmse 0.9698657297405819 val rmse 0.9866712751778681
Epoch 27 train rmse 0.9696905442971266 val rmse 0.9867905706283091
Epoch 28 train rmse 0.9691436214873494 val rmse 0.9868621271326719
Epoch 29 train rmse 0.9685118184745334 val rmse 0.98672032861729
Epoch 30 train rmse 0.9680153776870204 val rmse 0.986375162776378
Epoch 31 train rmse 0.967569566419371 val rmse 0.9861767207116805
Epoch 32 train rmse 0.966897505934736 val rmse 0.9865719225483178
Epoch 33 train rmse 0.9664656214001547 val rmse 0.98624185042308
Epoch 34 train rmse 0.9662182033629119 val rmse 0.9860413953882119
Epoch 35 train rmse 0.9657726358275907 val rmse 0.9858493863254475
Epoch 36 train rmse 0.9653163229352648 val rmse 0.9862998530882445
Epoch 37 train rmse 0.9647332084956497 val rmse 0.9858158178538994
Epoch 38 train rmse 0.9646898121471745 val rmse 0.9861257529371905
Epoch 39 train rmse 0.9641870369998017 val rmse 0.985749425676328
Epoch 40 train rmse 0.9636111379984803 val rmse 0.9859806752223976
0.9859806747482531
----------------> hidden_size 256
Creating graph
Epoch 1 train rmse 1.042892931729814 val rmse 1.0070663329092722
Epoch 2 train rmse 1.0011424801153985 val rmse 0.9991869694399754
Epoch 3 train rmse 0.9949249764419137 val rmse 0.9970220841044491
Epoch 4 train rmse 0.9918816358368376 val rmse 0.996227096619465
Epoch 5 train rmse 0.990260488965514 val rmse 0.9957381675201631
Epoch 6 train rmse 0.9891187124315751 val rmse 0.9959193159140404
Epoch 7 train rmse 0.9880386313370377 val rmse 0.9952743315287125
Epoch 8 train rmse 0.9871532109481763 val rmse 0.9943756246338351
Epoch 9 train rmse 0.9862865677576832 val rmse 0.9940465160812468
Epoch 10 train rmse 0.9854266577255647 val rmse 0.9934435868400182
Epoch 11 train rmse 0.9843538143878943 val rmse 0.9927891298465761
Epoch 12 train rmse 0.9833904787693444 val rmse 0.9919498905107286
Epoch 13 train rmse 0.9820689359903592 val rmse 0.9913548863567359
Epoch 14 train rmse 0.9809681639825327 val rmse 0.9911961383563066
Epoch 15 train rmse 0.9796524193250613 val rmse 0.9899462330984273
Epoch 16 train rmse 0.9785223791273135 val rmse 0.9893600005784651
Epoch 17 train rmse 0.9770909115548573 val rmse 0.9885119659834353
Epoch 18 train rmse 0.9759237983507052 val rmse 0.988268225075699
Epoch 19 train rmse 0.9745451650012109 val rmse 0.987803515922512
Epoch 20 train rmse 0.9736189457759992 val rmse 0.9877903744345037
Epoch 21 train rmse 0.9725564642961807 val rmse 0.9869580147043896
Epoch 22 train rmse 0.9717908180215358 val rmse 0.9867906860388779
Epoch 23 train rmse 0.9708853425502256 val rmse 0.9871772932570569
Epoch 24 train rmse 0.9702323032186376 val rmse 0.9866250007327443
Epoch 25 train rmse 0.9696033598906503 val rmse 0.9860685579709694
Epoch 26 train rmse 0.9690614257177065 val rmse 0.9860759070231636
Epoch 27 train rmse 0.9683290876024964 val rmse 0.9860369811431831
Epoch 28 train rmse 0.9680507934037358 val rmse 0.9856346168001543
Epoch 29 train rmse 0.9672744221598639 val rmse 0.985603018070558
Epoch 30 train rmse 0.9666489721153491 val rmse 0.9856636282630873
Epoch 31 train rmse 0.966581305000489 val rmse 0.9854561843115611
Epoch 32 train rmse 0.9658849972168766 val rmse 0.9856993371056727
Epoch 33 train rmse 0.9658180814011618 val rmse 0.9857610984406304
Epoch 34 train rmse 0.964978896054871 val rmse 0.9855162609679392
Epoch 35 train rmse 0.9644506896619277 val rmse 0.9852605202914034
Epoch 36 train rmse 0.9640546903291194 val rmse 0.9855123138995304
Epoch 37 train rmse 0.9641266909530052 val rmse 0.9856306564541052
Epoch 38 train rmse 0.9634269087886722 val rmse 0.9852769593916861
Epoch 39 train rmse 0.9630377250527938 val rmse 0.9848870442989281
Epoch 40 train rmse 0.9625840501137812 val rmse 0.9851361572733741
0.9851361551814554
----------------> hidden_size 512
Creating graph
Epoch 1 train rmse 1.040584038666195 val rmse 1.0068698648089187
Epoch 2 train rmse 1.000679515594171 val rmse 0.9993083156477153
Epoch 3 train rmse 0.9945573348048706 val rmse 0.9972942412800445
Epoch 4 train rmse 0.9918405846399276 val rmse 0.9962852915162986
Epoch 5 train rmse 0.9899571058978595 val rmse 0.9958381715292404
Epoch 6 train rmse 0.9889053007188257 val rmse 0.9954019610543381
Epoch 7 train rmse 0.9877116396991639 val rmse 0.9948324286338941
Epoch 8 train rmse 0.9866466072378064 val rmse 0.9943427826977671
Epoch 9 train rmse 0.9858716853159692 val rmse 0.9937396263644491
Epoch 10 train rmse 0.9848505659045768 val rmse 0.9934272562449099
Epoch 11 train rmse 0.9838274340195663 val rmse 0.9923478656183353
Epoch 12 train rmse 0.9824584342114961 val rmse 0.9919610957479378
Epoch 13 train rmse 0.9809306650731998 val rmse 0.9908590615620638
Epoch 14 train rmse 0.9794705022338663 val rmse 0.990067143098867
Epoch 15 train rmse 0.9780850805433524 val rmse 0.9893751912729937
Epoch 16 train rmse 0.9766743576298409 val rmse 0.9885921211918279
Epoch 17 train rmse 0.9754142217792722 val rmse 0.9880622201078572
Epoch 18 train rmse 0.9739582386435609 val rmse 0.9877600246486223
Epoch 19 train rmse 0.9730035133033317 val rmse 0.9876910643946004
Epoch 20 train rmse 0.9720421235694966 val rmse 0.9870929337217509
Epoch 21 train rmse 0.9712323729795205 val rmse 0.9871647684594719
Epoch 22 train rmse 0.9705928194495635 val rmse 0.9868557275150811
Epoch 23 train rmse 0.969711528184123 val rmse 0.9869334236960471
Epoch 24 train rmse 0.9691322891056128 val rmse 0.9867586149527592
Epoch 25 train rmse 0.9685717714137789 val rmse 0.9861300672867623
Epoch 26 train rmse 0.9682495180969 val rmse 0.9864326693523011
Epoch 27 train rmse 0.9676560395546767 val rmse 0.986476835357657
Epoch 28 train rmse 0.9671264856431959 val rmse 0.9861684205083435
Epoch 29 train rmse 0.9663537482584822 val rmse 0.9861342888551942
Epoch 30 train rmse 0.9662581201452983 val rmse 0.9867958496766855
Epoch 31 train rmse 0.96549622378744 val rmse 0.9868324434766148
Epoch 32 train rmse 0.9652123762766095 val rmse 0.9857218562520207
Epoch 33 train rmse 0.9647265707609237 val rmse 0.9859943823673991
Epoch 34 train rmse 0.9640437562137456 val rmse 0.9856332653118018
Epoch 35 train rmse 0.963794977523744 val rmse 0.9853157975763819
Epoch 36 train rmse 0.9630916733986785 val rmse 0.9857799120274808
Epoch 37 train rmse 0.9624561765734028 val rmse 0.98562976429748
Epoch 38 train rmse 0.9622664545916115 val rmse 0.9855277547454878
Epoch 39 train rmse 0.9615324102146087 val rmse 0.9855134705426205
Epoch 40 train rmse 0.9609381775148361 val rmse 0.9849360711362114
0.9849360716814117
----------------> hidden_size 768
Creating graph
Epoch 1 train rmse 1.0401496112701087 val rmse 1.0068727418714696
Epoch 2 train rmse 1.0007255458179987 val rmse 0.9996017505982258
Epoch 3 train rmse 0.9947995097447562 val rmse 0.9975331523540428
Epoch 4 train rmse 0.9920734366160683 val rmse 0.996613723564178
Epoch 5 train rmse 0.990194831228069 val rmse 0.9962261481479626
Epoch 6 train rmse 0.9891376039839213 val rmse 0.995277295715837
Epoch 7 train rmse 0.9881104711518983 val rmse 0.9949048818732539
Epoch 8 train rmse 0.9870708803034857 val rmse 0.9946712630890558
Epoch 9 train rmse 0.9860574817134653 val rmse 0.9940828806172066
Epoch 10 train rmse 0.9851649627911927 val rmse 0.9931995850088043
Epoch 11 train rmse 0.9839343600268067 val rmse 0.9926701439175116
Epoch 12 train rmse 0.9824572522879722 val rmse 0.9918721612166879
Epoch 13 train rmse 0.9810307922858909 val rmse 0.9908872561844958
Epoch 14 train rmse 0.9796136819433852 val rmse 0.9902164362782212
Epoch 15 train rmse 0.9781719123218647 val rmse 0.989129473501693
Epoch 16 train rmse 0.9765525096781363 val rmse 0.9884521500154688
Epoch 17 train rmse 0.9751966176817357 val rmse 0.9884996709832531
Epoch 18 train rmse 0.9740563902206517 val rmse 0.987611910521576
Epoch 19 train rmse 0.9730091046061247 val rmse 0.9870895223511458
Epoch 20 train rmse 0.971904246895249 val rmse 0.9872366062843712
Epoch 21 train rmse 0.971064590469851 val rmse 0.9871723493273766
Epoch 22 train rmse 0.9701850003280574 val rmse 0.9866538313616768
Epoch 23 train rmse 0.9694104932527635 val rmse 0.9868865137964998
Epoch 24 train rmse 0.9686859092185023 val rmse 0.9867671217006871
Epoch 25 train rmse 0.968234418887612 val rmse 0.9861758348533015
Epoch 26 train rmse 0.9675543808886511 val rmse 0.9862871832823589
Epoch 27 train rmse 0.9670404386728619 val rmse 0.9856445201158386
Epoch 28 train rmse 0.9663622742741829 val rmse 0.9860750272623906
Epoch 29 train rmse 0.9658633664234815 val rmse 0.985686745153763
Epoch 30 train rmse 0.9655788596729231 val rmse 0.9858123659657096
Epoch 31 train rmse 0.9648619347985022 val rmse 0.9859257420412959
Epoch 32 train rmse 0.9644621810982863 val rmse 0.9856358997481215
Epoch 33 train rmse 0.964028137193988 val rmse 0.9858616971242355
Epoch 34 train rmse 0.9633964493595192 val rmse 0.9854467892133517
Epoch 35 train rmse 0.9630901190678559 val rmse 0.9861225524417296
Epoch 36 train rmse 0.9626765143293434 val rmse 0.9862239064415949
Epoch 37 train rmse 0.9621053044450198 val rmse 0.9857021714888738
Epoch 38 train rmse 0.9618466660401306 val rmse 0.9859069561037084
Epoch 39 train rmse 0.9611566313705797 val rmse 0.9870414178599658
Epoch 40 train rmse 0.9608476382935671 val rmse 0.9859047548719407
0.9859047525506469
----------------> hidden_size 1024
Creating graph
Epoch 1 train rmse 1.0399183394316485 val rmse 1.0058304065347097
Epoch 2 train rmse 1.0005142157934221 val rmse 0.9988034540766993
Epoch 3 train rmse 0.9945451146055405 val rmse 0.9969847139348339
Epoch 4 train rmse 0.9918408987977113 val rmse 0.9962001213646422
Epoch 5 train rmse 0.9901526884937548 val rmse 0.9960202508373519
Epoch 6 train rmse 0.9888934267975077 val rmse 0.9949803329535734
Epoch 7 train rmse 0.9878076211451925 val rmse 0.9945665082192419
Epoch 8 train rmse 0.9869469517987969 val rmse 0.9942405471204605
Epoch 9 train rmse 0.9858775843754278 val rmse 0.9934643034301774
Epoch 10 train rmse 0.9845512183716306 val rmse 0.9931535857597225
Epoch 11 train rmse 0.9832724104037209 val rmse 0.9926027776254618
Epoch 12 train rmse 0.9815302440795846 val rmse 0.9913629470970099
Epoch 13 train rmse 0.9799045491436165 val rmse 0.9899801264700326
Epoch 14 train rmse 0.9781263170845046 val rmse 0.9891951129008172
Epoch 15 train rmse 0.9767965677656831 val rmse 0.9885298614940518
Epoch 16 train rmse 0.9752157041601021 val rmse 0.9880018446731814
Epoch 17 train rmse 0.9742506827294615 val rmse 0.987791189143947
Epoch 18 train rmse 0.9729639974879256 val rmse 0.9871628896030481
Epoch 19 train rmse 0.9720303965908909 val rmse 0.9869039560169248
Epoch 20 train rmse 0.9711951584468418 val rmse 0.987019333675445
Epoch 21 train rmse 0.9701975263245337 val rmse 0.9865845996991542
Epoch 22 train rmse 0.9695824876897394 val rmse 0.9862618614147988
Epoch 23 train rmse 0.9688691905804695 val rmse 0.9866430428863482
Epoch 24 train rmse 0.9683142298396433 val rmse 0.9863385843670873
Epoch 25 train rmse 0.9678927058906184 val rmse 0.9855852885210068
Epoch 26 train rmse 0.9674693060889429 val rmse 0.9859360350812493
Epoch 27 train rmse 0.9665523059778587 val rmse 0.9855352894678622
Epoch 28 train rmse 0.9662221081539999 val rmse 0.9858356240317884
Epoch 29 train rmse 0.9653839842478543 val rmse 0.9853776963347759
Epoch 30 train rmse 0.9650873237941769 val rmse 0.9859459124208093
Epoch 31 train rmse 0.9647352014290329 val rmse 0.985977888302142
Epoch 32 train rmse 0.9640420706101384 val rmse 0.9852099876725512
Epoch 33 train rmse 0.9635906254031458 val rmse 0.9856722071352108
Epoch 34 train rmse 0.9630901963377567 val rmse 0.9851657764386715
Epoch 35 train rmse 0.962497271356543 val rmse 0.9859297264513055
Epoch 36 train rmse 0.9621747995731292 val rmse 0.9866756841770693
Epoch 37 train rmse 0.9616707886574202 val rmse 0.9853150163884986
Epoch 38 train rmse 0.9609301783506912 val rmse 0.9854818502295948
Epoch 39 train rmse 0.9601753872734601 val rmse 0.9850909142989842
Epoch 40 train rmse 0.9599004726267272 val rmse 0.9850206805180433
0.9850206815474053
----------------> hidden_size 2048
Creating graph
Epoch 1 train rmse 1.03952021937184 val rmse 1.006837623125879
Epoch 2 train rmse 1.0008304397302448 val rmse 0.9987886673195697
Epoch 3 train rmse 0.994571584853086 val rmse 0.9968743201532453
Epoch 4 train rmse 0.9918484618017782 val rmse 0.9965326098208908
Epoch 5 train rmse 0.9900628494370486 val rmse 0.9956189978899909
Epoch 6 train rmse 0.9886194585408417 val rmse 0.9952493467259288
Epoch 7 train rmse 0.987712283663367 val rmse 0.9948587126022832
Epoch 8 train rmse 0.9866323701208919 val rmse 0.9942267882239663
Epoch 9 train rmse 0.9857748360986115 val rmse 0.9937841234893424
Epoch 10 train rmse 0.9847440146738854 val rmse 0.9930701758209232
Epoch 11 train rmse 0.9836329301732656 val rmse 0.9925555011978131
Epoch 12 train rmse 0.982178189426782 val rmse 0.991549634009679
Epoch 13 train rmse 0.980847041016689 val rmse 0.991114938812273
Epoch 14 train rmse 0.9793002371180355 val rmse 0.9906633557234941
Epoch 15 train rmse 0.9779221778896842 val rmse 0.9892429120003974
Epoch 16 train rmse 0.9765488923248854 val rmse 0.9886110950767439
Epoch 17 train rmse 0.9751669568353064 val rmse 0.9883215959377425
Epoch 18 train rmse 0.9740226466378642 val rmse 0.9877155422314954
Epoch 19 train rmse 0.9729251311085115 val rmse 0.9875419238381616
Epoch 20 train rmse 0.971811109713833 val rmse 0.9874641632113869
Epoch 21 train rmse 0.9709039229196254 val rmse 0.9863736771895253
Epoch 22 train rmse 0.9701777802212542 val rmse 0.9867154238811027
Epoch 23 train rmse 0.9693092262489513 val rmse 0.986256797204182
Epoch 24 train rmse 0.9686686530618651 val rmse 0.9860810381513098
Epoch 25 train rmse 0.9679191093373821 val rmse 0.9863999789614772
Epoch 26 train rmse 0.9675662424859351 val rmse 0.9861654261493927
Epoch 27 train rmse 0.9668394201859957 val rmse 0.9855123546113739
Epoch 28 train rmse 0.9665497522294959 val rmse 0.9868148890169063
Epoch 29 train rmse 0.9658336645949885 val rmse 0.9859306745311541
Epoch 30 train rmse 0.9652278116936583 val rmse 0.9860929807982377
Epoch 31 train rmse 0.9649522363256031 val rmse 0.9865919585361338
Epoch 32 train rmse 0.9645281173085223 val rmse 0.9859156592162799
Epoch 33 train rmse 0.9639039812777308 val rmse 0.9857334198892057
Epoch 34 train rmse 0.9634476264217454 val rmse 0.9861215086068091
Epoch 35 train rmse 0.9626923514483132 val rmse 0.9862483869095038
Epoch 36 train rmse 0.9625672411644057 val rmse 0.9856250516984583
Epoch 37 train rmse 0.9619741919309458 val rmse 0.985819404919153
Epoch 38 train rmse 0.9615367872329412 val rmse 0.9857017878412476
Epoch 39 train rmse 0.960863025927775 val rmse 0.9851651155015778
Epoch 40 train rmse 0.9602200312326156 val rmse 0.9857331503090243
0.9857331504153277
----------------> hidden_size 4096
Creating graph
Epoch 1 train rmse 1.0380474122466266 val rmse 1.0079761170564188
Epoch 2 train rmse 1.0012749029744128 val rmse 0.9997080082490143
Epoch 3 train rmse 0.9947473593542292 val rmse 0.9973636309052698
Epoch 4 train rmse 0.9919655639599628 val rmse 0.9960144303749897
Epoch 5 train rmse 0.9901992845297252 val rmse 0.9954690930562335
Epoch 6 train rmse 0.9886336947461831 val rmse 0.995083776207143
Epoch 7 train rmse 0.9876378746405469 val rmse 0.9946075788027842
Epoch 8 train rmse 0.9865304398313199 val rmse 0.9945435633034426
Epoch 9 train rmse 0.9857580825239299 val rmse 0.9937379474131866
Epoch 10 train rmse 0.9848089297411174 val rmse 0.9929732770315132
Epoch 11 train rmse 0.9834585509552919 val rmse 0.9921751295036934
Epoch 12 train rmse 0.9818990222407296 val rmse 0.9915115285904892
Epoch 13 train rmse 0.9803623745597249 val rmse 0.9907753387126255
Epoch 14 train rmse 0.9783720690656474 val rmse 0.9893928823815461
Epoch 15 train rmse 0.9769551864412264 val rmse 0.9886320549453435
Epoch 16 train rmse 0.975210915224217 val rmse 0.9886227355824407
Epoch 17 train rmse 0.9739520142801963 val rmse 0.9883452813873969
Epoch 18 train rmse 0.9727726983302787 val rmse 0.9878891896935639
Epoch 19 train rmse 0.9716600509814012 val rmse 0.9867405562508926
Epoch 20 train rmse 0.9709196931519687 val rmse 0.9862636576694328
Epoch 21 train rmse 0.9700707186085553 val rmse 0.9865635606441608
Epoch 22 train rmse 0.9692710521825393 val rmse 0.9871704565364143
Epoch 23 train rmse 0.9687002477371937 val rmse 0.9860582561283489
Epoch 24 train rmse 0.9679509311171915 val rmse 0.9864273635617016
Epoch 25 train rmse 0.9673084072706729 val rmse 0.9858685964350206
Epoch 26 train rmse 0.9667203142421575 val rmse 0.9858661240401062
Epoch 27 train rmse 0.966095123000926 val rmse 0.9858649386160733
Epoch 28 train rmse 0.9658066402686897 val rmse 0.9857943657425886
Epoch 29 train rmse 0.9651415747323312 val rmse 0.9858415007560938
Epoch 30 train rmse 0.9645683198299762 val rmse 0.9871440743110285
Epoch 31 train rmse 0.9641857055444919 val rmse 0.9857515708309686
Epoch 32 train rmse 0.9636069799942574 val rmse 0.9854646791234302
Epoch 33 train rmse 0.963029915379436 val rmse 0.9858423772744067
Epoch 34 train rmse 0.9623520840906696 val rmse 0.9851930018599759
Epoch 35 train rmse 0.9617062624680943 val rmse 0.9854659727039587
Epoch 36 train rmse 0.9612383246488219 val rmse 0.9853527758162868
Epoch 37 train rmse 0.9606237472939891 val rmse 0.9857577705476034
Epoch 38 train rmse 0.9599930827609457 val rmse 0.9856134869542162
Epoch 39 train rmse 0.959464218506226 val rmse 0.9854059111752147
Epoch 40 train rmse 0.9587346677725483 val rmse 0.9849441500322179
0.9849441490630219
----------------> hidden_size 8192
Creating graph
Epoch 1 train rmse 1.0382222641824486 val rmse 1.0077268479492438
Epoch 2 train rmse 1.0012588095118538 val rmse 0.999909641660022
Epoch 3 train rmse 0.9948160494143808 val rmse 0.9976257314058699
Epoch 4 train rmse 0.9919759388087254 val rmse 0.9974173567931303
Epoch 5 train rmse 0.9903010354639934 val rmse 0.9961684384788735
Epoch 6 train rmse 0.9890298180228113 val rmse 0.9956101316223054
Epoch 7 train rmse 0.987966494560289 val rmse 0.9956720621018885
Epoch 8 train rmse 0.9869359319975508 val rmse 0.9945153172088103
Epoch 9 train rmse 0.9860092610416813 val rmse 0.9973826472357901
Epoch 10 train rmse 0.9849348533262101 val rmse 0.9932854831371518
Epoch 11 train rmse 0.9834908711262157 val rmse 0.9925609018636636
Epoch 12 train rmse 0.982222028299377 val rmse 0.9919208080739006
Epoch 13 train rmse 0.9809780112912443 val rmse 0.9911853025644078
Epoch 14 train rmse 0.9796750920860492 val rmse 0.9906369480138822
Epoch 15 train rmse 0.9786681030844134 val rmse 0.98970567701056
Epoch 16 train rmse 0.9773553508714558 val rmse 0.9902151413233478
Epoch 17 train rmse 0.9761198271527949 val rmse 0.9892490320835384
Epoch 18 train rmse 0.9747256412375913 val rmse 0.9879543877051793
Epoch 19 train rmse 0.973590857408061 val rmse 0.987706167749629
Epoch 20 train rmse 0.9723755113151771 val rmse 0.987034348394585
Epoch 21 train rmse 0.9714612479966098 val rmse 0.989098217305548
Epoch 22 train rmse 0.970472698102046 val rmse 0.9862696699820651
Epoch 23 train rmse 0.9694673202028343 val rmse 0.9864493957467383
Epoch 24 train rmse 0.9691344073982933 val rmse 0.9864831999363779
Epoch 25 train rmse 0.968300438814685 val rmse 0.9864521404976124
Epoch 26 train rmse 0.9677831643032256 val rmse 0.9872798936282688
Epoch 27 train rmse 0.9671658998459758 val rmse 0.9869256011753017
Epoch 28 train rmse 0.966389701252508 val rmse 0.9855015866263479
Epoch 29 train rmse 0.9660539376007523 val rmse 0.9855052779033555
Epoch 30 train rmse 0.9655908779650701 val rmse 0.985451976332168
Epoch 31 train rmse 0.9647930356935754 val rmse 0.9860488398775445
Epoch 32 train rmse 0.964563416367715 val rmse 0.9862061331344978
Epoch 33 train rmse 0.9639323544522816 val rmse 0.9851473552136522
Epoch 34 train rmse 0.9632706600658013 val rmse 0.9857045027900658
Epoch 35 train rmse 0.9628320418519429 val rmse 0.9854784841872527
Epoch 36 train rmse 0.9622306746988022 val rmse 0.9852123303879677
Epoch 37 train rmse 0.961816454260748 val rmse 0.9850027176344295
Epoch 38 train rmse 0.9613250045403757 val rmse 0.9851310376134533
Epoch 39 train rmse 0.9604999277904399 val rmse 0.9844499452692531
Epoch 40 train rmse 0.959965448009342 val rmse 0.9854342470242359
0.9854342492224689
----------------> hidden_size 8192
Creating graph
Epoch 1 train rmse 1.0377545681347784 val rmse 1.0077970650551493
Epoch 2 train rmse 1.001447469434054 val rmse 0.9989680265107653
Epoch 3 train rmse 0.9950413950846764 val rmse 0.9970638314799218
Epoch 4 train rmse 0.9920079453138558 val rmse 0.9960669658679441
Epoch 5 train rmse 0.9901260060823455 val rmse 0.9964358070110959
Epoch 6 train rmse 0.9887871755408222 val rmse 0.9949384920219712
Epoch 7 train rmse 0.9874852822201443 val rmse 0.9948099169947041
Epoch 8 train rmse 0.9865852939264133 val rmse 0.9938857611473592
Epoch 9 train rmse 0.9854013723004339 val rmse 0.993242510971165
Epoch 10 train rmse 0.9842370276742689 val rmse 0.9923456678993843
Epoch 11 train rmse 0.982692071989133 val rmse 0.9922775234088258
Epoch 12 train rmse 0.9812841413416844 val rmse 0.9914090657035463
Epoch 13 train rmse 0.9796674645805229 val rmse 0.9913392889707386
Epoch 14 train rmse 0.9778049422516545 val rmse 0.9886814506682429
Epoch 15 train rmse 0.9761055777604909 val rmse 0.9884526815193668
Epoch 16 train rmse 0.9746936108502116 val rmse 0.9887166821313563
Epoch 17 train rmse 0.9733911067895061 val rmse 0.9871883844066112
Epoch 18 train rmse 0.9721078447965384 val rmse 0.986742834860731
Epoch 19 train rmse 0.9711886781089749 val rmse 0.9867012918306637
Epoch 20 train rmse 0.970558073112854 val rmse 0.9861252313501211
Epoch 21 train rmse 0.9695529217226886 val rmse 0.9857702319291108
Epoch 22 train rmse 0.9689601716344018 val rmse 0.9867965517126388
Epoch 23 train rmse 0.9684782785504998 val rmse 0.9857728129729463
Epoch 24 train rmse 0.9675811304332415 val rmse 0.9874553752025742
Epoch 25 train rmse 0.9673145132077018 val rmse 0.986608004416632
Epoch 26 train rmse 0.9667326823280531 val rmse 0.9861830146747695
Epoch 27 train rmse 0.966334147720894 val rmse 0.986090156245485
Epoch 28 train rmse 0.9659062794294636 val rmse 0.9854840482963275
Epoch 29 train rmse 0.965478417368989 val rmse 0.9856110434502996
Epoch 30 train rmse 0.9651227171072199 val rmse 0.9853244336236107
Epoch 31 train rmse 0.9644184283816993 val rmse 0.9862234923344884
Epoch 32 train rmse 0.9639581321856561 val rmse 0.9856914427209559
Epoch 33 train rmse 0.9637345948654052 val rmse 0.9858704864671478
Epoch 34 train rmse 0.9630733631782483 val rmse 0.9855854288377037
Epoch 35 train rmse 0.9627443264585163 val rmse 0.9853039163728498
Epoch 36 train rmse 0.9625337534111216 val rmse 0.9851600754716662
Epoch 37 train rmse 0.9617614952789239 val rmse 0.9863671509497562
Epoch 38 train rmse 0.9617141398800448 val rmse 0.9855399080341241
Epoch 39 train rmse 0.9609462370514222 val rmse 0.9857579087581004
Epoch 40 train rmse 0.9603790836478754 val rmse 0.9854614330820083
0.9854614346161328
----------------> hidden_size 12288
Creating graph
Epoch 1 train rmse 1.0376001512420425 val rmse 1.008492473272128
Epoch 2 train rmse 1.0014480669323889 val rmse 1.0002634640118544
Epoch 3 train rmse 0.9947169125074775 val rmse 0.9982400749635982
Epoch 4 train rmse 0.991645631175806 val rmse 0.996376942529374
Epoch 5 train rmse 0.9900149304984627 val rmse 0.9995694323340748
Epoch 6 train rmse 0.98848403448514 val rmse 0.9949573918823311
Epoch 7 train rmse 0.9873909397032778 val rmse 0.9943652184029962
Epoch 8 train rmse 0.9863433565021186 val rmse 0.9941644888490895
Epoch 9 train rmse 0.9854310586569396 val rmse 0.9933371980833211
Epoch 10 train rmse 0.98414137047943 val rmse 0.9923311516331452
Epoch 11 train rmse 0.9826235903312251 val rmse 0.9915879858579874
Epoch 12 train rmse 0.9811446334837131 val rmse 0.9923747209622593
Epoch 13 train rmse 0.9795530816452803 val rmse 0.990280523140248
Epoch 14 train rmse 0.9779278185385212 val rmse 0.9901156404142845
Epoch 15 train rmse 0.9764081923312651 val rmse 0.9888074566746812
Epoch 16 train rmse 0.9748490254334431 val rmse 0.9878521725814897
Epoch 17 train rmse 0.9737010954709716 val rmse 0.988699390464326
Epoch 18 train rmse 0.9726544025124388 val rmse 0.9870383220926036
Epoch 19 train rmse 0.9717032774272812 val rmse 0.9867318870656608
Epoch 20 train rmse 0.9704264495889557 val rmse 0.986256189505921
Epoch 21 train rmse 0.9699402950282805 val rmse 0.9866082478690588
Epoch 22 train rmse 0.9690005419286598 val rmse 0.9861500124272968
Epoch 23 train rmse 0.9684913494485661 val rmse 0.9867110680902281
Epoch 24 train rmse 0.9680583566225751 val rmse 0.9867400694112662
Epoch 25 train rmse 0.9674968407796601 val rmse 0.9882370949128195
Epoch 26 train rmse 0.9666485525744183 val rmse 0.9868176466504243
Epoch 27 train rmse 0.9661809818433146 val rmse 0.9862053512829784
Epoch 28 train rmse 0.9657810884390435 val rmse 0.9854481714248202
Epoch 29 train rmse 0.9655547503737386 val rmse 0.9859590220808649
Epoch 30 train rmse 0.965030269441963 val rmse 0.9860479704978015
Epoch 31 train rmse 0.9645664941897355 val rmse 0.9856410096086058
Epoch 32 train rmse 0.9641623916373382 val rmse 0.9861979058943803
Epoch 33 train rmse 0.9637348002405014 val rmse 0.9854196457688124
Epoch 34 train rmse 0.9631182093661214 val rmse 0.9850707974571521
Epoch 35 train rmse 0.962482338034096 val rmse 0.9853404011702646
Epoch 36 train rmse 0.9621198817799816 val rmse 0.9855029231172343
Epoch 37 train rmse 0.9617016027086812 val rmse 0.9852967019204074
Epoch 38 train rmse 0.9612021681961425 val rmse 0.9860561930744435
Epoch 39 train rmse 0.9605440841635873 val rmse 0.9858570028879344
Epoch 40 train rmse 0.9599536829304495 val rmse 0.984828091038691
0.9848280909886853
----------------> hidden_size 16384
Creating graph
Epoch 1 train rmse 1.0376474989317361 val rmse 1.0082585609169687
Epoch 2 train rmse 1.0020963715051723 val rmse 0.9993028933572831
Epoch 3 train rmse 0.9951967123265659 val rmse 0.9969733376165333
Epoch 4 train rmse 0.9920179373735583 val rmse 0.9963827083038964
Epoch 5 train rmse 0.9900938324027356 val rmse 0.9962033441776541
Epoch 6 train rmse 0.9889137800522086 val rmse 0.9958430941270436
Epoch 7 train rmse 0.9877893971872509 val rmse 0.9946747282620947
Epoch 8 train rmse 0.9867010362895937 val rmse 0.9940377353636514
Epoch 9 train rmse 0.9856763118078865 val rmse 0.9942015595644322
Epoch 10 train rmse 0.9845706084050715 val rmse 0.9929223522706285
Epoch 11 train rmse 0.9830261314537058 val rmse 0.9918512436308273
Epoch 12 train rmse 0.9815800840882419 val rmse 0.9912116217370963
Epoch 13 train rmse 0.9800610487562412 val rmse 0.9905139050762899
Epoch 14 train rmse 0.9784401208712173 val rmse 0.9901213451348769
Epoch 15 train rmse 0.9767147840774374 val rmse 0.9884098068819875
Epoch 16 train rmse 0.9752773417398036 val rmse 0.9891788324846681
Epoch 17 train rmse 0.9738053165991759 val rmse 0.9872196130040949
Epoch 18 train rmse 0.9725193012039608 val rmse 0.987623257707811
Epoch 19 train rmse 0.9714674765650865 val rmse 0.9865641570417931
Epoch 20 train rmse 0.9702412556272104 val rmse 0.9863273674851206
Epoch 21 train rmse 0.9696980580034698 val rmse 0.9865763015589903
Epoch 22 train rmse 0.9690171169339357 val rmse 0.9866117787434894
Epoch 23 train rmse 0.9682890518759353 val rmse 0.9861559297703834
Epoch 24 train rmse 0.9678272124830476 val rmse 0.9860524892925964
Epoch 25 train rmse 0.9670526471582721 val rmse 0.9866865735435191
Epoch 26 train rmse 0.9665892390457871 val rmse 0.9860729531267426
Epoch 27 train rmse 0.9661719954726333 val rmse 0.9888754288237172
Epoch 28 train rmse 0.9656762670836286 val rmse 0.9860675613941368
Epoch 29 train rmse 0.9651437922617839 val rmse 0.9857826763359887
Epoch 30 train rmse 0.9647673888779075 val rmse 0.9861442400499006
Epoch 31 train rmse 0.9642594865969081 val rmse 0.9851770347197427
Epoch 32 train rmse 0.9639708974981152 val rmse 0.9854142415293204
Epoch 33 train rmse 0.9633632815749773 val rmse 0.9857054001930098
Epoch 34 train rmse 0.9630151918215055 val rmse 0.9859503537463251
Epoch 35 train rmse 0.962091931551093 val rmse 0.9862629671353778
Epoch 36 train rmse 0.9618655216605629 val rmse 0.985879795093637
Epoch 37 train rmse 0.9616366186639083 val rmse 0.9856273580346118
Epoch 38 train rmse 0.9608642346895585 val rmse 0.986056351341367
Epoch 39 train rmse 0.9602422184867315 val rmse 0.9869481774772663
Epoch 40 train rmse 0.9599470958856468 val rmse 0.9854488769963401
0.9854488773764637
----------------> hidden_size 24576
Creating graph
Epoch 1 train rmse 1.0375417105575817 val rmse 1.0070362585147337
Epoch 2 train rmse 1.0014139679104823 val rmse 0.9996295499153904
Epoch 3 train rmse 0.9948832884791929 val rmse 0.9969808078830288
Epoch 4 train rmse 0.9920110532819176 val rmse 0.996256540795438
Epoch 5 train rmse 0.9902889073835253 val rmse 0.9962489938749054
Epoch 6 train rmse 0.9891363162427151 val rmse 0.9951547964586295
Epoch 7 train rmse 0.9879132590702087 val rmse 0.9953176544536644
Epoch 8 train rmse 0.9869733417659098 val rmse 0.9950388552903711
Epoch 9 train rmse 0.9861006261776768 val rmse 0.9944062718859579
Epoch 10 train rmse 0.9847877343590357 val rmse 0.9938303173610733
Epoch 11 train rmse 0.9835551246684953 val rmse 0.99231553024789
Epoch 12 train rmse 0.9819508772504628 val rmse 0.9914744734687865
Epoch 13 train rmse 0.9801235901135361 val rmse 0.9906782210782809
Epoch 14 train rmse 0.9783960149482528 val rmse 0.9889188065004347
Epoch 15 train rmse 0.9764934009309173 val rmse 0.9882713510863006
Epoch 16 train rmse 0.9750700871219397 val rmse 0.9887113688810286
Epoch 17 train rmse 0.9737337338222659 val rmse 0.9872595085238429
Epoch 18 train rmse 0.9722401581420936 val rmse 0.9871076247241931
Epoch 19 train rmse 0.9715578738433288 val rmse 0.9870022033232934
Epoch 20 train rmse 0.970369469082306 val rmse 0.9873227006165957
Epoch 21 train rmse 0.9698888309484212 val rmse 0.9863541642561883
Epoch 22 train rmse 0.9691534388960314 val rmse 0.9869225398984675
Epoch 23 train rmse 0.9683189040779331 val rmse 0.986403594832987
Epoch 24 train rmse 0.9677289360323853 val rmse 0.9868602547588119
Epoch 25 train rmse 0.9671014135172286 val rmse 0.9862472400530481
Epoch 26 train rmse 0.9667385492620485 val rmse 0.9856615180893911
Epoch 27 train rmse 0.9663289654991833 val rmse 0.9857795914059757
Epoch 28 train rmse 0.9657724848138751 val rmse 0.9871230092702111
Epoch 29 train rmse 0.9653316919317914 val rmse 0.9854396087952315
Epoch 30 train rmse 0.9647550260943684 val rmse 0.9861442451972238
Epoch 31 train rmse 0.9642900336317637 val rmse 0.9869907059256212
Epoch 32 train rmse 0.9639180850952126 val rmse 0.9851003795580856
Epoch 33 train rmse 0.9635197536053538 val rmse 0.9852530086247369
Epoch 34 train rmse 0.9629613897733462 val rmse 0.9865031150016973
Epoch 35 train rmse 0.9626233411823059 val rmse 0.9853655728854341
Epoch 36 train rmse 0.9622135315040482 val rmse 0.9857212670690633
Epoch 37 train rmse 0.9616775355303223 val rmse 0.9855409602107572
Epoch 38 train rmse 0.9611383763831967 val rmse 0.985116244338732
Epoch 39 train rmse 0.960910542160393 val rmse 0.9855630535785144
Epoch 40 train rmse 0.9607943088343872 val rmse 0.9854873960180502
0.9854873962883041
----------------> hidden_size 32768
Creating graph
Epoch 1 train rmse 1.0369333831440455 val rmse 1.011316499532293
Epoch 2 train rmse 1.0012601264979286 val rmse 0.9991067670211508
Epoch 3 train rmse 0.9949386986121049 val rmse 0.9973818898467002
Epoch 4 train rmse 0.9921188350679574 val rmse 0.9960983753939845
Epoch 5 train rmse 0.9902935116576822 val rmse 0.996150449372057
Epoch 6 train rmse 0.9890430459502515 val rmse 0.995327165960213
Epoch 7 train rmse 0.9878617333104475 val rmse 0.9951389242029748
Epoch 8 train rmse 0.9869916946285711 val rmse 0.9947103086714802
Epoch 9 train rmse 0.9860428436878015 val rmse 0.9955938845120385
Epoch 10 train rmse 0.9850978111153623 val rmse 0.9948496647242637
Epoch 11 train rmse 0.9839527687794996 val rmse 0.9925279036347063
Epoch 12 train rmse 0.9828076928277631 val rmse 0.9920338370797455
Epoch 13 train rmse 0.9818446669567192 val rmse 0.9917698842857492
Epoch 14 train rmse 0.9806785477369253 val rmse 0.992375533703789
Epoch 15 train rmse 0.9795549710731891 val rmse 0.9908603813985132
Epoch 16 train rmse 0.9783397203716727 val rmse 0.9922862139103797
Epoch 17 train rmse 0.9773686958615543 val rmse 0.9896768815957454
Epoch 18 train rmse 0.9759730314783818 val rmse 0.9887494641390905
Epoch 19 train rmse 0.9745900427447047 val rmse 0.9878653403057628
Epoch 20 train rmse 0.9736763553209946 val rmse 0.9905897228796037
Epoch 21 train rmse 0.9724223498710378 val rmse 0.9888583916230262
Epoch 22 train rmse 0.971348386271892 val rmse 0.9872803130353293
Epoch 23 train rmse 0.9704863708592296 val rmse 0.987161851900803
Epoch 24 train rmse 0.9697717647700241 val rmse 0.9868510068170303
Epoch 25 train rmse 0.969235821480189 val rmse 0.9880801765573188
Epoch 26 train rmse 0.968652438672473 val rmse 0.98623590161937
Epoch 27 train rmse 0.9680165630890235 val rmse 0.9857808941595784
Epoch 28 train rmse 0.9674067651099715 val rmse 0.9862677763895125
Epoch 29 train rmse 0.9668612043678722 val rmse 0.9858613897299752
Epoch 30 train rmse 0.9662693910748946 val rmse 0.9869542974002758
Epoch 31 train rmse 0.965869556834737 val rmse 0.9857601705758819
Epoch 32 train rmse 0.9654584818271773 val rmse 0.9855742902268506
Epoch 33 train rmse 0.9650094300272127 val rmse 0.9858622369810652
Epoch 34 train rmse 0.9643881246723888 val rmse 0.9874622320982709
Epoch 35 train rmse 0.9641238604799052 val rmse 0.9874033638465346
Epoch 36 train rmse 0.9635869248806871 val rmse 0.9854683423185817
Epoch 37 train rmse 0.9629827309988817 val rmse 0.9858548134307692
Epoch 38 train rmse 0.9626946240827177 val rmse 0.986161418050675
Epoch 39 train rmse 0.9622193845589417 val rmse 0.9851616579897895
Epoch 40 train rmse 0.9619547797897668 val rmse 0.9862805777380546
0.9862805766741479
----------------> hidden_size 49152
Creating graph
Epoch 1 train rmse 1.0369673444641154 val rmse 1.0075537665487408
Epoch 2 train rmse 1.0016089336530483 val rmse 1.000000168696086
Epoch 3 train rmse 0.995155821582798 val rmse 0.9970031217210518
Epoch 4 train rmse 0.9919464850843073 val rmse 0.9957810313914962
Epoch 5 train rmse 0.9900166053946107 val rmse 0.9955732382709742
Epoch 6 train rmse 0.9888762137252518 val rmse 0.9958502488230784
Epoch 7 train rmse 0.9878561097118224 val rmse 0.9954157409219101
Epoch 8 train rmse 0.9868726579369862 val rmse 0.9947613844443611
Epoch 9 train rmse 0.9857809695200419 val rmse 0.9935132052930736
Epoch 10 train rmse 0.9847443764889766 val rmse 0.9938837339553718
Epoch 11 train rmse 0.9835908909521189 val rmse 0.9923402372212233
Epoch 12 train rmse 0.9825509012311261 val rmse 0.9926323577058421
Epoch 13 train rmse 0.9812170804473975 val rmse 0.9911657080552307
Epoch 14 train rmse 0.9795637940155487 val rmse 0.9906085586915013
Epoch 15 train rmse 0.9782664431822807 val rmse 0.9924938044971887
Epoch 16 train rmse 0.9764948341958489 val rmse 0.9888587485438441
Epoch 17 train rmse 0.9750875179985167 val rmse 0.9887139744707049
Epoch 18 train rmse 0.9735935713768407 val rmse 0.9868455816881518
Epoch 19 train rmse 0.972384395839805 val rmse 0.9868532575932577
Epoch 20 train rmse 0.971713450607461 val rmse 0.9870313103236195
Epoch 21 train rmse 0.9707837399158894 val rmse 0.9891307550830891
Epoch 22 train rmse 0.9697079185702535 val rmse 0.9875260081290557
Epoch 23 train rmse 0.9692111420885908 val rmse 0.9882312303033358
Epoch 24 train rmse 0.9687042609427818 val rmse 0.988817629173044
Epoch 25 train rmse 0.9682824747461749 val rmse 0.986127244318748
Epoch 26 train rmse 0.9674844325589228 val rmse 0.98680130928041
Epoch 27 train rmse 0.9670682929103752 val rmse 0.987055413412753
Epoch 28 train rmse 0.9666864078581787 val rmse 0.9850720531272517
Epoch 29 train rmse 0.9663087564245201 val rmse 0.986093178980458
Epoch 30 train rmse 0.9657186699335572 val rmse 0.9854441052275681
Epoch 31 train rmse 0.9651237090276281 val rmse 0.9864687599269403
Epoch 32 train rmse 0.9650272139999341 val rmse 0.9854700251119276
Epoch 33 train rmse 0.9644329860458777 val rmse 0.9849031077028193
Epoch 34 train rmse 0.9639187283558682 val rmse 0.9855960821095386
Epoch 35 train rmse 0.9636231029932777 val rmse 0.9852330184685758
Epoch 36 train rmse 0.9632612943566712 val rmse 0.9859708722779462
Epoch 37 train rmse 0.962602036895892 val rmse 0.9851736253205297
Epoch 38 train rmse 0.9622281511744649 val rmse 0.9858055575208216
Epoch 39 train rmse 0.961818789839147 val rmse 0.9847657952173399
Epoch 40 train rmse 0.9610359344842885 val rmse 0.985160628265252
0.9851606288991201
----------------> hidden_size 65536
Creating graph
Epoch 1 train rmse 1.0368886350778908 val rmse 1.0067237465231391
Epoch 2 train rmse 1.0013956969012385 val rmse 1.0005236110088203
Epoch 3 train rmse 0.9948388159951429 val rmse 0.997129827083508
Epoch 4 train rmse 0.9920464956493645 val rmse 0.9961883412452628
Epoch 5 train rmse 0.9903495176180332 val rmse 0.9954583268311485
Epoch 6 train rmse 0.9891809644961642 val rmse 0.9972598361377957
Epoch 7 train rmse 0.9878881012714987 val rmse 0.9951149695344444
Epoch 8 train rmse 0.9871673701231961 val rmse 0.9946580352440476
Epoch 9 train rmse 0.986184559133524 val rmse 0.9938962450939448
Epoch 10 train rmse 0.9852297211730587 val rmse 0.9935073163881418
Epoch 11 train rmse 0.9841935180295082 val rmse 0.993519075465914
Epoch 12 train rmse 0.9830034391160001 val rmse 0.9919068377814115
Epoch 13 train rmse 0.9816496549035725 val rmse 0.9917196800270861
Epoch 14 train rmse 0.9804173020278328 val rmse 0.9924871312261115
Epoch 15 train rmse 0.9789255227767929 val rmse 0.9900410145651667
Epoch 16 train rmse 0.977661504190407 val rmse 0.9890606127699317
Epoch 17 train rmse 0.97623791896714 val rmse 0.9890276168368951
Epoch 18 train rmse 0.9749150383625241 val rmse 0.9879148915020801
Epoch 19 train rmse 0.9738471789877137 val rmse 0.9879410176170568
Epoch 20 train rmse 0.9727397368660516 val rmse 0.9872906581890004
Epoch 21 train rmse 0.9717608108043577 val rmse 0.9865311300495696
Epoch 22 train rmse 0.9709902915080002 val rmse 0.9865211353545188
Epoch 23 train rmse 0.9702552007235776 val rmse 0.9866117307975493
Epoch 24 train rmse 0.9695168426287838 val rmse 0.986292698481293
Epoch 25 train rmse 0.9690322861561803 val rmse 0.9867027283807338
Epoch 26 train rmse 0.96812930411459 val rmse 0.9864203650772266
Epoch 27 train rmse 0.9675930888340395 val rmse 0.985878390372883
Epoch 28 train rmse 0.9671101680228439 val rmse 0.9856789246274178
Epoch 29 train rmse 0.9665578552592103 val rmse 0.9860243552768734
Epoch 30 train rmse 0.9662348581181591 val rmse 0.9860708044545169
Epoch 31 train rmse 0.9656771613706772 val rmse 0.98572476660797
Epoch 32 train rmse 0.9650768187326143 val rmse 0.986853472531093
Epoch 33 train rmse 0.9645523686928903 val rmse 0.9852796119352265
Epoch 34 train rmse 0.9642777366621706 val rmse 0.9851598434462641
Epoch 35 train rmse 0.9636330141186539 val rmse 0.9860547635231979
Epoch 36 train rmse 0.9633558412537615 val rmse 0.9851236795391475
Epoch 37 train rmse 0.9627131749833462 val rmse 0.9857821359973572
Epoch 38 train rmse 0.9622305533849435 val rmse 0.9849912017768169
Epoch 39 train rmse 0.9618626956999514 val rmse 0.9862448805228297
Epoch 40 train rmse 0.9614425560245503 val rmse 0.9848869387537614
0.9848869375971828
