Sender: LSF System <lsfadmin@lo-s4-010>
Subject: Job 2290910: <python main.py> in cluster <leonhard> Done

Job <python main.py> was submitted from host <lo-login-01> by user <sanagnos> in cluster <leonhard> at Wed Jun 26 15:55:03 2019
Job was executed on host(s) <2*lo-s4-010>, in queue <gpu.4h>, as user <sanagnos> in cluster <leonhard> at Wed Jun 26 15:55:32 2019
</cluster/home/sanagnos> was used as the home directory.
</cluster/home/sanagnos/CIL/git/recommender/src> was used as the working directory.
Started at Wed Jun 26 15:55:32 2019
Terminated at Wed Jun 26 16:26:17 2019
Results reported at Wed Jun 26 16:26:17 2019

Your job looked like:

------------------------------------------------------------
# LSBATCH: User input
python main.py
------------------------------------------------------------

Successfully completed.

Resource usage summary:

    CPU time :                                   3199.14 sec.
    Max Memory :                                 2183 MB
    Average Memory :                             2093.92 MB
    Total Requested Memory :                     8384.00 MB
    Delta Memory :                               6201.00 MB
    Max Swap :                                   -
    Max Processes :                              3
    Max Threads :                                27
    Run time :                                   1854 sec.
    Turnaround time :                            1874 sec.

The output (if any) follows:

2019-06-26 15:55:39.053007: I tensorflow/core/platform/cpu_feature_guard.cc:141] Your CPU supports instructions that this TensorFlow binary was not compiled to use: AVX2 FMA
2019-06-26 15:55:39.336455: I tensorflow/core/common_runtime/gpu/gpu_device.cc:1432] Found device 0 with properties: 
name: GeForce GTX 1080 major: 6 minor: 1 memoryClockRate(GHz): 1.7335
pciBusID: 0000:04:00.0
totalMemory: 7.93GiB freeMemory: 7.82GiB
2019-06-26 15:55:39.336495: I tensorflow/core/common_runtime/gpu/gpu_device.cc:1511] Adding visible gpu devices: 0
2019-06-26 15:55:40.707580: I tensorflow/core/common_runtime/gpu/gpu_device.cc:982] Device interconnect StreamExecutor with strength 1 edge matrix:
2019-06-26 15:55:40.707627: I tensorflow/core/common_runtime/gpu/gpu_device.cc:988]      0 
2019-06-26 15:55:40.707636: I tensorflow/core/common_runtime/gpu/gpu_device.cc:1001] 0:   N 
2019-06-26 15:55:40.708384: I tensorflow/core/common_runtime/gpu/gpu_device.cc:1115] Created TensorFlow device (/device:GPU:0 with 7545 MB memory) -> physical GPU (device: 0, name: GeForce GTX 1080, pci bus id: 0000:04:00.0, compute capability: 6.1)
2019-06-26 15:55:51.198357: I tensorflow/core/common_runtime/gpu/gpu_device.cc:1511] Adding visible gpu devices: 0
2019-06-26 15:55:51.198938: I tensorflow/core/common_runtime/gpu/gpu_device.cc:982] Device interconnect StreamExecutor with strength 1 edge matrix:
2019-06-26 15:55:51.198952: I tensorflow/core/common_runtime/gpu/gpu_device.cc:988]      0 
2019-06-26 15:55:51.198959: I tensorflow/core/common_runtime/gpu/gpu_device.cc:1001] 0:   N 
2019-06-26 15:55:51.200333: I tensorflow/core/common_runtime/gpu/gpu_device.cc:1115] Created TensorFlow device (/job:localhost/replica:0/task:0/device:GPU:0 with 7545 MB memory) -> physical GPU (device: 0, name: GeForce GTX 1080, pci bus id: 0000:04:00.0, compute capability: 6.1)
2019-06-26 16:03:57.405028: I tensorflow/core/common_runtime/gpu/gpu_device.cc:1511] Adding visible gpu devices: 0
2019-06-26 16:03:57.405602: I tensorflow/core/common_runtime/gpu/gpu_device.cc:982] Device interconnect StreamExecutor with strength 1 edge matrix:
2019-06-26 16:03:57.405614: I tensorflow/core/common_runtime/gpu/gpu_device.cc:988]      0 
2019-06-26 16:03:57.405620: I tensorflow/core/common_runtime/gpu/gpu_device.cc:1001] 0:   N 
2019-06-26 16:03:57.406103: I tensorflow/core/common_runtime/gpu/gpu_device.cc:1115] Created TensorFlow device (/job:localhost/replica:0/task:0/device:GPU:0 with 7545 MB memory) -> physical GPU (device: 0, name: GeForce GTX 1080, pci bus id: 0000:04:00.0, compute capability: 6.1)
2019-06-26 16:03:58.720323: I tensorflow/core/common_runtime/gpu/gpu_device.cc:1511] Adding visible gpu devices: 0
2019-06-26 16:03:58.720368: I tensorflow/core/common_runtime/gpu/gpu_device.cc:982] Device interconnect StreamExecutor with strength 1 edge matrix:
2019-06-26 16:03:58.720379: I tensorflow/core/common_runtime/gpu/gpu_device.cc:988]      0 
2019-06-26 16:03:58.720387: I tensorflow/core/common_runtime/gpu/gpu_device.cc:1001] 0:   N 
2019-06-26 16:03:58.721281: I tensorflow/core/common_runtime/gpu/gpu_device.cc:1115] Created TensorFlow device (/job:localhost/replica:0/task:0/device:GPU:0 with 7545 MB memory) -> physical GPU (device: 0, name: GeForce GTX 1080, pci bus id: 0000:04:00.0, compute capability: 6.1)
2019-06-26 16:11:32.156207: I tensorflow/core/common_runtime/gpu/gpu_device.cc:1511] Adding visible gpu devices: 0
2019-06-26 16:11:32.156823: I tensorflow/core/common_runtime/gpu/gpu_device.cc:982] Device interconnect StreamExecutor with strength 1 edge matrix:
2019-06-26 16:11:32.156835: I tensorflow/core/common_runtime/gpu/gpu_device.cc:988]      0 
2019-06-26 16:11:32.156841: I tensorflow/core/common_runtime/gpu/gpu_device.cc:1001] 0:   N 
2019-06-26 16:11:32.157290: I tensorflow/core/common_runtime/gpu/gpu_device.cc:1115] Created TensorFlow device (/job:localhost/replica:0/task:0/device:GPU:0 with 7545 MB memory) -> physical GPU (device: 0, name: GeForce GTX 1080, pci bus id: 0000:04:00.0, compute capability: 6.1)
2019-06-26 16:11:32.670785: I tensorflow/core/common_runtime/gpu/gpu_device.cc:1511] Adding visible gpu devices: 0
2019-06-26 16:11:32.670834: I tensorflow/core/common_runtime/gpu/gpu_device.cc:982] Device interconnect StreamExecutor with strength 1 edge matrix:
2019-06-26 16:11:32.670843: I tensorflow/core/common_runtime/gpu/gpu_device.cc:988]      0 
2019-06-26 16:11:32.670849: I tensorflow/core/common_runtime/gpu/gpu_device.cc:1001] 0:   N 
2019-06-26 16:11:32.671271: I tensorflow/core/common_runtime/gpu/gpu_device.cc:1115] Created TensorFlow device (/job:localhost/replica:0/task:0/device:GPU:0 with 7545 MB memory) -> physical GPU (device: 0, name: GeForce GTX 1080, pci bus id: 0000:04:00.0, compute capability: 6.1)
2019-06-26 16:18:57.144386: I tensorflow/core/common_runtime/gpu/gpu_device.cc:1511] Adding visible gpu devices: 0
2019-06-26 16:18:57.144595: I tensorflow/core/common_runtime/gpu/gpu_device.cc:982] Device interconnect StreamExecutor with strength 1 edge matrix:
2019-06-26 16:18:57.144609: I tensorflow/core/common_runtime/gpu/gpu_device.cc:988]      0 
2019-06-26 16:18:57.144616: I tensorflow/core/common_runtime/gpu/gpu_device.cc:1001] 0:   N 
2019-06-26 16:18:57.145050: I tensorflow/core/common_runtime/gpu/gpu_device.cc:1115] Created TensorFlow device (/job:localhost/replica:0/task:0/device:GPU:0 with 7545 MB memory) -> physical GPU (device: 0, name: GeForce GTX 1080, pci bus id: 0000:04:00.0, compute capability: 6.1)
2019-06-26 16:18:57.651333: I tensorflow/core/common_runtime/gpu/gpu_device.cc:1511] Adding visible gpu devices: 0
2019-06-26 16:18:57.651375: I tensorflow/core/common_runtime/gpu/gpu_device.cc:982] Device interconnect StreamExecutor with strength 1 edge matrix:
2019-06-26 16:18:57.651383: I tensorflow/core/common_runtime/gpu/gpu_device.cc:988]      0 
2019-06-26 16:18:57.651389: I tensorflow/core/common_runtime/gpu/gpu_device.cc:1001] 0:   N 
2019-06-26 16:18:57.652758: I tensorflow/core/common_runtime/gpu/gpu_device.cc:1115] Created TensorFlow device (/job:localhost/replica:0/task:0/device:GPU:0 with 7545 MB memory) -> physical GPU (device: 0, name: GeForce GTX 1080, pci bus id: 0000:04:00.0, compute capability: 6.1)
2019-06-26 16:26:16.333355: I tensorflow/core/common_runtime/gpu/gpu_device.cc:1511] Adding visible gpu devices: 0
2019-06-26 16:26:16.333679: I tensorflow/core/common_runtime/gpu/gpu_device.cc:982] Device interconnect StreamExecutor with strength 1 edge matrix:
2019-06-26 16:26:16.333691: I tensorflow/core/common_runtime/gpu/gpu_device.cc:988]      0 
2019-06-26 16:26:16.333698: I tensorflow/core/common_runtime/gpu/gpu_device.cc:1001] 0:   N 
2019-06-26 16:26:16.334106: I tensorflow/core/common_runtime/gpu/gpu_device.cc:1115] Created TensorFlow device (/job:localhost/replica:0/task:0/device:GPU:0 with 7545 MB memory) -> physical GPU (device: 0, name: GeForce GTX 1080, pci bus id: 0000:04:00.0, compute capability: 6.1)
/cluster/apps/python/3.6.4/lib64/python3.6/site-packages/h5py/__init__.py:36: FutureWarning: Conversion of the second argument of issubdtype from `float` to `np.floating` is deprecated. In future, it will be treated as `np.float64 == np.dtype(float).type`.
  from ._conv import register_converters as _register_converters
main.py:47: FutureWarning: currently extract(expand=None) means expand=False (return Index/Series/DataFrame) but in a future version of pandas this will be changed to expand=True (return DataFrame)
  for user, movie in train.Id.str.extract('r(\d+)_c(\d+)').values:
main.py:56: FutureWarning: currently extract(expand=None) means expand=False (return Index/Series/DataFrame) but in a future version of pandas this will be changed to expand=True (return DataFrame)
  for user, movie in test.Id.str.extract('r(\d+)_c(\d+)').values:
Found GPU at: /device:GPU:0
---------------->  96 0.2 1024
Creating graph
1 1.0375647114123538 1.0050218557007302
2 1.0002153548441086 0.9987853614236043
3 0.9943765753977899 0.9966445640713473
4 0.9913290604967535 0.9957900409814153
5 0.9893578709426977 0.9950748072723307
6 0.9877101946676801 0.9943489223317892
7 0.9858330431034017 0.9936209207755454
8 0.9835569288739743 0.9918668697695417
9 0.9805474752124852 0.9907956278814496
10 0.9774685495473304 0.9888710805267706
11 0.9746869570385078 0.9881238603134803
12 0.9724035768196615 0.9877068369366709
13 0.9706847896591327 0.9880903781848682
14 0.9691753763975731 0.9876534499128778
15 0.9678354022746947 0.9870413811502377
16 0.9668243373719064 0.9871774699427336
17 0.965918352845213 0.9873497084480871
18 0.9647216435149837 0.9875353214919619
19 0.9638058837507039 0.9874483468719834
20 0.9627937384410061 0.9879025351202753
21 0.9618220696512947 0.9893551825037146
22 0.9606633136048652 0.9872307032406155
23 0.9600377737022499 0.9871993451903156
24 0.9585100191001078 0.9872643472183193
25 0.9571128342761187 0.9866346353915308
26 0.9558064987615164 0.98787162154239
27 0.9538932850674702 0.9888630531538499
28 0.9529740697050041 0.9885835882516651
29 0.9514700176480512 0.9907204051782061
30 0.9498832310444968 0.9889423328920046
31 0.9486194548405771 0.9898915504223008
32 0.9470016522902073 0.9901467216597467
33 0.9456217496830542 0.9899019578593145
34 0.9442945280545166 0.9902330408459775
35 0.9428791001469926 0.9913606603139827
36 0.9418463676416658 0.9918095644300448
37 0.9408802725948838 0.9910744532824936
38 0.9398577298070513 0.994421632681165
39 0.9380808924816982 0.9935143562631973
40 0.9369879738428581 0.9952673771865045
41 0.9359377205362609 0.9931150357123375
42 0.9344994673121689 0.9967965291216077
43 0.9333268912963739 0.9954612305282929
44 0.9319633096127857 0.994856585945009
45 0.930574418464279 0.9961411077036714
46 0.9293120481340732 0.9960789209031163
47 0.9278970919992369 0.9970638744280492
48 0.9266655882702217 0.9966814201501897
49 0.9251984558861033 0.9978881437586588
50 0.9240862415889018 0.9981820011733689
51 0.9225399682686164 0.9987146143249075
52 0.9212743270483374 1.0000742472337727
53 0.919742680314608 1.0015635579026967
54 0.9184341881261812 0.9979941810210105
55 0.9169999093095406 1.0062540834084006
56 0.9161715146266383 1.0061587383241886
57 0.9143528684173746 1.0053460990978604
58 0.9131824405920408 1.0014312343487666
59 0.9119792714941628 1.0032651867282405
60 0.9105337984163626 1.0068147926696678
HBox(children=(IntProgress(value=0, max=141285), HTML(value='')))

1.006814794269142
---------------->  96 0.2 1024
Creating graph
1 1.0377789031304223 1.0050466287280972
2 1.0003157328503693 0.9985426101705002
3 0.9942249320612652 0.9967538174345324
4 0.9913947146437305 0.9959695766448641
5 0.9893200794781083 0.9952746731271369
6 0.9874919449249364 0.9943169363420356
7 0.9856828246369269 0.9933005055051213
8 0.983241898549173 0.9922820296708311
9 0.9807867836388525 0.9911543678092104
10 0.9783254567627395 0.9899326359857913
11 0.9754999644559227 0.9888396428871854
12 0.9730121369822454 0.9883068836407317
13 0.9710965410465068 0.987778711491482
14 0.969670959958422 0.9874275608305819
15 0.9682022708562259 0.9875383852984281
16 0.9671545410003316 0.9865314126033757
17 0.9659263153527621 0.9868167538158414
18 0.9647708789697307 0.9867949743336281
19 0.9636241745406282 0.9877500884749082
20 0.9626527727861911 0.9869161821472929
21 0.9615858969731588 0.986314298472255
22 0.9603940202963667 0.9866798892362285
23 0.9590375767647973 0.9870002930814135
24 0.9580498384738642 0.9876301433459123
25 0.956474644563035 0.9888383852297498
26 0.9553131240790574 0.9895270376421956
27 0.9541377080934144 0.9874644980510222
28 0.9528595580012633 0.9885540184500871
29 0.9514870734453886 0.990013011512623
30 0.9501850581569874 0.9901769098888591
31 0.9488623626644965 0.9889146516425791
32 0.947481460535621 0.9913586970273999
33 0.9459354628716234 0.9893716106045618
34 0.9446324653469413 0.9918513575270002
35 0.9435767738668167 0.9908199743574256
36 0.9423398277837348 0.9901868121120866
37 0.9409431462690792 0.9918755058880142
38 0.9396346034010504 0.9924707975704781
39 0.9384828552593016 0.9922596549438519
40 0.9373146254551828 0.9918490106752076
41 0.9357739433605968 0.994152098249528
42 0.9346125601288079 0.9933637315562367
43 0.9330034373088812 0.9936545373451076
44 0.9321047222674386 0.9939528633183203
45 0.9306051465117956 0.9954423589493209
46 0.9293341834063589 0.9960708926888778
47 0.9275276308524298 0.9962148672953929
48 0.9265742342065946 0.998617346610184
49 0.9249972591561587 1.002078627856938
50 0.9235119943636828 0.9975345386055745
51 0.9220847430589928 0.9980550067165166
52 0.9208377605567291 0.9999432704931897
53 0.9194244693423274 0.9987736413703434
54 0.9182468663217281 1.0016362758852257
55 0.9167941644006344 0.9996040451067423
56 0.9152598211553538 1.0036645541658227
57 0.9138528175673267 1.0015803111596393
58 0.9124248737066252 1.0046525008714617
59 0.9111372681871667 1.002744938024133
60 0.9098113043573768 1.009262266054291
HBox(children=(IntProgress(value=0, max=141285), HTML(value='')))

1.0092622684425434
---------------->  96 0.2 1024
Creating graph
1 1.0382818233651658 1.0044921202258905
2 1.0003638236112145 0.9982590244529722
3 0.9942249120854193 0.9969610775811317
4 0.9913948541753517 0.9962817924320284
5 0.9893969059126633 0.9950618212376138
6 0.9875164042870577 0.994269303617664
7 0.9854523880057924 0.9927866894266079
8 0.9828584550316193 0.9914260980160026
9 0.980232779543541 0.9907702984441882
10 0.9773760357198852 0.9890057616072785
11 0.9748617861491573 0.988722955829491
12 0.9726325364660712 0.9881069688029673
13 0.9707796428803646 0.9876963221735248
14 0.9692917211008649 0.9874392157259619
15 0.9679257252395541 0.9872006688803144
16 0.9669621370650978 0.988245521614756
17 0.9654438718078627 0.9870426646768992
18 0.9645884757854377 0.9869086254113549
19 0.9635421804636747 0.9877368744390812
20 0.9624275624771536 0.9881715800795052
21 0.9612784834247103 0.9871303574742768
22 0.9604318206343752 0.9874695689737002
23 0.9590533486025768 0.9870000376344961
24 0.9578084151952073 0.9862470642957822
25 0.9564592976527011 0.9869481095222878
26 0.9548745727808426 0.9882003032374264
27 0.9535613697046289 0.9904816953622037
28 0.9520594699026328 0.9881131432484012
29 0.950442750565299 0.9879627949552463
30 0.9489313999610077 0.9899799579210801
31 0.9475865677232226 0.9897885621042384
32 0.9463175504259891 0.9905221760623095
33 0.9447031532217712 0.9893479790359371
34 0.9434138895573771 0.9916039693006107
35 0.9421135101289176 0.9893471042043156
36 0.9409530151787684 0.9912341137133885
37 0.9394892858620373 0.9924307882824953
38 0.9382863465659518 0.9946833137262412
39 0.9371529625948248 0.9921647043295706
40 0.9354492047190067 0.9948592462199378
41 0.9343080907628514 0.9929200000100027
42 0.9329532108550894 0.9970954371728188
43 0.9318335503469612 0.9980893097316361
44 0.9304251614910768 0.9951292955312251
45 0.9292172426207432 0.9951601723285408
46 0.9278317734050012 0.9971252338227863
47 0.926652649585175 0.9972814407393612
48 0.925117079626776 0.9959267215390152
49 0.9240419403473955 0.999514511718293
50 0.9226986606597288 0.9983293775509291
51 0.9211767577134262 0.9981253421666507
52 0.920078093965847 0.9988859663031828
53 0.9187516462976454 1.0015933576008587
54 0.917363795426595 1.0031013759883152
55 0.9163861453517232 1.0046893348290504
56 0.9150037835682789 1.000772363076538
57 0.9134709576130929 1.0066919594888866
58 0.9123050018638287 1.0047339689094361
59 0.9109254539036447 1.0045793927828905
60 0.9096112212170342 1.0082766869367086
HBox(children=(IntProgress(value=0, max=141285), HTML(value='')))

1.0082766847364342
---------------->  96 0.2 1024
Creating graph
1 1.0391348354886938 1.0055097113776104
2 1.0002345080057624 0.99840410837188
3 0.9944261513615293 0.9967647490954202
4 0.9914972913307307 0.9962517463713771
5 0.9892461850841209 0.9957718468305118
6 0.9876492107978223 0.9939870464805096
7 0.9855967208426175 0.9930377805535829
8 0.9831946696814592 0.9916168569079018
9 0.9800168675962238 0.9904684304832632
10 0.9770525606591588 0.9892260686937209
11 0.9744062571981795 0.9884573696019122
12 0.972120933699238 0.9884765368944456
13 0.9702950364154939 0.9875764409413926
14 0.9687473321099935 0.9869814567441035
15 0.9677143643713977 0.9868247092959115
16 0.9666115579384142 0.9873401218411412
17 0.9653348445929224 0.9865173449710486
18 0.964188068435559 0.9871871639207551
19 0.9632184739378927 0.986777365523483
20 0.9623578319374694 0.987026169856268
21 0.9612435574439538 0.9865224915929479
22 0.9599921408509775 0.9875913394192688
23 0.9588451615905601 0.9870360086038754
24 0.9578369033452724 0.9885728236765854
25 0.9562571548651059 0.9876617241315554
26 0.9549466682988428 0.9926323939367996
27 0.9535797764644808 0.9893670269545464
28 0.9519329403734759 0.988638079837373
29 0.9504921303306323 0.9894239243316013
30 0.9492712925792156 0.988424165486329
31 0.9476424858679541 0.9916156346843603
32 0.9464052854129291 0.9902697536723291
33 0.9450449964118748 0.9897362314772818
34 0.94377801867264 0.9905474649611536
35 0.9424093422240268 0.9900979519119234
36 0.9411736374913982 0.9927855836832744
37 0.9400705164013327 0.9913632938561308
38 0.9387627096638519 0.9968166604149032
39 0.9372696996539359 0.9911767186720996
40 0.9363914935134879 0.995430101214593
41 0.934988146847507 0.9918748223096494
42 0.9335972746693524 0.9961136334417819
43 0.9324774532016264 0.998240586163444
44 0.931065138942864 0.9987270924136141
45 0.9299867421594396 0.9946785425552209
46 0.9284874471097031 0.9945472285681756
47 0.926899231360027 0.9974623984579869
48 0.9257381680088503 0.9970301075842603
49 0.9240140184706391 0.997977191382477
50 0.9228226172444813 0.9976337492189196
51 0.9214151963302518 0.9987440876786775
52 0.9198175295629538 1.0017146653985327
53 0.9187694911413608 1.0000318743609435
54 0.9172521109237329 1.0012270348519436
55 0.9156995894711794 1.0023321803481555
56 0.9146861731785684 1.003736923140302
57 0.9128443008475134 1.0062920121085215
58 0.91209852016635 1.0053667107199737
59 0.9102905154674656 1.0016067663320345
60 0.9090029664715858 1.0068144630854643
HBox(children=(IntProgress(value=0, max=141285), HTML(value='')))

1.006814463338597
