+=+=+=+=+Generial options+=+=+=+=+
Number of iterations: 150000000
Training set size (ratio): 0.88
+=+=+=+=+Hidden Size parameters+=+=+=+=+
Starting value: 0.13
Ending value: 0.16
 Number of values: 4
regularization matrix: 0.13


Validation error at iteration 0 is 4.014360547070847
Validation error at iteration 1000000 is 1.0196840216732141
Validation error at iteration 2000000 is 1.0165646136115323
Validation error at iteration 3000000 is 1.0162190912824547
Validation error at iteration 4000000 is 1.0161464886277038
Validation error at iteration 5000000 is 1.014799805727515
Validation error at iteration 6000000 is 1.0143853223671242
Validation error at iteration 7000000 is 1.0136590475991005
Validation error at iteration 8000000 is 1.0136338423634321
Validation error at iteration 9000000 is 1.012552459464193
Validation error at iteration 10000000 is 1.0128684666169314
Validation error at iteration 11000000 is 1.0111478083349021
Validation error at iteration 12000000 is 1.0107887394228037
Validation error at iteration 13000000 is 1.0093179026673518
Validation error at iteration 14000000 is 1.0092552509525077
Validation error at iteration 15000000 is 1.0091986222359601
Validation error at iteration 16000000 is 1.0079514029360452
Validation error at iteration 17000000 is 1.0075427842746993
Validation error at iteration 18000000 is 1.0066830658355106
Validation error at iteration 19000000 is 1.006478699666276
Validation error at iteration 20000000 is 1.006715095022863
Validation error at iteration 21000000 is 1.005781765512302
Validation error at iteration 22000000 is 1.0054994282782184
Validation error at iteration 23000000 is 1.0046760528512053
Validation error at iteration 24000000 is 1.0053300890086874
Validation error at iteration 25000000 is 1.0043879074743698
Validation error at iteration 26000000 is 1.0037958049337525
Validation error at iteration 27000000 is 1.003626397119675
Validation error at iteration 28000000 is 1.0030210398254493
Validation error at iteration 29000000 is 1.0023728123234066
Validation error at iteration 30000000 is 1.0018752598744871
Validation error at iteration 31000000 is 1.0012102503081048
Validation error at iteration 32000000 is 1.001007294583538
Validation error at iteration 33000000 is 1.0008734615594148
Validation error at iteration 34000000 is 1.0007755085832322
Validation error at iteration 35000000 is 1.0002789417575797
Validation error at iteration 36000000 is 0.9998551366834891
Validation error at iteration 37000000 is 0.9997386563296831
Validation error at iteration 38000000 is 0.9995968706425736
Validation error at iteration 39000000 is 0.9990692409298129
Validation error at iteration 40000000 is 0.998890344415656
Validation error at iteration 41000000 is 0.9985399393017697
Validation error at iteration 42000000 is 0.9984617221706269
Validation error at iteration 43000000 is 0.9978803476690453
Validation error at iteration 44000000 is 0.9981048174497713
Validation error at iteration 45000000 is 0.9976345268346272
Validation error at iteration 46000000 is 0.9974837581201417
Validation error at iteration 47000000 is 0.9974053434355954
Validation error at iteration 48000000 is 0.9969594586900172
Validation error at iteration 49000000 is 0.997137782715785
Validation error at iteration 50000000 is 0.9968636592515665
Validation error at iteration 51000000 is 0.9971562690468
Validation error at iteration 52000000 is 0.996722130763085
Validation error at iteration 53000000 is 0.9967949640256955
Validation error at iteration 54000000 is 0.9964873095506871
Validation error at iteration 55000000 is 0.9964131401540983
Validation error at iteration 56000000 is 0.9963587168381943
Validation error at iteration 57000000 is 0.996153771772068
Validation error at iteration 58000000 is 0.9959627266256206
Validation error at iteration 59000000 is 0.995927891183604
Validation error at iteration 60000000 is 0.9960563424240473
Validation error at iteration 61000000 is 0.9959297688032888
Validation error at iteration 62000000 is 0.9955377856016518
Validation error at iteration 63000000 is 0.9954494619037071
Validation error at iteration 64000000 is 0.9954986609876469
Validation error at iteration 65000000 is 0.9955965413702811
Validation error at iteration 66000000 is 0.9955447352054669
Validation error at iteration 67000000 is 0.9955497937166242
Validation error at iteration 68000000 is 0.9955999342446921
Validation error at iteration 69000000 is 0.9954102431625498
Validation error at iteration 70000000 is 0.9954228812192638
Validation error at iteration 71000000 is 0.9953698696990702
Validation error at iteration 72000000 is 0.9953100102376014
Validation error at iteration 73000000 is 0.9953649367348779
Validation error at iteration 74000000 is 0.9952557008297129
Validation error at iteration 75000000 is 0.995227946542231
Validation error at iteration 76000000 is 0.9952500833703877
Validation error at iteration 77000000 is 0.9950364054265542
Validation error at iteration 78000000 is 0.9951069532615074
Validation error at iteration 79000000 is 0.9949933330908798
Validation error at iteration 80000000 is 0.9949476735968374
Validation error at iteration 81000000 is 0.994919805107429
Validation error at iteration 82000000 is 0.994886715421714
Validation error at iteration 83000000 is 0.994885619602432
Validation error at iteration 84000000 is 0.9948157520194528
Validation error at iteration 85000000 is 0.9947762416120199
Validation error at iteration 86000000 is 0.9948409930709723
Validation error at iteration 87000000 is 0.994857521757158
Validation error at iteration 88000000 is 0.9948613264605899
Validation error at iteration 89000000 is 0.9948538335818038
Validation error at iteration 90000000 is 0.9947905803343214
Validation error at iteration 91000000 is 0.9947708298140213
Validation error at iteration 92000000 is 0.9947325689971503
Validation error at iteration 93000000 is 0.9947125896481902
Validation error at iteration 94000000 is 0.9947273570438632
Validation error at iteration 95000000 is 0.9947158004357188
Validation error at iteration 96000000 is 0.9947262157471212
Validation error at iteration 97000000 is 0.9947421173748797
Validation error at iteration 98000000 is 0.9947644523746042
Validation error at iteration 99000000 is 0.9947743935961555
Validation error at iteration 100000000 is 0.9947379168543148
Validation error at iteration 101000000 is 0.9946997594641778
Validation error at iteration 102000000 is 0.9947113015148061
Validation error at iteration 103000000 is 0.9947004481293488
Validation error at iteration 104000000 is 0.9947079139472926
Validation error at iteration 105000000 is 0.994692825816037
Validation error at iteration 106000000 is 0.9947117182238917
Validation error at iteration 107000000 is 0.9946829036038752
Validation error at iteration 108000000 is 0.9946779164578938
Validation error at iteration 109000000 is 0.9946993152905547
Validation error at iteration 110000000 is 0.9947007656880749
Validation error at iteration 111000000 is 0.9946685264830167
Validation error at iteration 112000000 is 0.9946500710642213
Validation error at iteration 113000000 is 0.9946208051036655
Validation error at iteration 114000000 is 0.9946015063554203
Validation error at iteration 115000000 is 0.9946085396226574
Validation error at iteration 116000000 is 0.9946217994029609
Validation error at iteration 117000000 is 0.9946128138301987
Validation error at iteration 118000000 is 0.9946115058102848
Validation error at iteration 119000000 is 0.9946059069690703
Validation error at iteration 120000000 is 0.9946089267786292
Validation error at iteration 121000000 is 0.9945951475633107
Validation error at iteration 122000000 is 0.9945701500648167
Validation error at iteration 123000000 is 0.9945588932350239
Validation error at iteration 124000000 is 0.9945616287497815
Validation error at iteration 125000000 is 0.9945506010835232
Validation error at iteration 126000000 is 0.9945458867133576
Validation error at iteration 127000000 is 0.9945515067167403
Validation error at iteration 128000000 is 0.9945668923892216
Validation error at iteration 129000000 is 0.9945628933430198
Validation error at iteration 130000000 is 0.9945646409499
Validation error at iteration 131000000 is 0.9945580705953654
Validation error at iteration 132000000 is 0.9945572289508083
Validation error at iteration 133000000 is 0.9945481581972165
Validation error at iteration 134000000 is 0.9945435645208839
Validation error at iteration 135000000 is 0.9945393455035109
Validation error at iteration 136000000 is 0.9945338399213355
Validation error at iteration 137000000 is 0.9945376882135741
Validation error at iteration 138000000 is 0.9945398110516983
Validation error at iteration 139000000 is 0.9945399456976998
Validation error at iteration 140000000 is 0.9945456266106781
Validation error at iteration 141000000 is 0.9945415479985723
Validation error at iteration 142000000 is 0.994535731085346
Validation error at iteration 143000000 is 0.9945320587596274
Validation error at iteration 144000000 is 0.9945295834478312
Validation error at iteration 145000000 is 0.9945256536645517
Validation error at iteration 146000000 is 0.9945252474658397
Validation error at iteration 147000000 is 0.9945250796193954
Validation error at iteration 148000000 is 0.9945263043659858
Validation error at iteration 149000000 is 0.9945267626272778
Error:  0.994526088791311
regularization matrix: 0.14


Validation error at iteration 0 is 4.014608213677176
Validation error at iteration 1000000 is 1.0177110499899822
Validation error at iteration 2000000 is 1.0193766382716687
Validation error at iteration 3000000 is 1.016410872570026
Validation error at iteration 4000000 is 1.0172925856565078
Validation error at iteration 5000000 is 1.0142521071922688
Validation error at iteration 6000000 is 1.0142403790738899
Validation error at iteration 7000000 is 1.0128680833476316
Validation error at iteration 8000000 is 1.0122478083835798
Validation error at iteration 9000000 is 1.0130602138524996
Validation error at iteration 10000000 is 1.011404537871706
Validation error at iteration 11000000 is 1.011086136543006
Validation error at iteration 12000000 is 1.0101007814213996
Validation error at iteration 13000000 is 1.0096784941288564
Validation error at iteration 14000000 is 1.0090966515069453
Validation error at iteration 15000000 is 1.0087945606146371
Validation error at iteration 16000000 is 1.008664551748482
Validation error at iteration 17000000 is 1.007300835749831
Validation error at iteration 18000000 is 1.0081889163931925
Validation error at iteration 19000000 is 1.0074322130680888
Validation error at iteration 20000000 is 1.0067817258930982
Validation error at iteration 21000000 is 1.006921642194601
Validation error at iteration 22000000 is 1.0064003846627891
Validation error at iteration 23000000 is 1.0067223320170016
Validation error at iteration 24000000 is 1.0053447348602436
Validation error at iteration 25000000 is 1.0049648165042289
Validation error at iteration 26000000 is 1.0054544675454744
Validation error at iteration 27000000 is 1.0050341008947856
Validation error at iteration 28000000 is 1.003827737392514
Validation error at iteration 29000000 is 1.0032343146525062
Validation error at iteration 30000000 is 1.0040552072051874
Validation error at iteration 31000000 is 1.0034940872930636
Validation error at iteration 32000000 is 1.003513017024878
Validation error at iteration 33000000 is 1.003091149784645
Validation error at iteration 34000000 is 1.0025789196172692
Validation error at iteration 35000000 is 1.0026117519632853
Validation error at iteration 36000000 is 1.0021475650105958
Validation error at iteration 37000000 is 1.0022470508082595
Validation error at iteration 38000000 is 1.0015324887945438
Validation error at iteration 39000000 is 1.0015650720441327
Validation error at iteration 40000000 is 1.0013745626426898
Validation error at iteration 41000000 is 1.001158242907468
Validation error at iteration 42000000 is 1.0010987223555088
Validation error at iteration 43000000 is 1.000945335525823
Validation error at iteration 44000000 is 1.000912661094821
Validation error at iteration 45000000 is 1.0004778680871278
Validation error at iteration 46000000 is 1.0008208328326595
Validation error at iteration 47000000 is 1.00037519271261
Validation error at iteration 48000000 is 1.00010287996293
Validation error at iteration 49000000 is 1.0001026184429298
Validation error at iteration 50000000 is 0.9998852963349945
Validation error at iteration 51000000 is 0.9999370298398121
Validation error at iteration 52000000 is 1.0000448663560075
Validation error at iteration 53000000 is 0.9996387046692163
Validation error at iteration 54000000 is 0.9998127443234871
Validation error at iteration 55000000 is 0.9997640906541799
Validation error at iteration 56000000 is 0.9995600875885284
Validation error at iteration 57000000 is 0.9994164319599718
Validation error at iteration 58000000 is 0.999368690051746
Validation error at iteration 59000000 is 0.9992709381369773
Validation error at iteration 60000000 is 0.9991976123210059
Validation error at iteration 61000000 is 0.9991767566479332
Validation error at iteration 62000000 is 0.9990772140508296
Validation error at iteration 63000000 is 0.998993017830294
Validation error at iteration 64000000 is 0.9990246872420067
Validation error at iteration 65000000 is 0.9988290919096969
Validation error at iteration 66000000 is 0.9988311152490019
Validation error at iteration 67000000 is 0.9989457462822481
Validation error at iteration 68000000 is 0.9988248432812964
Validation error at iteration 69000000 is 0.9986713723846025
Validation error at iteration 70000000 is 0.9986395886955375
Validation error at iteration 71000000 is 0.9986939917831809
Validation error at iteration 72000000 is 0.9987216128628101
Validation error at iteration 73000000 is 0.9985586396191143
Validation error at iteration 74000000 is 0.9986368082040528
Validation error at iteration 75000000 is 0.9985969972408417
Validation error at iteration 76000000 is 0.998489427144666
Validation error at iteration 77000000 is 0.9983997846129233
Validation error at iteration 78000000 is 0.9984261157355047
Validation error at iteration 79000000 is 0.9983875851998844
Validation error at iteration 80000000 is 0.9983994401356425
Validation error at iteration 81000000 is 0.9983808620594948
Validation error at iteration 82000000 is 0.9983529118980795
Validation error at iteration 83000000 is 0.9983649736120663
Validation error at iteration 84000000 is 0.9983513681383517
Validation error at iteration 85000000 is 0.9983647221775132
Validation error at iteration 86000000 is 0.9982914638029081
Validation error at iteration 87000000 is 0.9982818711662933
Validation error at iteration 88000000 is 0.9983089588917531
Validation error at iteration 89000000 is 0.9983015678853704
Validation error at iteration 90000000 is 0.9982455615249207
Validation error at iteration 91000000 is 0.9982433258090971
Validation error at iteration 92000000 is 0.9982635449272067
Validation error at iteration 93000000 is 0.9982067754568593
Validation error at iteration 94000000 is 0.998158538260895
Validation error at iteration 95000000 is 0.9981317398855881
Validation error at iteration 96000000 is 0.9981030969733247
Validation error at iteration 97000000 is 0.9981453118274498
Validation error at iteration 98000000 is 0.9980955260195353
Validation error at iteration 99000000 is 0.99809440036832
Validation error at iteration 100000000 is 0.9981147733771838
Validation error at iteration 101000000 is 0.9981042733596803
Validation error at iteration 102000000 is 0.9980822835566233
Validation error at iteration 103000000 is 0.9980733761787577
Validation error at iteration 104000000 is 0.9980761194788159
Validation error at iteration 105000000 is 0.9980536176575968
Validation error at iteration 106000000 is 0.9980499586399079
Validation error at iteration 107000000 is 0.9980658381293941
Validation error at iteration 108000000 is 0.9980584945206966
Validation error at iteration 109000000 is 0.9980203753937353
Validation error at iteration 110000000 is 0.99799144494901
Validation error at iteration 111000000 is 0.9979907947871064
Validation error at iteration 112000000 is 0.9979838820369997
Validation error at iteration 113000000 is 0.9979688710800874
Validation error at iteration 114000000 is 0.9979856456493273
Validation error at iteration 115000000 is 0.9979810559150541
Validation error at iteration 116000000 is 0.9979746038360297
Validation error at iteration 117000000 is 0.9979939157475192
Validation error at iteration 118000000 is 0.9979700143176613
Validation error at iteration 119000000 is 0.9979840021615376
Validation error at iteration 120000000 is 0.9979975636425253
Validation error at iteration 121000000 is 0.9979942144738452
Validation error at iteration 122000000 is 0.9979874060470258
Validation error at iteration 123000000 is 0.9979929286013175
Validation error at iteration 124000000 is 0.9979881324617099
Validation error at iteration 125000000 is 0.99798376067949
Validation error at iteration 126000000 is 0.997989654388524
Validation error at iteration 127000000 is 0.9979884124739862
Validation error at iteration 128000000 is 0.9979825524654838
Validation error at iteration 129000000 is 0.9979779055527676
Validation error at iteration 130000000 is 0.9979789864356012
Validation error at iteration 131000000 is 0.9979777998157089
Validation error at iteration 132000000 is 0.9979824663329319
Validation error at iteration 133000000 is 0.9979796394995752
Validation error at iteration 134000000 is 0.997970921661516
Validation error at iteration 135000000 is 0.9979734937852338
Validation error at iteration 136000000 is 0.9979691186717986
Validation error at iteration 137000000 is 0.9979695038478962
Validation error at iteration 138000000 is 0.9979757113196207
Validation error at iteration 139000000 is 0.9979753040966145
Validation error at iteration 140000000 is 0.9979750320544409
Validation error at iteration 141000000 is 0.9979777221319747
Validation error at iteration 142000000 is 0.9979752937589964
Validation error at iteration 143000000 is 0.99797178891067
Validation error at iteration 144000000 is 0.9979685180630123
Validation error at iteration 145000000 is 0.9979682672883203
Validation error at iteration 146000000 is 0.997968898576462
Validation error at iteration 147000000 is 0.9979638088181745
Validation error at iteration 148000000 is 0.9979664903423155
Validation error at iteration 149000000 is 0.9979632195415619
Error:  0.9979579837651553
regularization matrix: 0.15


Validation error at iteration 0 is 4.0142362821814475
Validation error at iteration 1000000 is 1.0169477551072326
Validation error at iteration 2000000 is 1.018029646568455
Validation error at iteration 3000000 is 1.016978506304084
Validation error at iteration 4000000 is 1.0159365399254072
Validation error at iteration 5000000 is 1.0152203892374787
Validation error at iteration 6000000 is 1.014218289927572
Validation error at iteration 7000000 is 1.0133524716197189
Validation error at iteration 8000000 is 1.011937171085917
Validation error at iteration 9000000 is 1.0130453873395657
Validation error at iteration 10000000 is 1.0114184832009905
Validation error at iteration 11000000 is 1.0119502791630852
Validation error at iteration 12000000 is 1.0107204923017974
Validation error at iteration 13000000 is 1.0093938502298507
Validation error at iteration 14000000 is 1.0089639974056437
Validation error at iteration 15000000 is 1.0089620083574653
Validation error at iteration 16000000 is 1.0080138740510205
Validation error at iteration 17000000 is 1.0070958725372001
Validation error at iteration 18000000 is 1.0075244647963837
Validation error at iteration 19000000 is 1.0070327346220336
Validation error at iteration 20000000 is 1.0068703740649803
Validation error at iteration 21000000 is 1.0067778070600266
Validation error at iteration 22000000 is 1.0059032772044507
Validation error at iteration 23000000 is 1.006443256804127
Validation error at iteration 24000000 is 1.0058835778713409
Validation error at iteration 25000000 is 1.0053083628079926
Validation error at iteration 26000000 is 1.0052261858436469
Validation error at iteration 27000000 is 1.004814738442941
Validation error at iteration 28000000 is 1.0045305408213223
Validation error at iteration 29000000 is 1.004451074531314
Validation error at iteration 30000000 is 1.0039991211104273
Validation error at iteration 31000000 is 1.003874347126262
Validation error at iteration 32000000 is 1.00354602640539
Validation error at iteration 33000000 is 1.0030727112799174
Validation error at iteration 34000000 is 1.002937154613154
Validation error at iteration 35000000 is 1.0030396189246413
Validation error at iteration 36000000 is 1.0029235116769921
Validation error at iteration 37000000 is 1.0029712421091252
Validation error at iteration 38000000 is 1.0030429474149045
Validation error at iteration 39000000 is 1.0027666019233106
Validation error at iteration 40000000 is 1.0026251157026482
Validation error at iteration 41000000 is 1.0022214866520172
Validation error at iteration 42000000 is 1.0019124112059636
Validation error at iteration 43000000 is 1.00216543854875
Validation error at iteration 44000000 is 1.002040131540417
Validation error at iteration 45000000 is 1.0015686786037907
Validation error at iteration 46000000 is 1.0013321551228418
Validation error at iteration 47000000 is 1.0020024564062664
Validation error at iteration 48000000 is 1.001675941279482
Validation error at iteration 49000000 is 1.0015579170890276
Validation error at iteration 50000000 is 1.001569690112581
Validation error at iteration 51000000 is 1.0013772846012068
Validation error at iteration 52000000 is 1.0011400462228859
Validation error at iteration 53000000 is 1.0011887533616386
Validation error at iteration 54000000 is 1.0011127666445507
Validation error at iteration 55000000 is 1.0011113043674513
Validation error at iteration 56000000 is 1.000935910475657
Validation error at iteration 57000000 is 1.0009430717566274
Validation error at iteration 58000000 is 1.000997272631475
Validation error at iteration 59000000 is 1.001003995997955
Validation error at iteration 60000000 is 1.0007277050276093
Validation error at iteration 61000000 is 1.0006914787904397
Validation error at iteration 62000000 is 1.0007042073307038
Validation error at iteration 63000000 is 1.0005476543653409
Validation error at iteration 64000000 is 1.0006708639205883
Validation error at iteration 65000000 is 1.000547056676004
Validation error at iteration 66000000 is 1.0004802485892388
Validation error at iteration 67000000 is 1.0004618273141146
Validation error at iteration 68000000 is 1.0005136832889245
Validation error at iteration 69000000 is 1.000490964225392
Validation error at iteration 70000000 is 1.0003643769382873
Validation error at iteration 71000000 is 1.0004032073333926
Validation error at iteration 72000000 is 1.0004448282701417
Validation error at iteration 73000000 is 1.0004676050448076
Validation error at iteration 74000000 is 1.000396415165612
Validation error at iteration 75000000 is 1.0003874759358873
Validation error at iteration 76000000 is 1.0003111670196443
Validation error at iteration 77000000 is 1.0002661664855652
Validation error at iteration 78000000 is 1.0004151726568744
Validation error at iteration 79000000 is 1.0003054407990855
Validation error at iteration 80000000 is 1.000289012537613
Validation error at iteration 81000000 is 1.0002485582048763
Validation error at iteration 82000000 is 1.0002352013789424
Validation error at iteration 83000000 is 1.0002212698571755
Validation error at iteration 84000000 is 1.000200681138443
Validation error at iteration 85000000 is 1.0002094202627687
Validation error at iteration 86000000 is 1.0001822741511646
Validation error at iteration 87000000 is 1.0002338947019627
Validation error at iteration 88000000 is 1.0002116317794962
Validation error at iteration 89000000 is 1.0001167365465262
Validation error at iteration 90000000 is 1.0001548195960803
Validation error at iteration 91000000 is 1.000115725500131
Validation error at iteration 92000000 is 1.0001181857989525
Validation error at iteration 93000000 is 1.0001022678084583
Validation error at iteration 94000000 is 1.000110763835872
Validation error at iteration 95000000 is 1.0001597173263685
Validation error at iteration 96000000 is 1.0001222766833635
Validation error at iteration 97000000 is 1.0000658148580828
Validation error at iteration 98000000 is 1.000064041672618
Validation error at iteration 99000000 is 1.000056783411525
Validation error at iteration 100000000 is 1.0000190665045896
Validation error at iteration 101000000 is 1.0000315914733957
Validation error at iteration 102000000 is 1.0000125228521537
Validation error at iteration 103000000 is 1.0000476883956988
Validation error at iteration 104000000 is 1.0000261635806984
Validation error at iteration 105000000 is 1.0000051623576534
Validation error at iteration 106000000 is 0.9999834889213788
Validation error at iteration 107000000 is 0.9999825687194678
Validation error at iteration 108000000 is 0.9999802956687803
Validation error at iteration 109000000 is 0.9999756142708977
Validation error at iteration 110000000 is 0.9999682005130325
Validation error at iteration 111000000 is 0.9999660289244955
Validation error at iteration 112000000 is 1.0000012334789736
Validation error at iteration 113000000 is 0.9999908204264911
Validation error at iteration 114000000 is 0.9999862097883068
Validation error at iteration 115000000 is 0.9999736532798866
Validation error at iteration 116000000 is 0.9999817542626613
Validation error at iteration 117000000 is 0.9999638239451467
Validation error at iteration 118000000 is 0.9999553879528809
Validation error at iteration 119000000 is 0.9999559098382909
Validation error at iteration 120000000 is 0.9999658814770944
Validation error at iteration 121000000 is 0.9999599742836174
Validation error at iteration 122000000 is 0.9999736047455523
Validation error at iteration 123000000 is 0.9999679851130918
Validation error at iteration 124000000 is 0.9999662323609708
Validation error at iteration 125000000 is 0.9999521549372049
Validation error at iteration 126000000 is 0.9999536001372454
Validation error at iteration 127000000 is 0.999953586959113
Validation error at iteration 128000000 is 0.9999339626705162
Validation error at iteration 129000000 is 0.9999310514123431
Validation error at iteration 130000000 is 0.9999377586129797
Validation error at iteration 131000000 is 0.9999348082260483
Validation error at iteration 132000000 is 0.9999374808337598
Validation error at iteration 133000000 is 0.999941273498558
Validation error at iteration 134000000 is 0.9999379070138272
Validation error at iteration 135000000 is 0.9999342528171759
Validation error at iteration 136000000 is 0.999938930322862
Validation error at iteration 137000000 is 0.9999353747773461
Validation error at iteration 138000000 is 0.9999289981072329
Validation error at iteration 139000000 is 0.9999228281332769
Validation error at iteration 140000000 is 0.9999215580680698
Validation error at iteration 141000000 is 0.9999182043710674
Validation error at iteration 142000000 is 0.999916332578164
Validation error at iteration 143000000 is 0.9999185867287171
Validation error at iteration 144000000 is 0.9999145203280853
Validation error at iteration 145000000 is 0.9999176662136177
Validation error at iteration 146000000 is 0.9999201111084552
Validation error at iteration 147000000 is 0.9999221390817894
Validation error at iteration 148000000 is 0.9999227660811836
Validation error at iteration 149000000 is 0.9999210325441336
Error:  0.9999212308190101
regularization matrix: 0.16


Validation error at iteration 0 is 4.014459162138662
Validation error at iteration 1000000 is 1.0171009012404073
Validation error at iteration 2000000 is 1.01692150268554
Validation error at iteration 3000000 is 1.01758979676758
Validation error at iteration 4000000 is 1.0153045978516453
Validation error at iteration 5000000 is 1.0156584412611314
Validation error at iteration 6000000 is 1.0136013107501902
Validation error at iteration 7000000 is 1.0126500746877727
Validation error at iteration 8000000 is 1.0132445831330918
Validation error at iteration 9000000 is 1.0118686339609941
Validation error at iteration 10000000 is 1.0118330026274325
Validation error at iteration 11000000 is 1.011242048622866
Validation error at iteration 12000000 is 1.0107076531425527
Validation error at iteration 13000000 is 1.0099956947755797
Validation error at iteration 14000000 is 1.009953659978878
Validation error at iteration 15000000 is 1.008598831639554
Validation error at iteration 16000000 is 1.007990177422635
Validation error at iteration 17000000 is 1.0080015855060176
Validation error at iteration 18000000 is 1.0083397670060352
Validation error at iteration 19000000 is 1.0077123578159717
Validation error at iteration 20000000 is 1.006782804553762
Validation error at iteration 21000000 is 1.006347735347222
Validation error at iteration 22000000 is 1.005929919758546
Validation error at iteration 23000000 is 1.0065093111695262
Validation error at iteration 24000000 is 1.0056380954000668
Validation error at iteration 25000000 is 1.0055760322763059
Validation error at iteration 26000000 is 1.0050121320175425
Validation error at iteration 27000000 is 1.0050868177530616
Validation error at iteration 28000000 is 1.0045267478777893
Validation error at iteration 29000000 is 1.004078829521271
Validation error at iteration 30000000 is 1.0040417728881676
Validation error at iteration 31000000 is 1.0044911274189012
Validation error at iteration 32000000 is 1.003423851521412
Validation error at iteration 33000000 is 1.0038753481755713
Validation error at iteration 34000000 is 1.0036672303681904
Validation error at iteration 35000000 is 1.003080240680797
Validation error at iteration 36000000 is 1.0031755051864126
Validation error at iteration 37000000 is 1.0029111787215252
Validation error at iteration 38000000 is 1.0030029165265373
Validation error at iteration 39000000 is 1.002447863204475
Validation error at iteration 40000000 is 1.0023637630085316
Validation error at iteration 41000000 is 1.0022268031755062
Validation error at iteration 42000000 is 1.0021408488577952
Validation error at iteration 43000000 is 1.0020938757062983
Validation error at iteration 44000000 is 1.0023613812787826
Validation error at iteration 45000000 is 1.0019635382827194
Validation error at iteration 46000000 is 1.001855742002493
Validation error at iteration 47000000 is 1.0017553976884856
Validation error at iteration 48000000 is 1.0014486967388136
Validation error at iteration 49000000 is 1.001707947664767
Validation error at iteration 50000000 is 1.0016023533823422
Validation error at iteration 51000000 is 1.0015214206099268
Validation error at iteration 52000000 is 1.0013071889930685
Validation error at iteration 53000000 is 1.0016480212968226
Validation error at iteration 54000000 is 1.0013310076147843
Validation error at iteration 55000000 is 1.000715862235339
Validation error at iteration 56000000 is 1.0011807510208677
Validation error at iteration 57000000 is 1.0010835736747636
Validation error at iteration 58000000 is 1.0010960078440045
Validation error at iteration 59000000 is 1.0009936919718874
Validation error at iteration 60000000 is 1.0008473315146351
Validation error at iteration 61000000 is 1.0007616987575358
Validation error at iteration 62000000 is 1.0009125376275223
Validation error at iteration 63000000 is 1.0008638412618116
Validation error at iteration 64000000 is 1.0009926048645927
Validation error at iteration 65000000 is 1.0006626990882777
Validation error at iteration 66000000 is 1.0007057011043012
Validation error at iteration 67000000 is 1.0006145995306004
Validation error at iteration 68000000 is 1.0006876031571705
Validation error at iteration 69000000 is 1.0005997915278066
Validation error at iteration 70000000 is 1.0005257938881738
Validation error at iteration 71000000 is 1.000573137138397
Validation error at iteration 72000000 is 1.0004669386842595
Validation error at iteration 73000000 is 1.000372038095223
Validation error at iteration 74000000 is 1.0004815264690488
Validation error at iteration 75000000 is 1.000447757261852
Validation error at iteration 76000000 is 1.0003833088657228
Validation error at iteration 77000000 is 1.0003502453950257
Validation error at iteration 78000000 is 1.0003087494300567
Validation error at iteration 79000000 is 1.0003226687328537
Validation error at iteration 80000000 is 1.0002915213505512
Validation error at iteration 81000000 is 1.000252469563428
Validation error at iteration 82000000 is 1.000267113169643
Validation error at iteration 83000000 is 1.0003639079107598
Validation error at iteration 84000000 is 1.0002825465275187
Validation error at iteration 85000000 is 1.0002663209277436
Validation error at iteration 86000000 is 1.0003009525035875
Validation error at iteration 87000000 is 1.0002599761929853
Validation error at iteration 88000000 is 1.0002749834260865
Validation error at iteration 89000000 is 1.0003231300338973
Validation error at iteration 90000000 is 1.0002598257081243
Validation error at iteration 91000000 is 1.0002990933320948
Validation error at iteration 92000000 is 1.00026488680776
Validation error at iteration 93000000 is 1.0002474155001826
Validation error at iteration 94000000 is 1.0002752906904964
Validation error at iteration 95000000 is 1.0002629468504753
Validation error at iteration 96000000 is 1.0002042264664368
Validation error at iteration 97000000 is 1.000161191397333
Validation error at iteration 98000000 is 1.0001454732149808
Validation error at iteration 99000000 is 1.0001552361484307
Validation error at iteration 100000000 is 1.0001794599587948
Validation error at iteration 101000000 is 1.0001968921915791
Validation error at iteration 102000000 is 1.0002168229195407
Validation error at iteration 103000000 is 1.000217627159771
Validation error at iteration 104000000 is 1.0002000493002055
Validation error at iteration 105000000 is 1.0001756516785407
Validation error at iteration 106000000 is 1.0001843033868008
Validation error at iteration 107000000 is 1.0001721605390288
Validation error at iteration 108000000 is 1.0001537243920193
Validation error at iteration 109000000 is 1.0001595920428106
Validation error at iteration 110000000 is 1.0001681433365293
Validation error at iteration 111000000 is 1.0001397372448648
Validation error at iteration 112000000 is 1.0001488640345146
Validation error at iteration 113000000 is 1.0001524285944872
Validation error at iteration 114000000 is 1.0001664396565533
Validation error at iteration 115000000 is 1.0001579391369315
Validation error at iteration 116000000 is 1.0001462872850935
Validation error at iteration 117000000 is 1.0001458986569653
Validation error at iteration 118000000 is 1.0001427267193306
Validation error at iteration 119000000 is 1.0001234406876494
Validation error at iteration 120000000 is 1.0001207910106944
Validation error at iteration 121000000 is 1.0001175174531922
Validation error at iteration 122000000 is 1.0000871989378968
Validation error at iteration 123000000 is 1.0000875761430066
Validation error at iteration 124000000 is 1.0000851654043632
Validation error at iteration 125000000 is 1.000079467735577
Validation error at iteration 126000000 is 1.0000881277521803
Validation error at iteration 127000000 is 1.0000905281497032
Validation error at iteration 128000000 is 1.000085490765527
Validation error at iteration 129000000 is 1.0000803595070702
Validation error at iteration 130000000 is 1.000079720595971
Validation error at iteration 131000000 is 1.0000810036261512
Validation error at iteration 132000000 is 1.0000831232970278
Validation error at iteration 133000000 is 1.0000825105469795
Validation error at iteration 134000000 is 1.0000795335858208
Validation error at iteration 135000000 is 1.000081975725285
Validation error at iteration 136000000 is 1.0000850523943892
Validation error at iteration 137000000 is 1.000086627234555
Validation error at iteration 138000000 is 1.0000896043794236
Validation error at iteration 139000000 is 1.0000958450386217
Validation error at iteration 140000000 is 1.0000935129124906
Validation error at iteration 141000000 is 1.000092265851567
Validation error at iteration 142000000 is 1.0000920510351334
Validation error at iteration 143000000 is 1.000088048638511
Validation error at iteration 144000000 is 1.000092846033794
Validation error at iteration 145000000 is 1.000091078208643
Validation error at iteration 146000000 is 1.0000926200750024
Validation error at iteration 147000000 is 1.0000917841391757
Validation error at iteration 148000000 is 1.0000862442104366
Validation error at iteration 149000000 is 1.000083832132049
Error:  1.000077788302723
{0.13: 0.994526088791311,
 0.14: 0.9979579837651553,
 0.15: 0.9999212308190101,
 0.16: 1.000077788302723}
